<?xml version="1.0" encoding="UTF-8"?>
<testsuites name="Excel_Read_Write" time="68" tests="2" failures="0" errors="1">
   <testsuite name="Excel_Read_Write" tests="2" failures="0" errors="1" time="68" timestamp="2018-12-13 16:32:05" hostname="C5281054 - INLN56580283A.apj.global.corp.sap" id="Test Suites/Nikita/Excel_Read_Write">
      <properties>
         <property name="deviceName" value=""/>
         <property name="devicePlatform" value=""/>
         <property name="logFolder" value="C:\\Users\\c5281054\\git\\KatalonDemo\\Reports\\Nikita\\Excel_Read_Write\\20181213_162116"/>
         <property name="logFiles" value="C:\\Users\\c5281054\\git\\KatalonDemo\\Reports\\Nikita\\Excel_Read_Write\\20181213_162116\\execution0.log"/>
         <property name="attachments" value=""/>
         <property name="hostName" value="C5281054 - INLN56580283A.apj.global.corp.sap"/>
         <property name="os" value="Windows 10 64bit"/>
         <property name="katalonVersion" value="5.9.1.2"/>
         <property name="browser" value="Chrome 71.0.3578.98"/>
         <property name="hostAddress" value="192.168.242.1"/>
         <property name="sessionId" value="244d5465e4578cefcd0cd04449a78563"/>
         <property name="seleniumVersion" value="3.7.1"/>
         <property name="proxyInformation" value="ProxyInformation{proxyOption=NO_PROXY, proxyServerType=HTTP, password=, proxyServerAddress=, proxyServerPort=0}"/>
         <property name="platform" value="Windows 10"/>
      </properties>
      <testcase name="Test Cases/Nikita/Orange HRM/Excel_write_Demo" classname="Test Cases/Nikita/Orange HRM/Excel_write_Demo" status="PASSED">
         <system-out><![CDATA[2018-12-13 16:32:06 - [TEST_CASE][PASSED] - Test Cases/Nikita/Orange HRM/Excel_write_Demo: Test Cases/Nikita/Orange HRM/Excel_write_Demo

2018-12-13 16:32:06 - [TEST_STEP][PASSED] - Start listener action : sampleBeforeTestCase: null

2018-12-13 16:32:06 - [TEST_STEP][PASSED] - println(testCaseContext.getTestCaseId()): null

2018-12-13 16:32:06 - [TEST_STEP][PASSED] - println(testCaseContext.getTestCaseVariables()): null

2018-12-13 16:32:06 - [TEST_STEP][PASSED] - println(testCaseContext.getMessage()): null

2018-12-13 16:32:06 - [TEST_STEP][PASSED] - Start listener action : sampleBeforeTestCase: null

2018-12-13 16:32:06 - [TEST_STEP][PASSED] - println(testCaseContext.getTestCaseId()): null

2018-12-13 16:32:06 - [TEST_STEP][PASSED] - println(testCaseContext.getTestCaseVariables()): null

2018-12-13 16:32:06 - [TEST_STEP][PASSED] - com.poi.writeExcelSheet.excelWrite(): com.poi.writeExcelSheet.excelWrite is PASSED

2018-12-13 16:32:08 - [MESSAGE][PASSED] - com.poi.writeExcelSheet.excelWrite is PASSED

2018-12-13 16:32:08 - [TEST_STEP][PASSED] - println("Test passed"): null

2018-12-13 16:32:08 - [TEST_STEP][PASSED] - Start listener action : sampleAfterTestCase: null

2018-12-13 16:32:08 - [TEST_STEP][PASSED] - println(testCaseContext.getTestCaseId()): null

2018-12-13 16:32:08 - [TEST_STEP][PASSED] - println(testCaseContext.getTestCaseStatus()): null

2018-12-13 16:32:08 - [TEST_STEP][PASSED] - println(testCaseContext.getMessage()): null

2018-12-13 16:32:08 - [TEST_STEP][PASSED] - Start listener action : sampleAfterTestCase: null

2018-12-13 16:32:08 - [TEST_STEP][PASSED] - println(testCaseContext.getTestCaseId()): null

2018-12-13 16:32:08 - [TEST_STEP][PASSED] - println(testCaseContext.getTestCaseStatus()): null]]></system-out>
         <system-err><![CDATA[]]></system-err>
      </testcase>
      <testcase name="Test Cases/Nikita/Orange HRM/List_excel Write" classname="Test Cases/Nikita/Orange HRM/List_excel Write" status="ERROR">
         <error type="ERROR" message="Test Cases/Nikita/Orange HRM/List_excel Write FAILED.
Reason:
java.lang.NullPointerException
	at com.kms.katalon.core.webui.common.WebUiCommonHelper.findWebElements(WebUiCommonHelper.java:692)
	at com.kms.katalon.core.webui.common.WebUiCommonHelper$findWebElements.call(Unknown Source)
	at List_excel Write.run(List_excel Write:24)
	at com.kms.katalon.core.main.ScriptEngine.run(ScriptEngine.java:194)
	at com.kms.katalon.core.main.ScriptEngine.runScriptAsRawText(ScriptEngine.java:119)
	at com.kms.katalon.core.main.TestCaseExecutor.runScript(TestCaseExecutor.java:321)
	at com.kms.katalon.core.main.TestCaseExecutor.doExecute(TestCaseExecutor.java:312)
	at com.kms.katalon.core.main.TestCaseExecutor.processExecutionPhase(TestCaseExecutor.java:291)
	at com.kms.katalon.core.main.TestCaseExecutor.accessMainPhase(TestCaseExecutor.java:283)
	at com.kms.katalon.core.main.TestCaseExecutor.execute(TestCaseExecutor.java:222)
	at com.kms.katalon.core.main.TestSuiteExecutor.accessTestCaseMainPhase(TestSuiteExecutor.java:129)
	at com.kms.katalon.core.main.TestSuiteExecutor.accessTestSuiteMainPhase(TestSuiteExecutor.java:112)
	at com.kms.katalon.core.main.TestSuiteExecutor.execute(TestSuiteExecutor.java:81)
	at com.kms.katalon.core.main.TestCaseMain.startTestSuite(TestCaseMain.java:149)
	at com.kms.katalon.core.main.TestCaseMain$startTestSuite$0.call(Unknown Source)
	at TempTestSuite1544698276969.run(TempTestSuite1544698276969.groovy:36)
"/>
         <system-out><![CDATA[2018-12-13 16:32:08 - [TEST_CASE][ERROR] - Test Cases/Nikita/Orange HRM/List_excel Write: Test Cases/Nikita/Orange HRM/List_excel Write FAILED.
Reason:
java.lang.NullPointerException
	at com.kms.katalon.core.webui.common.WebUiCommonHelper.findWebElements(WebUiCommonHelper.java:692)
	at com.kms.katalon.core.webui.common.WebUiCommonHelper$findWebElements.call(Unknown Source)
	at List_excel Write.run(List_excel Write:24)
	at com.kms.katalon.core.main.ScriptEngine.run(ScriptEngine.java:194)
	at com.kms.katalon.core.main.ScriptEngine.runScriptAsRawText(ScriptEngine.java:119)
	at com.kms.katalon.core.main.TestCaseExecutor.runScript(TestCaseExecutor.java:321)
	at com.kms.katalon.core.main.TestCaseExecutor.doExecute(TestCaseExecutor.java:312)
	at com.kms.katalon.core.main.TestCaseExecutor.processExecutionPhase(TestCaseExecutor.java:291)
	at com.kms.katalon.core.main.TestCaseExecutor.accessMainPhase(TestCaseExecutor.java:283)
	at com.kms.katalon.core.main.TestCaseExecutor.execute(TestCaseExecutor.java:222)
	at com.kms.katalon.core.main.TestSuiteExecutor.accessTestCaseMainPhase(TestSuiteExecutor.java:129)
	at com.kms.katalon.core.main.TestSuiteExecutor.accessTestSuiteMainPhase(TestSuiteExecutor.java:112)
	at com.kms.katalon.core.main.TestSuiteExecutor.execute(TestSuiteExecutor.java:81)
	at com.kms.katalon.core.main.TestCaseMain.startTestSuite(TestCaseMain.java:149)
	at com.kms.katalon.core.main.TestCaseMain$startTestSuite$0.call(Unknown Source)
	at TempTestSuite1544698276969.run(TempTestSuite1544698276969.groovy:36)


2018-12-13 16:32:08 - [TEST_STEP][PASSED] - Start listener action : sampleBeforeTestCase: null

2018-12-13 16:32:08 - [TEST_STEP][PASSED] - println(testCaseContext.getTestCaseId()): null

2018-12-13 16:32:08 - [TEST_STEP][PASSED] - println(testCaseContext.getTestCaseVariables()): null

2018-12-13 16:32:08 - [TEST_STEP][PASSED] - println(testCaseContext.getMessage()): null

2018-12-13 16:32:08 - [TEST_STEP][PASSED] - Start listener action : sampleBeforeTestCase: null

2018-12-13 16:32:08 - [TEST_STEP][PASSED] - println(testCaseContext.getTestCaseId()): null

2018-12-13 16:32:08 - [TEST_STEP][PASSED] - println(testCaseContext.getTestCaseVariables()): null

2018-12-13 16:32:09 - [TEST_STEP][PASSED] - openBrowser("https://www.w3schools.com/"): Browser is opened with url: 'https://www.w3schools.com/'

2018-12-13 16:32:09 - [MESSAGE][INFO] - Starting 'Chrome' driver

2018-12-13 16:32:10 - [MESSAGE][INFO] - Action delay is set to 0 seconds

2018-12-13 16:32:38 - [MESSAGE][PASSED] - Browser is opened with url: 'https://www.w3schools.com/'

2018-12-13 16:32:38 - [TEST_STEP][ERROR] - wb = findWebElements(findTestObject("Object Repository/List"), 30): wb = findWebElements(findTestObject("Object Repository/List"), 30) FAILED.
Reason:
java.lang.NullPointerException
	at com.kms.katalon.core.webui.common.WebUiCommonHelper.findWebElements(WebUiCommonHelper.java:692)
	at com.kms.katalon.core.webui.common.WebUiCommonHelper$findWebElements.call(Unknown Source)
	at List_excel Write.run(List_excel Write:24)
	at com.kms.katalon.core.main.ScriptEngine.run(ScriptEngine.java:194)
	at com.kms.katalon.core.main.ScriptEngine.runScriptAsRawText(ScriptEngine.java:119)
	at com.kms.katalon.core.main.TestCaseExecutor.runScript(TestCaseExecutor.java:321)
	at com.kms.katalon.core.main.TestCaseExecutor.doExecute(TestCaseExecutor.java:312)
	at com.kms.katalon.core.main.TestCaseExecutor.processExecutionPhase(TestCaseExecutor.java:291)
	at com.kms.katalon.core.main.TestCaseExecutor.accessMainPhase(TestCaseExecutor.java:283)
	at com.kms.katalon.core.main.TestCaseExecutor.execute(TestCaseExecutor.java:222)
	at com.kms.katalon.core.main.TestSuiteExecutor.accessTestCaseMainPhase(TestSuiteExecutor.java:129)
	at com.kms.katalon.core.main.TestSuiteExecutor.accessTestSuiteMainPhase(TestSuiteExecutor.java:112)
	at com.kms.katalon.core.main.TestSuiteExecutor.execute(TestSuiteExecutor.java:81)
	at com.kms.katalon.core.main.TestCaseMain.startTestSuite(TestCaseMain.java:149)
	at com.kms.katalon.core.main.TestCaseMain$startTestSuite$0.call(Unknown Source)
	at TempTestSuite1544698276969.run(TempTestSuite1544698276969.groovy:36)


2018-12-13 16:32:38 - [MESSAGE][WARNING] - Test object with id 'Object Repository/List' does not exist

2018-12-13 16:32:38 - [MESSAGE][ERROR] - wb = findWebElements(findTestObject("Object Repository/List"), 30) FAILED.
Reason:
java.lang.NullPointerException
	at com.kms.katalon.core.webui.common.WebUiCommonHelper.findWebElements(WebUiCommonHelper.java:692)
	at com.kms.katalon.core.webui.common.WebUiCommonHelper$findWebElements.call(Unknown Source)
	at List_excel Write.run(List_excel Write:24)
	at com.kms.katalon.core.main.ScriptEngine.run(ScriptEngine.java:194)
	at com.kms.katalon.core.main.ScriptEngine.runScriptAsRawText(ScriptEngine.java:119)
	at com.kms.katalon.core.main.TestCaseExecutor.runScript(TestCaseExecutor.java:321)
	at com.kms.katalon.core.main.TestCaseExecutor.doExecute(TestCaseExecutor.java:312)
	at com.kms.katalon.core.main.TestCaseExecutor.processExecutionPhase(TestCaseExecutor.java:291)
	at com.kms.katalon.core.main.TestCaseExecutor.accessMainPhase(TestCaseExecutor.java:283)
	at com.kms.katalon.core.main.TestCaseExecutor.execute(TestCaseExecutor.java:222)
	at com.kms.katalon.core.main.TestSuiteExecutor.accessTestCaseMainPhase(TestSuiteExecutor.java:129)
	at com.kms.katalon.core.main.TestSuiteExecutor.accessTestSuiteMainPhase(TestSuiteExecutor.java:112)
	at com.kms.katalon.core.main.TestSuiteExecutor.execute(TestSuiteExecutor.java:81)
	at com.kms.katalon.core.main.TestCaseMain.startTestSuite(TestCaseMain.java:149)
	at com.kms.katalon.core.main.TestCaseMain$startTestSuite$0.call(Unknown Source)
	at TempTestSuite1544698276969.run(TempTestSuite1544698276969.groovy:36)


2018-12-13 16:32:38 - [TEST_STEP][PASSED] - Start listener action : sampleAfterTestCase: null

2018-12-13 16:32:38 - [TEST_STEP][PASSED] - println(testCaseContext.getTestCaseId()): null

2018-12-13 16:32:38 - [TEST_STEP][PASSED] - println(testCaseContext.getTestCaseStatus()): null

2018-12-13 16:32:38 - [TEST_STEP][PASSED] - println(testCaseContext.getMessage()): null

2018-12-13 16:32:38 - [TEST_STEP][PASSED] - Start listener action : sampleAfterTestCase: null

2018-12-13 16:32:38 - [TEST_STEP][PASSED] - println(testCaseContext.getTestCaseId()): null

2018-12-13 16:32:38 - [TEST_STEP][PASSED] - println(testCaseContext.getTestCaseStatus()): null]]></system-out>
         <system-err><![CDATA[2018-12-13 16:32:08 - [TEST_CASE][ERROR] - Test Cases/Nikita/Orange HRM/List_excel Write: Test Cases/Nikita/Orange HRM/List_excel Write FAILED.
Reason:
java.lang.NullPointerException
	at com.kms.katalon.core.webui.common.WebUiCommonHelper.findWebElements(WebUiCommonHelper.java:692)
	at com.kms.katalon.core.webui.common.WebUiCommonHelper$findWebElements.call(Unknown Source)
	at List_excel Write.run(List_excel Write:24)
	at com.kms.katalon.core.main.ScriptEngine.run(ScriptEngine.java:194)
	at com.kms.katalon.core.main.ScriptEngine.runScriptAsRawText(ScriptEngine.java:119)
	at com.kms.katalon.core.main.TestCaseExecutor.runScript(TestCaseExecutor.java:321)
	at com.kms.katalon.core.main.TestCaseExecutor.doExecute(TestCaseExecutor.java:312)
	at com.kms.katalon.core.main.TestCaseExecutor.processExecutionPhase(TestCaseExecutor.java:291)
	at com.kms.katalon.core.main.TestCaseExecutor.accessMainPhase(TestCaseExecutor.java:283)
	at com.kms.katalon.core.main.TestCaseExecutor.execute(TestCaseExecutor.java:222)
	at com.kms.katalon.core.main.TestSuiteExecutor.accessTestCaseMainPhase(TestSuiteExecutor.java:129)
	at com.kms.katalon.core.main.TestSuiteExecutor.accessTestSuiteMainPhase(TestSuiteExecutor.java:112)
	at com.kms.katalon.core.main.TestSuiteExecutor.execute(TestSuiteExecutor.java:81)
	at com.kms.katalon.core.main.TestCaseMain.startTestSuite(TestCaseMain.java:149)
	at com.kms.katalon.core.main.TestCaseMain$startTestSuite$0.call(Unknown Source)
	at TempTestSuite1544698276969.run(TempTestSuite1544698276969.groovy:36)]]></system-err>
      </testcase>
      <testcase name="Test Cases/Nikita/Orange HRM/Login_Excel_Read_testdata" classname="Test Cases/Nikita/Orange HRM/Login_Excel_Read_testdata" status="PASSED">
         <system-out><![CDATA[2018-12-13 16:32:38 - [TEST_CASE][PASSED] - Test Cases/Nikita/Orange HRM/Login_Excel_Read_testdata: Test Cases/Nikita/Orange HRM/Login_Excel_Read_testdata

2018-12-13 16:32:39 - [TEST_STEP][PASSED] - Start listener action : sampleBeforeTestCase: null

2018-12-13 16:32:39 - [TEST_STEP][PASSED] - println(testCaseContext.getTestCaseId()): null

2018-12-13 16:32:39 - [TEST_STEP][PASSED] - println(testCaseContext.getTestCaseVariables()): null

2018-12-13 16:32:39 - [TEST_STEP][PASSED] - println(testCaseContext.getMessage()): null

2018-12-13 16:32:39 - [TEST_STEP][PASSED] - Start listener action : sampleBeforeTestCase: null

2018-12-13 16:32:39 - [TEST_STEP][PASSED] - println(testCaseContext.getTestCaseId()): null

2018-12-13 16:32:39 - [TEST_STEP][PASSED] - println(testCaseContext.getTestCaseVariables()): null

2018-12-13 16:32:39 - [TEST_STEP][PASSED] - openBrowser("https://opensource-demo.orangehrmlive.com/"): Browser is opened with url: 'https://opensource-demo.orangehrmlive.com/'

2018-12-13 16:32:39 - [MESSAGE][WARNING] - A browser is already opened. Closing browser and opening a new one

2018-12-13 16:32:41 - [MESSAGE][INFO] - Starting 'Chrome' driver

2018-12-13 16:33:11 - [MESSAGE][PASSED] - Browser is opened with url: 'https://opensource-demo.orangehrmlive.com/'

2018-12-13 16:33:11 - [TEST_STEP][PASSED] - click(findTestObject("Object Repository/Page_OrangeHRM/span_Username")): Object: 'Object Repository/Page_OrangeHRM/span_Username' is clicked on

2018-12-13 16:33:11 - [MESSAGE][PASSED] - Object: 'Object Repository/Page_OrangeHRM/span_Username' is clicked on

2018-12-13 16:33:11 - [TEST_STEP][PASSED] - setText(findTestObject("Object Repository/Page_OrangeHRM/input_LOGIN Panel_txtUsername"), Username): Text '' is set on object 'Object Repository/Page_OrangeHRM/input_LOGIN Panel_txtUsername'

2018-12-13 16:33:11 - [MESSAGE][PASSED] - Text '' is set on object 'Object Repository/Page_OrangeHRM/input_LOGIN Panel_txtUsername'

2018-12-13 16:33:11 - [TEST_STEP][PASSED] - setText(findTestObject("Object Repository/Page_OrangeHRM/input_Username_txtPassword"), Password): Text '' is set on object 'Object Repository/Page_OrangeHRM/input_Username_txtPassword'

2018-12-13 16:33:12 - [MESSAGE][PASSED] - Text '' is set on object 'Object Repository/Page_OrangeHRM/input_Username_txtPassword'

2018-12-13 16:33:12 - [TEST_STEP][PASSED] - click(findTestObject("Object Repository/Page_OrangeHRM/input_Password_Submit")): Object: 'Object Repository/Page_OrangeHRM/input_Password_Submit' is clicked on

2018-12-13 16:33:12 - [MESSAGE][PASSED] - Object: 'Object Repository/Page_OrangeHRM/input_Password_Submit' is clicked on

2018-12-13 16:33:12 - [TEST_STEP][PASSED] - closeBrowser(): Browser is closed

2018-12-13 16:33:13 - [MESSAGE][PASSED] - Browser is closed

2018-12-13 16:33:13 - [TEST_STEP][PASSED] - Start listener action : sampleAfterTestCase: null

2018-12-13 16:33:13 - [TEST_STEP][PASSED] - println(testCaseContext.getTestCaseId()): null

2018-12-13 16:33:13 - [TEST_STEP][PASSED] - println(testCaseContext.getTestCaseStatus()): null

2018-12-13 16:33:13 - [TEST_STEP][PASSED] - println(testCaseContext.getMessage()): null

2018-12-13 16:33:13 - [TEST_STEP][PASSED] - Start listener action : sampleAfterTestCase: null

2018-12-13 16:33:13 - [TEST_STEP][PASSED] - println(testCaseContext.getTestCaseId()): null

2018-12-13 16:33:13 - [TEST_STEP][PASSED] - println(testCaseContext.getTestCaseStatus()): null]]></system-out>
         <system-err><![CDATA[]]></system-err>
      </testcase>
      <system-out><![CDATA[2018-12-13 16:32:05 - [TEST_SUITE][ERROR] - Excel_Read_Write: Test Cases/Nikita/Orange HRM/List_excel Write FAILED.
Reason:
java.lang.NullPointerException
	at com.kms.katalon.core.webui.common.WebUiCommonHelper.findWebElements(WebUiCommonHelper.java:692)
	at com.kms.katalon.core.webui.common.WebUiCommonHelper$findWebElements.call(Unknown Source)
	at List_excel Write.run(List_excel Write:24)
	at com.kms.katalon.core.main.ScriptEngine.run(ScriptEngine.java:194)
	at com.kms.katalon.core.main.ScriptEngine.runScriptAsRawText(ScriptEngine.java:119)
	at com.kms.katalon.core.main.TestCaseExecutor.runScript(TestCaseExecutor.java:321)
	at com.kms.katalon.core.main.TestCaseExecutor.doExecute(TestCaseExecutor.java:312)
	at com.kms.katalon.core.main.TestCaseExecutor.processExecutionPhase(TestCaseExecutor.java:291)
	at com.kms.katalon.core.main.TestCaseExecutor.accessMainPhase(TestCaseExecutor.java:283)
	at com.kms.katalon.core.main.TestCaseExecutor.execute(TestCaseExecutor.java:222)
	at com.kms.katalon.core.main.TestSuiteExecutor.accessTestCaseMainPhase(TestSuiteExecutor.java:129)
	at com.kms.katalon.core.main.TestSuiteExecutor.accessTestSuiteMainPhase(TestSuiteExecutor.java:112)
	at com.kms.katalon.core.main.TestSuiteExecutor.execute(TestSuiteExecutor.java:81)
	at com.kms.katalon.core.main.TestCaseMain.startTestSuite(TestCaseMain.java:149)
	at com.kms.katalon.core.main.TestCaseMain$startTestSuite$0.call(Unknown Source)
	at TempTestSuite1544698276969.run(TempTestSuite1544698276969.groovy:36)]]></system-out>
      <system-err><![CDATA[2018-12-13 16:32:05 - [TEST_SUITE][ERROR] - Excel_Read_Write: Test Cases/Nikita/Orange HRM/List_excel Write FAILED.
Reason:
java.lang.NullPointerException
	at com.kms.katalon.core.webui.common.WebUiCommonHelper.findWebElements(WebUiCommonHelper.java:692)
	at com.kms.katalon.core.webui.common.WebUiCommonHelper$findWebElements.call(Unknown Source)
	at List_excel Write.run(List_excel Write:24)
	at com.kms.katalon.core.main.ScriptEngine.run(ScriptEngine.java:194)
	at com.kms.katalon.core.main.ScriptEngine.runScriptAsRawText(ScriptEngine.java:119)
	at com.kms.katalon.core.main.TestCaseExecutor.runScript(TestCaseExecutor.java:321)
	at com.kms.katalon.core.main.TestCaseExecutor.doExecute(TestCaseExecutor.java:312)
	at com.kms.katalon.core.main.TestCaseExecutor.processExecutionPhase(TestCaseExecutor.java:291)
	at com.kms.katalon.core.main.TestCaseExecutor.accessMainPhase(TestCaseExecutor.java:283)
	at com.kms.katalon.core.main.TestCaseExecutor.execute(TestCaseExecutor.java:222)
	at com.kms.katalon.core.main.TestSuiteExecutor.accessTestCaseMainPhase(TestSuiteExecutor.java:129)
	at com.kms.katalon.core.main.TestSuiteExecutor.accessTestSuiteMainPhase(TestSuiteExecutor.java:112)
	at com.kms.katalon.core.main.TestSuiteExecutor.execute(TestSuiteExecutor.java:81)
	at com.kms.katalon.core.main.TestCaseMain.startTestSuite(TestCaseMain.java:149)
	at com.kms.katalon.core.main.TestCaseMain$startTestSuite$0.call(Unknown Source)
	at TempTestSuite1544698276969.run(TempTestSuite1544698276969.groovy:36)]]></system-err>
   </testsuite>
</testsuites>
