<?xml version="1.0" encoding="UTF-8"?>
<testsuites name="TestSuite_1" time="112" tests="1" failures="0" errors="1">
   <testsuite name="TestSuite_1" tests="1" failures="0" errors="1" time="112" timestamp="2018-12-13 16:33:48" hostname="C5281054 - INLN56580283A.apj.global.corp.sap" id="Test Suites/Mohit/TestSuite_1">
      <properties>
         <property name="deviceName" value=""/>
         <property name="devicePlatform" value=""/>
         <property name="logFolder" value="C:\\Users\\c5281054\\git\\KatalonDemo\\Reports\\Mohit\\TestSuite_1\\20181213_163342"/>
         <property name="logFiles" value="C:\\Users\\c5281054\\git\\KatalonDemo\\Reports\\Mohit\\TestSuite_1\\20181213_163342\\execution0.log"/>
         <property name="attachments" value=""/>
         <property name="hostName" value="C5281054 - INLN56580283A.apj.global.corp.sap"/>
         <property name="os" value="Windows 10 64bit"/>
         <property name="katalonVersion" value="5.9.1.2"/>
         <property name="browser" value="Chrome 71.0.3578.98"/>
         <property name="hostAddress" value="192.168.242.1"/>
         <property name="sessionId" value="c1536cd93bb76cc0afaf8e008caa6c74"/>
         <property name="seleniumVersion" value="3.7.1"/>
         <property name="proxyInformation" value="ProxyInformation{proxyOption=NO_PROXY, proxyServerType=HTTP, password=, proxyServerAddress=, proxyServerPort=0}"/>
         <property name="platform" value="Windows 10"/>
      </properties>
      <testcase name="Test Cases/Mohit/Drag_Drop" classname="Test Cases/Mohit/Drag_Drop" status="PASSED">
         <system-out><![CDATA[2018-12-13 16:33:49 - [TEST_CASE][PASSED] - Test Cases/Mohit/Drag_Drop: Test Cases/Mohit/Drag_Drop

2018-12-13 16:33:49 - [TEST_STEP][PASSED] - Start listener action : sampleBeforeTestCase: null

2018-12-13 16:33:49 - [TEST_STEP][PASSED] - println(testCaseContext.getTestCaseId()): null

2018-12-13 16:33:50 - [TEST_STEP][PASSED] - println(testCaseContext.getTestCaseVariables()): null

2018-12-13 16:33:50 - [TEST_STEP][PASSED] - println(testCaseContext.getMessage()): null

2018-12-13 16:33:50 - [TEST_STEP][PASSED] - Start listener action : sampleBeforeTestCase: null

2018-12-13 16:33:50 - [TEST_STEP][PASSED] - println(testCaseContext.getTestCaseId()): null

2018-12-13 16:33:50 - [TEST_STEP][PASSED] - println(testCaseContext.getTestCaseVariables()): null

2018-12-13 16:33:50 - [TEST_STEP][PASSED] - imgDir = getProjectDir() + "/Include/img/": null

2018-12-13 16:33:50 - [TEST_STEP][PASSED] - openBrowser("https://html5demos.com/drag/"): Browser is opened with url: 'https://html5demos.com/drag/'

2018-12-13 16:33:51 - [MESSAGE][INFO] - Starting 'Chrome' driver

2018-12-13 16:33:51 - [MESSAGE][INFO] - Action delay is set to 0 seconds

2018-12-13 16:34:21 - [MESSAGE][PASSED] - Browser is opened with url: 'https://html5demos.com/drag/'

2018-12-13 16:34:21 - [TEST_STEP][PASSED] - maximizeWindow(): Current window maximized

2018-12-13 16:34:22 - [MESSAGE][PASSED] - Current window maximized

2018-12-13 16:34:22 - [TEST_STEP][PASSED] - Thread.sleep(500): null

2018-12-13 16:34:23 - [TEST_STEP][PASSED] - screen = new org.sikuli.script.Screen(): null

2018-12-13 16:34:28 - [TEST_STEP][PASSED] - one = new org.sikuli.script.Pattern((imgDir + one.png)): null

2018-12-13 16:34:32 - [TEST_STEP][PASSED] - drop = new org.sikuli.script.Pattern((imgDir + drop.png)): null

2018-12-13 16:34:32 - [TEST_STEP][PASSED] - Thread.sleep(500): null

2018-12-13 16:34:33 - [TEST_STEP][PASSED] - screen.dragDrop(one, drop): null

2018-12-13 16:34:36 - [TEST_STEP][PASSED] - Thread.sleep(2000): null

2018-12-13 16:34:38 - [TEST_STEP][PASSED] - closeBrowser(): Browser is closed

2018-12-13 16:34:40 - [MESSAGE][PASSED] - Browser is closed

2018-12-13 16:34:40 - [TEST_STEP][PASSED] - Start listener action : sampleAfterTestCase: null

2018-12-13 16:34:40 - [TEST_STEP][PASSED] - println(testCaseContext.getTestCaseId()): null

2018-12-13 16:34:40 - [TEST_STEP][PASSED] - println(testCaseContext.getTestCaseStatus()): null

2018-12-13 16:34:40 - [TEST_STEP][PASSED] - println(testCaseContext.getMessage()): null

2018-12-13 16:34:40 - [TEST_STEP][PASSED] - Start listener action : sampleAfterTestCase: null

2018-12-13 16:34:40 - [TEST_STEP][PASSED] - println(testCaseContext.getTestCaseId()): null

2018-12-13 16:34:40 - [TEST_STEP][PASSED] - println(testCaseContext.getTestCaseStatus()): null]]></system-out>
         <system-err><![CDATA[]]></system-err>
      </testcase>
      <testcase name="Test Cases/Mohit/DemoSite/phpTravels" classname="Test Cases/Mohit/DemoSite/phpTravels" status="ERROR">
         <error type="ERROR" message="Test Cases/Mohit/DemoSite/phpTravels FAILED.
Reason:
org.codehaus.groovy.runtime.typehandling.GroovyCastException: Cannot cast object '[[CChromeDriver: chrome on XP (c1536cd93bb76cc0afaf8e008caa6c74)] -> id: bookbtn]' with class 'org.openqa.selenium.remote.RemoteWebElement' to class 'com.kms.katalon.core.testobject.TestObject'
	at phpTravels.run(phpTravels:128)
	at com.kms.katalon.core.main.ScriptEngine.run(ScriptEngine.java:194)
	at com.kms.katalon.core.main.ScriptEngine.runScriptAsRawText(ScriptEngine.java:119)
	at com.kms.katalon.core.main.TestCaseExecutor.runScript(TestCaseExecutor.java:321)
	at com.kms.katalon.core.main.TestCaseExecutor.doExecute(TestCaseExecutor.java:312)
	at com.kms.katalon.core.main.TestCaseExecutor.processExecutionPhase(TestCaseExecutor.java:291)
	at com.kms.katalon.core.main.TestCaseExecutor.accessMainPhase(TestCaseExecutor.java:283)
	at com.kms.katalon.core.main.TestCaseExecutor.execute(TestCaseExecutor.java:222)
	at com.kms.katalon.core.main.TestSuiteExecutor.accessTestCaseMainPhase(TestSuiteExecutor.java:129)
	at com.kms.katalon.core.main.TestSuiteExecutor.accessTestSuiteMainPhase(TestSuiteExecutor.java:112)
	at com.kms.katalon.core.main.TestSuiteExecutor.execute(TestSuiteExecutor.java:81)
	at com.kms.katalon.core.main.TestCaseMain.startTestSuite(TestCaseMain.java:149)
	at com.kms.katalon.core.main.TestCaseMain$startTestSuite$0.call(Unknown Source)
	at TempTestSuite1544699022162.run(TempTestSuite1544699022162.groovy:36)
"/>
         <system-out><![CDATA[2018-12-13 16:34:40 - [TEST_CASE][ERROR] - Test Cases/Mohit/DemoSite/phpTravels: Test Cases/Mohit/DemoSite/phpTravels FAILED.
Reason:
org.codehaus.groovy.runtime.typehandling.GroovyCastException: Cannot cast object '[[CChromeDriver: chrome on XP (c1536cd93bb76cc0afaf8e008caa6c74)] -> id: bookbtn]' with class 'org.openqa.selenium.remote.RemoteWebElement' to class 'com.kms.katalon.core.testobject.TestObject'
	at phpTravels.run(phpTravels:128)
	at com.kms.katalon.core.main.ScriptEngine.run(ScriptEngine.java:194)
	at com.kms.katalon.core.main.ScriptEngine.runScriptAsRawText(ScriptEngine.java:119)
	at com.kms.katalon.core.main.TestCaseExecutor.runScript(TestCaseExecutor.java:321)
	at com.kms.katalon.core.main.TestCaseExecutor.doExecute(TestCaseExecutor.java:312)
	at com.kms.katalon.core.main.TestCaseExecutor.processExecutionPhase(TestCaseExecutor.java:291)
	at com.kms.katalon.core.main.TestCaseExecutor.accessMainPhase(TestCaseExecutor.java:283)
	at com.kms.katalon.core.main.TestCaseExecutor.execute(TestCaseExecutor.java:222)
	at com.kms.katalon.core.main.TestSuiteExecutor.accessTestCaseMainPhase(TestSuiteExecutor.java:129)
	at com.kms.katalon.core.main.TestSuiteExecutor.accessTestSuiteMainPhase(TestSuiteExecutor.java:112)
	at com.kms.katalon.core.main.TestSuiteExecutor.execute(TestSuiteExecutor.java:81)
	at com.kms.katalon.core.main.TestCaseMain.startTestSuite(TestCaseMain.java:149)
	at com.kms.katalon.core.main.TestCaseMain$startTestSuite$0.call(Unknown Source)
	at TempTestSuite1544699022162.run(TempTestSuite1544699022162.groovy:36)


2018-12-13 16:34:40 - [TEST_STEP][PASSED] - Start listener action : sampleBeforeTestCase: null

2018-12-13 16:34:40 - [TEST_STEP][PASSED] - println(testCaseContext.getTestCaseId()): null

2018-12-13 16:34:40 - [TEST_STEP][PASSED] - println(testCaseContext.getTestCaseVariables()): null

2018-12-13 16:34:40 - [TEST_STEP][PASSED] - println(testCaseContext.getMessage()): null

2018-12-13 16:34:40 - [TEST_STEP][PASSED] - Start listener action : sampleBeforeTestCase: null

2018-12-13 16:34:40 - [TEST_STEP][PASSED] - println(testCaseContext.getTestCaseId()): null

2018-12-13 16:34:40 - [TEST_STEP][PASSED] - println(testCaseContext.getTestCaseVariables()): null

2018-12-13 16:34:41 - [TEST_STEP][PASSED] - openBrowser("https://www.phptravels.net/"): Browser is opened with url: 'https://www.phptravels.net/'

2018-12-13 16:34:41 - [MESSAGE][INFO] - Starting 'Chrome' driver

2018-12-13 16:35:14 - [MESSAGE][PASSED] - Browser is opened with url: 'https://www.phptravels.net/'

2018-12-13 16:35:14 - [TEST_STEP][PASSED] - maximizeWindow(): Current window maximized

2018-12-13 16:35:15 - [MESSAGE][PASSED] - Current window maximized

2018-12-13 16:35:15 - [TEST_STEP][PASSED] - driver = getWebDriver(): null

2018-12-13 16:35:15 - [TEST_STEP][PASSED] - for ([i = 0, i < 1000, (i++)]): null

2018-12-13 16:35:15 - [TEST_STEP][PASSED] - try: null

2018-12-13 16:35:15 - [TEST_STEP][PASSED] - className("text-center")).isDisplayed(): null

2018-12-13 16:35:15 - [TEST_STEP][PASSED] - Thread.sleep(1000): null

2018-12-13 16:35:16 - [TEST_STEP][PASSED] - break: null

2018-12-13 16:35:16 - [TEST_STEP][PASSED] - elements = driver.findElements(By.className("text-center")): null

2018-12-13 16:35:16 - [TEST_STEP][PASSED] - for (org.openqa.selenium.WebElement webElement : elements): null

2018-12-13 16:35:16 - [TEST_STEP][PASSED] - Title = webElement.getAttribute("title"): null

2018-12-13 16:35:16 - [TEST_STEP][PASSED] - if (Title.equals("Flights")): null

2018-12-13 16:35:16 - [TEST_STEP][PASSED] - Title = webElement.getAttribute("title"): null

2018-12-13 16:35:16 - [TEST_STEP][PASSED] - if (Title.equals("Flights")): null

2018-12-13 16:35:16 - [TEST_STEP][PASSED] - Title = webElement.getAttribute("title"): null

2018-12-13 16:35:16 - [TEST_STEP][PASSED] - if (Title.equals("Flights")): null

2018-12-13 16:35:16 - [TEST_STEP][PASSED] - Title = webElement.getAttribute("title"): null

2018-12-13 16:35:16 - [TEST_STEP][PASSED] - if (Title.equals("Flights")): null

2018-12-13 16:35:16 - [TEST_STEP][PASSED] - Title = webElement.getAttribute("title"): null

2018-12-13 16:35:16 - [TEST_STEP][PASSED] - if (Title.equals("Flights")): null

2018-12-13 16:35:16 - [TEST_STEP][PASSED] - Title = webElement.getAttribute("title"): null

2018-12-13 16:35:16 - [TEST_STEP][PASSED] - if (Title.equals("Flights")): null

2018-12-13 16:35:16 - [TEST_STEP][PASSED] - Title = webElement.getAttribute("title"): null

2018-12-13 16:35:16 - [TEST_STEP][PASSED] - if (Title.equals("Flights")): null

2018-12-13 16:35:16 - [TEST_STEP][PASSED] - Title = webElement.getAttribute("title"): null

2018-12-13 16:35:16 - [TEST_STEP][PASSED] - if (Title.equals("Flights")): null

2018-12-13 16:35:16 - [TEST_STEP][PASSED] - Title = webElement.getAttribute("title"): null

2018-12-13 16:35:16 - [TEST_STEP][PASSED] - if (Title.equals("Flights")): null

2018-12-13 16:35:16 - [TEST_STEP][PASSED] - Title = webElement.getAttribute("title"): null

2018-12-13 16:35:16 - [TEST_STEP][PASSED] - if (Title.equals("Flights")): null

2018-12-13 16:35:16 - [TEST_STEP][PASSED] - webElement.click(): null

2018-12-13 16:35:16 - [TEST_STEP][PASSED] - break: null

2018-12-13 16:35:16 - [TEST_STEP][PASSED] - for ([i = 0, i < 1000, (i++)]): null

2018-12-13 16:35:16 - [TEST_STEP][PASSED] - try: null

2018-12-13 16:35:16 - [TEST_STEP][PASSED] - id("flights")).isDisplayed(): null

2018-12-13 16:35:17 - [TEST_STEP][PASSED] - Thread.sleep(1000): null

2018-12-13 16:35:18 - [TEST_STEP][PASSED] - break: null

2018-12-13 16:35:18 - [TEST_STEP][PASSED] - action = new org.openqa.selenium.interactions.Actions(driver): null

2018-12-13 16:35:18 - [TEST_STEP][PASSED] - elements = driver.findElements(By.className("select2-chosen")): null

2018-12-13 16:35:18 - [TEST_STEP][PASSED] - for (org.openqa.selenium.WebElement webElement : elements): null

2018-12-13 16:35:18 - [TEST_STEP][PASSED] - loc = webElement.getLocation(): null

2018-12-13 16:35:18 - [TEST_STEP][PASSED] - if (loc.getX() == 0 || loc.getY() == 0): null

2018-12-13 16:35:18 - [TEST_STEP][PASSED] - <not implemented yet for class: org.codehaus.groovy.ast.stmt.ContinueStatement>: null

2018-12-13 16:35:18 - [TEST_STEP][PASSED] - loc = webElement.getLocation(): null

2018-12-13 16:35:18 - [TEST_STEP][PASSED] - if (loc.getX() == 0 || loc.getY() == 0): null

2018-12-13 16:35:18 - [TEST_STEP][PASSED] - <not implemented yet for class: org.codehaus.groovy.ast.stmt.ContinueStatement>: null

2018-12-13 16:35:18 - [TEST_STEP][PASSED] - loc = webElement.getLocation(): null

2018-12-13 16:35:18 - [TEST_STEP][PASSED] - if (loc.getX() == 0 || loc.getY() == 0): null

2018-12-13 16:35:18 - [TEST_STEP][PASSED] - <not implemented yet for class: org.codehaus.groovy.ast.stmt.ContinueStatement>: null

2018-12-13 16:35:18 - [TEST_STEP][PASSED] - loc = webElement.getLocation(): null

2018-12-13 16:35:18 - [TEST_STEP][PASSED] - if (loc.getX() == 0 || loc.getY() == 0): null

2018-12-13 16:35:18 - [TEST_STEP][PASSED] - <not implemented yet for class: org.codehaus.groovy.ast.stmt.ContinueStatement>: null

2018-12-13 16:35:18 - [TEST_STEP][PASSED] - loc = webElement.getLocation(): null

2018-12-13 16:35:18 - [TEST_STEP][PASSED] - if (loc.getX() == 0 || loc.getY() == 0): null

2018-12-13 16:35:18 - [TEST_STEP][PASSED] - <not implemented yet for class: org.codehaus.groovy.ast.stmt.ContinueStatement>: null

2018-12-13 16:35:18 - [TEST_STEP][PASSED] - loc = webElement.getLocation(): null

2018-12-13 16:35:18 - [TEST_STEP][PASSED] - if (loc.getX() == 0 || loc.getY() == 0): null

2018-12-13 16:35:18 - [TEST_STEP][PASSED] - if (getText().equals("Enter City Or Airport") == false): null

2018-12-13 16:35:18 - [TEST_STEP][PASSED] - click().perform(): null

2018-12-13 16:35:18 - [TEST_STEP][PASSED] - Thread.sleep(500): null

2018-12-13 16:35:19 - [TEST_STEP][PASSED] - sendKeys(City_To_From).perform(): null

2018-12-13 16:35:19 - [TEST_STEP][PASSED] - Thread.sleep(2000): null

2018-12-13 16:35:21 - [TEST_STEP][PASSED] - get(0).click(): null

2018-12-13 16:35:21 - [TEST_STEP][PASSED] - loc = webElement.getLocation(): null

2018-12-13 16:35:21 - [TEST_STEP][PASSED] - if (loc.getX() == 0 || loc.getY() == 0): null

2018-12-13 16:35:21 - [TEST_STEP][PASSED] - if (getText().equals("Enter City Or Airport") == false): null

2018-12-13 16:35:21 - [TEST_STEP][PASSED] - click().perform(): null

2018-12-13 16:35:21 - [TEST_STEP][PASSED] - Thread.sleep(500): null

2018-12-13 16:35:22 - [TEST_STEP][PASSED] - sendKeys(City_To_From).perform(): null

2018-12-13 16:35:22 - [TEST_STEP][PASSED] - Thread.sleep(2000): null

2018-12-13 16:35:24 - [TEST_STEP][PASSED] - get(0).click(): null

2018-12-13 16:35:24 - [TEST_STEP][PASSED] - loc = webElement.getLocation(): null

2018-12-13 16:35:24 - [TEST_STEP][PASSED] - if (loc.getX() == 0 || loc.getY() == 0): null

2018-12-13 16:35:24 - [TEST_STEP][PASSED] - <not implemented yet for class: org.codehaus.groovy.ast.stmt.ContinueStatement>: null

2018-12-13 16:35:24 - [TEST_STEP][PASSED] - loc = webElement.getLocation(): null

2018-12-13 16:35:24 - [TEST_STEP][PASSED] - if (loc.getX() == 0 || loc.getY() == 0): null

2018-12-13 16:35:24 - [TEST_STEP][PASSED] - <not implemented yet for class: org.codehaus.groovy.ast.stmt.ContinueStatement>: null

2018-12-13 16:35:24 - [TEST_STEP][PASSED] - name("departure")).click(): null

2018-12-13 16:35:24 - [TEST_STEP][PASSED] - Thread.sleep(1000): null

2018-12-13 16:35:25 - [TEST_STEP][PASSED] - name("departure")).sendKeys("2019-12-30"): null

2018-12-13 16:35:26 - [TEST_STEP][PASSED] - elements = driver.findElements(By.className("pfb0")): null

2018-12-13 16:35:26 - [TEST_STEP][PASSED] - for (org.openqa.selenium.WebElement webElement : elements): null

2018-12-13 16:35:26 - [TEST_STEP][PASSED] - out.println(webElement.getText()): null

2018-12-13 16:35:26 - [TEST_STEP][PASSED] - if (getText().equals("SEARCH")): null

2018-12-13 16:35:26 - [TEST_STEP][PASSED] - out.println(webElement.getText()): null

2018-12-13 16:35:26 - [TEST_STEP][PASSED] - if (getText().equals("SEARCH")): null

2018-12-13 16:35:26 - [TEST_STEP][PASSED] - out.println(webElement.getText()): null

2018-12-13 16:35:26 - [TEST_STEP][PASSED] - if (getText().equals("SEARCH")): null

2018-12-13 16:35:26 - [TEST_STEP][PASSED] - out.println(webElement.getText()): null

2018-12-13 16:35:26 - [TEST_STEP][PASSED] - if (getText().equals("SEARCH")): null

2018-12-13 16:35:26 - [TEST_STEP][PASSED] - webElement.click(): null

2018-12-13 16:35:38 - [TEST_STEP][PASSED] - for ([i = 0, i < 1000, (i++)]): null

2018-12-13 16:35:38 - [TEST_STEP][PASSED] - try: null

2018-12-13 16:35:38 - [TEST_STEP][PASSED] - id("bookbtn")).isDisplayed(): null

2018-12-13 16:35:38 - [TEST_STEP][PASSED] - Thread.sleep(500): null

2018-12-13 16:35:39 - [TEST_STEP][PASSED] - break: null

2018-12-13 16:35:39 - [TEST_STEP][ERROR] - t = driver.findElement(By.id("bookbtn")): t = driver.findElement(By.id("bookbtn")) FAILED.
Reason:
org.codehaus.groovy.runtime.typehandling.GroovyCastException: Cannot cast object '[[CChromeDriver: chrome on XP (c1536cd93bb76cc0afaf8e008caa6c74)] -> id: bookbtn]' with class 'org.openqa.selenium.remote.RemoteWebElement' to class 'com.kms.katalon.core.testobject.TestObject'
	at phpTravels.run(phpTravels:128)
	at com.kms.katalon.core.main.ScriptEngine.run(ScriptEngine.java:194)
	at com.kms.katalon.core.main.ScriptEngine.runScriptAsRawText(ScriptEngine.java:119)
	at com.kms.katalon.core.main.TestCaseExecutor.runScript(TestCaseExecutor.java:321)
	at com.kms.katalon.core.main.TestCaseExecutor.doExecute(TestCaseExecutor.java:312)
	at com.kms.katalon.core.main.TestCaseExecutor.processExecutionPhase(TestCaseExecutor.java:291)
	at com.kms.katalon.core.main.TestCaseExecutor.accessMainPhase(TestCaseExecutor.java:283)
	at com.kms.katalon.core.main.TestCaseExecutor.execute(TestCaseExecutor.java:222)
	at com.kms.katalon.core.main.TestSuiteExecutor.accessTestCaseMainPhase(TestSuiteExecutor.java:129)
	at com.kms.katalon.core.main.TestSuiteExecutor.accessTestSuiteMainPhase(TestSuiteExecutor.java:112)
	at com.kms.katalon.core.main.TestSuiteExecutor.execute(TestSuiteExecutor.java:81)
	at com.kms.katalon.core.main.TestCaseMain.startTestSuite(TestCaseMain.java:149)
	at com.kms.katalon.core.main.TestCaseMain$startTestSuite$0.call(Unknown Source)
	at TempTestSuite1544699022162.run(TempTestSuite1544699022162.groovy:36)


2018-12-13 16:35:39 - [MESSAGE][ERROR] - t = driver.findElement(By.id("bookbtn")) FAILED.
Reason:
org.codehaus.groovy.runtime.typehandling.GroovyCastException: Cannot cast object '[[CChromeDriver: chrome on XP (c1536cd93bb76cc0afaf8e008caa6c74)] -> id: bookbtn]' with class 'org.openqa.selenium.remote.RemoteWebElement' to class 'com.kms.katalon.core.testobject.TestObject'
	at phpTravels.run(phpTravels:128)
	at com.kms.katalon.core.main.ScriptEngine.run(ScriptEngine.java:194)
	at com.kms.katalon.core.main.ScriptEngine.runScriptAsRawText(ScriptEngine.java:119)
	at com.kms.katalon.core.main.TestCaseExecutor.runScript(TestCaseExecutor.java:321)
	at com.kms.katalon.core.main.TestCaseExecutor.doExecute(TestCaseExecutor.java:312)
	at com.kms.katalon.core.main.TestCaseExecutor.processExecutionPhase(TestCaseExecutor.java:291)
	at com.kms.katalon.core.main.TestCaseExecutor.accessMainPhase(TestCaseExecutor.java:283)
	at com.kms.katalon.core.main.TestCaseExecutor.execute(TestCaseExecutor.java:222)
	at com.kms.katalon.core.main.TestSuiteExecutor.accessTestCaseMainPhase(TestSuiteExecutor.java:129)
	at com.kms.katalon.core.main.TestSuiteExecutor.accessTestSuiteMainPhase(TestSuiteExecutor.java:112)
	at com.kms.katalon.core.main.TestSuiteExecutor.execute(TestSuiteExecutor.java:81)
	at com.kms.katalon.core.main.TestCaseMain.startTestSuite(TestCaseMain.java:149)
	at com.kms.katalon.core.main.TestCaseMain$startTestSuite$0.call(Unknown Source)
	at TempTestSuite1544699022162.run(TempTestSuite1544699022162.groovy:36)


2018-12-13 16:35:39 - [TEST_STEP][PASSED] - Start listener action : sampleAfterTestCase: null

2018-12-13 16:35:39 - [TEST_STEP][PASSED] - println(testCaseContext.getTestCaseId()): null

2018-12-13 16:35:39 - [TEST_STEP][PASSED] - println(testCaseContext.getTestCaseStatus()): null

2018-12-13 16:35:39 - [TEST_STEP][PASSED] - println(testCaseContext.getMessage()): null

2018-12-13 16:35:39 - [TEST_STEP][PASSED] - Start listener action : sampleAfterTestCase: null

2018-12-13 16:35:39 - [TEST_STEP][PASSED] - println(testCaseContext.getTestCaseId()): null

2018-12-13 16:35:39 - [TEST_STEP][PASSED] - println(testCaseContext.getTestCaseStatus()): null]]></system-out>
         <system-err><![CDATA[2018-12-13 16:34:40 - [TEST_CASE][ERROR] - Test Cases/Mohit/DemoSite/phpTravels: Test Cases/Mohit/DemoSite/phpTravels FAILED.
Reason:
org.codehaus.groovy.runtime.typehandling.GroovyCastException: Cannot cast object '[[CChromeDriver: chrome on XP (c1536cd93bb76cc0afaf8e008caa6c74)] -> id: bookbtn]' with class 'org.openqa.selenium.remote.RemoteWebElement' to class 'com.kms.katalon.core.testobject.TestObject'
	at phpTravels.run(phpTravels:128)
	at com.kms.katalon.core.main.ScriptEngine.run(ScriptEngine.java:194)
	at com.kms.katalon.core.main.ScriptEngine.runScriptAsRawText(ScriptEngine.java:119)
	at com.kms.katalon.core.main.TestCaseExecutor.runScript(TestCaseExecutor.java:321)
	at com.kms.katalon.core.main.TestCaseExecutor.doExecute(TestCaseExecutor.java:312)
	at com.kms.katalon.core.main.TestCaseExecutor.processExecutionPhase(TestCaseExecutor.java:291)
	at com.kms.katalon.core.main.TestCaseExecutor.accessMainPhase(TestCaseExecutor.java:283)
	at com.kms.katalon.core.main.TestCaseExecutor.execute(TestCaseExecutor.java:222)
	at com.kms.katalon.core.main.TestSuiteExecutor.accessTestCaseMainPhase(TestSuiteExecutor.java:129)
	at com.kms.katalon.core.main.TestSuiteExecutor.accessTestSuiteMainPhase(TestSuiteExecutor.java:112)
	at com.kms.katalon.core.main.TestSuiteExecutor.execute(TestSuiteExecutor.java:81)
	at com.kms.katalon.core.main.TestCaseMain.startTestSuite(TestCaseMain.java:149)
	at com.kms.katalon.core.main.TestCaseMain$startTestSuite$0.call(Unknown Source)
	at TempTestSuite1544699022162.run(TempTestSuite1544699022162.groovy:36)]]></system-err>
      </testcase>
      <system-out><![CDATA[2018-12-13 16:33:48 - [TEST_SUITE][ERROR] - TestSuite_1: Test Cases/Mohit/DemoSite/phpTravels FAILED.
Reason:
org.codehaus.groovy.runtime.typehandling.GroovyCastException: Cannot cast object '[[CChromeDriver: chrome on XP (c1536cd93bb76cc0afaf8e008caa6c74)] -> id: bookbtn]' with class 'org.openqa.selenium.remote.RemoteWebElement' to class 'com.kms.katalon.core.testobject.TestObject'
	at phpTravels.run(phpTravels:128)
	at com.kms.katalon.core.main.ScriptEngine.run(ScriptEngine.java:194)
	at com.kms.katalon.core.main.ScriptEngine.runScriptAsRawText(ScriptEngine.java:119)
	at com.kms.katalon.core.main.TestCaseExecutor.runScript(TestCaseExecutor.java:321)
	at com.kms.katalon.core.main.TestCaseExecutor.doExecute(TestCaseExecutor.java:312)
	at com.kms.katalon.core.main.TestCaseExecutor.processExecutionPhase(TestCaseExecutor.java:291)
	at com.kms.katalon.core.main.TestCaseExecutor.accessMainPhase(TestCaseExecutor.java:283)
	at com.kms.katalon.core.main.TestCaseExecutor.execute(TestCaseExecutor.java:222)
	at com.kms.katalon.core.main.TestSuiteExecutor.accessTestCaseMainPhase(TestSuiteExecutor.java:129)
	at com.kms.katalon.core.main.TestSuiteExecutor.accessTestSuiteMainPhase(TestSuiteExecutor.java:112)
	at com.kms.katalon.core.main.TestSuiteExecutor.execute(TestSuiteExecutor.java:81)
	at com.kms.katalon.core.main.TestCaseMain.startTestSuite(TestCaseMain.java:149)
	at com.kms.katalon.core.main.TestCaseMain$startTestSuite$0.call(Unknown Source)
	at TempTestSuite1544699022162.run(TempTestSuite1544699022162.groovy:36)]]></system-out>
      <system-err><![CDATA[2018-12-13 16:33:48 - [TEST_SUITE][ERROR] - TestSuite_1: Test Cases/Mohit/DemoSite/phpTravels FAILED.
Reason:
org.codehaus.groovy.runtime.typehandling.GroovyCastException: Cannot cast object '[[CChromeDriver: chrome on XP (c1536cd93bb76cc0afaf8e008caa6c74)] -> id: bookbtn]' with class 'org.openqa.selenium.remote.RemoteWebElement' to class 'com.kms.katalon.core.testobject.TestObject'
	at phpTravels.run(phpTravels:128)
	at com.kms.katalon.core.main.ScriptEngine.run(ScriptEngine.java:194)
	at com.kms.katalon.core.main.ScriptEngine.runScriptAsRawText(ScriptEngine.java:119)
	at com.kms.katalon.core.main.TestCaseExecutor.runScript(TestCaseExecutor.java:321)
	at com.kms.katalon.core.main.TestCaseExecutor.doExecute(TestCaseExecutor.java:312)
	at com.kms.katalon.core.main.TestCaseExecutor.processExecutionPhase(TestCaseExecutor.java:291)
	at com.kms.katalon.core.main.TestCaseExecutor.accessMainPhase(TestCaseExecutor.java:283)
	at com.kms.katalon.core.main.TestCaseExecutor.execute(TestCaseExecutor.java:222)
	at com.kms.katalon.core.main.TestSuiteExecutor.accessTestCaseMainPhase(TestSuiteExecutor.java:129)
	at com.kms.katalon.core.main.TestSuiteExecutor.accessTestSuiteMainPhase(TestSuiteExecutor.java:112)
	at com.kms.katalon.core.main.TestSuiteExecutor.execute(TestSuiteExecutor.java:81)
	at com.kms.katalon.core.main.TestCaseMain.startTestSuite(TestCaseMain.java:149)
	at com.kms.katalon.core.main.TestCaseMain$startTestSuite$0.call(Unknown Source)
	at TempTestSuite1544699022162.run(TempTestSuite1544699022162.groovy:36)]]></system-err>
   </testsuite>
</testsuites>
