<?xml version="1.0" encoding="UTF-8"?>
<testsuites name="TestSuite 2" time="43" tests="0" failures="0" errors="1">
   <testsuite name="TestSuite 2" tests="0" failures="0" errors="1" time="43" timestamp="2018-12-12 11:11:29" hostname="C5281054 - INLN56580283A.apj.global.corp.sap" id="Test Suites/Mohit/TestSuite 2">
      <properties>
         <property name="deviceName" value=""/>
         <property name="devicePlatform" value=""/>
         <property name="logFolder" value="C:\\Users\\c5281054\\git\\KatalonDemo\\Reports\\Mohit\\TestSuite 2\\20181212_111121"/>
         <property name="logFiles" value="C:\\Users\\c5281054\\git\\KatalonDemo\\Reports\\Mohit\\TestSuite 2\\20181212_111121\\execution0.log"/>
         <property name="attachments" value=""/>
         <property name="hostName" value="C5281054 - INLN56580283A.apj.global.corp.sap"/>
         <property name="os" value="Windows 10 64bit"/>
         <property name="katalonVersion" value="5.9.1.2"/>
         <property name="browser" value="Chrome 71.0.3578.80"/>
         <property name="hostAddress" value="192.168.242.1"/>
         <property name="sessionId" value="a44dbf9ed34db7fa8f90b57d97bdd767"/>
         <property name="seleniumVersion" value="3.7.1"/>
         <property name="proxyInformation" value="ProxyInformation{proxyOption=NO_PROXY, proxyServerType=HTTP, password=, proxyServerAddress=, proxyServerPort=0}"/>
         <property name="platform" value="Windows 10"/>
      </properties>
      <testcase name="Test Cases/Mohit/Drag_Drop" classname="Test Cases/Mohit/Drag_Drop" status="ERROR">
         <error type="ERROR" message="Test Cases/Mohit/Drag_Drop FAILED.
Reason:
FindFailed: C:/Users/c5281054/git/KatalonDemo/Include/img/one.png: (50x32) in S(0)[0,0 1920x1080] E:Y, T:3.0
  Line 2277, in file Region.java

	at org.sikuli.script.Region.wait(Region.java:2277)
	at org.sikuli.script.Region.wait(Region.java:2295)
	at org.sikuli.script.Region.getLocationFromTarget(Region.java:3270)
	at org.sikuli.script.Region.dragDrop(Region.java:4017)
	at org.sikuli.script.Region$dragDrop.call(Unknown Source)
	at Drag_Drop.run(Drag_Drop:22)
	at com.kms.katalon.core.main.ScriptEngine.run(ScriptEngine.java:194)
	at com.kms.katalon.core.main.ScriptEngine.runScriptAsRawText(ScriptEngine.java:119)
	at com.kms.katalon.core.main.TestCaseExecutor.runScript(TestCaseExecutor.java:321)
	at com.kms.katalon.core.main.TestCaseExecutor.doExecute(TestCaseExecutor.java:312)
	at com.kms.katalon.core.main.TestCaseExecutor.processExecutionPhase(TestCaseExecutor.java:291)
	at com.kms.katalon.core.main.TestCaseExecutor.accessMainPhase(TestCaseExecutor.java:283)
	at com.kms.katalon.core.main.TestCaseExecutor.execute(TestCaseExecutor.java:222)
	at com.kms.katalon.core.main.TestSuiteExecutor.accessTestCaseMainPhase(TestSuiteExecutor.java:129)
	at com.kms.katalon.core.main.TestSuiteExecutor.accessTestSuiteMainPhase(TestSuiteExecutor.java:112)
	at com.kms.katalon.core.main.TestSuiteExecutor.execute(TestSuiteExecutor.java:81)
	at com.kms.katalon.core.main.TestCaseMain.startTestSuite(TestCaseMain.java:149)
	at com.kms.katalon.core.main.TestCaseMain$startTestSuite$0.call(Unknown Source)
	at TempTestSuite1544593285890.run(TempTestSuite1544593285890.groovy:36)
"/>
         <system-out><![CDATA[2018-12-12 11:11:30 - [TEST_CASE][ERROR] - Test Cases/Mohit/Drag_Drop: Test Cases/Mohit/Drag_Drop FAILED.
Reason:
FindFailed: C:/Users/c5281054/git/KatalonDemo/Include/img/one.png: (50x32) in S(0)[0,0 1920x1080] E:Y, T:3.0
  Line 2277, in file Region.java

	at org.sikuli.script.Region.wait(Region.java:2277)
	at org.sikuli.script.Region.wait(Region.java:2295)
	at org.sikuli.script.Region.getLocationFromTarget(Region.java:3270)
	at org.sikuli.script.Region.dragDrop(Region.java:4017)
	at org.sikuli.script.Region$dragDrop.call(Unknown Source)
	at Drag_Drop.run(Drag_Drop:22)
	at com.kms.katalon.core.main.ScriptEngine.run(ScriptEngine.java:194)
	at com.kms.katalon.core.main.ScriptEngine.runScriptAsRawText(ScriptEngine.java:119)
	at com.kms.katalon.core.main.TestCaseExecutor.runScript(TestCaseExecutor.java:321)
	at com.kms.katalon.core.main.TestCaseExecutor.doExecute(TestCaseExecutor.java:312)
	at com.kms.katalon.core.main.TestCaseExecutor.processExecutionPhase(TestCaseExecutor.java:291)
	at com.kms.katalon.core.main.TestCaseExecutor.accessMainPhase(TestCaseExecutor.java:283)
	at com.kms.katalon.core.main.TestCaseExecutor.execute(TestCaseExecutor.java:222)
	at com.kms.katalon.core.main.TestSuiteExecutor.accessTestCaseMainPhase(TestSuiteExecutor.java:129)
	at com.kms.katalon.core.main.TestSuiteExecutor.accessTestSuiteMainPhase(TestSuiteExecutor.java:112)
	at com.kms.katalon.core.main.TestSuiteExecutor.execute(TestSuiteExecutor.java:81)
	at com.kms.katalon.core.main.TestCaseMain.startTestSuite(TestCaseMain.java:149)
	at com.kms.katalon.core.main.TestCaseMain$startTestSuite$0.call(Unknown Source)
	at TempTestSuite1544593285890.run(TempTestSuite1544593285890.groovy:36)


2018-12-12 11:11:30 - [TEST_STEP][PASSED] - Start listener action : sampleBeforeTestCase: null

2018-12-12 11:11:30 - [TEST_STEP][PASSED] - println(testCaseContext.getTestCaseId()): null

2018-12-12 11:11:30 - [TEST_STEP][PASSED] - println(testCaseContext.getTestCaseVariables()): null

2018-12-12 11:11:30 - [TEST_STEP][PASSED] - Start listener action : sampleBeforeTestCase: null

2018-12-12 11:11:30 - [TEST_STEP][PASSED] - println(testCaseContext.getTestCaseId()): null

2018-12-12 11:11:30 - [TEST_STEP][PASSED] - println(testCaseContext.getTestCaseVariables()): null

2018-12-12 11:11:30 - [TEST_STEP][PASSED] - imgDir = getProjectDir() + "/Include/img/": null

2018-12-12 11:11:30 - [TEST_STEP][PASSED] - openBrowser("https://html5demos.com/drag/"): Browser is opened with url: 'https://html5demos.com/drag/'

2018-12-12 11:11:31 - [MESSAGE][INFO] - Starting 'Chrome' driver

2018-12-12 11:11:31 - [MESSAGE][INFO] - Action delay is set to 0 seconds

2018-12-12 11:11:59 - [MESSAGE][PASSED] - Browser is opened with url: 'https://html5demos.com/drag/'

2018-12-12 11:11:59 - [TEST_STEP][PASSED] - maximizeWindow(): Current window maximized

2018-12-12 11:12:00 - [MESSAGE][PASSED] - Current window maximized

2018-12-12 11:12:00 - [TEST_STEP][PASSED] - Thread.sleep(500): null

2018-12-12 11:12:01 - [TEST_STEP][PASSED] - screen = new org.sikuli.script.Screen(): null

2018-12-12 11:12:04 - [TEST_STEP][PASSED] - one = new org.sikuli.script.Pattern((imgDir + one.png)): null

2018-12-12 11:12:08 - [TEST_STEP][PASSED] - drop = new org.sikuli.script.Pattern((imgDir + drop.png)): null

2018-12-12 11:12:08 - [TEST_STEP][PASSED] - Thread.sleep(500): null

2018-12-12 11:12:08 - [TEST_STEP][ERROR] - screen.dragDrop(one, drop): screen.dragDrop(one, drop) FAILED.
Reason:
FindFailed: C:/Users/c5281054/git/KatalonDemo/Include/img/one.png: (50x32) in S(0)[0,0 1920x1080] E:Y, T:3.0
  Line 2277, in file Region.java

	at org.sikuli.script.Region.wait(Region.java:2277)
	at org.sikuli.script.Region.wait(Region.java:2295)
	at org.sikuli.script.Region.getLocationFromTarget(Region.java:3270)
	at org.sikuli.script.Region.dragDrop(Region.java:4017)
	at org.sikuli.script.Region$dragDrop.call(Unknown Source)
	at Drag_Drop.run(Drag_Drop:22)
	at com.kms.katalon.core.main.ScriptEngine.run(ScriptEngine.java:194)
	at com.kms.katalon.core.main.ScriptEngine.runScriptAsRawText(ScriptEngine.java:119)
	at com.kms.katalon.core.main.TestCaseExecutor.runScript(TestCaseExecutor.java:321)
	at com.kms.katalon.core.main.TestCaseExecutor.doExecute(TestCaseExecutor.java:312)
	at com.kms.katalon.core.main.TestCaseExecutor.processExecutionPhase(TestCaseExecutor.java:291)
	at com.kms.katalon.core.main.TestCaseExecutor.accessMainPhase(TestCaseExecutor.java:283)
	at com.kms.katalon.core.main.TestCaseExecutor.execute(TestCaseExecutor.java:222)
	at com.kms.katalon.core.main.TestSuiteExecutor.accessTestCaseMainPhase(TestSuiteExecutor.java:129)
	at com.kms.katalon.core.main.TestSuiteExecutor.accessTestSuiteMainPhase(TestSuiteExecutor.java:112)
	at com.kms.katalon.core.main.TestSuiteExecutor.execute(TestSuiteExecutor.java:81)
	at com.kms.katalon.core.main.TestCaseMain.startTestSuite(TestCaseMain.java:149)
	at com.kms.katalon.core.main.TestCaseMain$startTestSuite$0.call(Unknown Source)
	at TempTestSuite1544593285890.run(TempTestSuite1544593285890.groovy:36)


2018-12-12 11:12:11 - [MESSAGE][ERROR] - screen.dragDrop(one, drop) FAILED.
Reason:
FindFailed: C:/Users/c5281054/git/KatalonDemo/Include/img/one.png: (50x32) in S(0)[0,0 1920x1080] E:Y, T:3.0
  Line 2277, in file Region.java

	at org.sikuli.script.Region.wait(Region.java:2277)
	at org.sikuli.script.Region.wait(Region.java:2295)
	at org.sikuli.script.Region.getLocationFromTarget(Region.java:3270)
	at org.sikuli.script.Region.dragDrop(Region.java:4017)
	at org.sikuli.script.Region$dragDrop.call(Unknown Source)
	at Drag_Drop.run(Drag_Drop:22)
	at com.kms.katalon.core.main.ScriptEngine.run(ScriptEngine.java:194)
	at com.kms.katalon.core.main.ScriptEngine.runScriptAsRawText(ScriptEngine.java:119)
	at com.kms.katalon.core.main.TestCaseExecutor.runScript(TestCaseExecutor.java:321)
	at com.kms.katalon.core.main.TestCaseExecutor.doExecute(TestCaseExecutor.java:312)
	at com.kms.katalon.core.main.TestCaseExecutor.processExecutionPhase(TestCaseExecutor.java:291)
	at com.kms.katalon.core.main.TestCaseExecutor.accessMainPhase(TestCaseExecutor.java:283)
	at com.kms.katalon.core.main.TestCaseExecutor.execute(TestCaseExecutor.java:222)
	at com.kms.katalon.core.main.TestSuiteExecutor.accessTestCaseMainPhase(TestSuiteExecutor.java:129)
	at com.kms.katalon.core.main.TestSuiteExecutor.accessTestSuiteMainPhase(TestSuiteExecutor.java:112)
	at com.kms.katalon.core.main.TestSuiteExecutor.execute(TestSuiteExecutor.java:81)
	at com.kms.katalon.core.main.TestCaseMain.startTestSuite(TestCaseMain.java:149)
	at com.kms.katalon.core.main.TestCaseMain$startTestSuite$0.call(Unknown Source)
	at TempTestSuite1544593285890.run(TempTestSuite1544593285890.groovy:36)


2018-12-12 11:12:11 - [TEST_STEP][PASSED] - Start listener action : sampleAfterTestCase: null

2018-12-12 11:12:11 - [TEST_STEP][PASSED] - println(testCaseContext.getTestCaseId()): null

2018-12-12 11:12:11 - [TEST_STEP][PASSED] - println(testCaseContext.getTestCaseStatus()): null

2018-12-12 11:12:11 - [TEST_STEP][PASSED] - Start listener action : sampleAfterTestCase: null

2018-12-12 11:12:11 - [TEST_STEP][PASSED] - println(testCaseContext.getTestCaseId()): null

2018-12-12 11:12:11 - [TEST_STEP][PASSED] - println(testCaseContext.getTestCaseStatus()): null]]></system-out>
         <system-err><![CDATA[2018-12-12 11:11:30 - [TEST_CASE][ERROR] - Test Cases/Mohit/Drag_Drop: Test Cases/Mohit/Drag_Drop FAILED.
Reason:
FindFailed: C:/Users/c5281054/git/KatalonDemo/Include/img/one.png: (50x32) in S(0)[0,0 1920x1080] E:Y, T:3.0
  Line 2277, in file Region.java

	at org.sikuli.script.Region.wait(Region.java:2277)
	at org.sikuli.script.Region.wait(Region.java:2295)
	at org.sikuli.script.Region.getLocationFromTarget(Region.java:3270)
	at org.sikuli.script.Region.dragDrop(Region.java:4017)
	at org.sikuli.script.Region$dragDrop.call(Unknown Source)
	at Drag_Drop.run(Drag_Drop:22)
	at com.kms.katalon.core.main.ScriptEngine.run(ScriptEngine.java:194)
	at com.kms.katalon.core.main.ScriptEngine.runScriptAsRawText(ScriptEngine.java:119)
	at com.kms.katalon.core.main.TestCaseExecutor.runScript(TestCaseExecutor.java:321)
	at com.kms.katalon.core.main.TestCaseExecutor.doExecute(TestCaseExecutor.java:312)
	at com.kms.katalon.core.main.TestCaseExecutor.processExecutionPhase(TestCaseExecutor.java:291)
	at com.kms.katalon.core.main.TestCaseExecutor.accessMainPhase(TestCaseExecutor.java:283)
	at com.kms.katalon.core.main.TestCaseExecutor.execute(TestCaseExecutor.java:222)
	at com.kms.katalon.core.main.TestSuiteExecutor.accessTestCaseMainPhase(TestSuiteExecutor.java:129)
	at com.kms.katalon.core.main.TestSuiteExecutor.accessTestSuiteMainPhase(TestSuiteExecutor.java:112)
	at com.kms.katalon.core.main.TestSuiteExecutor.execute(TestSuiteExecutor.java:81)
	at com.kms.katalon.core.main.TestCaseMain.startTestSuite(TestCaseMain.java:149)
	at com.kms.katalon.core.main.TestCaseMain$startTestSuite$0.call(Unknown Source)
	at TempTestSuite1544593285890.run(TempTestSuite1544593285890.groovy:36)]]></system-err>
      </testcase>
      <system-out><![CDATA[2018-12-12 11:11:29 - [TEST_SUITE][ERROR] - TestSuite 2: Test Cases/Mohit/Drag_Drop FAILED.
Reason:
FindFailed: C:/Users/c5281054/git/KatalonDemo/Include/img/one.png: (50x32) in S(0)[0,0 1920x1080] E:Y, T:3.0
  Line 2277, in file Region.java

	at org.sikuli.script.Region.wait(Region.java:2277)
	at org.sikuli.script.Region.wait(Region.java:2295)
	at org.sikuli.script.Region.getLocationFromTarget(Region.java:3270)
	at org.sikuli.script.Region.dragDrop(Region.java:4017)
	at org.sikuli.script.Region$dragDrop.call(Unknown Source)
	at Drag_Drop.run(Drag_Drop:22)
	at com.kms.katalon.core.main.ScriptEngine.run(ScriptEngine.java:194)
	at com.kms.katalon.core.main.ScriptEngine.runScriptAsRawText(ScriptEngine.java:119)
	at com.kms.katalon.core.main.TestCaseExecutor.runScript(TestCaseExecutor.java:321)
	at com.kms.katalon.core.main.TestCaseExecutor.doExecute(TestCaseExecutor.java:312)
	at com.kms.katalon.core.main.TestCaseExecutor.processExecutionPhase(TestCaseExecutor.java:291)
	at com.kms.katalon.core.main.TestCaseExecutor.accessMainPhase(TestCaseExecutor.java:283)
	at com.kms.katalon.core.main.TestCaseExecutor.execute(TestCaseExecutor.java:222)
	at com.kms.katalon.core.main.TestSuiteExecutor.accessTestCaseMainPhase(TestSuiteExecutor.java:129)
	at com.kms.katalon.core.main.TestSuiteExecutor.accessTestSuiteMainPhase(TestSuiteExecutor.java:112)
	at com.kms.katalon.core.main.TestSuiteExecutor.execute(TestSuiteExecutor.java:81)
	at com.kms.katalon.core.main.TestCaseMain.startTestSuite(TestCaseMain.java:149)
	at com.kms.katalon.core.main.TestCaseMain$startTestSuite$0.call(Unknown Source)
	at TempTestSuite1544593285890.run(TempTestSuite1544593285890.groovy:36)]]></system-out>
      <system-err><![CDATA[2018-12-12 11:11:29 - [TEST_SUITE][ERROR] - TestSuite 2: Test Cases/Mohit/Drag_Drop FAILED.
Reason:
FindFailed: C:/Users/c5281054/git/KatalonDemo/Include/img/one.png: (50x32) in S(0)[0,0 1920x1080] E:Y, T:3.0
  Line 2277, in file Region.java

	at org.sikuli.script.Region.wait(Region.java:2277)
	at org.sikuli.script.Region.wait(Region.java:2295)
	at org.sikuli.script.Region.getLocationFromTarget(Region.java:3270)
	at org.sikuli.script.Region.dragDrop(Region.java:4017)
	at org.sikuli.script.Region$dragDrop.call(Unknown Source)
	at Drag_Drop.run(Drag_Drop:22)
	at com.kms.katalon.core.main.ScriptEngine.run(ScriptEngine.java:194)
	at com.kms.katalon.core.main.ScriptEngine.runScriptAsRawText(ScriptEngine.java:119)
	at com.kms.katalon.core.main.TestCaseExecutor.runScript(TestCaseExecutor.java:321)
	at com.kms.katalon.core.main.TestCaseExecutor.doExecute(TestCaseExecutor.java:312)
	at com.kms.katalon.core.main.TestCaseExecutor.processExecutionPhase(TestCaseExecutor.java:291)
	at com.kms.katalon.core.main.TestCaseExecutor.accessMainPhase(TestCaseExecutor.java:283)
	at com.kms.katalon.core.main.TestCaseExecutor.execute(TestCaseExecutor.java:222)
	at com.kms.katalon.core.main.TestSuiteExecutor.accessTestCaseMainPhase(TestSuiteExecutor.java:129)
	at com.kms.katalon.core.main.TestSuiteExecutor.accessTestSuiteMainPhase(TestSuiteExecutor.java:112)
	at com.kms.katalon.core.main.TestSuiteExecutor.execute(TestSuiteExecutor.java:81)
	at com.kms.katalon.core.main.TestCaseMain.startTestSuite(TestCaseMain.java:149)
	at com.kms.katalon.core.main.TestCaseMain$startTestSuite$0.call(Unknown Source)
	at TempTestSuite1544593285890.run(TempTestSuite1544593285890.groovy:36)]]></system-err>
   </testsuite>
</testsuites>
