<?xml version="1.0" encoding="UTF-8"?>
<testsuites name="Basic_login" time="20" tests="1" failures="0" errors="0">
   <testsuite name="Basic_login" tests="1" failures="0" errors="0" time="20" timestamp="2018-12-12 14:50:49" hostname="Agrawal_nkt - Nikita-AL.India.XoriantCorp.com" id="Test Suites/Basic_login">
      <properties>
         <property name="deviceName" value=""/>
         <property name="devicePlatform" value=""/>
         <property name="logFolder" value="C:\\Users\\agrawal_nkt\\git\\KatalonDemo\\Reports\\Basic_login\\20181212_145046"/>
         <property name="logFiles" value="C:\\Users\\agrawal_nkt\\git\\KatalonDemo\\Reports\\Basic_login\\20181212_145046\\execution0.log"/>
         <property name="attachments" value="C:\\Users\\agrawal_nkt\\git\\KatalonDemo\\Reports\\Basic_login\\20181212_145046\\1544606467109.png, C:\\Users\\agrawal_nkt\\git\\KatalonDemo\\Reports\\Basic_login\\20181212_145046\\1544606467442.png"/>
         <property name="hostName" value="Agrawal_nkt - Nikita-AL.India.XoriantCorp.com"/>
         <property name="os" value="Windows 10 64bit"/>
         <property name="katalonVersion" value="5.9.1.2"/>
         <property name="browser" value="Chrome 70.0.3538.110"/>
         <property name="hostAddress" value="10.20.2.227"/>
         <property name="sessionId" value="44579747e0e6584641378532825dfe0d"/>
         <property name="seleniumVersion" value="3.7.1"/>
         <property name="proxyInformation" value="ProxyInformation{proxyOption=NO_PROXY, proxyServerType=HTTP, password=, proxyServerAddress=, proxyServerPort=0}"/>
         <property name="platform" value="Windows 10"/>
      </properties>
      <testcase name="Test Cases/Nikita.A/Basiclogin" classname="Test Cases/Nikita.A/Basiclogin" status="PASSED">
         <system-out><![CDATA[2018-12-12 14:50:50 - [TEST_CASE][PASSED] - Test Cases/Nikita.A/Basiclogin: Test Cases/Nikita.A/Basiclogin

2018-12-12 14:50:50 - [TEST_STEP][PASSED] - Start listener action : sampleBeforeTestCase: null

2018-12-12 14:50:50 - [TEST_STEP][PASSED] - println(testCaseContext.getTestCaseId()): null

2018-12-12 14:50:51 - [TEST_STEP][PASSED] - println(testCaseContext.getTestCaseVariables()): null

2018-12-12 14:50:51 - [TEST_STEP][PASSED] - Start listener action : sampleBeforeTestCase: null

2018-12-12 14:50:51 - [TEST_STEP][PASSED] - println(testCaseContext.getTestCaseId()): null

2018-12-12 14:50:51 - [TEST_STEP][PASSED] - println(testCaseContext.getTestCaseVariables()): null

2018-12-12 14:50:51 - [TEST_STEP][PASSED] - openBrowser(""): Browser is opened with url: ''

2018-12-12 14:50:52 - [MESSAGE][INFO] - Starting 'Chrome' driver

2018-12-12 14:50:52 - [MESSAGE][INFO] - Action delay is set to 0 seconds

2018-12-12 14:50:55 - [MESSAGE][PASSED] - Browser is opened with url: ''

2018-12-12 14:50:55 - [TEST_STEP][PASSED] - navigateToUrl("https://opensource-demo.orangehrmlive.com/"): Navigate to 'https://opensource-demo.orangehrmlive.com/' successfully

2018-12-12 14:50:58 - [MESSAGE][PASSED] - Navigate to 'https://opensource-demo.orangehrmlive.com/' successfully

2018-12-12 14:50:58 - [TEST_STEP][PASSED] - click(findTestObject("Object Repository/Basiclogin/span_Username (1)")): Object: 'Object Repository/Basiclogin/span_Username (1)' is clicked on

2018-12-12 14:50:58 - [MESSAGE][PASSED] - Object: 'Object Repository/Basiclogin/span_Username (1)' is clicked on

2018-12-12 14:50:58 - [TEST_STEP][PASSED] - setText(findTestObject("Object Repository/Basiclogin/input_LOGIN Panel_txtUsername (1)"), Username): Text 'Admin' is set on object 'Object Repository/Basiclogin/input_LOGIN Panel_txtUsername (1)'

2018-12-12 14:50:58 - [MESSAGE][PASSED] - Text 'Admin' is set on object 'Object Repository/Basiclogin/input_LOGIN Panel_txtUsername (1)'

2018-12-12 14:50:58 - [TEST_STEP][PASSED] - setText(findTestObject("Object Repository/Basiclogin/input_Username_txtPassword"), Password): Text 'admin123' is set on object 'Object Repository/Basiclogin/input_Username_txtPassword'

2018-12-12 14:50:58 - [MESSAGE][PASSED] - Text 'admin123' is set on object 'Object Repository/Basiclogin/input_Username_txtPassword'

2018-12-12 14:50:58 - [TEST_STEP][PASSED] - click(findTestObject("Object Repository/Basiclogin/input_Password_Submit (1)")): Object: 'Object Repository/Basiclogin/input_Password_Submit (1)' is clicked on

2018-12-12 14:51:01 - [MESSAGE][PASSED] - Object: 'Object Repository/Basiclogin/input_Password_Submit (1)' is clicked on

2018-12-12 14:51:01 - [TEST_STEP][PASSED] - nikitas.a.Sample.checkelement(findTestObject("Object Repository/Basiclogin/a_Welcome Admin")): nikitas.a.Sample.checkelement is PASSED

2018-12-12 14:51:07 - [MESSAGE][INFO] - Unable to find the element located by 'By.xpath: //a[@href = '#' and @id = 'welcomes' and (text() = 'Welcome Admins' or . = 'Welcome Admins')]'. Please recheck the objects properties to make sure the desired element is located. 

2018-12-12 14:51:07 - [MESSAGE][FAILED] - com.kms.katalon.core.webui.exception.WebElementNotFoundException: Web element with id: 'Object Repository/Basiclogin/a_Welcome Admin' located by 'By.xpath: //a[@href = '#' and @id = 'welcomes' and (text() = 'Welcome Admins' or . = 'Welcome Admins')]' not found
[[ATTACHMENT|C:\\Users\\agrawal_nkt\\git\\KatalonDemo\\Reports\\Basic_login\\20181212_145046\\1544606467109.png]]

2018-12-12 14:51:07 - [MESSAGE][FAILED] - Unable to verify object 'Object Repository/Basiclogin/a_Welcome Admin' is present (Root cause: com.kms.katalon.core.exception.StepFailedException: com.kms.katalon.core.webui.exception.WebElementNotFoundException: Web element with id: 'Object Repository/Basiclogin/a_Welcome Admin' located by 'By.xpath: //a[@href = '#' and @id = 'welcomes' and (text() = 'Welcome Admins' or . = 'Welcome Admins')]' not found)
[[ATTACHMENT|C:\\Users\\agrawal_nkt\\git\\KatalonDemo\\Reports\\Basic_login\\20181212_145046\\1544606467442.png]]

2018-12-12 14:51:07 - [MESSAGE][PASSED] - nikitas.a.Sample.checkelement is PASSED

2018-12-12 14:51:07 - [TEST_STEP][PASSED] - nikitas.a.Sample.checkelement(findTestObject("Object Repository/Basiclogin/img")): nikitas.a.Sample.checkelement is PASSED

2018-12-12 14:51:07 - [MESSAGE][PASSED] - Object 'Object Repository/Basiclogin/img' is present

2018-12-12 14:51:07 - [MESSAGE][PASSED] - nikitas.a.Sample.checkelement is PASSED

2018-12-12 14:51:07 - [TEST_STEP][PASSED] - click(findTestObject("Basiclogin/img")): Object: 'Object Repository/Basiclogin/img' is clicked on

2018-12-12 14:51:09 - [MESSAGE][PASSED] - Object: 'Object Repository/Basiclogin/img' is clicked on

2018-12-12 14:51:09 - [TEST_STEP][PASSED] - setText(findTestObject("Object Repository/Basiclogin/input__timeemployeeName"), "abc"): Text 'abc' is set on object 'Object Repository/Basiclogin/input__timeemployeeName'

2018-12-12 14:51:09 - [MESSAGE][PASSED] - Text 'abc' is set on object 'Object Repository/Basiclogin/input__timeemployeeName'

2018-12-12 14:51:09 - [TEST_STEP][PASSED] - click(findTestObject("Object Repository/Basiclogin/input__btnView (1)")): Object: 'Object Repository/Basiclogin/input__btnView (1)' is clicked on

2018-12-12 14:51:09 - [MESSAGE][PASSED] - Object: 'Object Repository/Basiclogin/input__btnView (1)' is clicked on

2018-12-12 14:51:09 - [TEST_STEP][PASSED] - verifyElementPresent(findTestObject("Basiclogin/span_Invalid"), 0): Object 'Object Repository/Basiclogin/span_Invalid' is present

2018-12-12 14:51:09 - [MESSAGE][WARNING] - Timeout '0' is invalid. Using default page load timeout: '30'

2018-12-12 14:51:09 - [MESSAGE][PASSED] - Object 'Object Repository/Basiclogin/span_Invalid' is present

2018-12-12 14:51:09 - [TEST_STEP][PASSED] - closeBrowser(): Browser is closed

2018-12-12 14:51:10 - [MESSAGE][PASSED] - Browser is closed

2018-12-12 14:51:10 - [TEST_STEP][PASSED] - Start listener action : sampleAfterTestCase: null

2018-12-12 14:51:10 - [TEST_STEP][PASSED] - println(testCaseContext.getTestCaseId()): null

2018-12-12 14:51:10 - [TEST_STEP][PASSED] - println(testCaseContext.getTestCaseStatus()): null

2018-12-12 14:51:10 - [TEST_STEP][PASSED] - Start listener action : sampleAfterTestCase: null

2018-12-12 14:51:10 - [TEST_STEP][PASSED] - println(testCaseContext.getTestCaseId()): null

2018-12-12 14:51:10 - [TEST_STEP][PASSED] - println(testCaseContext.getTestCaseStatus()): null]]></system-out>
         <system-err><![CDATA[]]></system-err>
      </testcase>
      <system-out><![CDATA[2018-12-12 14:50:49 - [TEST_SUITE][PASSED] - Basic_login: Test Cases/Nikita.A/Basiclogin]]></system-out>
      <system-err><![CDATA[]]></system-err>
   </testsuite>
</testsuites>
