<?xml version="1.0" encoding="UTF-8"?>
<testsuites name="Basic_login" time="15" tests="0" failures="1" errors="0">
   <testsuite name="Basic_login" tests="0" failures="1" errors="0" time="15" timestamp="2018-12-12 15:27:29" hostname="Agrawal_nkt - Nikita-AL.India.XoriantCorp.com" id="Test Suites/Basic_login">
      <properties>
         <property name="deviceName" value=""/>
         <property name="devicePlatform" value=""/>
         <property name="logFolder" value="C:\\Users\\agrawal_nkt\\git\\KatalonDemo\\Reports\\Basic_login\\20181212_152726"/>
         <property name="logFiles" value="C:\\Users\\agrawal_nkt\\git\\KatalonDemo\\Reports\\Basic_login\\20181212_152726\\execution0.log"/>
         <property name="attachments" value=""/>
         <property name="hostName" value="Agrawal_nkt - Nikita-AL.India.XoriantCorp.com"/>
         <property name="os" value="Windows 10 64bit"/>
         <property name="katalonVersion" value="5.9.1.2"/>
         <property name="browser" value="Chrome 70.0.3538.110"/>
         <property name="hostAddress" value="10.20.2.227"/>
         <property name="sessionId" value="31c7ac3c4b626e99d4c69f5929757bd9"/>
         <property name="seleniumVersion" value="3.7.1"/>
         <property name="proxyInformation" value="ProxyInformation{proxyOption=NO_PROXY, proxyServerType=HTTP, password=, proxyServerAddress=, proxyServerPort=0}"/>
         <property name="platform" value="Windows 10"/>
      </properties>
      <testcase name="Test Cases/Nikita.A/Basiclogin" classname="Test Cases/Nikita.A/Basiclogin" status="FAILED">
         <failure type="FAILED" message="Test Cases/Nikita.A/Basiclogin FAILED.
Reason:
com.kms.katalon.core.exception.StepFailedException: Unable to verify equal between actual object 'Assign Leave' and expected object 'Assign123' (Root cause: com.kms.katalon.core.exception.StepFailedException: Actual object 'Assign Leave' and expected object 'Assign123' are not equal)
	at com.kms.katalon.core.keyword.internal.KeywordMain.stepFailed(KeywordMain.groovy:32)
	at com.kms.katalon.core.keyword.internal.KeywordMain.stepFailed(KeywordMain.groovy)
	at com.kms.katalon.core.keyword.internal.KeywordMain.runKeyword(KeywordMain.groovy:56)
	at com.kms.katalon.core.keyword.builtin.VerifyEqualKeyword.verifyEqual(VerifyEqualKeyword.groovy:63)
	at com.kms.katalon.core.keyword.builtin.VerifyEqualKeyword.execute(VerifyEqualKeyword.groovy:44)
	at com.kms.katalon.core.keyword.internal.KeywordExecutor.executeKeywordForPlatform(KeywordExecutor.groovy:53)
	at com.kms.katalon.core.keyword.BuiltinKeywords.verifyEqual(BuiltinKeywords.groovy:126)
	at Basiclogin.run(Basiclogin:41)
	at com.kms.katalon.core.main.ScriptEngine.run(ScriptEngine.java:194)
	at com.kms.katalon.core.main.ScriptEngine.runScriptAsRawText(ScriptEngine.java:119)
	at com.kms.katalon.core.main.TestCaseExecutor.runScript(TestCaseExecutor.java:321)
	at com.kms.katalon.core.main.TestCaseExecutor.doExecute(TestCaseExecutor.java:312)
	at com.kms.katalon.core.main.TestCaseExecutor.processExecutionPhase(TestCaseExecutor.java:291)
	at com.kms.katalon.core.main.TestCaseExecutor.accessMainPhase(TestCaseExecutor.java:283)
	at com.kms.katalon.core.main.TestCaseExecutor.execute(TestCaseExecutor.java:222)
	at com.kms.katalon.core.main.TestSuiteExecutor.accessTestCaseMainPhase(TestSuiteExecutor.java:129)
	at com.kms.katalon.core.main.TestSuiteExecutor.accessTestSuiteMainPhase(TestSuiteExecutor.java:112)
	at com.kms.katalon.core.main.TestSuiteExecutor.execute(TestSuiteExecutor.java:81)
	at com.kms.katalon.core.main.TestCaseMain.startTestSuite(TestCaseMain.java:149)
	at com.kms.katalon.core.main.TestCaseMain$startTestSuite$0.call(Unknown Source)
	at TempTestSuite1544608646221.run(TempTestSuite1544608646221.groovy:36)
"/>
         <system-out><![CDATA[2018-12-12 15:27:30 - [TEST_CASE][FAILED] - Test Cases/Nikita.A/Basiclogin: Test Cases/Nikita.A/Basiclogin FAILED.
Reason:
com.kms.katalon.core.exception.StepFailedException: Unable to verify equal between actual object 'Assign Leave' and expected object 'Assign123' (Root cause: com.kms.katalon.core.exception.StepFailedException: Actual object 'Assign Leave' and expected object 'Assign123' are not equal)
	at com.kms.katalon.core.keyword.internal.KeywordMain.stepFailed(KeywordMain.groovy:32)
	at com.kms.katalon.core.keyword.internal.KeywordMain.stepFailed(KeywordMain.groovy)
	at com.kms.katalon.core.keyword.internal.KeywordMain.runKeyword(KeywordMain.groovy:56)
	at com.kms.katalon.core.keyword.builtin.VerifyEqualKeyword.verifyEqual(VerifyEqualKeyword.groovy:63)
	at com.kms.katalon.core.keyword.builtin.VerifyEqualKeyword.execute(VerifyEqualKeyword.groovy:44)
	at com.kms.katalon.core.keyword.internal.KeywordExecutor.executeKeywordForPlatform(KeywordExecutor.groovy:53)
	at com.kms.katalon.core.keyword.BuiltinKeywords.verifyEqual(BuiltinKeywords.groovy:126)
	at Basiclogin.run(Basiclogin:41)
	at com.kms.katalon.core.main.ScriptEngine.run(ScriptEngine.java:194)
	at com.kms.katalon.core.main.ScriptEngine.runScriptAsRawText(ScriptEngine.java:119)
	at com.kms.katalon.core.main.TestCaseExecutor.runScript(TestCaseExecutor.java:321)
	at com.kms.katalon.core.main.TestCaseExecutor.doExecute(TestCaseExecutor.java:312)
	at com.kms.katalon.core.main.TestCaseExecutor.processExecutionPhase(TestCaseExecutor.java:291)
	at com.kms.katalon.core.main.TestCaseExecutor.accessMainPhase(TestCaseExecutor.java:283)
	at com.kms.katalon.core.main.TestCaseExecutor.execute(TestCaseExecutor.java:222)
	at com.kms.katalon.core.main.TestSuiteExecutor.accessTestCaseMainPhase(TestSuiteExecutor.java:129)
	at com.kms.katalon.core.main.TestSuiteExecutor.accessTestSuiteMainPhase(TestSuiteExecutor.java:112)
	at com.kms.katalon.core.main.TestSuiteExecutor.execute(TestSuiteExecutor.java:81)
	at com.kms.katalon.core.main.TestCaseMain.startTestSuite(TestCaseMain.java:149)
	at com.kms.katalon.core.main.TestCaseMain$startTestSuite$0.call(Unknown Source)
	at TempTestSuite1544608646221.run(TempTestSuite1544608646221.groovy:36)


2018-12-12 15:27:30 - [TEST_STEP][PASSED] - Start listener action : sampleBeforeTestCase: null

2018-12-12 15:27:30 - [TEST_STEP][PASSED] - println(testCaseContext.getTestCaseId()): null

2018-12-12 15:27:30 - [TEST_STEP][PASSED] - println(testCaseContext.getTestCaseVariables()): null

2018-12-12 15:27:30 - [TEST_STEP][PASSED] - Start listener action : sampleBeforeTestCase: null

2018-12-12 15:27:30 - [TEST_STEP][PASSED] - println(testCaseContext.getTestCaseId()): null

2018-12-12 15:27:30 - [TEST_STEP][PASSED] - println(testCaseContext.getTestCaseVariables()): null

2018-12-12 15:27:31 - [TEST_STEP][PASSED] - openBrowser(""): Browser is opened with url: ''

2018-12-12 15:27:31 - [MESSAGE][INFO] - Starting 'Chrome' driver

2018-12-12 15:27:31 - [MESSAGE][INFO] - Action delay is set to 0 seconds

2018-12-12 15:27:35 - [MESSAGE][PASSED] - Browser is opened with url: ''

2018-12-12 15:27:35 - [TEST_STEP][PASSED] - navigateToUrl("https://opensource-demo.orangehrmlive.com/"): Navigate to 'https://opensource-demo.orangehrmlive.com/' successfully

2018-12-12 15:27:38 - [MESSAGE][PASSED] - Navigate to 'https://opensource-demo.orangehrmlive.com/' successfully

2018-12-12 15:27:38 - [TEST_STEP][PASSED] - click(findTestObject("Object Repository/Basiclogin/span_Username (1)")): Object: 'Object Repository/Basiclogin/span_Username (1)' is clicked on

2018-12-12 15:27:38 - [MESSAGE][PASSED] - Object: 'Object Repository/Basiclogin/span_Username (1)' is clicked on

2018-12-12 15:27:38 - [TEST_STEP][PASSED] - setText(findTestObject("Object Repository/Basiclogin/input_LOGIN Panel_txtUsername (1)"), Username): Text 'Admin' is set on object 'Object Repository/Basiclogin/input_LOGIN Panel_txtUsername (1)'

2018-12-12 15:27:38 - [MESSAGE][PASSED] - Text 'Admin' is set on object 'Object Repository/Basiclogin/input_LOGIN Panel_txtUsername (1)'

2018-12-12 15:27:38 - [TEST_STEP][PASSED] - setText(findTestObject("Object Repository/Basiclogin/input_Username_txtPassword"), Password): Text 'admin123' is set on object 'Object Repository/Basiclogin/input_Username_txtPassword'

2018-12-12 15:27:39 - [MESSAGE][PASSED] - Text 'admin123' is set on object 'Object Repository/Basiclogin/input_Username_txtPassword'

2018-12-12 15:27:39 - [TEST_STEP][PASSED] - click(findTestObject("Object Repository/Basiclogin/input_Password_Submit (1)")): Object: 'Object Repository/Basiclogin/input_Password_Submit (1)' is clicked on

2018-12-12 15:27:41 - [MESSAGE][PASSED] - Object: 'Object Repository/Basiclogin/input_Password_Submit (1)' is clicked on

2018-12-12 15:27:41 - [TEST_STEP][PASSED] - Text = getText(findTestObject("Object Repository/Basiclogin/span_Assign Leave")): Text of object 'Object Repository/Basiclogin/span_Assign Leave' is: 'Assign Leave'

2018-12-12 15:27:43 - [MESSAGE][PASSED] - Text of object 'Object Repository/Basiclogin/span_Assign Leave' is: 'Assign Leave'

2018-12-12 15:27:43 - [TEST_STEP][FAILED] - verifyEqual(Text, "Assign123", CONTINUE_ON_FAILURE): Unable to verify equal between actual object 'Assign Leave' and expected object 'Assign123' (Root cause: com.kms.katalon.core.exception.StepFailedException: Actual object 'Assign Leave' and expected object 'Assign123' are not equal)

2018-12-12 15:27:43 - [MESSAGE][FAILED] - Unable to verify equal between actual object 'Assign Leave' and expected object 'Assign123' (Root cause: com.kms.katalon.core.exception.StepFailedException: Actual object 'Assign Leave' and expected object 'Assign123' are not equal)

2018-12-12 15:27:43 - [TEST_STEP][PASSED] - nikitas.a.Sample.checkelement(findTestObject("Object Repository/Basiclogin/img")): nikitas.a.Sample.checkelement is PASSED

2018-12-12 15:27:43 - [MESSAGE][PASSED] - Object 'Object Repository/Basiclogin/img' is present

2018-12-12 15:27:43 - [MESSAGE][PASSED] - nikitas.a.Sample.checkelement is PASSED

2018-12-12 15:27:43 - [TEST_STEP][PASSED] - click(findTestObject("Basiclogin/img")): Object: 'Object Repository/Basiclogin/img' is clicked on

2018-12-12 15:27:44 - [MESSAGE][PASSED] - Object: 'Object Repository/Basiclogin/img' is clicked on

2018-12-12 15:27:44 - [TEST_STEP][PASSED] - setText(findTestObject("Object Repository/Basiclogin/input__timeemployeeName"), "abc"): Text 'abc' is set on object 'Object Repository/Basiclogin/input__timeemployeeName'

2018-12-12 15:27:44 - [MESSAGE][PASSED] - Text 'abc' is set on object 'Object Repository/Basiclogin/input__timeemployeeName'

2018-12-12 15:27:44 - [TEST_STEP][PASSED] - click(findTestObject("Object Repository/Basiclogin/input__btnView (1)")): Object: 'Object Repository/Basiclogin/input__btnView (1)' is clicked on

2018-12-12 15:27:44 - [MESSAGE][PASSED] - Object: 'Object Repository/Basiclogin/input__btnView (1)' is clicked on

2018-12-12 15:27:44 - [TEST_STEP][PASSED] - verifyElementPresent(findTestObject("Basiclogin/span_Invalid"), 0): Object 'Object Repository/Basiclogin/span_Invalid' is present

2018-12-12 15:27:44 - [MESSAGE][WARNING] - Timeout '0' is invalid. Using default page load timeout: '30'

2018-12-12 15:27:44 - [MESSAGE][PASSED] - Object 'Object Repository/Basiclogin/span_Invalid' is present

2018-12-12 15:27:44 - [TEST_STEP][FAILED] - closeBrowser(): closeBrowser() FAILED.
Reason:
com.kms.katalon.core.exception.StepFailedException: Unable to verify equal between actual object 'Assign Leave' and expected object 'Assign123' (Root cause: com.kms.katalon.core.exception.StepFailedException: Actual object 'Assign Leave' and expected object 'Assign123' are not equal)
	at com.kms.katalon.core.keyword.internal.KeywordMain.stepFailed(KeywordMain.groovy:32)
	at com.kms.katalon.core.keyword.internal.KeywordMain.stepFailed(KeywordMain.groovy)
	at com.kms.katalon.core.keyword.internal.KeywordMain.runKeyword(KeywordMain.groovy:56)
	at com.kms.katalon.core.keyword.builtin.VerifyEqualKeyword.verifyEqual(VerifyEqualKeyword.groovy:63)
	at com.kms.katalon.core.keyword.builtin.VerifyEqualKeyword.execute(VerifyEqualKeyword.groovy:44)
	at com.kms.katalon.core.keyword.internal.KeywordExecutor.executeKeywordForPlatform(KeywordExecutor.groovy:53)
	at com.kms.katalon.core.keyword.BuiltinKeywords.verifyEqual(BuiltinKeywords.groovy:126)
	at Basiclogin.run(Basiclogin:41)
	at com.kms.katalon.core.main.ScriptEngine.run(ScriptEngine.java:194)
	at com.kms.katalon.core.main.ScriptEngine.runScriptAsRawText(ScriptEngine.java:119)
	at com.kms.katalon.core.main.TestCaseExecutor.runScript(TestCaseExecutor.java:321)
	at com.kms.katalon.core.main.TestCaseExecutor.doExecute(TestCaseExecutor.java:312)
	at com.kms.katalon.core.main.TestCaseExecutor.processExecutionPhase(TestCaseExecutor.java:291)
	at com.kms.katalon.core.main.TestCaseExecutor.accessMainPhase(TestCaseExecutor.java:283)
	at com.kms.katalon.core.main.TestCaseExecutor.execute(TestCaseExecutor.java:222)
	at com.kms.katalon.core.main.TestSuiteExecutor.accessTestCaseMainPhase(TestSuiteExecutor.java:129)
	at com.kms.katalon.core.main.TestSuiteExecutor.accessTestSuiteMainPhase(TestSuiteExecutor.java:112)
	at com.kms.katalon.core.main.TestSuiteExecutor.execute(TestSuiteExecutor.java:81)
	at com.kms.katalon.core.main.TestCaseMain.startTestSuite(TestCaseMain.java:149)
	at com.kms.katalon.core.main.TestCaseMain$startTestSuite$0.call(Unknown Source)
	at TempTestSuite1544608646221.run(TempTestSuite1544608646221.groovy:36)


2018-12-12 15:27:45 - [MESSAGE][PASSED] - Browser is closed

2018-12-12 15:27:45 - [MESSAGE][FAILED] - closeBrowser() FAILED.
Reason:
com.kms.katalon.core.exception.StepFailedException: Unable to verify equal between actual object 'Assign Leave' and expected object 'Assign123' (Root cause: com.kms.katalon.core.exception.StepFailedException: Actual object 'Assign Leave' and expected object 'Assign123' are not equal)
	at com.kms.katalon.core.keyword.internal.KeywordMain.stepFailed(KeywordMain.groovy:32)
	at com.kms.katalon.core.keyword.internal.KeywordMain.stepFailed(KeywordMain.groovy)
	at com.kms.katalon.core.keyword.internal.KeywordMain.runKeyword(KeywordMain.groovy:56)
	at com.kms.katalon.core.keyword.builtin.VerifyEqualKeyword.verifyEqual(VerifyEqualKeyword.groovy:63)
	at com.kms.katalon.core.keyword.builtin.VerifyEqualKeyword.execute(VerifyEqualKeyword.groovy:44)
	at com.kms.katalon.core.keyword.internal.KeywordExecutor.executeKeywordForPlatform(KeywordExecutor.groovy:53)
	at com.kms.katalon.core.keyword.BuiltinKeywords.verifyEqual(BuiltinKeywords.groovy:126)
	at Basiclogin.run(Basiclogin:41)
	at com.kms.katalon.core.main.ScriptEngine.run(ScriptEngine.java:194)
	at com.kms.katalon.core.main.ScriptEngine.runScriptAsRawText(ScriptEngine.java:119)
	at com.kms.katalon.core.main.TestCaseExecutor.runScript(TestCaseExecutor.java:321)
	at com.kms.katalon.core.main.TestCaseExecutor.doExecute(TestCaseExecutor.java:312)
	at com.kms.katalon.core.main.TestCaseExecutor.processExecutionPhase(TestCaseExecutor.java:291)
	at com.kms.katalon.core.main.TestCaseExecutor.accessMainPhase(TestCaseExecutor.java:283)
	at com.kms.katalon.core.main.TestCaseExecutor.execute(TestCaseExecutor.java:222)
	at com.kms.katalon.core.main.TestSuiteExecutor.accessTestCaseMainPhase(TestSuiteExecutor.java:129)
	at com.kms.katalon.core.main.TestSuiteExecutor.accessTestSuiteMainPhase(TestSuiteExecutor.java:112)
	at com.kms.katalon.core.main.TestSuiteExecutor.execute(TestSuiteExecutor.java:81)
	at com.kms.katalon.core.main.TestCaseMain.startTestSuite(TestCaseMain.java:149)
	at com.kms.katalon.core.main.TestCaseMain$startTestSuite$0.call(Unknown Source)
	at TempTestSuite1544608646221.run(TempTestSuite1544608646221.groovy:36)


2018-12-12 15:27:45 - [TEST_STEP][PASSED] - Start listener action : sampleAfterTestCase: null

2018-12-12 15:27:45 - [TEST_STEP][PASSED] - println(testCaseContext.getTestCaseId()): null

2018-12-12 15:27:45 - [TEST_STEP][PASSED] - println(testCaseContext.getTestCaseStatus()): null

2018-12-12 15:27:45 - [TEST_STEP][PASSED] - Start listener action : sampleAfterTestCase: null

2018-12-12 15:27:45 - [TEST_STEP][PASSED] - println(testCaseContext.getTestCaseId()): null

2018-12-12 15:27:45 - [TEST_STEP][PASSED] - println(testCaseContext.getTestCaseStatus()): null]]></system-out>
         <system-err><![CDATA[2018-12-12 15:27:30 - [TEST_CASE][FAILED] - Test Cases/Nikita.A/Basiclogin: Test Cases/Nikita.A/Basiclogin FAILED.
Reason:
com.kms.katalon.core.exception.StepFailedException: Unable to verify equal between actual object 'Assign Leave' and expected object 'Assign123' (Root cause: com.kms.katalon.core.exception.StepFailedException: Actual object 'Assign Leave' and expected object 'Assign123' are not equal)
	at com.kms.katalon.core.keyword.internal.KeywordMain.stepFailed(KeywordMain.groovy:32)
	at com.kms.katalon.core.keyword.internal.KeywordMain.stepFailed(KeywordMain.groovy)
	at com.kms.katalon.core.keyword.internal.KeywordMain.runKeyword(KeywordMain.groovy:56)
	at com.kms.katalon.core.keyword.builtin.VerifyEqualKeyword.verifyEqual(VerifyEqualKeyword.groovy:63)
	at com.kms.katalon.core.keyword.builtin.VerifyEqualKeyword.execute(VerifyEqualKeyword.groovy:44)
	at com.kms.katalon.core.keyword.internal.KeywordExecutor.executeKeywordForPlatform(KeywordExecutor.groovy:53)
	at com.kms.katalon.core.keyword.BuiltinKeywords.verifyEqual(BuiltinKeywords.groovy:126)
	at Basiclogin.run(Basiclogin:41)
	at com.kms.katalon.core.main.ScriptEngine.run(ScriptEngine.java:194)
	at com.kms.katalon.core.main.ScriptEngine.runScriptAsRawText(ScriptEngine.java:119)
	at com.kms.katalon.core.main.TestCaseExecutor.runScript(TestCaseExecutor.java:321)
	at com.kms.katalon.core.main.TestCaseExecutor.doExecute(TestCaseExecutor.java:312)
	at com.kms.katalon.core.main.TestCaseExecutor.processExecutionPhase(TestCaseExecutor.java:291)
	at com.kms.katalon.core.main.TestCaseExecutor.accessMainPhase(TestCaseExecutor.java:283)
	at com.kms.katalon.core.main.TestCaseExecutor.execute(TestCaseExecutor.java:222)
	at com.kms.katalon.core.main.TestSuiteExecutor.accessTestCaseMainPhase(TestSuiteExecutor.java:129)
	at com.kms.katalon.core.main.TestSuiteExecutor.accessTestSuiteMainPhase(TestSuiteExecutor.java:112)
	at com.kms.katalon.core.main.TestSuiteExecutor.execute(TestSuiteExecutor.java:81)
	at com.kms.katalon.core.main.TestCaseMain.startTestSuite(TestCaseMain.java:149)
	at com.kms.katalon.core.main.TestCaseMain$startTestSuite$0.call(Unknown Source)
	at TempTestSuite1544608646221.run(TempTestSuite1544608646221.groovy:36)]]></system-err>
      </testcase>
      <system-out><![CDATA[2018-12-12 15:27:29 - [TEST_SUITE][FAILED] - Basic_login: Test Cases/Nikita.A/Basiclogin FAILED.
Reason:
com.kms.katalon.core.exception.StepFailedException: Unable to verify equal between actual object 'Assign Leave' and expected object 'Assign123' (Root cause: com.kms.katalon.core.exception.StepFailedException: Actual object 'Assign Leave' and expected object 'Assign123' are not equal)
	at com.kms.katalon.core.keyword.internal.KeywordMain.stepFailed(KeywordMain.groovy:32)
	at com.kms.katalon.core.keyword.internal.KeywordMain.stepFailed(KeywordMain.groovy)
	at com.kms.katalon.core.keyword.internal.KeywordMain.runKeyword(KeywordMain.groovy:56)
	at com.kms.katalon.core.keyword.builtin.VerifyEqualKeyword.verifyEqual(VerifyEqualKeyword.groovy:63)
	at com.kms.katalon.core.keyword.builtin.VerifyEqualKeyword.execute(VerifyEqualKeyword.groovy:44)
	at com.kms.katalon.core.keyword.internal.KeywordExecutor.executeKeywordForPlatform(KeywordExecutor.groovy:53)
	at com.kms.katalon.core.keyword.BuiltinKeywords.verifyEqual(BuiltinKeywords.groovy:126)
	at Basiclogin.run(Basiclogin:41)
	at com.kms.katalon.core.main.ScriptEngine.run(ScriptEngine.java:194)
	at com.kms.katalon.core.main.ScriptEngine.runScriptAsRawText(ScriptEngine.java:119)
	at com.kms.katalon.core.main.TestCaseExecutor.runScript(TestCaseExecutor.java:321)
	at com.kms.katalon.core.main.TestCaseExecutor.doExecute(TestCaseExecutor.java:312)
	at com.kms.katalon.core.main.TestCaseExecutor.processExecutionPhase(TestCaseExecutor.java:291)
	at com.kms.katalon.core.main.TestCaseExecutor.accessMainPhase(TestCaseExecutor.java:283)
	at com.kms.katalon.core.main.TestCaseExecutor.execute(TestCaseExecutor.java:222)
	at com.kms.katalon.core.main.TestSuiteExecutor.accessTestCaseMainPhase(TestSuiteExecutor.java:129)
	at com.kms.katalon.core.main.TestSuiteExecutor.accessTestSuiteMainPhase(TestSuiteExecutor.java:112)
	at com.kms.katalon.core.main.TestSuiteExecutor.execute(TestSuiteExecutor.java:81)
	at com.kms.katalon.core.main.TestCaseMain.startTestSuite(TestCaseMain.java:149)
	at com.kms.katalon.core.main.TestCaseMain$startTestSuite$0.call(Unknown Source)
	at TempTestSuite1544608646221.run(TempTestSuite1544608646221.groovy:36)]]></system-out>
      <system-err><![CDATA[2018-12-12 15:27:29 - [TEST_SUITE][FAILED] - Basic_login: Test Cases/Nikita.A/Basiclogin FAILED.
Reason:
com.kms.katalon.core.exception.StepFailedException: Unable to verify equal between actual object 'Assign Leave' and expected object 'Assign123' (Root cause: com.kms.katalon.core.exception.StepFailedException: Actual object 'Assign Leave' and expected object 'Assign123' are not equal)
	at com.kms.katalon.core.keyword.internal.KeywordMain.stepFailed(KeywordMain.groovy:32)
	at com.kms.katalon.core.keyword.internal.KeywordMain.stepFailed(KeywordMain.groovy)
	at com.kms.katalon.core.keyword.internal.KeywordMain.runKeyword(KeywordMain.groovy:56)
	at com.kms.katalon.core.keyword.builtin.VerifyEqualKeyword.verifyEqual(VerifyEqualKeyword.groovy:63)
	at com.kms.katalon.core.keyword.builtin.VerifyEqualKeyword.execute(VerifyEqualKeyword.groovy:44)
	at com.kms.katalon.core.keyword.internal.KeywordExecutor.executeKeywordForPlatform(KeywordExecutor.groovy:53)
	at com.kms.katalon.core.keyword.BuiltinKeywords.verifyEqual(BuiltinKeywords.groovy:126)
	at Basiclogin.run(Basiclogin:41)
	at com.kms.katalon.core.main.ScriptEngine.run(ScriptEngine.java:194)
	at com.kms.katalon.core.main.ScriptEngine.runScriptAsRawText(ScriptEngine.java:119)
	at com.kms.katalon.core.main.TestCaseExecutor.runScript(TestCaseExecutor.java:321)
	at com.kms.katalon.core.main.TestCaseExecutor.doExecute(TestCaseExecutor.java:312)
	at com.kms.katalon.core.main.TestCaseExecutor.processExecutionPhase(TestCaseExecutor.java:291)
	at com.kms.katalon.core.main.TestCaseExecutor.accessMainPhase(TestCaseExecutor.java:283)
	at com.kms.katalon.core.main.TestCaseExecutor.execute(TestCaseExecutor.java:222)
	at com.kms.katalon.core.main.TestSuiteExecutor.accessTestCaseMainPhase(TestSuiteExecutor.java:129)
	at com.kms.katalon.core.main.TestSuiteExecutor.accessTestSuiteMainPhase(TestSuiteExecutor.java:112)
	at com.kms.katalon.core.main.TestSuiteExecutor.execute(TestSuiteExecutor.java:81)
	at com.kms.katalon.core.main.TestCaseMain.startTestSuite(TestCaseMain.java:149)
	at com.kms.katalon.core.main.TestCaseMain$startTestSuite$0.call(Unknown Source)
	at TempTestSuite1544608646221.run(TempTestSuite1544608646221.groovy:36)]]></system-err>
   </testsuite>
</testsuites>
