<?xml version="1.0" encoding="UTF-8"?>
<testsuites name="alerts_and_popup" time="230" tests="1" failures="1" errors="0">
   <testsuite name="alerts_and_popup" tests="1" failures="1" errors="0" time="230" timestamp="2018-12-18 11:56:28" hostname="C5281054 - INLN56580283A.apj.global.corp.sap" id="Test Suites/Shrutika/alerts_and_popup">
      <properties>
         <property name="deviceName" value=""/>
         <property name="devicePlatform" value=""/>
         <property name="logFolder" value="C:\\Users\\c5281054\\git\\KatalonDemo\\Reports\\Shrutika\\alerts_and_popup\\20181218_115606"/>
         <property name="logFiles" value="C:\\Users\\c5281054\\git\\KatalonDemo\\Reports\\Shrutika\\alerts_and_popup\\20181218_115606\\execution0.log"/>
         <property name="attachments" value="C:\\Users\\c5281054\\git\\KatalonDemo\\Reports\\Shrutika\\alerts_and_popup\\20181218_115606\\1545114472798.png, C:\\Users\\c5281054\\git\\KatalonDemo\\Reports\\Shrutika\\alerts_and_popup\\20181218_115606\\1545114503914.png, C:\\Users\\c5281054\\git\\KatalonDemo\\Reports\\Shrutika\\alerts_and_popup\\20181218_115606\\1545114542080.png, C:\\Users\\c5281054\\git\\KatalonDemo\\Reports\\Shrutika\\alerts_and_popup\\20181218_115606\\1545114578119.png"/>
         <property name="hostName" value="C5281054 - INLN56580283A.apj.global.corp.sap"/>
         <property name="os" value="Windows 10 64bit"/>
         <property name="katalonVersion" value="5.9.1.2"/>
         <property name="browser" value="Chrome 71.0.3578.98"/>
         <property name="hostAddress" value="192.168.242.1"/>
         <property name="sessionId" value="e6250d665d57b6b931fd32436f7f84fb"/>
         <property name="seleniumVersion" value="3.7.1"/>
         <property name="proxyInformation" value="ProxyInformation{proxyOption=NO_PROXY, proxyServerType=HTTP, password=, proxyServerAddress=, proxyServerPort=0}"/>
         <property name="platform" value="Windows 10"/>
      </properties>
      <testcase name="Test Cases/Shrutika/PopUp/AlertPopUp Test Case" classname="Test Cases/Shrutika/PopUp/AlertPopUp Test Case" status="FAILED">
         <failure type="FAILED" message="Test Cases/Shrutika/PopUp/AlertPopUp Test Case FAILED.
Reason:
com.kms.katalon.core.exception.StepFailedException: Unable to scroll to object 'Object Repository/Shrutika/Page_TOOLSQA  Free QA Automation To/Simple Alert Pop up text' (Root cause: com.kms.katalon.core.webui.exception.WebElementNotFoundException: Web element with id: 'Object Repository/Shrutika/Page_TOOLSQA  Free QA Automation To/Simple Alert Pop up text' located by 'By.xpath: //*[text()=&quot;Simple Alert Pop up&quot;]' not found)
	at com.kms.katalon.core.keyword.internal.KeywordMain.stepFailed(KeywordMain.groovy:32)
	at com.kms.katalon.core.webui.keyword.internal.WebUIKeywordMain.stepFailed(WebUIKeywordMain.groovy:65)
	at com.kms.katalon.core.webui.keyword.internal.WebUIKeywordMain.runKeyword(WebUIKeywordMain.groovy:27)
	at com.kms.katalon.core.webui.keyword.builtin.ScrollToElementKeyword.scrollToElement(ScrollToElementKeyword.groovy:88)
	at com.kms.katalon.core.webui.keyword.builtin.ScrollToElementKeyword.execute(ScrollToElementKeyword.groovy:68)
	at com.kms.katalon.core.keyword.internal.KeywordExecutor.executeKeywordForPlatform(KeywordExecutor.groovy:53)
	at com.kms.katalon.core.webui.keyword.WebUiBuiltInKeywords.scrollToElement(WebUiBuiltInKeywords.groovy:2975)
	at com.kms.katalon.core.webui.keyword.WebUiBuiltInKeywords$scrollToElement$1.call(Unknown Source)
	at AlertPopUp Test Case.run(AlertPopUp Test Case:19)
	at com.kms.katalon.core.main.ScriptEngine.run(ScriptEngine.java:194)
	at com.kms.katalon.core.main.ScriptEngine.runScriptAsRawText(ScriptEngine.java:119)
	at com.kms.katalon.core.main.TestCaseExecutor.runScript(TestCaseExecutor.java:321)
	at com.kms.katalon.core.main.TestCaseExecutor.doExecute(TestCaseExecutor.java:312)
	at com.kms.katalon.core.main.TestCaseExecutor.processExecutionPhase(TestCaseExecutor.java:291)
	at com.kms.katalon.core.main.TestCaseExecutor.accessMainPhase(TestCaseExecutor.java:283)
	at com.kms.katalon.core.main.TestCaseExecutor.execute(TestCaseExecutor.java:222)
	at com.kms.katalon.core.main.TestSuiteExecutor.accessTestCaseMainPhase(TestSuiteExecutor.java:129)
	at com.kms.katalon.core.main.TestSuiteExecutor.accessTestSuiteMainPhase(TestSuiteExecutor.java:112)
	at com.kms.katalon.core.main.TestSuiteExecutor.execute(TestSuiteExecutor.java:81)
	at com.kms.katalon.core.main.TestCaseMain.startTestSuite(TestCaseMain.java:149)
	at com.kms.katalon.core.main.TestCaseMain$startTestSuite$0.call(Unknown Source)
	at TempTestSuite1545114366314.run(TempTestSuite1545114366314.groovy:36)
"/>
         <system-out><![CDATA[2018-12-18 11:56:35 - [TEST_CASE][FAILED] - Test Cases/Shrutika/PopUp/AlertPopUp Test Case: Test Cases/Shrutika/PopUp/AlertPopUp Test Case FAILED.
Reason:
com.kms.katalon.core.exception.StepFailedException: Unable to scroll to object 'Object Repository/Shrutika/Page_TOOLSQA  Free QA Automation To/Simple Alert Pop up text' (Root cause: com.kms.katalon.core.webui.exception.WebElementNotFoundException: Web element with id: 'Object Repository/Shrutika/Page_TOOLSQA  Free QA Automation To/Simple Alert Pop up text' located by 'By.xpath: //*[text()="Simple Alert Pop up"]' not found)
	at com.kms.katalon.core.keyword.internal.KeywordMain.stepFailed(KeywordMain.groovy:32)
	at com.kms.katalon.core.webui.keyword.internal.WebUIKeywordMain.stepFailed(WebUIKeywordMain.groovy:65)
	at com.kms.katalon.core.webui.keyword.internal.WebUIKeywordMain.runKeyword(WebUIKeywordMain.groovy:27)
	at com.kms.katalon.core.webui.keyword.builtin.ScrollToElementKeyword.scrollToElement(ScrollToElementKeyword.groovy:88)
	at com.kms.katalon.core.webui.keyword.builtin.ScrollToElementKeyword.execute(ScrollToElementKeyword.groovy:68)
	at com.kms.katalon.core.keyword.internal.KeywordExecutor.executeKeywordForPlatform(KeywordExecutor.groovy:53)
	at com.kms.katalon.core.webui.keyword.WebUiBuiltInKeywords.scrollToElement(WebUiBuiltInKeywords.groovy:2975)
	at com.kms.katalon.core.webui.keyword.WebUiBuiltInKeywords$scrollToElement$1.call(Unknown Source)
	at AlertPopUp Test Case.run(AlertPopUp Test Case:19)
	at com.kms.katalon.core.main.ScriptEngine.run(ScriptEngine.java:194)
	at com.kms.katalon.core.main.ScriptEngine.runScriptAsRawText(ScriptEngine.java:119)
	at com.kms.katalon.core.main.TestCaseExecutor.runScript(TestCaseExecutor.java:321)
	at com.kms.katalon.core.main.TestCaseExecutor.doExecute(TestCaseExecutor.java:312)
	at com.kms.katalon.core.main.TestCaseExecutor.processExecutionPhase(TestCaseExecutor.java:291)
	at com.kms.katalon.core.main.TestCaseExecutor.accessMainPhase(TestCaseExecutor.java:283)
	at com.kms.katalon.core.main.TestCaseExecutor.execute(TestCaseExecutor.java:222)
	at com.kms.katalon.core.main.TestSuiteExecutor.accessTestCaseMainPhase(TestSuiteExecutor.java:129)
	at com.kms.katalon.core.main.TestSuiteExecutor.accessTestSuiteMainPhase(TestSuiteExecutor.java:112)
	at com.kms.katalon.core.main.TestSuiteExecutor.execute(TestSuiteExecutor.java:81)
	at com.kms.katalon.core.main.TestCaseMain.startTestSuite(TestCaseMain.java:149)
	at com.kms.katalon.core.main.TestCaseMain$startTestSuite$0.call(Unknown Source)
	at TempTestSuite1545114366314.run(TempTestSuite1545114366314.groovy:36)


2018-12-18 11:56:35 - [TEST_STEP][PASSED] - Start listener action : sampleBeforeTestCase: null

2018-12-18 11:56:35 - [TEST_STEP][PASSED] - println(testCaseContext.getTestCaseId()): null

2018-12-18 11:56:35 - [TEST_STEP][PASSED] - println(testCaseContext.getTestCaseVariables()): null

2018-12-18 11:56:35 - [TEST_STEP][PASSED] - println(testCaseContext.getMessage()): null

2018-12-18 11:56:35 - [TEST_STEP][PASSED] - Start listener action : sampleBeforeTestCase: null

2018-12-18 11:56:35 - [TEST_STEP][PASSED] - println(testCaseContext.getTestCaseId()): null

2018-12-18 11:56:35 - [TEST_STEP][PASSED] - println(testCaseContext.getTestCaseVariables()): null

2018-12-18 11:56:37 - [TEST_STEP][PASSED] - openBrowser("http://toolsqa.com/handling-alerts-using-selenium-webdriver/"): Browser is opened with url: 'http://toolsqa.com/handling-alerts-using-selenium-webdriver/'

2018-12-18 11:56:39 - [MESSAGE][INFO] - Starting 'Chrome (headless)' driver

2018-12-18 11:56:40 - [MESSAGE][INFO] - Action delay is set to 0 seconds

2018-12-18 11:57:16 - [MESSAGE][PASSED] - Browser is opened with url: 'http://toolsqa.com/handling-alerts-using-selenium-webdriver/'

2018-12-18 11:57:16 - [TEST_STEP][PASSED] - maximizeWindow(): Current window maximized

2018-12-18 11:57:17 - [MESSAGE][PASSED] - Current window maximized

2018-12-18 11:57:17 - [TEST_STEP][PASSED] - delay(1): Delayed 1 second(s)

2018-12-18 11:57:18 - [MESSAGE][PASSED] - Delayed 1 second(s)

2018-12-18 11:57:18 - [TEST_STEP][FAILED] - scrollToElement(findTestObject("Shrutika/Page_TOOLSQA  Free QA Automation To/Simple Alert Pop up text"), 2): Unable to scroll to object 'Object Repository/Shrutika/Page_TOOLSQA  Free QA Automation To/Simple Alert Pop up text' (Root cause: com.kms.katalon.core.webui.exception.WebElementNotFoundException: Web element with id: 'Object Repository/Shrutika/Page_TOOLSQA  Free QA Automation To/Simple Alert Pop up text' located by 'By.xpath: //*[text()="Simple Alert Pop up"]' not found)

2018-12-18 11:57:52 - [MESSAGE][INFO] - Unable to find the element located by 'By.xpath: //*[text()="Simple Alert Pop up"]'. Please recheck the objects properties to make sure the desired element is located. 

2018-12-18 11:57:53 - [MESSAGE][FAILED] - Unable to scroll to object 'Object Repository/Shrutika/Page_TOOLSQA  Free QA Automation To/Simple Alert Pop up text' (Root cause: com.kms.katalon.core.webui.exception.WebElementNotFoundException: Web element with id: 'Object Repository/Shrutika/Page_TOOLSQA  Free QA Automation To/Simple Alert Pop up text' located by 'By.xpath: //*[text()="Simple Alert Pop up"]' not found)
[[ATTACHMENT|C:\\Users\\c5281054\\git\\KatalonDemo\\Reports\\Shrutika\\alerts_and_popup\\20181218_115606\\1545114472798.png]]

2018-12-18 11:57:53 - [TEST_STEP][FAILED] - click(findTestObject("Shrutika/Page_TOOLSQA  Free QA Automation To/button_Simple Alert")): Unable to click on object 'Object Repository/Shrutika/Page_TOOLSQA  Free QA Automation To/button_Simple Alert' (Root cause: com.kms.katalon.core.webui.exception.WebElementNotFoundException: Web element with id: 'Object Repository/Shrutika/Page_TOOLSQA  Free QA Automation To/button_Simple Alert' located by 'By.xpath: //button[text()="Simple Alert"]' not found)

2018-12-18 11:58:23 - [MESSAGE][INFO] - Unable to find the element located by 'By.xpath: //button[text()="Simple Alert"]'. Please recheck the objects properties to make sure the desired element is located. 

2018-12-18 11:58:24 - [MESSAGE][FAILED] - Unable to click on object 'Object Repository/Shrutika/Page_TOOLSQA  Free QA Automation To/button_Simple Alert' (Root cause: com.kms.katalon.core.webui.exception.WebElementNotFoundException: Web element with id: 'Object Repository/Shrutika/Page_TOOLSQA  Free QA Automation To/button_Simple Alert' located by 'By.xpath: //button[text()="Simple Alert"]' not found)
[[ATTACHMENT|C:\\Users\\c5281054\\git\\KatalonDemo\\Reports\\Shrutika\\alerts_and_popup\\20181218_115606\\1545114503914.png]]

2018-12-18 11:58:24 - [TEST_STEP][PASSED] - delay(1): Delayed 1 second(s)

2018-12-18 11:58:25 - [MESSAGE][PASSED] - Delayed 1 second(s)

2018-12-18 11:58:25 - [TEST_STEP][PASSED] - if (waitForAlert(5)): No alert found after 5 second(s).

2018-12-18 11:58:30 - [MESSAGE][WARNING] - No alert found after 5 second(s).

2018-12-18 11:58:30 - [TEST_STEP][PASSED] - delay(1): Delayed 1 second(s)

2018-12-18 11:58:31 - [MESSAGE][PASSED] - Delayed 1 second(s)

2018-12-18 11:58:31 - [TEST_STEP][PASSED] - switchToDefaultContent(): null

2018-12-18 11:58:31 - [TEST_STEP][FAILED] - click(findTestObject("Shrutika/Page_TOOLSQA  Free QA Automation To/button_Confirm Pop up")): Unable to click on object 'Object Repository/Shrutika/Page_TOOLSQA  Free QA Automation To/button_Confirm Pop up' (Root cause: com.kms.katalon.core.webui.exception.WebElementNotFoundException: Web element with id: 'Object Repository/Shrutika/Page_TOOLSQA  Free QA Automation To/button_Confirm Pop up' located by 'By.xpath: //button[(text() = 'Confirm Pop up' or . = 'Confirm Pop up')]' not found)

2018-12-18 11:59:02 - [MESSAGE][INFO] - Unable to find the element located by 'By.xpath: //button[(text() = 'Confirm Pop up' or . = 'Confirm Pop up')]'. Please recheck the objects properties to make sure the desired element is located. 

2018-12-18 11:59:02 - [MESSAGE][FAILED] - Unable to click on object 'Object Repository/Shrutika/Page_TOOLSQA  Free QA Automation To/button_Confirm Pop up' (Root cause: com.kms.katalon.core.webui.exception.WebElementNotFoundException: Web element with id: 'Object Repository/Shrutika/Page_TOOLSQA  Free QA Automation To/button_Confirm Pop up' located by 'By.xpath: //button[(text() = 'Confirm Pop up' or . = 'Confirm Pop up')]' not found)
[[ATTACHMENT|C:\\Users\\c5281054\\git\\KatalonDemo\\Reports\\Shrutika\\alerts_and_popup\\20181218_115606\\1545114542080.png]]

2018-12-18 11:59:02 - [TEST_STEP][PASSED] - delay(1): Delayed 1 second(s)

2018-12-18 11:59:03 - [MESSAGE][PASSED] - Delayed 1 second(s)

2018-12-18 11:59:03 - [TEST_STEP][PASSED] - if (waitForAlert(2)): No alert found after 2 second(s).

2018-12-18 11:59:05 - [MESSAGE][WARNING] - No alert found after 2 second(s).

2018-12-18 11:59:05 - [TEST_STEP][PASSED] - delay(2): Delayed 2 second(s)

2018-12-18 11:59:07 - [MESSAGE][PASSED] - Delayed 2 second(s)

2018-12-18 11:59:07 - [TEST_STEP][PASSED] - switchToDefaultContent(): null

2018-12-18 11:59:07 - [TEST_STEP][FAILED] - click(findTestObject("Shrutika/Page_TOOLSQA  Free QA Automation To/button_Prompt Pop up")): Unable to click on object 'Object Repository/Shrutika/Page_TOOLSQA  Free QA Automation To/button_Prompt Pop up' (Root cause: com.kms.katalon.core.webui.exception.WebElementNotFoundException: Web element with id: 'Object Repository/Shrutika/Page_TOOLSQA  Free QA Automation To/button_Prompt Pop up' located by 'By.xpath: //button[(text() = 'Prompt Pop up' or . = 'Prompt Pop up')]' not found)

2018-12-18 11:59:38 - [MESSAGE][INFO] - Unable to find the element located by 'By.xpath: //button[(text() = 'Prompt Pop up' or . = 'Prompt Pop up')]'. Please recheck the objects properties to make sure the desired element is located. 

2018-12-18 11:59:38 - [MESSAGE][FAILED] - Unable to click on object 'Object Repository/Shrutika/Page_TOOLSQA  Free QA Automation To/button_Prompt Pop up' (Root cause: com.kms.katalon.core.webui.exception.WebElementNotFoundException: Web element with id: 'Object Repository/Shrutika/Page_TOOLSQA  Free QA Automation To/button_Prompt Pop up' located by 'By.xpath: //button[(text() = 'Prompt Pop up' or . = 'Prompt Pop up')]' not found)
[[ATTACHMENT|C:\\Users\\c5281054\\git\\KatalonDemo\\Reports\\Shrutika\\alerts_and_popup\\20181218_115606\\1545114578119.png]]

2018-12-18 11:59:38 - [TEST_STEP][PASSED] - delay(2): Delayed 2 second(s)

2018-12-18 11:59:40 - [MESSAGE][PASSED] - Delayed 2 second(s)

2018-12-18 11:59:40 - [TEST_STEP][PASSED] - if (waitForAlert(5)): No alert found after 5 second(s).

2018-12-18 11:59:45 - [MESSAGE][WARNING] - No alert found after 5 second(s).

2018-12-18 11:59:45 - [TEST_STEP][PASSED] - switchToDefaultContent(): null

2018-12-18 11:59:45 - [TEST_STEP][FAILED] - closeBrowser(): closeBrowser() FAILED.
Reason:
com.kms.katalon.core.exception.StepFailedException: Unable to scroll to object 'Object Repository/Shrutika/Page_TOOLSQA  Free QA Automation To/Simple Alert Pop up text' (Root cause: com.kms.katalon.core.webui.exception.WebElementNotFoundException: Web element with id: 'Object Repository/Shrutika/Page_TOOLSQA  Free QA Automation To/Simple Alert Pop up text' located by 'By.xpath: //*[text()="Simple Alert Pop up"]' not found)
	at com.kms.katalon.core.keyword.internal.KeywordMain.stepFailed(KeywordMain.groovy:32)
	at com.kms.katalon.core.webui.keyword.internal.WebUIKeywordMain.stepFailed(WebUIKeywordMain.groovy:65)
	at com.kms.katalon.core.webui.keyword.internal.WebUIKeywordMain.runKeyword(WebUIKeywordMain.groovy:27)
	at com.kms.katalon.core.webui.keyword.builtin.ScrollToElementKeyword.scrollToElement(ScrollToElementKeyword.groovy:88)
	at com.kms.katalon.core.webui.keyword.builtin.ScrollToElementKeyword.execute(ScrollToElementKeyword.groovy:68)
	at com.kms.katalon.core.keyword.internal.KeywordExecutor.executeKeywordForPlatform(KeywordExecutor.groovy:53)
	at com.kms.katalon.core.webui.keyword.WebUiBuiltInKeywords.scrollToElement(WebUiBuiltInKeywords.groovy:2975)
	at com.kms.katalon.core.webui.keyword.WebUiBuiltInKeywords$scrollToElement$1.call(Unknown Source)
	at AlertPopUp Test Case.run(AlertPopUp Test Case:19)
	at com.kms.katalon.core.main.ScriptEngine.run(ScriptEngine.java:194)
	at com.kms.katalon.core.main.ScriptEngine.runScriptAsRawText(ScriptEngine.java:119)
	at com.kms.katalon.core.main.TestCaseExecutor.runScript(TestCaseExecutor.java:321)
	at com.kms.katalon.core.main.TestCaseExecutor.doExecute(TestCaseExecutor.java:312)
	at com.kms.katalon.core.main.TestCaseExecutor.processExecutionPhase(TestCaseExecutor.java:291)
	at com.kms.katalon.core.main.TestCaseExecutor.accessMainPhase(TestCaseExecutor.java:283)
	at com.kms.katalon.core.main.TestCaseExecutor.execute(TestCaseExecutor.java:222)
	at com.kms.katalon.core.main.TestSuiteExecutor.accessTestCaseMainPhase(TestSuiteExecutor.java:129)
	at com.kms.katalon.core.main.TestSuiteExecutor.accessTestSuiteMainPhase(TestSuiteExecutor.java:112)
	at com.kms.katalon.core.main.TestSuiteExecutor.execute(TestSuiteExecutor.java:81)
	at com.kms.katalon.core.main.TestCaseMain.startTestSuite(TestCaseMain.java:149)
	at com.kms.katalon.core.main.TestCaseMain$startTestSuite$0.call(Unknown Source)
	at TempTestSuite1545114366314.run(TempTestSuite1545114366314.groovy:36)


2018-12-18 11:59:46 - [MESSAGE][PASSED] - Browser is closed

2018-12-18 11:59:46 - [MESSAGE][FAILED] - closeBrowser() FAILED.
Reason:
com.kms.katalon.core.exception.StepFailedException: Unable to scroll to object 'Object Repository/Shrutika/Page_TOOLSQA  Free QA Automation To/Simple Alert Pop up text' (Root cause: com.kms.katalon.core.webui.exception.WebElementNotFoundException: Web element with id: 'Object Repository/Shrutika/Page_TOOLSQA  Free QA Automation To/Simple Alert Pop up text' located by 'By.xpath: //*[text()="Simple Alert Pop up"]' not found)
	at com.kms.katalon.core.keyword.internal.KeywordMain.stepFailed(KeywordMain.groovy:32)
	at com.kms.katalon.core.webui.keyword.internal.WebUIKeywordMain.stepFailed(WebUIKeywordMain.groovy:65)
	at com.kms.katalon.core.webui.keyword.internal.WebUIKeywordMain.runKeyword(WebUIKeywordMain.groovy:27)
	at com.kms.katalon.core.webui.keyword.builtin.ScrollToElementKeyword.scrollToElement(ScrollToElementKeyword.groovy:88)
	at com.kms.katalon.core.webui.keyword.builtin.ScrollToElementKeyword.execute(ScrollToElementKeyword.groovy:68)
	at com.kms.katalon.core.keyword.internal.KeywordExecutor.executeKeywordForPlatform(KeywordExecutor.groovy:53)
	at com.kms.katalon.core.webui.keyword.WebUiBuiltInKeywords.scrollToElement(WebUiBuiltInKeywords.groovy:2975)
	at com.kms.katalon.core.webui.keyword.WebUiBuiltInKeywords$scrollToElement$1.call(Unknown Source)
	at AlertPopUp Test Case.run(AlertPopUp Test Case:19)
	at com.kms.katalon.core.main.ScriptEngine.run(ScriptEngine.java:194)
	at com.kms.katalon.core.main.ScriptEngine.runScriptAsRawText(ScriptEngine.java:119)
	at com.kms.katalon.core.main.TestCaseExecutor.runScript(TestCaseExecutor.java:321)
	at com.kms.katalon.core.main.TestCaseExecutor.doExecute(TestCaseExecutor.java:312)
	at com.kms.katalon.core.main.TestCaseExecutor.processExecutionPhase(TestCaseExecutor.java:291)
	at com.kms.katalon.core.main.TestCaseExecutor.accessMainPhase(TestCaseExecutor.java:283)
	at com.kms.katalon.core.main.TestCaseExecutor.execute(TestCaseExecutor.java:222)
	at com.kms.katalon.core.main.TestSuiteExecutor.accessTestCaseMainPhase(TestSuiteExecutor.java:129)
	at com.kms.katalon.core.main.TestSuiteExecutor.accessTestSuiteMainPhase(TestSuiteExecutor.java:112)
	at com.kms.katalon.core.main.TestSuiteExecutor.execute(TestSuiteExecutor.java:81)
	at com.kms.katalon.core.main.TestCaseMain.startTestSuite(TestCaseMain.java:149)
	at com.kms.katalon.core.main.TestCaseMain$startTestSuite$0.call(Unknown Source)
	at TempTestSuite1545114366314.run(TempTestSuite1545114366314.groovy:36)


2018-12-18 11:59:46 - [TEST_STEP][PASSED] - Start listener action : sampleAfterTestCase: null

2018-12-18 11:59:46 - [TEST_STEP][PASSED] - println(testCaseContext.getTestCaseId()): null

2018-12-18 11:59:46 - [TEST_STEP][PASSED] - println(testCaseContext.getTestCaseStatus()): null

2018-12-18 11:59:46 - [TEST_STEP][PASSED] - println(testCaseContext.getMessage()): null

2018-12-18 11:59:46 - [TEST_STEP][PASSED] - Start listener action : sampleAfterTestCase: null

2018-12-18 11:59:46 - [TEST_STEP][PASSED] - println(testCaseContext.getTestCaseId()): null

2018-12-18 11:59:46 - [TEST_STEP][PASSED] - println(testCaseContext.getTestCaseStatus()): null]]></system-out>
         <system-err><![CDATA[2018-12-18 11:56:35 - [TEST_CASE][FAILED] - Test Cases/Shrutika/PopUp/AlertPopUp Test Case: Test Cases/Shrutika/PopUp/AlertPopUp Test Case FAILED.
Reason:
com.kms.katalon.core.exception.StepFailedException: Unable to scroll to object 'Object Repository/Shrutika/Page_TOOLSQA  Free QA Automation To/Simple Alert Pop up text' (Root cause: com.kms.katalon.core.webui.exception.WebElementNotFoundException: Web element with id: 'Object Repository/Shrutika/Page_TOOLSQA  Free QA Automation To/Simple Alert Pop up text' located by 'By.xpath: //*[text()="Simple Alert Pop up"]' not found)
	at com.kms.katalon.core.keyword.internal.KeywordMain.stepFailed(KeywordMain.groovy:32)
	at com.kms.katalon.core.webui.keyword.internal.WebUIKeywordMain.stepFailed(WebUIKeywordMain.groovy:65)
	at com.kms.katalon.core.webui.keyword.internal.WebUIKeywordMain.runKeyword(WebUIKeywordMain.groovy:27)
	at com.kms.katalon.core.webui.keyword.builtin.ScrollToElementKeyword.scrollToElement(ScrollToElementKeyword.groovy:88)
	at com.kms.katalon.core.webui.keyword.builtin.ScrollToElementKeyword.execute(ScrollToElementKeyword.groovy:68)
	at com.kms.katalon.core.keyword.internal.KeywordExecutor.executeKeywordForPlatform(KeywordExecutor.groovy:53)
	at com.kms.katalon.core.webui.keyword.WebUiBuiltInKeywords.scrollToElement(WebUiBuiltInKeywords.groovy:2975)
	at com.kms.katalon.core.webui.keyword.WebUiBuiltInKeywords$scrollToElement$1.call(Unknown Source)
	at AlertPopUp Test Case.run(AlertPopUp Test Case:19)
	at com.kms.katalon.core.main.ScriptEngine.run(ScriptEngine.java:194)
	at com.kms.katalon.core.main.ScriptEngine.runScriptAsRawText(ScriptEngine.java:119)
	at com.kms.katalon.core.main.TestCaseExecutor.runScript(TestCaseExecutor.java:321)
	at com.kms.katalon.core.main.TestCaseExecutor.doExecute(TestCaseExecutor.java:312)
	at com.kms.katalon.core.main.TestCaseExecutor.processExecutionPhase(TestCaseExecutor.java:291)
	at com.kms.katalon.core.main.TestCaseExecutor.accessMainPhase(TestCaseExecutor.java:283)
	at com.kms.katalon.core.main.TestCaseExecutor.execute(TestCaseExecutor.java:222)
	at com.kms.katalon.core.main.TestSuiteExecutor.accessTestCaseMainPhase(TestSuiteExecutor.java:129)
	at com.kms.katalon.core.main.TestSuiteExecutor.accessTestSuiteMainPhase(TestSuiteExecutor.java:112)
	at com.kms.katalon.core.main.TestSuiteExecutor.execute(TestSuiteExecutor.java:81)
	at com.kms.katalon.core.main.TestCaseMain.startTestSuite(TestCaseMain.java:149)
	at com.kms.katalon.core.main.TestCaseMain$startTestSuite$0.call(Unknown Source)
	at TempTestSuite1545114366314.run(TempTestSuite1545114366314.groovy:36)]]></system-err>
      </testcase>
      <testcase name="Test Cases/Shrutika/PopUp/AlertWindowPopUp Test Case" classname="Test Cases/Shrutika/PopUp/AlertWindowPopUp Test Case" status="PASSED">
         <system-out><![CDATA[2018-12-18 11:59:46 - [TEST_CASE][PASSED] - Test Cases/Shrutika/PopUp/AlertWindowPopUp Test Case: Test Cases/Shrutika/PopUp/AlertWindowPopUp Test Case

2018-12-18 11:59:46 - [TEST_STEP][PASSED] - Start listener action : sampleBeforeTestCase: null

2018-12-18 11:59:46 - [TEST_STEP][PASSED] - println(testCaseContext.getTestCaseId()): null

2018-12-18 11:59:46 - [TEST_STEP][PASSED] - println(testCaseContext.getTestCaseVariables()): null

2018-12-18 11:59:46 - [TEST_STEP][PASSED] - println(testCaseContext.getMessage()): null

2018-12-18 11:59:46 - [TEST_STEP][PASSED] - Start listener action : sampleBeforeTestCase: null

2018-12-18 11:59:46 - [TEST_STEP][PASSED] - println(testCaseContext.getTestCaseId()): null

2018-12-18 11:59:46 - [TEST_STEP][PASSED] - println(testCaseContext.getTestCaseVariables()): null

2018-12-18 11:59:46 - [TEST_STEP][PASSED] - openBrowser("https://www.elated.com/articles/javascript-tabs/"): Browser is opened with url: 'https://www.elated.com/articles/javascript-tabs/'

2018-12-18 11:59:46 - [MESSAGE][INFO] - Starting 'Chrome (headless)' driver

2018-12-18 12:00:15 - [MESSAGE][PASSED] - Browser is opened with url: 'https://www.elated.com/articles/javascript-tabs/'

2018-12-18 12:00:15 - [TEST_STEP][PASSED] - maximizeWindow(): Current window maximized

2018-12-18 12:00:16 - [MESSAGE][PASSED] - Current window maximized

2018-12-18 12:00:16 - [TEST_STEP][PASSED] - switchToFrame(findTestObject("Object Repository/Shrutika/Page_JavaScript Tabs - Create Tabbe/iframe_The Document Object Mod"), 2): null

2018-12-18 12:00:16 - [TEST_STEP][PASSED] - click(findTestObject("Object Repository/Shrutika/Page_JavaScript Tabs - Create Tabbe/div_id(katalon-spy_elementInfo")): Object: 'Object Repository/Shrutika/Page_JavaScript Tabs - Create Tabbe/div_id(katalon-spy_elementInfo' is clicked on

2018-12-18 12:00:16 - [MESSAGE][PASSED] - Object: 'Object Repository/Shrutika/Page_JavaScript Tabs - Create Tabbe/div_id(katalon-spy_elementInfo' is clicked on

2018-12-18 12:00:16 - [TEST_STEP][PASSED] - switchToWindowTitle("Share a link on Twitter"): Switched to window with title: 'Share a link on Twitter'

2018-12-18 12:00:17 - [MESSAGE][PASSED] - Switched to window with title: 'Share a link on Twitter'

2018-12-18 12:00:17 - [TEST_STEP][PASSED] - setText(findTestObject("Object Repository/Shrutika/Page_Share a link on Twitter/input_Phone email or username_"), "Abc"): Text 'Abc' is set on object 'Object Repository/Shrutika/Page_Share a link on Twitter/input_Phone email or username_'

2018-12-18 12:00:17 - [MESSAGE][PASSED] - Text 'Abc' is set on object 'Object Repository/Shrutika/Page_Share a link on Twitter/input_Phone email or username_'

2018-12-18 12:00:17 - [TEST_STEP][PASSED] - setText(findTestObject("Object Repository/Shrutika/Page_Share a link on Twitter/input_Password_sessionpassword"), "Password"): Text 'Password' is set on object 'Object Repository/Shrutika/Page_Share a link on Twitter/input_Password_sessionpassword'

2018-12-18 12:00:17 - [MESSAGE][PASSED] - Text 'Password' is set on object 'Object Repository/Shrutika/Page_Share a link on Twitter/input_Password_sessionpassword'

2018-12-18 12:00:17 - [TEST_STEP][PASSED] - verifyTextPresent("Share a link with your followers", false): Text 'Share a link with your followers' is present on page 

2018-12-18 12:00:17 - [MESSAGE][PASSED] - Text 'Share a link with your followers' is present on page 

2018-12-18 12:00:17 - [TEST_STEP][PASSED] - closeBrowser(): Browser is closed

2018-12-18 12:00:18 - [MESSAGE][PASSED] - Browser is closed

2018-12-18 12:00:18 - [TEST_STEP][PASSED] - Start listener action : sampleAfterTestCase: null

2018-12-18 12:00:18 - [TEST_STEP][PASSED] - println(testCaseContext.getTestCaseId()): null

2018-12-18 12:00:18 - [TEST_STEP][PASSED] - println(testCaseContext.getTestCaseStatus()): null

2018-12-18 12:00:18 - [TEST_STEP][PASSED] - println(testCaseContext.getMessage()): null

2018-12-18 12:00:18 - [TEST_STEP][PASSED] - Start listener action : sampleAfterTestCase: null

2018-12-18 12:00:18 - [TEST_STEP][PASSED] - println(testCaseContext.getTestCaseId()): null

2018-12-18 12:00:18 - [TEST_STEP][PASSED] - println(testCaseContext.getTestCaseStatus()): null]]></system-out>
         <system-err><![CDATA[]]></system-err>
      </testcase>
      <system-out><![CDATA[2018-12-18 11:56:28 - [TEST_SUITE][FAILED] - alerts_and_popup: Test Cases/Shrutika/PopUp/AlertPopUp Test Case FAILED.
Reason:
com.kms.katalon.core.exception.StepFailedException: Unable to scroll to object 'Object Repository/Shrutika/Page_TOOLSQA  Free QA Automation To/Simple Alert Pop up text' (Root cause: com.kms.katalon.core.webui.exception.WebElementNotFoundException: Web element with id: 'Object Repository/Shrutika/Page_TOOLSQA  Free QA Automation To/Simple Alert Pop up text' located by 'By.xpath: //*[text()="Simple Alert Pop up"]' not found)
	at com.kms.katalon.core.keyword.internal.KeywordMain.stepFailed(KeywordMain.groovy:32)
	at com.kms.katalon.core.webui.keyword.internal.WebUIKeywordMain.stepFailed(WebUIKeywordMain.groovy:65)
	at com.kms.katalon.core.webui.keyword.internal.WebUIKeywordMain.runKeyword(WebUIKeywordMain.groovy:27)
	at com.kms.katalon.core.webui.keyword.builtin.ScrollToElementKeyword.scrollToElement(ScrollToElementKeyword.groovy:88)
	at com.kms.katalon.core.webui.keyword.builtin.ScrollToElementKeyword.execute(ScrollToElementKeyword.groovy:68)
	at com.kms.katalon.core.keyword.internal.KeywordExecutor.executeKeywordForPlatform(KeywordExecutor.groovy:53)
	at com.kms.katalon.core.webui.keyword.WebUiBuiltInKeywords.scrollToElement(WebUiBuiltInKeywords.groovy:2975)
	at com.kms.katalon.core.webui.keyword.WebUiBuiltInKeywords$scrollToElement$1.call(Unknown Source)
	at AlertPopUp Test Case.run(AlertPopUp Test Case:19)
	at com.kms.katalon.core.main.ScriptEngine.run(ScriptEngine.java:194)
	at com.kms.katalon.core.main.ScriptEngine.runScriptAsRawText(ScriptEngine.java:119)
	at com.kms.katalon.core.main.TestCaseExecutor.runScript(TestCaseExecutor.java:321)
	at com.kms.katalon.core.main.TestCaseExecutor.doExecute(TestCaseExecutor.java:312)
	at com.kms.katalon.core.main.TestCaseExecutor.processExecutionPhase(TestCaseExecutor.java:291)
	at com.kms.katalon.core.main.TestCaseExecutor.accessMainPhase(TestCaseExecutor.java:283)
	at com.kms.katalon.core.main.TestCaseExecutor.execute(TestCaseExecutor.java:222)
	at com.kms.katalon.core.main.TestSuiteExecutor.accessTestCaseMainPhase(TestSuiteExecutor.java:129)
	at com.kms.katalon.core.main.TestSuiteExecutor.accessTestSuiteMainPhase(TestSuiteExecutor.java:112)
	at com.kms.katalon.core.main.TestSuiteExecutor.execute(TestSuiteExecutor.java:81)
	at com.kms.katalon.core.main.TestCaseMain.startTestSuite(TestCaseMain.java:149)
	at com.kms.katalon.core.main.TestCaseMain$startTestSuite$0.call(Unknown Source)
	at TempTestSuite1545114366314.run(TempTestSuite1545114366314.groovy:36)]]></system-out>
      <system-err><![CDATA[2018-12-18 11:56:28 - [TEST_SUITE][FAILED] - alerts_and_popup: Test Cases/Shrutika/PopUp/AlertPopUp Test Case FAILED.
Reason:
com.kms.katalon.core.exception.StepFailedException: Unable to scroll to object 'Object Repository/Shrutika/Page_TOOLSQA  Free QA Automation To/Simple Alert Pop up text' (Root cause: com.kms.katalon.core.webui.exception.WebElementNotFoundException: Web element with id: 'Object Repository/Shrutika/Page_TOOLSQA  Free QA Automation To/Simple Alert Pop up text' located by 'By.xpath: //*[text()="Simple Alert Pop up"]' not found)
	at com.kms.katalon.core.keyword.internal.KeywordMain.stepFailed(KeywordMain.groovy:32)
	at com.kms.katalon.core.webui.keyword.internal.WebUIKeywordMain.stepFailed(WebUIKeywordMain.groovy:65)
	at com.kms.katalon.core.webui.keyword.internal.WebUIKeywordMain.runKeyword(WebUIKeywordMain.groovy:27)
	at com.kms.katalon.core.webui.keyword.builtin.ScrollToElementKeyword.scrollToElement(ScrollToElementKeyword.groovy:88)
	at com.kms.katalon.core.webui.keyword.builtin.ScrollToElementKeyword.execute(ScrollToElementKeyword.groovy:68)
	at com.kms.katalon.core.keyword.internal.KeywordExecutor.executeKeywordForPlatform(KeywordExecutor.groovy:53)
	at com.kms.katalon.core.webui.keyword.WebUiBuiltInKeywords.scrollToElement(WebUiBuiltInKeywords.groovy:2975)
	at com.kms.katalon.core.webui.keyword.WebUiBuiltInKeywords$scrollToElement$1.call(Unknown Source)
	at AlertPopUp Test Case.run(AlertPopUp Test Case:19)
	at com.kms.katalon.core.main.ScriptEngine.run(ScriptEngine.java:194)
	at com.kms.katalon.core.main.ScriptEngine.runScriptAsRawText(ScriptEngine.java:119)
	at com.kms.katalon.core.main.TestCaseExecutor.runScript(TestCaseExecutor.java:321)
	at com.kms.katalon.core.main.TestCaseExecutor.doExecute(TestCaseExecutor.java:312)
	at com.kms.katalon.core.main.TestCaseExecutor.processExecutionPhase(TestCaseExecutor.java:291)
	at com.kms.katalon.core.main.TestCaseExecutor.accessMainPhase(TestCaseExecutor.java:283)
	at com.kms.katalon.core.main.TestCaseExecutor.execute(TestCaseExecutor.java:222)
	at com.kms.katalon.core.main.TestSuiteExecutor.accessTestCaseMainPhase(TestSuiteExecutor.java:129)
	at com.kms.katalon.core.main.TestSuiteExecutor.accessTestSuiteMainPhase(TestSuiteExecutor.java:112)
	at com.kms.katalon.core.main.TestSuiteExecutor.execute(TestSuiteExecutor.java:81)
	at com.kms.katalon.core.main.TestCaseMain.startTestSuite(TestCaseMain.java:149)
	at com.kms.katalon.core.main.TestCaseMain$startTestSuite$0.call(Unknown Source)
	at TempTestSuite1545114366314.run(TempTestSuite1545114366314.groovy:36)]]></system-err>
   </testsuite>
</testsuites>
