<?xml version="1.0" encoding="UTF-8"?>
<testsuites name="TestSuite_2" time="130" tests="2" failures="1" errors="0">
   <testsuite name="TestSuite_2" tests="2" failures="1" errors="0" time="130" timestamp="2018-12-13 15:03:19" hostname="C5281054 - INLN56580283A.apj.global.corp.sap" id="Test Suites/Shrutika/TestSuite_2">
      <properties>
         <property name="deviceName" value=""/>
         <property name="devicePlatform" value=""/>
         <property name="logFolder" value="C:\\Users\\c5281054\\git\\KatalonDemo\\Reports\\Shrutika\\TestSuite_2\\20181213_150314"/>
         <property name="logFiles" value="C:\\Users\\c5281054\\git\\KatalonDemo\\Reports\\Shrutika\\TestSuite_2\\20181213_150314\\execution0.log"/>
         <property name="attachments" value="C:\\Users\\c5281054\\git\\KatalonDemo\\Reports\\Shrutika\\TestSuite_2\\20181213_150314\\1544693639715.png, C:\\Users\\c5281054\\git\\KatalonDemo\\Reports\\Shrutika\\TestSuite_2\\20181213_150314\\1544693640081.png, C:\\Users\\c5281054\\git\\KatalonDemo\\Reports\\Shrutika\\TestSuite_2\\20181213_150314\\1544693640226.png"/>
         <property name="hostName" value="C5281054 - INLN56580283A.apj.global.corp.sap"/>
         <property name="os" value="Windows 10 64bit"/>
         <property name="katalonVersion" value="5.9.1.2"/>
         <property name="browser" value="Firefox 63.0"/>
         <property name="hostAddress" value="192.168.242.1"/>
         <property name="sessionId" value="8b36c534-8185-4d55-ad99-e4bd18583525"/>
         <property name="seleniumVersion" value="3.7.1"/>
         <property name="proxyInformation" value="ProxyInformation{proxyOption=NO_PROXY, proxyServerType=HTTP, password=, proxyServerAddress=, proxyServerPort=0}"/>
         <property name="platform" value="Windows 10"/>
      </properties>
      <testcase name="Test Cases/Shrutika/IFrame Test Case" classname="Test Cases/Shrutika/IFrame Test Case" status="FAILED">
         <failure type="FAILED" message="Test Cases/Shrutika/IFrame Test Case FAILED.
Reason:
com.kms.katalon.core.exception.StepFailedException: Unable to set text 'Shrutika' of object 'Object Repository/Shrutika/Page_TOOLSQA  Free QA Automation To/input_First name_firstname' (Root cause: org.openqa.selenium.ElementNotInteractableException: Element &lt;input name=&quot;firstname&quot; type=&quot;text&quot;> could not be scrolled into view
Build info: version: '3.7.1', revision: '8a0099a', time: '2017-11-06T21:07:36.161Z'
System info: host: 'INLN56580283A', ip: '192.168.242.1', os.name: 'Windows 10', os.arch: 'amd64', os.version: '10.0', java.version: '1.8.0_181'
Driver info: com.kms.katalon.core.webui.driver.firefox.CGeckoDriver
Capabilities {acceptInsecureCerts: true, browserName: firefox, browserVersion: 63.0.3, javascriptEnabled: true, moz:accessibilityChecks: false, moz:geckodriverVersion: 0.23.0, moz:headless: false, moz:processID: 17168, moz:profile: C:\Users\c5281054\AppData\L..., moz:useNonSpecCompliantPointerOrigin: false, moz:webdriverClick: true, pageLoadStrategy: normal, platform: WINDOWS, platformName: WINDOWS, platformVersion: 10.0, proxy: Proxy(direct), rotatable: false, setWindowRect: true, timeouts: {implicit: 0, pageLoad: 300000, script: 30000}, unhandledPromptBehavior: dismiss and notify}
Session ID: 3141254f-c5e0-4164-85f2-20116e890042)
	at com.kms.katalon.core.keyword.internal.KeywordMain.stepFailed(KeywordMain.groovy:32)
	at com.kms.katalon.core.webui.keyword.internal.WebUIKeywordMain.stepFailed(WebUIKeywordMain.groovy:65)
	at com.kms.katalon.core.webui.keyword.internal.WebUIKeywordMain.runKeyword(WebUIKeywordMain.groovy:27)
	at com.kms.katalon.core.webui.keyword.builtin.SetTextKeyword.setText(SetTextKeyword.groovy:65)
	at com.kms.katalon.core.webui.keyword.builtin.SetTextKeyword.execute(SetTextKeyword.groovy:37)
	at com.kms.katalon.core.keyword.internal.KeywordExecutor.executeKeywordForPlatform(KeywordExecutor.groovy:53)
	at com.kms.katalon.core.webui.keyword.WebUiBuiltInKeywords.setText(WebUiBuiltInKeywords.groovy:950)
	at com.kms.katalon.core.webui.keyword.WebUiBuiltInKeywords$setText$4.call(Unknown Source)
	at IFrame Test Case.run(IFrame Test Case:26)
	at com.kms.katalon.core.main.ScriptEngine.run(ScriptEngine.java:194)
	at com.kms.katalon.core.main.ScriptEngine.runScriptAsRawText(ScriptEngine.java:119)
	at com.kms.katalon.core.main.TestCaseExecutor.runScript(TestCaseExecutor.java:321)
	at com.kms.katalon.core.main.TestCaseExecutor.doExecute(TestCaseExecutor.java:312)
	at com.kms.katalon.core.main.TestCaseExecutor.processExecutionPhase(TestCaseExecutor.java:291)
	at com.kms.katalon.core.main.TestCaseExecutor.accessMainPhase(TestCaseExecutor.java:283)
	at com.kms.katalon.core.main.TestCaseExecutor.execute(TestCaseExecutor.java:222)
	at com.kms.katalon.core.main.TestSuiteExecutor.accessTestCaseMainPhase(TestSuiteExecutor.java:129)
	at com.kms.katalon.core.main.TestSuiteExecutor.accessTestSuiteMainPhase(TestSuiteExecutor.java:112)
	at com.kms.katalon.core.main.TestSuiteExecutor.execute(TestSuiteExecutor.java:81)
	at com.kms.katalon.core.main.TestCaseMain.startTestSuite(TestCaseMain.java:149)
	at com.kms.katalon.core.main.TestCaseMain$startTestSuite$0.call(Unknown Source)
	at TempTestSuite1544693594821.run(TempTestSuite1544693594821.groovy:36)
"/>
         <system-out><![CDATA[2018-12-13 15:03:20 - [TEST_CASE][FAILED] - Test Cases/Shrutika/IFrame Test Case: Test Cases/Shrutika/IFrame Test Case FAILED.
Reason:
com.kms.katalon.core.exception.StepFailedException: Unable to set text 'Shrutika' of object 'Object Repository/Shrutika/Page_TOOLSQA  Free QA Automation To/input_First name_firstname' (Root cause: org.openqa.selenium.ElementNotInteractableException: Element <input name="firstname" type="text"> could not be scrolled into view
Build info: version: '3.7.1', revision: '8a0099a', time: '2017-11-06T21:07:36.161Z'
System info: host: 'INLN56580283A', ip: '192.168.242.1', os.name: 'Windows 10', os.arch: 'amd64', os.version: '10.0', java.version: '1.8.0_181'
Driver info: com.kms.katalon.core.webui.driver.firefox.CGeckoDriver
Capabilities {acceptInsecureCerts: true, browserName: firefox, browserVersion: 63.0.3, javascriptEnabled: true, moz:accessibilityChecks: false, moz:geckodriverVersion: 0.23.0, moz:headless: false, moz:processID: 17168, moz:profile: C:\Users\c5281054\AppData\L..., moz:useNonSpecCompliantPointerOrigin: false, moz:webdriverClick: true, pageLoadStrategy: normal, platform: WINDOWS, platformName: WINDOWS, platformVersion: 10.0, proxy: Proxy(direct), rotatable: false, setWindowRect: true, timeouts: {implicit: 0, pageLoad: 300000, script: 30000}, unhandledPromptBehavior: dismiss and notify}
Session ID: 3141254f-c5e0-4164-85f2-20116e890042)
	at com.kms.katalon.core.keyword.internal.KeywordMain.stepFailed(KeywordMain.groovy:32)
	at com.kms.katalon.core.webui.keyword.internal.WebUIKeywordMain.stepFailed(WebUIKeywordMain.groovy:65)
	at com.kms.katalon.core.webui.keyword.internal.WebUIKeywordMain.runKeyword(WebUIKeywordMain.groovy:27)
	at com.kms.katalon.core.webui.keyword.builtin.SetTextKeyword.setText(SetTextKeyword.groovy:65)
	at com.kms.katalon.core.webui.keyword.builtin.SetTextKeyword.execute(SetTextKeyword.groovy:37)
	at com.kms.katalon.core.keyword.internal.KeywordExecutor.executeKeywordForPlatform(KeywordExecutor.groovy:53)
	at com.kms.katalon.core.webui.keyword.WebUiBuiltInKeywords.setText(WebUiBuiltInKeywords.groovy:950)
	at com.kms.katalon.core.webui.keyword.WebUiBuiltInKeywords$setText$4.call(Unknown Source)
	at IFrame Test Case.run(IFrame Test Case:26)
	at com.kms.katalon.core.main.ScriptEngine.run(ScriptEngine.java:194)
	at com.kms.katalon.core.main.ScriptEngine.runScriptAsRawText(ScriptEngine.java:119)
	at com.kms.katalon.core.main.TestCaseExecutor.runScript(TestCaseExecutor.java:321)
	at com.kms.katalon.core.main.TestCaseExecutor.doExecute(TestCaseExecutor.java:312)
	at com.kms.katalon.core.main.TestCaseExecutor.processExecutionPhase(TestCaseExecutor.java:291)
	at com.kms.katalon.core.main.TestCaseExecutor.accessMainPhase(TestCaseExecutor.java:283)
	at com.kms.katalon.core.main.TestCaseExecutor.execute(TestCaseExecutor.java:222)
	at com.kms.katalon.core.main.TestSuiteExecutor.accessTestCaseMainPhase(TestSuiteExecutor.java:129)
	at com.kms.katalon.core.main.TestSuiteExecutor.accessTestSuiteMainPhase(TestSuiteExecutor.java:112)
	at com.kms.katalon.core.main.TestSuiteExecutor.execute(TestSuiteExecutor.java:81)
	at com.kms.katalon.core.main.TestCaseMain.startTestSuite(TestCaseMain.java:149)
	at com.kms.katalon.core.main.TestCaseMain$startTestSuite$0.call(Unknown Source)
	at TempTestSuite1544693594821.run(TempTestSuite1544693594821.groovy:36)


2018-12-13 15:03:20 - [TEST_STEP][PASSED] - Start listener action : sampleBeforeTestCase: null

2018-12-13 15:03:20 - [TEST_STEP][PASSED] - println(testCaseContext.getTestCaseId()): null

2018-12-13 15:03:20 - [TEST_STEP][PASSED] - println(testCaseContext.getTestCaseVariables()): null

2018-12-13 15:03:20 - [TEST_STEP][PASSED] - println(testCaseContext.getMessage()): null

2018-12-13 15:03:20 - [TEST_STEP][PASSED] - Start listener action : sampleBeforeTestCase: null

2018-12-13 15:03:20 - [TEST_STEP][PASSED] - println(testCaseContext.getTestCaseId()): null

2018-12-13 15:03:20 - [TEST_STEP][PASSED] - println(testCaseContext.getTestCaseVariables()): null

2018-12-13 15:03:21 - [TEST_STEP][PASSED] - openBrowser("http://toolsqa.com/iframe-practice-page/"): Browser is opened with url: 'http://toolsqa.com/iframe-practice-page/'

2018-12-13 15:03:21 - [MESSAGE][INFO] - Starting 'Firefox' driver

2018-12-13 15:03:21 - [MESSAGE][INFO] - Action delay is set to 0 seconds

2018-12-13 15:03:58 - [MESSAGE][PASSED] - Browser is opened with url: 'http://toolsqa.com/iframe-practice-page/'

2018-12-13 15:03:58 - [TEST_STEP][PASSED] - maximizeWindow(): Current window maximized

2018-12-13 15:03:58 - [MESSAGE][PASSED] - Current window maximized

2018-12-13 15:03:58 - [TEST_STEP][PASSED] - scrollToElement(findTestObject("Shrutika/Page_TOOLSQA  Free QA Automation To/iframe_1"), 1): Scroll to object 'Object Repository/Shrutika/Page_TOOLSQA  Free QA Automation To/iframe_1' successfully

2018-12-13 15:03:59 - [MESSAGE][PASSED] - Scroll to object 'Object Repository/Shrutika/Page_TOOLSQA  Free QA Automation To/iframe_1' successfully

2018-12-13 15:03:59 - [TEST_STEP][PASSED] - switchToFrame(findTestObject("Shrutika/Page_TOOLSQA  Free QA Automation To/iframe_1"), 2): null

2018-12-13 15:03:59 - [TEST_STEP][PASSED] - if (!(verifyElementPresent(findTestObject("Shrutika/Page_TOOLSQA  Free QA Automation To/input_First name_firstname"), 1))): Object 'Object Repository/Shrutika/Page_TOOLSQA  Free QA Automation To/input_First name_firstname' is present

2018-12-13 15:03:59 - [MESSAGE][PASSED] - Object 'Object Repository/Shrutika/Page_TOOLSQA  Free QA Automation To/input_First name_firstname' is present

2018-12-13 15:03:59 - [TEST_STEP][PASSED] - scrollToElement(findTestObject("Shrutika/Page_TOOLSQA  Free QA Automation To/input_First name_firstname"), 1): Scroll to object 'Object Repository/Shrutika/Page_TOOLSQA  Free QA Automation To/input_First name_firstname' successfully

2018-12-13 15:03:59 - [MESSAGE][PASSED] - Scroll to object 'Object Repository/Shrutika/Page_TOOLSQA  Free QA Automation To/input_First name_firstname' successfully

2018-12-13 15:03:59 - [TEST_STEP][FAILED] - setText(findTestObject("Shrutika/Page_TOOLSQA  Free QA Automation To/input_First name_firstname"), "Shrutika"): Unable to set text 'Shrutika' of object 'Object Repository/Shrutika/Page_TOOLSQA  Free QA Automation To/input_First name_firstname' (Root cause: org.openqa.selenium.ElementNotInteractableException: Element <input name="firstname" type="text"> could not be scrolled into view
Build info: version: '3.7.1', revision: '8a0099a', time: '2017-11-06T21:07:36.161Z'
System info: host: 'INLN56580283A', ip: '192.168.242.1', os.name: 'Windows 10', os.arch: 'amd64', os.version: '10.0', java.version: '1.8.0_181'
Driver info: com.kms.katalon.core.webui.driver.firefox.CGeckoDriver
Capabilities {acceptInsecureCerts: true, browserName: firefox, browserVersion: 63.0.3, javascriptEnabled: true, moz:accessibilityChecks: false, moz:geckodriverVersion: 0.23.0, moz:headless: false, moz:processID: 17168, moz:profile: C:\Users\c5281054\AppData\L..., moz:useNonSpecCompliantPointerOrigin: false, moz:webdriverClick: true, pageLoadStrategy: normal, platform: WINDOWS, platformName: WINDOWS, platformVersion: 10.0, proxy: Proxy(direct), rotatable: false, setWindowRect: true, timeouts: {implicit: 0, pageLoad: 300000, script: 30000}, unhandledPromptBehavior: dismiss and notify}
Session ID: 3141254f-c5e0-4164-85f2-20116e890042)

2018-12-13 15:03:59 - [MESSAGE][FAILED] - Unable to set text 'Shrutika' of object 'Object Repository/Shrutika/Page_TOOLSQA  Free QA Automation To/input_First name_firstname' (Root cause: org.openqa.selenium.ElementNotInteractableException: Element <input name="firstname" type="text"> could not be scrolled into view
Build info: version: '3.7.1', revision: '8a0099a', time: '2017-11-06T21:07:36.161Z'
System info: host: 'INLN56580283A', ip: '192.168.242.1', os.name: 'Windows 10', os.arch: 'amd64', os.version: '10.0', java.version: '1.8.0_181'
Driver info: com.kms.katalon.core.webui.driver.firefox.CGeckoDriver
Capabilities {acceptInsecureCerts: true, browserName: firefox, browserVersion: 63.0.3, javascriptEnabled: true, moz:accessibilityChecks: false, moz:geckodriverVersion: 0.23.0, moz:headless: false, moz:processID: 17168, moz:profile: C:\Users\c5281054\AppData\L..., moz:useNonSpecCompliantPointerOrigin: false, moz:webdriverClick: true, pageLoadStrategy: normal, platform: WINDOWS, platformName: WINDOWS, platformVersion: 10.0, proxy: Proxy(direct), rotatable: false, setWindowRect: true, timeouts: {implicit: 0, pageLoad: 300000, script: 30000}, unhandledPromptBehavior: dismiss and notify}
Session ID: 3141254f-c5e0-4164-85f2-20116e890042)
[[ATTACHMENT|C:\\Users\\c5281054\\git\\KatalonDemo\\Reports\\Shrutika\\TestSuite_2\\20181213_150314\\1544693639715.png]]

2018-12-13 15:03:59 - [TEST_STEP][PASSED] - scrollToElement(findTestObject("Shrutika/Page_TOOLSQA  Free QA Automation To/input_Last name_lastname"), 1): Scroll to object 'Object Repository/Shrutika/Page_TOOLSQA  Free QA Automation To/input_Last name_lastname' successfully

2018-12-13 15:03:59 - [MESSAGE][PASSED] - Scroll to object 'Object Repository/Shrutika/Page_TOOLSQA  Free QA Automation To/input_Last name_lastname' successfully

2018-12-13 15:03:59 - [TEST_STEP][FAILED] - setText(findTestObject("Shrutika/Page_TOOLSQA  Free QA Automation To/input_Last name_lastname"), "Gupta"): Unable to set text 'Gupta' of object 'Object Repository/Shrutika/Page_TOOLSQA  Free QA Automation To/input_Last name_lastname' (Root cause: org.openqa.selenium.ElementNotInteractableException: Element <input name="lastname" type="text"> could not be scrolled into view
Build info: version: '3.7.1', revision: '8a0099a', time: '2017-11-06T21:07:36.161Z'
System info: host: 'INLN56580283A', ip: '192.168.242.1', os.name: 'Windows 10', os.arch: 'amd64', os.version: '10.0', java.version: '1.8.0_181'
Driver info: com.kms.katalon.core.webui.driver.firefox.CGeckoDriver
Capabilities {acceptInsecureCerts: true, browserName: firefox, browserVersion: 63.0.3, javascriptEnabled: true, moz:accessibilityChecks: false, moz:geckodriverVersion: 0.23.0, moz:headless: false, moz:processID: 17168, moz:profile: C:\Users\c5281054\AppData\L..., moz:useNonSpecCompliantPointerOrigin: false, moz:webdriverClick: true, pageLoadStrategy: normal, platform: WINDOWS, platformName: WINDOWS, platformVersion: 10.0, proxy: Proxy(direct), rotatable: false, setWindowRect: true, timeouts: {implicit: 0, pageLoad: 300000, script: 30000}, unhandledPromptBehavior: dismiss and notify}
Session ID: 3141254f-c5e0-4164-85f2-20116e890042)

2018-12-13 15:04:00 - [MESSAGE][FAILED] - Unable to set text 'Gupta' of object 'Object Repository/Shrutika/Page_TOOLSQA  Free QA Automation To/input_Last name_lastname' (Root cause: org.openqa.selenium.ElementNotInteractableException: Element <input name="lastname" type="text"> could not be scrolled into view
Build info: version: '3.7.1', revision: '8a0099a', time: '2017-11-06T21:07:36.161Z'
System info: host: 'INLN56580283A', ip: '192.168.242.1', os.name: 'Windows 10', os.arch: 'amd64', os.version: '10.0', java.version: '1.8.0_181'
Driver info: com.kms.katalon.core.webui.driver.firefox.CGeckoDriver
Capabilities {acceptInsecureCerts: true, browserName: firefox, browserVersion: 63.0.3, javascriptEnabled: true, moz:accessibilityChecks: false, moz:geckodriverVersion: 0.23.0, moz:headless: false, moz:processID: 17168, moz:profile: C:\Users\c5281054\AppData\L..., moz:useNonSpecCompliantPointerOrigin: false, moz:webdriverClick: true, pageLoadStrategy: normal, platform: WINDOWS, platformName: WINDOWS, platformVersion: 10.0, proxy: Proxy(direct), rotatable: false, setWindowRect: true, timeouts: {implicit: 0, pageLoad: 300000, script: 30000}, unhandledPromptBehavior: dismiss and notify}
Session ID: 3141254f-c5e0-4164-85f2-20116e890042)
[[ATTACHMENT|C:\\Users\\c5281054\\git\\KatalonDemo\\Reports\\Shrutika\\TestSuite_2\\20181213_150314\\1544693640081.png]]

2018-12-13 15:04:00 - [TEST_STEP][FAILED] - takeScreenshot("D://Shrutika Stuff//KetalonDemo//" + getClass() + ".png"): Cannot take screenshot (Root cause: java.io.IOException: Destination 'D:\Shrutika Stuff\KetalonDemo' directory cannot be created)

2018-12-13 15:04:00 - [MESSAGE][FAILED] - Cannot take screenshot (Root cause: java.io.IOException: Destination 'D:\Shrutika Stuff\KetalonDemo' directory cannot be created)
[[ATTACHMENT|C:\\Users\\c5281054\\git\\KatalonDemo\\Reports\\Shrutika\\TestSuite_2\\20181213_150314\\1544693640226.png]]

2018-12-13 15:04:00 - [TEST_STEP][PASSED] - delay(5): Delayed 5 second(s)

2018-12-13 15:04:05 - [MESSAGE][PASSED] - Delayed 5 second(s)

2018-12-13 15:04:05 - [TEST_STEP][PASSED] - switchToDefaultContent(): null

2018-12-13 15:04:05 - [TEST_STEP][PASSED] - delay(5): Delayed 5 second(s)

2018-12-13 15:04:10 - [MESSAGE][PASSED] - Delayed 5 second(s)

2018-12-13 15:04:10 - [TEST_STEP][PASSED] - switchToFrame(findTestObject("Shrutika/Page_TOOLSQA  Free QA Automation To/iframe_2"), 1): null

2018-12-13 15:04:10 - [TEST_STEP][PASSED] - println(getText(findTestObject("Shrutika/Page_TOOLSQA  Free QA Automation To/h2_Hello world"))): Text of object 'Object Repository/Shrutika/Page_TOOLSQA  Free QA Automation To/h2_Hello world' is: 'Hello world!'

2018-12-13 15:04:10 - [MESSAGE][PASSED] - Text of object 'Object Repository/Shrutika/Page_TOOLSQA  Free QA Automation To/h2_Hello world' is: 'Hello world!'

2018-12-13 15:04:10 - [TEST_STEP][FAILED] - closeBrowser(): closeBrowser() FAILED.
Reason:
com.kms.katalon.core.exception.StepFailedException: Unable to set text 'Shrutika' of object 'Object Repository/Shrutika/Page_TOOLSQA  Free QA Automation To/input_First name_firstname' (Root cause: org.openqa.selenium.ElementNotInteractableException: Element <input name="firstname" type="text"> could not be scrolled into view
Build info: version: '3.7.1', revision: '8a0099a', time: '2017-11-06T21:07:36.161Z'
System info: host: 'INLN56580283A', ip: '192.168.242.1', os.name: 'Windows 10', os.arch: 'amd64', os.version: '10.0', java.version: '1.8.0_181'
Driver info: com.kms.katalon.core.webui.driver.firefox.CGeckoDriver
Capabilities {acceptInsecureCerts: true, browserName: firefox, browserVersion: 63.0.3, javascriptEnabled: true, moz:accessibilityChecks: false, moz:geckodriverVersion: 0.23.0, moz:headless: false, moz:processID: 17168, moz:profile: C:\Users\c5281054\AppData\L..., moz:useNonSpecCompliantPointerOrigin: false, moz:webdriverClick: true, pageLoadStrategy: normal, platform: WINDOWS, platformName: WINDOWS, platformVersion: 10.0, proxy: Proxy(direct), rotatable: false, setWindowRect: true, timeouts: {implicit: 0, pageLoad: 300000, script: 30000}, unhandledPromptBehavior: dismiss and notify}
Session ID: 3141254f-c5e0-4164-85f2-20116e890042)
	at com.kms.katalon.core.keyword.internal.KeywordMain.stepFailed(KeywordMain.groovy:32)
	at com.kms.katalon.core.webui.keyword.internal.WebUIKeywordMain.stepFailed(WebUIKeywordMain.groovy:65)
	at com.kms.katalon.core.webui.keyword.internal.WebUIKeywordMain.runKeyword(WebUIKeywordMain.groovy:27)
	at com.kms.katalon.core.webui.keyword.builtin.SetTextKeyword.setText(SetTextKeyword.groovy:65)
	at com.kms.katalon.core.webui.keyword.builtin.SetTextKeyword.execute(SetTextKeyword.groovy:37)
	at com.kms.katalon.core.keyword.internal.KeywordExecutor.executeKeywordForPlatform(KeywordExecutor.groovy:53)
	at com.kms.katalon.core.webui.keyword.WebUiBuiltInKeywords.setText(WebUiBuiltInKeywords.groovy:950)
	at com.kms.katalon.core.webui.keyword.WebUiBuiltInKeywords$setText$4.call(Unknown Source)
	at IFrame Test Case.run(IFrame Test Case:26)
	at com.kms.katalon.core.main.ScriptEngine.run(ScriptEngine.java:194)
	at com.kms.katalon.core.main.ScriptEngine.runScriptAsRawText(ScriptEngine.java:119)
	at com.kms.katalon.core.main.TestCaseExecutor.runScript(TestCaseExecutor.java:321)
	at com.kms.katalon.core.main.TestCaseExecutor.doExecute(TestCaseExecutor.java:312)
	at com.kms.katalon.core.main.TestCaseExecutor.processExecutionPhase(TestCaseExecutor.java:291)
	at com.kms.katalon.core.main.TestCaseExecutor.accessMainPhase(TestCaseExecutor.java:283)
	at com.kms.katalon.core.main.TestCaseExecutor.execute(TestCaseExecutor.java:222)
	at com.kms.katalon.core.main.TestSuiteExecutor.accessTestCaseMainPhase(TestSuiteExecutor.java:129)
	at com.kms.katalon.core.main.TestSuiteExecutor.accessTestSuiteMainPhase(TestSuiteExecutor.java:112)
	at com.kms.katalon.core.main.TestSuiteExecutor.execute(TestSuiteExecutor.java:81)
	at com.kms.katalon.core.main.TestCaseMain.startTestSuite(TestCaseMain.java:149)
	at com.kms.katalon.core.main.TestCaseMain$startTestSuite$0.call(Unknown Source)
	at TempTestSuite1544693594821.run(TempTestSuite1544693594821.groovy:36)


2018-12-13 15:04:12 - [MESSAGE][PASSED] - Browser is closed

2018-12-13 15:04:12 - [MESSAGE][FAILED] - closeBrowser() FAILED.
Reason:
com.kms.katalon.core.exception.StepFailedException: Unable to set text 'Shrutika' of object 'Object Repository/Shrutika/Page_TOOLSQA  Free QA Automation To/input_First name_firstname' (Root cause: org.openqa.selenium.ElementNotInteractableException: Element <input name="firstname" type="text"> could not be scrolled into view
Build info: version: '3.7.1', revision: '8a0099a', time: '2017-11-06T21:07:36.161Z'
System info: host: 'INLN56580283A', ip: '192.168.242.1', os.name: 'Windows 10', os.arch: 'amd64', os.version: '10.0', java.version: '1.8.0_181'
Driver info: com.kms.katalon.core.webui.driver.firefox.CGeckoDriver
Capabilities {acceptInsecureCerts: true, browserName: firefox, browserVersion: 63.0.3, javascriptEnabled: true, moz:accessibilityChecks: false, moz:geckodriverVersion: 0.23.0, moz:headless: false, moz:processID: 17168, moz:profile: C:\Users\c5281054\AppData\L..., moz:useNonSpecCompliantPointerOrigin: false, moz:webdriverClick: true, pageLoadStrategy: normal, platform: WINDOWS, platformName: WINDOWS, platformVersion: 10.0, proxy: Proxy(direct), rotatable: false, setWindowRect: true, timeouts: {implicit: 0, pageLoad: 300000, script: 30000}, unhandledPromptBehavior: dismiss and notify}
Session ID: 3141254f-c5e0-4164-85f2-20116e890042)
	at com.kms.katalon.core.keyword.internal.KeywordMain.stepFailed(KeywordMain.groovy:32)
	at com.kms.katalon.core.webui.keyword.internal.WebUIKeywordMain.stepFailed(WebUIKeywordMain.groovy:65)
	at com.kms.katalon.core.webui.keyword.internal.WebUIKeywordMain.runKeyword(WebUIKeywordMain.groovy:27)
	at com.kms.katalon.core.webui.keyword.builtin.SetTextKeyword.setText(SetTextKeyword.groovy:65)
	at com.kms.katalon.core.webui.keyword.builtin.SetTextKeyword.execute(SetTextKeyword.groovy:37)
	at com.kms.katalon.core.keyword.internal.KeywordExecutor.executeKeywordForPlatform(KeywordExecutor.groovy:53)
	at com.kms.katalon.core.webui.keyword.WebUiBuiltInKeywords.setText(WebUiBuiltInKeywords.groovy:950)
	at com.kms.katalon.core.webui.keyword.WebUiBuiltInKeywords$setText$4.call(Unknown Source)
	at IFrame Test Case.run(IFrame Test Case:26)
	at com.kms.katalon.core.main.ScriptEngine.run(ScriptEngine.java:194)
	at com.kms.katalon.core.main.ScriptEngine.runScriptAsRawText(ScriptEngine.java:119)
	at com.kms.katalon.core.main.TestCaseExecutor.runScript(TestCaseExecutor.java:321)
	at com.kms.katalon.core.main.TestCaseExecutor.doExecute(TestCaseExecutor.java:312)
	at com.kms.katalon.core.main.TestCaseExecutor.processExecutionPhase(TestCaseExecutor.java:291)
	at com.kms.katalon.core.main.TestCaseExecutor.accessMainPhase(TestCaseExecutor.java:283)
	at com.kms.katalon.core.main.TestCaseExecutor.execute(TestCaseExecutor.java:222)
	at com.kms.katalon.core.main.TestSuiteExecutor.accessTestCaseMainPhase(TestSuiteExecutor.java:129)
	at com.kms.katalon.core.main.TestSuiteExecutor.accessTestSuiteMainPhase(TestSuiteExecutor.java:112)
	at com.kms.katalon.core.main.TestSuiteExecutor.execute(TestSuiteExecutor.java:81)
	at com.kms.katalon.core.main.TestCaseMain.startTestSuite(TestCaseMain.java:149)
	at com.kms.katalon.core.main.TestCaseMain$startTestSuite$0.call(Unknown Source)
	at TempTestSuite1544693594821.run(TempTestSuite1544693594821.groovy:36)


2018-12-13 15:04:12 - [TEST_STEP][PASSED] - Start listener action : sampleAfterTestCase: null

2018-12-13 15:04:12 - [TEST_STEP][PASSED] - println(testCaseContext.getTestCaseId()): null

2018-12-13 15:04:12 - [TEST_STEP][PASSED] - println(testCaseContext.getTestCaseStatus()): null

2018-12-13 15:04:12 - [TEST_STEP][PASSED] - println(testCaseContext.getMessage()): null

2018-12-13 15:04:12 - [TEST_STEP][PASSED] - Start listener action : sampleAfterTestCase: null

2018-12-13 15:04:12 - [TEST_STEP][PASSED] - println(testCaseContext.getTestCaseId()): null

2018-12-13 15:04:12 - [TEST_STEP][PASSED] - println(testCaseContext.getTestCaseStatus()): null]]></system-out>
         <system-err><![CDATA[2018-12-13 15:03:20 - [TEST_CASE][FAILED] - Test Cases/Shrutika/IFrame Test Case: Test Cases/Shrutika/IFrame Test Case FAILED.
Reason:
com.kms.katalon.core.exception.StepFailedException: Unable to set text 'Shrutika' of object 'Object Repository/Shrutika/Page_TOOLSQA  Free QA Automation To/input_First name_firstname' (Root cause: org.openqa.selenium.ElementNotInteractableException: Element <input name="firstname" type="text"> could not be scrolled into view
Build info: version: '3.7.1', revision: '8a0099a', time: '2017-11-06T21:07:36.161Z'
System info: host: 'INLN56580283A', ip: '192.168.242.1', os.name: 'Windows 10', os.arch: 'amd64', os.version: '10.0', java.version: '1.8.0_181'
Driver info: com.kms.katalon.core.webui.driver.firefox.CGeckoDriver
Capabilities {acceptInsecureCerts: true, browserName: firefox, browserVersion: 63.0.3, javascriptEnabled: true, moz:accessibilityChecks: false, moz:geckodriverVersion: 0.23.0, moz:headless: false, moz:processID: 17168, moz:profile: C:\Users\c5281054\AppData\L..., moz:useNonSpecCompliantPointerOrigin: false, moz:webdriverClick: true, pageLoadStrategy: normal, platform: WINDOWS, platformName: WINDOWS, platformVersion: 10.0, proxy: Proxy(direct), rotatable: false, setWindowRect: true, timeouts: {implicit: 0, pageLoad: 300000, script: 30000}, unhandledPromptBehavior: dismiss and notify}
Session ID: 3141254f-c5e0-4164-85f2-20116e890042)
	at com.kms.katalon.core.keyword.internal.KeywordMain.stepFailed(KeywordMain.groovy:32)
	at com.kms.katalon.core.webui.keyword.internal.WebUIKeywordMain.stepFailed(WebUIKeywordMain.groovy:65)
	at com.kms.katalon.core.webui.keyword.internal.WebUIKeywordMain.runKeyword(WebUIKeywordMain.groovy:27)
	at com.kms.katalon.core.webui.keyword.builtin.SetTextKeyword.setText(SetTextKeyword.groovy:65)
	at com.kms.katalon.core.webui.keyword.builtin.SetTextKeyword.execute(SetTextKeyword.groovy:37)
	at com.kms.katalon.core.keyword.internal.KeywordExecutor.executeKeywordForPlatform(KeywordExecutor.groovy:53)
	at com.kms.katalon.core.webui.keyword.WebUiBuiltInKeywords.setText(WebUiBuiltInKeywords.groovy:950)
	at com.kms.katalon.core.webui.keyword.WebUiBuiltInKeywords$setText$4.call(Unknown Source)
	at IFrame Test Case.run(IFrame Test Case:26)
	at com.kms.katalon.core.main.ScriptEngine.run(ScriptEngine.java:194)
	at com.kms.katalon.core.main.ScriptEngine.runScriptAsRawText(ScriptEngine.java:119)
	at com.kms.katalon.core.main.TestCaseExecutor.runScript(TestCaseExecutor.java:321)
	at com.kms.katalon.core.main.TestCaseExecutor.doExecute(TestCaseExecutor.java:312)
	at com.kms.katalon.core.main.TestCaseExecutor.processExecutionPhase(TestCaseExecutor.java:291)
	at com.kms.katalon.core.main.TestCaseExecutor.accessMainPhase(TestCaseExecutor.java:283)
	at com.kms.katalon.core.main.TestCaseExecutor.execute(TestCaseExecutor.java:222)
	at com.kms.katalon.core.main.TestSuiteExecutor.accessTestCaseMainPhase(TestSuiteExecutor.java:129)
	at com.kms.katalon.core.main.TestSuiteExecutor.accessTestSuiteMainPhase(TestSuiteExecutor.java:112)
	at com.kms.katalon.core.main.TestSuiteExecutor.execute(TestSuiteExecutor.java:81)
	at com.kms.katalon.core.main.TestCaseMain.startTestSuite(TestCaseMain.java:149)
	at com.kms.katalon.core.main.TestCaseMain$startTestSuite$0.call(Unknown Source)
	at TempTestSuite1544693594821.run(TempTestSuite1544693594821.groovy:36)]]></system-err>
      </testcase>
      <testcase name="Test Cases/Shrutika/PopUp/AlertPopUp Test Case" classname="Test Cases/Shrutika/PopUp/AlertPopUp Test Case" status="PASSED">
         <system-out><![CDATA[2018-12-13 15:04:12 - [TEST_CASE][PASSED] - Test Cases/Shrutika/PopUp/AlertPopUp Test Case: Test Cases/Shrutika/PopUp/AlertPopUp Test Case

2018-12-13 15:04:12 - [TEST_STEP][PASSED] - Start listener action : sampleBeforeTestCase: null

2018-12-13 15:04:12 - [TEST_STEP][PASSED] - println(testCaseContext.getTestCaseId()): null

2018-12-13 15:04:12 - [TEST_STEP][PASSED] - println(testCaseContext.getTestCaseVariables()): null

2018-12-13 15:04:12 - [TEST_STEP][PASSED] - println(testCaseContext.getMessage()): null

2018-12-13 15:04:12 - [TEST_STEP][PASSED] - Start listener action : sampleBeforeTestCase: null

2018-12-13 15:04:12 - [TEST_STEP][PASSED] - println(testCaseContext.getTestCaseId()): null

2018-12-13 15:04:12 - [TEST_STEP][PASSED] - println(testCaseContext.getTestCaseVariables()): null

2018-12-13 15:04:13 - [TEST_STEP][PASSED] - openBrowser("http://toolsqa.com/handling-alerts-using-selenium-webdriver/"): Browser is opened with url: 'http://toolsqa.com/handling-alerts-using-selenium-webdriver/'

2018-12-13 15:04:13 - [MESSAGE][INFO] - Starting 'Firefox' driver

2018-12-13 15:04:43 - [MESSAGE][PASSED] - Browser is opened with url: 'http://toolsqa.com/handling-alerts-using-selenium-webdriver/'

2018-12-13 15:04:43 - [TEST_STEP][PASSED] - maximizeWindow(): Current window maximized

2018-12-13 15:04:43 - [MESSAGE][PASSED] - Current window maximized

2018-12-13 15:04:43 - [TEST_STEP][PASSED] - delay(1): Delayed 1 second(s)

2018-12-13 15:04:44 - [MESSAGE][PASSED] - Delayed 1 second(s)

2018-12-13 15:04:44 - [TEST_STEP][PASSED] - scrollToElement(findTestObject("Shrutika/Page_TOOLSQA  Free QA Automation To/Simple Alert Pop up text"), 2): Scroll to object 'Object Repository/Shrutika/Page_TOOLSQA  Free QA Automation To/Simple Alert Pop up text' successfully

2018-12-13 15:04:44 - [MESSAGE][PASSED] - Scroll to object 'Object Repository/Shrutika/Page_TOOLSQA  Free QA Automation To/Simple Alert Pop up text' successfully

2018-12-13 15:04:44 - [TEST_STEP][PASSED] - click(findTestObject("Shrutika/Page_TOOLSQA  Free QA Automation To/button_Simple Alert")): Object: 'Object Repository/Shrutika/Page_TOOLSQA  Free QA Automation To/button_Simple Alert' is clicked on

2018-12-13 15:04:44 - [MESSAGE][PASSED] - Object: 'Object Repository/Shrutika/Page_TOOLSQA  Free QA Automation To/button_Simple Alert' is clicked on

2018-12-13 15:04:44 - [TEST_STEP][PASSED] - delay(1): Delayed 1 second(s)

2018-12-13 15:04:45 - [MESSAGE][PASSED] - Delayed 1 second(s)

2018-12-13 15:04:45 - [TEST_STEP][PASSED] - if (waitForAlert(5)): Alert accepted

2018-12-13 15:04:45 - [MESSAGE][PASSED] - Alert is present after 5 second(s).

2018-12-13 15:04:45 - [TEST_STEP][PASSED] - switchToWindowIndex(0): Switched to window with index: '0'

2018-12-13 15:04:45 - [MESSAGE][PASSED] - Switched to window with index: '0'

2018-12-13 15:04:45 - [TEST_STEP][PASSED] - acceptAlert(): Alert accepted

2018-12-13 15:04:46 - [MESSAGE][PASSED] - Alert accepted

2018-12-13 15:04:46 - [TEST_STEP][PASSED] - delay(1): Delayed 1 second(s)

2018-12-13 15:04:47 - [MESSAGE][PASSED] - Delayed 1 second(s)

2018-12-13 15:04:47 - [TEST_STEP][PASSED] - switchToDefaultContent(): null

2018-12-13 15:04:47 - [TEST_STEP][PASSED] - click(findTestObject("Shrutika/Page_TOOLSQA  Free QA Automation To/button_Confirm Pop up")): Object: 'Object Repository/Shrutika/Page_TOOLSQA  Free QA Automation To/button_Confirm Pop up' is clicked on

2018-12-13 15:04:47 - [MESSAGE][PASSED] - Object: 'Object Repository/Shrutika/Page_TOOLSQA  Free QA Automation To/button_Confirm Pop up' is clicked on

2018-12-13 15:04:47 - [TEST_STEP][PASSED] - delay(1): Delayed 1 second(s)

2018-12-13 15:04:48 - [MESSAGE][PASSED] - Delayed 1 second(s)

2018-12-13 15:04:48 - [TEST_STEP][PASSED] - if (waitForAlert(2)): Alert dismissed

2018-12-13 15:04:48 - [MESSAGE][PASSED] - Alert is present after 2 second(s).

2018-12-13 15:04:48 - [TEST_STEP][PASSED] - switchToWindowIndex(0): Switched to window with index: '0'

2018-12-13 15:04:48 - [MESSAGE][PASSED] - Switched to window with index: '0'

2018-12-13 15:04:48 - [TEST_STEP][PASSED] - dismissAlert(): Alert dismissed

2018-12-13 15:04:48 - [MESSAGE][PASSED] - Alert dismissed

2018-12-13 15:04:48 - [TEST_STEP][PASSED] - delay(2): Delayed 2 second(s)

2018-12-13 15:04:50 - [MESSAGE][PASSED] - Delayed 2 second(s)

2018-12-13 15:04:50 - [TEST_STEP][PASSED] - switchToDefaultContent(): null

2018-12-13 15:04:50 - [TEST_STEP][PASSED] - click(findTestObject("Shrutika/Page_TOOLSQA  Free QA Automation To/button_Prompt Pop up")): Object: 'Object Repository/Shrutika/Page_TOOLSQA  Free QA Automation To/button_Prompt Pop up' is clicked on

2018-12-13 15:04:50 - [MESSAGE][PASSED] - Object: 'Object Repository/Shrutika/Page_TOOLSQA  Free QA Automation To/button_Prompt Pop up' is clicked on

2018-12-13 15:04:50 - [TEST_STEP][PASSED] - delay(2): Delayed 2 second(s)

2018-12-13 15:04:52 - [MESSAGE][PASSED] - Delayed 2 second(s)

2018-12-13 15:04:52 - [TEST_STEP][PASSED] - if (waitForAlert(5)): Alert accepted

2018-12-13 15:04:52 - [MESSAGE][PASSED] - Alert is present after 5 second(s).

2018-12-13 15:04:52 - [TEST_STEP][PASSED] - switchToWindowIndex(0): Switched to window with index: '0'

2018-12-13 15:04:52 - [MESSAGE][PASSED] - Switched to window with index: '0'

2018-12-13 15:04:52 - [TEST_STEP][PASSED] - println(getAlertText()): Get alert text successfully: 'Do you like toolsqa?'

2018-12-13 15:04:52 - [MESSAGE][PASSED] - Get alert text successfully: 'Do you like toolsqa?'

2018-12-13 15:04:52 - [TEST_STEP][PASSED] - delay(2): Delayed 2 second(s)

2018-12-13 15:04:54 - [MESSAGE][PASSED] - Delayed 2 second(s)

2018-12-13 15:04:54 - [TEST_STEP][PASSED] - acceptAlert(): Alert accepted

2018-12-13 15:04:54 - [MESSAGE][PASSED] - Alert accepted

2018-12-13 15:04:54 - [TEST_STEP][PASSED] - switchToDefaultContent(): null

2018-12-13 15:04:54 - [TEST_STEP][PASSED] - closeBrowser(): Browser is closed

2018-12-13 15:04:56 - [MESSAGE][PASSED] - Browser is closed

2018-12-13 15:04:56 - [TEST_STEP][PASSED] - Start listener action : sampleAfterTestCase: null

2018-12-13 15:04:56 - [TEST_STEP][PASSED] - println(testCaseContext.getTestCaseId()): null

2018-12-13 15:04:56 - [TEST_STEP][PASSED] - println(testCaseContext.getTestCaseStatus()): null

2018-12-13 15:04:56 - [TEST_STEP][PASSED] - println(testCaseContext.getMessage()): null

2018-12-13 15:04:56 - [TEST_STEP][PASSED] - Start listener action : sampleAfterTestCase: null

2018-12-13 15:04:56 - [TEST_STEP][PASSED] - println(testCaseContext.getTestCaseId()): null

2018-12-13 15:04:56 - [TEST_STEP][PASSED] - println(testCaseContext.getTestCaseStatus()): null]]></system-out>
         <system-err><![CDATA[]]></system-err>
      </testcase>
      <testcase name="Test Cases/Shrutika/PopUp/AlertWindowPopUp Test Case" classname="Test Cases/Shrutika/PopUp/AlertWindowPopUp Test Case" status="PASSED">
         <system-out><![CDATA[2018-12-13 15:04:56 - [TEST_CASE][PASSED] - Test Cases/Shrutika/PopUp/AlertWindowPopUp Test Case: Test Cases/Shrutika/PopUp/AlertWindowPopUp Test Case

2018-12-13 15:04:56 - [TEST_STEP][PASSED] - Start listener action : sampleBeforeTestCase: null

2018-12-13 15:04:56 - [TEST_STEP][PASSED] - println(testCaseContext.getTestCaseId()): null

2018-12-13 15:04:56 - [TEST_STEP][PASSED] - println(testCaseContext.getTestCaseVariables()): null

2018-12-13 15:04:56 - [TEST_STEP][PASSED] - println(testCaseContext.getMessage()): null

2018-12-13 15:04:56 - [TEST_STEP][PASSED] - Start listener action : sampleBeforeTestCase: null

2018-12-13 15:04:56 - [TEST_STEP][PASSED] - println(testCaseContext.getTestCaseId()): null

2018-12-13 15:04:56 - [TEST_STEP][PASSED] - println(testCaseContext.getTestCaseVariables()): null

2018-12-13 15:04:56 - [TEST_STEP][PASSED] - openBrowser("https://www.elated.com/articles/javascript-tabs/"): Browser is opened with url: 'https://www.elated.com/articles/javascript-tabs/'

2018-12-13 15:04:56 - [MESSAGE][INFO] - Starting 'Firefox' driver

2018-12-13 15:05:26 - [MESSAGE][PASSED] - Browser is opened with url: 'https://www.elated.com/articles/javascript-tabs/'

2018-12-13 15:05:26 - [TEST_STEP][PASSED] - maximizeWindow(): Current window maximized

2018-12-13 15:05:26 - [MESSAGE][PASSED] - Current window maximized

2018-12-13 15:05:26 - [TEST_STEP][PASSED] - switchToFrame(findTestObject("Object Repository/Shrutika/Page_JavaScript Tabs - Create Tabbe/iframe_The Document Object Mod"), 2): null

2018-12-13 15:05:26 - [TEST_STEP][PASSED] - click(findTestObject("Object Repository/Shrutika/Page_JavaScript Tabs - Create Tabbe/div_id(katalon-spy_elementInfo")): Object: 'Object Repository/Shrutika/Page_JavaScript Tabs - Create Tabbe/div_id(katalon-spy_elementInfo' is clicked on

2018-12-13 15:05:26 - [MESSAGE][PASSED] - Object: 'Object Repository/Shrutika/Page_JavaScript Tabs - Create Tabbe/div_id(katalon-spy_elementInfo' is clicked on

2018-12-13 15:05:26 - [TEST_STEP][PASSED] - switchToWindowTitle("Share a link on Twitter"): Switched to window with title: 'Share a link on Twitter'

2018-12-13 15:05:27 - [MESSAGE][PASSED] - Switched to window with title: 'Share a link on Twitter'

2018-12-13 15:05:27 - [TEST_STEP][PASSED] - setText(findTestObject("Object Repository/Shrutika/Page_Share a link on Twitter/input_Phone email or username_"), "Abc"): Text 'Abc' is set on object 'Object Repository/Shrutika/Page_Share a link on Twitter/input_Phone email or username_'

2018-12-13 15:05:27 - [MESSAGE][PASSED] - Text 'Abc' is set on object 'Object Repository/Shrutika/Page_Share a link on Twitter/input_Phone email or username_'

2018-12-13 15:05:27 - [TEST_STEP][PASSED] - setText(findTestObject("Object Repository/Shrutika/Page_Share a link on Twitter/input_Password_sessionpassword"), "Password"): Text 'Password' is set on object 'Object Repository/Shrutika/Page_Share a link on Twitter/input_Password_sessionpassword'

2018-12-13 15:05:27 - [MESSAGE][PASSED] - Text 'Password' is set on object 'Object Repository/Shrutika/Page_Share a link on Twitter/input_Password_sessionpassword'

2018-12-13 15:05:27 - [TEST_STEP][PASSED] - verifyTextPresent("Share a link with your followers", false): Text 'Share a link with your followers' is present on page 

2018-12-13 15:05:27 - [MESSAGE][PASSED] - Text 'Share a link with your followers' is present on page 

2018-12-13 15:05:27 - [TEST_STEP][PASSED] - closeBrowser(): Browser is closed

2018-12-13 15:05:29 - [MESSAGE][PASSED] - Browser is closed

2018-12-13 15:05:29 - [TEST_STEP][PASSED] - Start listener action : sampleAfterTestCase: null

2018-12-13 15:05:29 - [TEST_STEP][PASSED] - println(testCaseContext.getTestCaseId()): null

2018-12-13 15:05:29 - [TEST_STEP][PASSED] - println(testCaseContext.getTestCaseStatus()): null

2018-12-13 15:05:29 - [TEST_STEP][PASSED] - println(testCaseContext.getMessage()): null

2018-12-13 15:05:29 - [TEST_STEP][PASSED] - Start listener action : sampleAfterTestCase: null

2018-12-13 15:05:29 - [TEST_STEP][PASSED] - println(testCaseContext.getTestCaseId()): null

2018-12-13 15:05:29 - [TEST_STEP][PASSED] - println(testCaseContext.getTestCaseStatus()): null]]></system-out>
         <system-err><![CDATA[]]></system-err>
      </testcase>
      <system-out><![CDATA[2018-12-13 15:03:19 - [TEST_SUITE][FAILED] - TestSuite_2: Test Cases/Shrutika/IFrame Test Case FAILED.
Reason:
com.kms.katalon.core.exception.StepFailedException: Unable to set text 'Shrutika' of object 'Object Repository/Shrutika/Page_TOOLSQA  Free QA Automation To/input_First name_firstname' (Root cause: org.openqa.selenium.ElementNotInteractableException: Element <input name="firstname" type="text"> could not be scrolled into view
Build info: version: '3.7.1', revision: '8a0099a', time: '2017-11-06T21:07:36.161Z'
System info: host: 'INLN56580283A', ip: '192.168.242.1', os.name: 'Windows 10', os.arch: 'amd64', os.version: '10.0', java.version: '1.8.0_181'
Driver info: com.kms.katalon.core.webui.driver.firefox.CGeckoDriver
Capabilities {acceptInsecureCerts: true, browserName: firefox, browserVersion: 63.0.3, javascriptEnabled: true, moz:accessibilityChecks: false, moz:geckodriverVersion: 0.23.0, moz:headless: false, moz:processID: 17168, moz:profile: C:\Users\c5281054\AppData\L..., moz:useNonSpecCompliantPointerOrigin: false, moz:webdriverClick: true, pageLoadStrategy: normal, platform: WINDOWS, platformName: WINDOWS, platformVersion: 10.0, proxy: Proxy(direct), rotatable: false, setWindowRect: true, timeouts: {implicit: 0, pageLoad: 300000, script: 30000}, unhandledPromptBehavior: dismiss and notify}
Session ID: 3141254f-c5e0-4164-85f2-20116e890042)
	at com.kms.katalon.core.keyword.internal.KeywordMain.stepFailed(KeywordMain.groovy:32)
	at com.kms.katalon.core.webui.keyword.internal.WebUIKeywordMain.stepFailed(WebUIKeywordMain.groovy:65)
	at com.kms.katalon.core.webui.keyword.internal.WebUIKeywordMain.runKeyword(WebUIKeywordMain.groovy:27)
	at com.kms.katalon.core.webui.keyword.builtin.SetTextKeyword.setText(SetTextKeyword.groovy:65)
	at com.kms.katalon.core.webui.keyword.builtin.SetTextKeyword.execute(SetTextKeyword.groovy:37)
	at com.kms.katalon.core.keyword.internal.KeywordExecutor.executeKeywordForPlatform(KeywordExecutor.groovy:53)
	at com.kms.katalon.core.webui.keyword.WebUiBuiltInKeywords.setText(WebUiBuiltInKeywords.groovy:950)
	at com.kms.katalon.core.webui.keyword.WebUiBuiltInKeywords$setText$4.call(Unknown Source)
	at IFrame Test Case.run(IFrame Test Case:26)
	at com.kms.katalon.core.main.ScriptEngine.run(ScriptEngine.java:194)
	at com.kms.katalon.core.main.ScriptEngine.runScriptAsRawText(ScriptEngine.java:119)
	at com.kms.katalon.core.main.TestCaseExecutor.runScript(TestCaseExecutor.java:321)
	at com.kms.katalon.core.main.TestCaseExecutor.doExecute(TestCaseExecutor.java:312)
	at com.kms.katalon.core.main.TestCaseExecutor.processExecutionPhase(TestCaseExecutor.java:291)
	at com.kms.katalon.core.main.TestCaseExecutor.accessMainPhase(TestCaseExecutor.java:283)
	at com.kms.katalon.core.main.TestCaseExecutor.execute(TestCaseExecutor.java:222)
	at com.kms.katalon.core.main.TestSuiteExecutor.accessTestCaseMainPhase(TestSuiteExecutor.java:129)
	at com.kms.katalon.core.main.TestSuiteExecutor.accessTestSuiteMainPhase(TestSuiteExecutor.java:112)
	at com.kms.katalon.core.main.TestSuiteExecutor.execute(TestSuiteExecutor.java:81)
	at com.kms.katalon.core.main.TestCaseMain.startTestSuite(TestCaseMain.java:149)
	at com.kms.katalon.core.main.TestCaseMain$startTestSuite$0.call(Unknown Source)
	at TempTestSuite1544693594821.run(TempTestSuite1544693594821.groovy:36)]]></system-out>
      <system-err><![CDATA[2018-12-13 15:03:19 - [TEST_SUITE][FAILED] - TestSuite_2: Test Cases/Shrutika/IFrame Test Case FAILED.
Reason:
com.kms.katalon.core.exception.StepFailedException: Unable to set text 'Shrutika' of object 'Object Repository/Shrutika/Page_TOOLSQA  Free QA Automation To/input_First name_firstname' (Root cause: org.openqa.selenium.ElementNotInteractableException: Element <input name="firstname" type="text"> could not be scrolled into view
Build info: version: '3.7.1', revision: '8a0099a', time: '2017-11-06T21:07:36.161Z'
System info: host: 'INLN56580283A', ip: '192.168.242.1', os.name: 'Windows 10', os.arch: 'amd64', os.version: '10.0', java.version: '1.8.0_181'
Driver info: com.kms.katalon.core.webui.driver.firefox.CGeckoDriver
Capabilities {acceptInsecureCerts: true, browserName: firefox, browserVersion: 63.0.3, javascriptEnabled: true, moz:accessibilityChecks: false, moz:geckodriverVersion: 0.23.0, moz:headless: false, moz:processID: 17168, moz:profile: C:\Users\c5281054\AppData\L..., moz:useNonSpecCompliantPointerOrigin: false, moz:webdriverClick: true, pageLoadStrategy: normal, platform: WINDOWS, platformName: WINDOWS, platformVersion: 10.0, proxy: Proxy(direct), rotatable: false, setWindowRect: true, timeouts: {implicit: 0, pageLoad: 300000, script: 30000}, unhandledPromptBehavior: dismiss and notify}
Session ID: 3141254f-c5e0-4164-85f2-20116e890042)
	at com.kms.katalon.core.keyword.internal.KeywordMain.stepFailed(KeywordMain.groovy:32)
	at com.kms.katalon.core.webui.keyword.internal.WebUIKeywordMain.stepFailed(WebUIKeywordMain.groovy:65)
	at com.kms.katalon.core.webui.keyword.internal.WebUIKeywordMain.runKeyword(WebUIKeywordMain.groovy:27)
	at com.kms.katalon.core.webui.keyword.builtin.SetTextKeyword.setText(SetTextKeyword.groovy:65)
	at com.kms.katalon.core.webui.keyword.builtin.SetTextKeyword.execute(SetTextKeyword.groovy:37)
	at com.kms.katalon.core.keyword.internal.KeywordExecutor.executeKeywordForPlatform(KeywordExecutor.groovy:53)
	at com.kms.katalon.core.webui.keyword.WebUiBuiltInKeywords.setText(WebUiBuiltInKeywords.groovy:950)
	at com.kms.katalon.core.webui.keyword.WebUiBuiltInKeywords$setText$4.call(Unknown Source)
	at IFrame Test Case.run(IFrame Test Case:26)
	at com.kms.katalon.core.main.ScriptEngine.run(ScriptEngine.java:194)
	at com.kms.katalon.core.main.ScriptEngine.runScriptAsRawText(ScriptEngine.java:119)
	at com.kms.katalon.core.main.TestCaseExecutor.runScript(TestCaseExecutor.java:321)
	at com.kms.katalon.core.main.TestCaseExecutor.doExecute(TestCaseExecutor.java:312)
	at com.kms.katalon.core.main.TestCaseExecutor.processExecutionPhase(TestCaseExecutor.java:291)
	at com.kms.katalon.core.main.TestCaseExecutor.accessMainPhase(TestCaseExecutor.java:283)
	at com.kms.katalon.core.main.TestCaseExecutor.execute(TestCaseExecutor.java:222)
	at com.kms.katalon.core.main.TestSuiteExecutor.accessTestCaseMainPhase(TestSuiteExecutor.java:129)
	at com.kms.katalon.core.main.TestSuiteExecutor.accessTestSuiteMainPhase(TestSuiteExecutor.java:112)
	at com.kms.katalon.core.main.TestSuiteExecutor.execute(TestSuiteExecutor.java:81)
	at com.kms.katalon.core.main.TestCaseMain.startTestSuite(TestCaseMain.java:149)
	at com.kms.katalon.core.main.TestCaseMain$startTestSuite$0.call(Unknown Source)
	at TempTestSuite1544693594821.run(TempTestSuite1544693594821.groovy:36)]]></system-err>
   </testsuite>
</testsuites>
