<?xml version="1.0" encoding="UTF-8"?>
<testsuites name="Basic_login" time="133" tests="0" failures="1" errors="0">
   <testsuite name="Basic_login" tests="0" failures="1" errors="0" time="133" timestamp="2018-12-13 16:50:42" hostname="C5281054 - INLN56580283A.apj.global.corp.sap" id="Test Suites/NikitaS.A/Basic_login">
      <properties>
         <property name="deviceName" value=""/>
         <property name="devicePlatform" value=""/>
         <property name="logFolder" value="C:\\Users\\c5281054\\git\\KatalonDemo\\Reports\\NikitaS.A\\Basic_login\\20181213_165005"/>
         <property name="logFiles" value="C:\\Users\\c5281054\\git\\KatalonDemo\\Reports\\NikitaS.A\\Basic_login\\20181213_165005\\execution0.log"/>
         <property name="attachments" value="C:\\Users\\c5281054\\git\\KatalonDemo\\Reports\\NikitaS.A\\Basic_login\\20181213_165005\\1544700139452.png"/>
         <property name="hostName" value="C5281054 - INLN56580283A.apj.global.corp.sap"/>
         <property name="os" value="Windows 10 64bit"/>
         <property name="katalonVersion" value="5.9.1.2"/>
         <property name="browser" value="Chrome 71.0.3578.98"/>
         <property name="hostAddress" value="192.168.242.1"/>
         <property name="sessionId" value="2bffb6ec627c4a6e4563dd8988f8e2ba"/>
         <property name="seleniumVersion" value="3.7.1"/>
         <property name="proxyInformation" value="ProxyInformation{proxyOption=NO_PROXY, proxyServerType=HTTP, password=, proxyServerAddress=, proxyServerPort=0}"/>
         <property name="platform" value="Windows 10"/>
      </properties>
      <testcase name="Test Cases/Nikita.A/Basiclogin" classname="Test Cases/Nikita.A/Basiclogin" status="FAILED">
         <failure type="FAILED" message="Test Cases/Nikita.A/Basiclogin FAILED.
Reason:
com.kms.katalon.core.exception.StepFailedException: com.kms.katalon.core.webui.exception.WebElementNotFoundException: Web element with id: 'Object Repository/Basiclogin/a_Welcome Admin' located by 'By.xpath: //a[@href = '#' and @id = 'welcomes' and (text() = 'Welcome Admins' or . = 'Welcome Admins')]' not found
	at com.kms.katalon.core.keyword.internal.KeywordMain.stepFailed(KeywordMain.groovy:32)
	at com.kms.katalon.core.webui.keyword.internal.WebUIKeywordMain.stepFailed(WebUIKeywordMain.groovy:65)
	at com.kms.katalon.core.webui.keyword.builtin.VerifyElementPresentKeyword$_verifyElementPresent_closure1.doCall(VerifyElementPresentKeyword.groovy:85)
	at com.kms.katalon.core.webui.keyword.builtin.VerifyElementPresentKeyword$_verifyElementPresent_closure1.call(VerifyElementPresentKeyword.groovy)
	at com.kms.katalon.core.webui.keyword.internal.WebUIKeywordMain.runKeyword(WebUIKeywordMain.groovy:21)
	at com.kms.katalon.core.webui.keyword.builtin.VerifyElementPresentKeyword.verifyElementPresent(VerifyElementPresentKeyword.groovy:92)
	at com.kms.katalon.core.webui.keyword.builtin.VerifyElementPresentKeyword.execute(VerifyElementPresentKeyword.groovy:68)
	at com.kms.katalon.core.keyword.internal.KeywordExecutor.executeKeywordForPlatform(KeywordExecutor.groovy:53)
	at com.kms.katalon.core.webui.keyword.WebUiBuiltInKeywords.verifyElementPresent(WebUiBuiltInKeywords.groovy:1434)
	at com.kms.katalon.core.webui.keyword.WebUiBuiltInKeywords$verifyElementPresent$3.call(Unknown Source)
	at nikitas.a.Sample.checkelement(Sample.groovy:28)
	at nikitas.a.Sample.invokeMethod(Sample.groovy)
	at com.kms.katalon.core.main.CustomKeywordDelegatingMetaClass.invokeStaticMethod(CustomKeywordDelegatingMetaClass.java:49)
	at Basiclogin.run(Basiclogin:37)
	at com.kms.katalon.core.main.ScriptEngine.run(ScriptEngine.java:194)
	at com.kms.katalon.core.main.ScriptEngine.runScriptAsRawText(ScriptEngine.java:119)
	at com.kms.katalon.core.main.TestCaseExecutor.runScript(TestCaseExecutor.java:321)
	at com.kms.katalon.core.main.TestCaseExecutor.doExecute(TestCaseExecutor.java:312)
	at com.kms.katalon.core.main.TestCaseExecutor.processExecutionPhase(TestCaseExecutor.java:291)
	at com.kms.katalon.core.main.TestCaseExecutor.accessMainPhase(TestCaseExecutor.java:283)
	at com.kms.katalon.core.main.TestCaseExecutor.execute(TestCaseExecutor.java:222)
	at com.kms.katalon.core.main.TestSuiteExecutor.accessTestCaseMainPhase(TestSuiteExecutor.java:129)
	at com.kms.katalon.core.main.TestSuiteExecutor.accessTestSuiteMainPhase(TestSuiteExecutor.java:112)
	at com.kms.katalon.core.main.TestSuiteExecutor.execute(TestSuiteExecutor.java:81)
	at com.kms.katalon.core.main.TestCaseMain.startTestSuite(TestCaseMain.java:149)
	at com.kms.katalon.core.main.TestCaseMain$startTestSuite$0.call(Unknown Source)
	at TempTestSuite1544700005803.run(TempTestSuite1544700005803.groovy:36)
"/>
         <system-out><![CDATA[2018-12-13 16:50:48 - [TEST_CASE][FAILED] - Test Cases/Nikita.A/Basiclogin: Test Cases/Nikita.A/Basiclogin FAILED.
Reason:
com.kms.katalon.core.exception.StepFailedException: com.kms.katalon.core.webui.exception.WebElementNotFoundException: Web element with id: 'Object Repository/Basiclogin/a_Welcome Admin' located by 'By.xpath: //a[@href = '#' and @id = 'welcomes' and (text() = 'Welcome Admins' or . = 'Welcome Admins')]' not found
	at com.kms.katalon.core.keyword.internal.KeywordMain.stepFailed(KeywordMain.groovy:32)
	at com.kms.katalon.core.webui.keyword.internal.WebUIKeywordMain.stepFailed(WebUIKeywordMain.groovy:65)
	at com.kms.katalon.core.webui.keyword.builtin.VerifyElementPresentKeyword$_verifyElementPresent_closure1.doCall(VerifyElementPresentKeyword.groovy:85)
	at com.kms.katalon.core.webui.keyword.builtin.VerifyElementPresentKeyword$_verifyElementPresent_closure1.call(VerifyElementPresentKeyword.groovy)
	at com.kms.katalon.core.webui.keyword.internal.WebUIKeywordMain.runKeyword(WebUIKeywordMain.groovy:21)
	at com.kms.katalon.core.webui.keyword.builtin.VerifyElementPresentKeyword.verifyElementPresent(VerifyElementPresentKeyword.groovy:92)
	at com.kms.katalon.core.webui.keyword.builtin.VerifyElementPresentKeyword.execute(VerifyElementPresentKeyword.groovy:68)
	at com.kms.katalon.core.keyword.internal.KeywordExecutor.executeKeywordForPlatform(KeywordExecutor.groovy:53)
	at com.kms.katalon.core.webui.keyword.WebUiBuiltInKeywords.verifyElementPresent(WebUiBuiltInKeywords.groovy:1434)
	at com.kms.katalon.core.webui.keyword.WebUiBuiltInKeywords$verifyElementPresent$3.call(Unknown Source)
	at nikitas.a.Sample.checkelement(Sample.groovy:28)
	at nikitas.a.Sample.invokeMethod(Sample.groovy)
	at com.kms.katalon.core.main.CustomKeywordDelegatingMetaClass.invokeStaticMethod(CustomKeywordDelegatingMetaClass.java:49)
	at Basiclogin.run(Basiclogin:37)
	at com.kms.katalon.core.main.ScriptEngine.run(ScriptEngine.java:194)
	at com.kms.katalon.core.main.ScriptEngine.runScriptAsRawText(ScriptEngine.java:119)
	at com.kms.katalon.core.main.TestCaseExecutor.runScript(TestCaseExecutor.java:321)
	at com.kms.katalon.core.main.TestCaseExecutor.doExecute(TestCaseExecutor.java:312)
	at com.kms.katalon.core.main.TestCaseExecutor.processExecutionPhase(TestCaseExecutor.java:291)
	at com.kms.katalon.core.main.TestCaseExecutor.accessMainPhase(TestCaseExecutor.java:283)
	at com.kms.katalon.core.main.TestCaseExecutor.execute(TestCaseExecutor.java:222)
	at com.kms.katalon.core.main.TestSuiteExecutor.accessTestCaseMainPhase(TestSuiteExecutor.java:129)
	at com.kms.katalon.core.main.TestSuiteExecutor.accessTestSuiteMainPhase(TestSuiteExecutor.java:112)
	at com.kms.katalon.core.main.TestSuiteExecutor.execute(TestSuiteExecutor.java:81)
	at com.kms.katalon.core.main.TestCaseMain.startTestSuite(TestCaseMain.java:149)
	at com.kms.katalon.core.main.TestCaseMain$startTestSuite$0.call(Unknown Source)
	at TempTestSuite1544700005803.run(TempTestSuite1544700005803.groovy:36)


2018-12-13 16:50:49 - [TEST_STEP][PASSED] - Start listener action : sampleBeforeTestCase: null

2018-12-13 16:50:49 - [TEST_STEP][PASSED] - println(testCaseContext.getTestCaseId()): null

2018-12-13 16:50:49 - [TEST_STEP][PASSED] - println(testCaseContext.getTestCaseVariables()): null

2018-12-13 16:50:49 - [TEST_STEP][PASSED] - println(testCaseContext.getMessage()): null

2018-12-13 16:50:49 - [TEST_STEP][PASSED] - Start listener action : sampleBeforeTestCase: null

2018-12-13 16:50:49 - [TEST_STEP][PASSED] - println(testCaseContext.getTestCaseId()): null

2018-12-13 16:50:49 - [TEST_STEP][PASSED] - println(testCaseContext.getTestCaseVariables()): null

2018-12-13 16:50:51 - [TEST_STEP][PASSED] - openBrowser(""): Browser is opened with url: ''

2018-12-13 16:50:54 - [MESSAGE][INFO] - Starting 'Chrome' driver

2018-12-13 16:50:54 - [MESSAGE][INFO] - Action delay is set to 0 seconds

2018-12-13 16:51:39 - [MESSAGE][PASSED] - Browser is opened with url: ''

2018-12-13 16:51:39 - [TEST_STEP][PASSED] - navigateToUrl("https://opensource-demo.orangehrmlive.com/"): Navigate to 'https://opensource-demo.orangehrmlive.com/' successfully

2018-12-13 16:51:50 - [MESSAGE][PASSED] - Navigate to 'https://opensource-demo.orangehrmlive.com/' successfully

2018-12-13 16:51:50 - [TEST_STEP][PASSED] - click(findTestObject("Object Repository/Basiclogin/span_Username (1)")): Object: 'Object Repository/Basiclogin/span_Username (1)' is clicked on

2018-12-13 16:51:55 - [MESSAGE][PASSED] - Object: 'Object Repository/Basiclogin/span_Username (1)' is clicked on

2018-12-13 16:51:55 - [TEST_STEP][PASSED] - setText(findTestObject("Object Repository/Basiclogin/input_LOGIN Panel_txtUsername (1)"), Username): Text 'Admin' is set on object 'Object Repository/Basiclogin/input_LOGIN Panel_txtUsername (1)'

2018-12-13 16:51:57 - [MESSAGE][PASSED] - Text 'Admin' is set on object 'Object Repository/Basiclogin/input_LOGIN Panel_txtUsername (1)'

2018-12-13 16:51:57 - [TEST_STEP][PASSED] - setText(findTestObject("Object Repository/Basiclogin/input_Username_txtPassword"), Password): Text 'admin123' is set on object 'Object Repository/Basiclogin/input_Username_txtPassword'

2018-12-13 16:52:00 - [MESSAGE][PASSED] - Text 'admin123' is set on object 'Object Repository/Basiclogin/input_Username_txtPassword'

2018-12-13 16:52:00 - [TEST_STEP][PASSED] - click(findTestObject("Object Repository/Basiclogin/input_Password_Submit (1)")): Object: 'Object Repository/Basiclogin/input_Password_Submit (1)' is clicked on

2018-12-13 16:52:12 - [MESSAGE][PASSED] - Object: 'Object Repository/Basiclogin/input_Password_Submit (1)' is clicked on

2018-12-13 16:52:12 - [TEST_STEP][FAILED] - nikitas.a.Sample.checkelement(findTestObject("Object Repository/Basiclogin/a_Welcome Admin")): com.kms.katalon.core.exception.StepFailedException: com.kms.katalon.core.webui.exception.WebElementNotFoundException: Web element with id: 'Object Repository/Basiclogin/a_Welcome Admin' located by 'By.xpath: //a[@href = '#' and @id = 'welcomes' and (text() = 'Welcome Admins' or . = 'Welcome Admins')]' not found

2018-12-13 16:52:19 - [MESSAGE][INFO] - Unable to find the element located by 'By.xpath: //a[@href = '#' and @id = 'welcomes' and (text() = 'Welcome Admins' or . = 'Welcome Admins')]'. Please recheck the objects properties to make sure the desired element is located. 

2018-12-13 16:52:20 - [MESSAGE][FAILED] - com.kms.katalon.core.webui.exception.WebElementNotFoundException: Web element with id: 'Object Repository/Basiclogin/a_Welcome Admin' located by 'By.xpath: //a[@href = '#' and @id = 'welcomes' and (text() = 'Welcome Admins' or . = 'Welcome Admins')]' not found
[[ATTACHMENT|C:\\Users\\c5281054\\git\\KatalonDemo\\Reports\\NikitaS.A\\Basic_login\\20181213_165005\\1544700139452.png]]

2018-12-13 16:52:20 - [MESSAGE][FAILED] - com.kms.katalon.core.exception.StepFailedException: com.kms.katalon.core.webui.exception.WebElementNotFoundException: Web element with id: 'Object Repository/Basiclogin/a_Welcome Admin' located by 'By.xpath: //a[@href = '#' and @id = 'welcomes' and (text() = 'Welcome Admins' or . = 'Welcome Admins')]' not found

2018-12-13 16:52:20 - [TEST_STEP][PASSED] - Text = getText(findTestObject("Object Repository/Basiclogin/span_Assign Leave")): Text of object 'Object Repository/Basiclogin/span_Assign Leave' is: 'Assign Leave'

2018-12-13 16:52:21 - [MESSAGE][PASSED] - Text of object 'Object Repository/Basiclogin/span_Assign Leave' is: 'Assign Leave'

2018-12-13 16:52:21 - [TEST_STEP][FAILED] - verifyEqual(Text, "Assign123", CONTINUE_ON_FAILURE): Unable to verify equal between actual object 'Assign Leave' and expected object 'Assign123' (Root cause: com.kms.katalon.core.exception.StepFailedException: Actual object 'Assign Leave' and expected object 'Assign123' are not equal)

2018-12-13 16:52:21 - [MESSAGE][FAILED] - Unable to verify equal between actual object 'Assign Leave' and expected object 'Assign123' (Root cause: com.kms.katalon.core.exception.StepFailedException: Actual object 'Assign Leave' and expected object 'Assign123' are not equal)

2018-12-13 16:52:21 - [TEST_STEP][FAILED] - verifyEqual(Text, "Assigned Leave"): Unable to verify equal between actual object 'Assign Leave' and expected object 'Assigned Leave' (Root cause: com.kms.katalon.core.exception.StepFailedException: Actual object 'Assign Leave' and expected object 'Assigned Leave' are not equal)

2018-12-13 16:52:21 - [MESSAGE][FAILED] - Unable to verify equal between actual object 'Assign Leave' and expected object 'Assigned Leave' (Root cause: com.kms.katalon.core.exception.StepFailedException: Actual object 'Assign Leave' and expected object 'Assigned Leave' are not equal)

2018-12-13 16:52:21 - [TEST_STEP][PASSED] - nikitas.a.Sample.checkelement(findTestObject("Object Repository/Basiclogin/img")): nikitas.a.Sample.checkelement is PASSED

2018-12-13 16:52:21 - [MESSAGE][PASSED] - Object 'Object Repository/Basiclogin/img' is present

2018-12-13 16:52:21 - [MESSAGE][PASSED] - nikitas.a.Sample.checkelement is PASSED

2018-12-13 16:52:21 - [TEST_STEP][PASSED] - click(findTestObject("Basiclogin/img")): Object: 'Object Repository/Basiclogin/img' is clicked on

2018-12-13 16:52:23 - [MESSAGE][PASSED] - Object: 'Object Repository/Basiclogin/img' is clicked on

2018-12-13 16:52:23 - [TEST_STEP][PASSED] - setText(findTestObject("Object Repository/Basiclogin/input__timeemployeeName"), "abc"): Text 'abc' is set on object 'Object Repository/Basiclogin/input__timeemployeeName'

2018-12-13 16:52:24 - [MESSAGE][PASSED] - Text 'abc' is set on object 'Object Repository/Basiclogin/input__timeemployeeName'

2018-12-13 16:52:24 - [TEST_STEP][PASSED] - click(findTestObject("Object Repository/Basiclogin/input__btnView (1)")): Object: 'Object Repository/Basiclogin/input__btnView (1)' is clicked on

2018-12-13 16:52:25 - [MESSAGE][PASSED] - Object: 'Object Repository/Basiclogin/input__btnView (1)' is clicked on

2018-12-13 16:52:25 - [TEST_STEP][PASSED] - verifyElementPresent(findTestObject("Basiclogin/span_Invalid"), 0): Object 'Object Repository/Basiclogin/span_Invalid' is present

2018-12-13 16:52:25 - [MESSAGE][WARNING] - Timeout '0' is invalid. Using default page load timeout: '30'

2018-12-13 16:52:25 - [MESSAGE][PASSED] - Object 'Object Repository/Basiclogin/span_Invalid' is present

2018-12-13 16:52:25 - [TEST_STEP][FAILED] - closeBrowser(): closeBrowser() FAILED.
Reason:
com.kms.katalon.core.exception.StepFailedException: com.kms.katalon.core.webui.exception.WebElementNotFoundException: Web element with id: 'Object Repository/Basiclogin/a_Welcome Admin' located by 'By.xpath: //a[@href = '#' and @id = 'welcomes' and (text() = 'Welcome Admins' or . = 'Welcome Admins')]' not found
	at com.kms.katalon.core.keyword.internal.KeywordMain.stepFailed(KeywordMain.groovy:32)
	at com.kms.katalon.core.webui.keyword.internal.WebUIKeywordMain.stepFailed(WebUIKeywordMain.groovy:65)
	at com.kms.katalon.core.webui.keyword.builtin.VerifyElementPresentKeyword$_verifyElementPresent_closure1.doCall(VerifyElementPresentKeyword.groovy:85)
	at com.kms.katalon.core.webui.keyword.builtin.VerifyElementPresentKeyword$_verifyElementPresent_closure1.call(VerifyElementPresentKeyword.groovy)
	at com.kms.katalon.core.webui.keyword.internal.WebUIKeywordMain.runKeyword(WebUIKeywordMain.groovy:21)
	at com.kms.katalon.core.webui.keyword.builtin.VerifyElementPresentKeyword.verifyElementPresent(VerifyElementPresentKeyword.groovy:92)
	at com.kms.katalon.core.webui.keyword.builtin.VerifyElementPresentKeyword.execute(VerifyElementPresentKeyword.groovy:68)
	at com.kms.katalon.core.keyword.internal.KeywordExecutor.executeKeywordForPlatform(KeywordExecutor.groovy:53)
	at com.kms.katalon.core.webui.keyword.WebUiBuiltInKeywords.verifyElementPresent(WebUiBuiltInKeywords.groovy:1434)
	at com.kms.katalon.core.webui.keyword.WebUiBuiltInKeywords$verifyElementPresent$3.call(Unknown Source)
	at nikitas.a.Sample.checkelement(Sample.groovy:28)
	at nikitas.a.Sample.invokeMethod(Sample.groovy)
	at com.kms.katalon.core.main.CustomKeywordDelegatingMetaClass.invokeStaticMethod(CustomKeywordDelegatingMetaClass.java:49)
	at Basiclogin.run(Basiclogin:37)
	at com.kms.katalon.core.main.ScriptEngine.run(ScriptEngine.java:194)
	at com.kms.katalon.core.main.ScriptEngine.runScriptAsRawText(ScriptEngine.java:119)
	at com.kms.katalon.core.main.TestCaseExecutor.runScript(TestCaseExecutor.java:321)
	at com.kms.katalon.core.main.TestCaseExecutor.doExecute(TestCaseExecutor.java:312)
	at com.kms.katalon.core.main.TestCaseExecutor.processExecutionPhase(TestCaseExecutor.java:291)
	at com.kms.katalon.core.main.TestCaseExecutor.accessMainPhase(TestCaseExecutor.java:283)
	at com.kms.katalon.core.main.TestCaseExecutor.execute(TestCaseExecutor.java:222)
	at com.kms.katalon.core.main.TestSuiteExecutor.accessTestCaseMainPhase(TestSuiteExecutor.java:129)
	at com.kms.katalon.core.main.TestSuiteExecutor.accessTestSuiteMainPhase(TestSuiteExecutor.java:112)
	at com.kms.katalon.core.main.TestSuiteExecutor.execute(TestSuiteExecutor.java:81)
	at com.kms.katalon.core.main.TestCaseMain.startTestSuite(TestCaseMain.java:149)
	at com.kms.katalon.core.main.TestCaseMain$startTestSuite$0.call(Unknown Source)
	at TempTestSuite1544700005803.run(TempTestSuite1544700005803.groovy:36)


2018-12-13 16:52:55 - [MESSAGE][PASSED] - Browser is closed

2018-12-13 16:52:55 - [MESSAGE][FAILED] - closeBrowser() FAILED.
Reason:
com.kms.katalon.core.exception.StepFailedException: com.kms.katalon.core.webui.exception.WebElementNotFoundException: Web element with id: 'Object Repository/Basiclogin/a_Welcome Admin' located by 'By.xpath: //a[@href = '#' and @id = 'welcomes' and (text() = 'Welcome Admins' or . = 'Welcome Admins')]' not found
	at com.kms.katalon.core.keyword.internal.KeywordMain.stepFailed(KeywordMain.groovy:32)
	at com.kms.katalon.core.webui.keyword.internal.WebUIKeywordMain.stepFailed(WebUIKeywordMain.groovy:65)
	at com.kms.katalon.core.webui.keyword.builtin.VerifyElementPresentKeyword$_verifyElementPresent_closure1.doCall(VerifyElementPresentKeyword.groovy:85)
	at com.kms.katalon.core.webui.keyword.builtin.VerifyElementPresentKeyword$_verifyElementPresent_closure1.call(VerifyElementPresentKeyword.groovy)
	at com.kms.katalon.core.webui.keyword.internal.WebUIKeywordMain.runKeyword(WebUIKeywordMain.groovy:21)
	at com.kms.katalon.core.webui.keyword.builtin.VerifyElementPresentKeyword.verifyElementPresent(VerifyElementPresentKeyword.groovy:92)
	at com.kms.katalon.core.webui.keyword.builtin.VerifyElementPresentKeyword.execute(VerifyElementPresentKeyword.groovy:68)
	at com.kms.katalon.core.keyword.internal.KeywordExecutor.executeKeywordForPlatform(KeywordExecutor.groovy:53)
	at com.kms.katalon.core.webui.keyword.WebUiBuiltInKeywords.verifyElementPresent(WebUiBuiltInKeywords.groovy:1434)
	at com.kms.katalon.core.webui.keyword.WebUiBuiltInKeywords$verifyElementPresent$3.call(Unknown Source)
	at nikitas.a.Sample.checkelement(Sample.groovy:28)
	at nikitas.a.Sample.invokeMethod(Sample.groovy)
	at com.kms.katalon.core.main.CustomKeywordDelegatingMetaClass.invokeStaticMethod(CustomKeywordDelegatingMetaClass.java:49)
	at Basiclogin.run(Basiclogin:37)
	at com.kms.katalon.core.main.ScriptEngine.run(ScriptEngine.java:194)
	at com.kms.katalon.core.main.ScriptEngine.runScriptAsRawText(ScriptEngine.java:119)
	at com.kms.katalon.core.main.TestCaseExecutor.runScript(TestCaseExecutor.java:321)
	at com.kms.katalon.core.main.TestCaseExecutor.doExecute(TestCaseExecutor.java:312)
	at com.kms.katalon.core.main.TestCaseExecutor.processExecutionPhase(TestCaseExecutor.java:291)
	at com.kms.katalon.core.main.TestCaseExecutor.accessMainPhase(TestCaseExecutor.java:283)
	at com.kms.katalon.core.main.TestCaseExecutor.execute(TestCaseExecutor.java:222)
	at com.kms.katalon.core.main.TestSuiteExecutor.accessTestCaseMainPhase(TestSuiteExecutor.java:129)
	at com.kms.katalon.core.main.TestSuiteExecutor.accessTestSuiteMainPhase(TestSuiteExecutor.java:112)
	at com.kms.katalon.core.main.TestSuiteExecutor.execute(TestSuiteExecutor.java:81)
	at com.kms.katalon.core.main.TestCaseMain.startTestSuite(TestCaseMain.java:149)
	at com.kms.katalon.core.main.TestCaseMain$startTestSuite$0.call(Unknown Source)
	at TempTestSuite1544700005803.run(TempTestSuite1544700005803.groovy:36)


2018-12-13 16:52:55 - [TEST_STEP][PASSED] - Start listener action : sampleAfterTestCase: null

2018-12-13 16:52:55 - [TEST_STEP][PASSED] - println(testCaseContext.getTestCaseId()): null

2018-12-13 16:52:55 - [TEST_STEP][PASSED] - println(testCaseContext.getTestCaseStatus()): null

2018-12-13 16:52:55 - [TEST_STEP][PASSED] - println(testCaseContext.getMessage()): null

2018-12-13 16:52:55 - [TEST_STEP][PASSED] - Start listener action : sampleAfterTestCase: null

2018-12-13 16:52:55 - [TEST_STEP][PASSED] - println(testCaseContext.getTestCaseId()): null

2018-12-13 16:52:55 - [TEST_STEP][PASSED] - println(testCaseContext.getTestCaseStatus()): null]]></system-out>
         <system-err><![CDATA[2018-12-13 16:50:48 - [TEST_CASE][FAILED] - Test Cases/Nikita.A/Basiclogin: Test Cases/Nikita.A/Basiclogin FAILED.
Reason:
com.kms.katalon.core.exception.StepFailedException: com.kms.katalon.core.webui.exception.WebElementNotFoundException: Web element with id: 'Object Repository/Basiclogin/a_Welcome Admin' located by 'By.xpath: //a[@href = '#' and @id = 'welcomes' and (text() = 'Welcome Admins' or . = 'Welcome Admins')]' not found
	at com.kms.katalon.core.keyword.internal.KeywordMain.stepFailed(KeywordMain.groovy:32)
	at com.kms.katalon.core.webui.keyword.internal.WebUIKeywordMain.stepFailed(WebUIKeywordMain.groovy:65)
	at com.kms.katalon.core.webui.keyword.builtin.VerifyElementPresentKeyword$_verifyElementPresent_closure1.doCall(VerifyElementPresentKeyword.groovy:85)
	at com.kms.katalon.core.webui.keyword.builtin.VerifyElementPresentKeyword$_verifyElementPresent_closure1.call(VerifyElementPresentKeyword.groovy)
	at com.kms.katalon.core.webui.keyword.internal.WebUIKeywordMain.runKeyword(WebUIKeywordMain.groovy:21)
	at com.kms.katalon.core.webui.keyword.builtin.VerifyElementPresentKeyword.verifyElementPresent(VerifyElementPresentKeyword.groovy:92)
	at com.kms.katalon.core.webui.keyword.builtin.VerifyElementPresentKeyword.execute(VerifyElementPresentKeyword.groovy:68)
	at com.kms.katalon.core.keyword.internal.KeywordExecutor.executeKeywordForPlatform(KeywordExecutor.groovy:53)
	at com.kms.katalon.core.webui.keyword.WebUiBuiltInKeywords.verifyElementPresent(WebUiBuiltInKeywords.groovy:1434)
	at com.kms.katalon.core.webui.keyword.WebUiBuiltInKeywords$verifyElementPresent$3.call(Unknown Source)
	at nikitas.a.Sample.checkelement(Sample.groovy:28)
	at nikitas.a.Sample.invokeMethod(Sample.groovy)
	at com.kms.katalon.core.main.CustomKeywordDelegatingMetaClass.invokeStaticMethod(CustomKeywordDelegatingMetaClass.java:49)
	at Basiclogin.run(Basiclogin:37)
	at com.kms.katalon.core.main.ScriptEngine.run(ScriptEngine.java:194)
	at com.kms.katalon.core.main.ScriptEngine.runScriptAsRawText(ScriptEngine.java:119)
	at com.kms.katalon.core.main.TestCaseExecutor.runScript(TestCaseExecutor.java:321)
	at com.kms.katalon.core.main.TestCaseExecutor.doExecute(TestCaseExecutor.java:312)
	at com.kms.katalon.core.main.TestCaseExecutor.processExecutionPhase(TestCaseExecutor.java:291)
	at com.kms.katalon.core.main.TestCaseExecutor.accessMainPhase(TestCaseExecutor.java:283)
	at com.kms.katalon.core.main.TestCaseExecutor.execute(TestCaseExecutor.java:222)
	at com.kms.katalon.core.main.TestSuiteExecutor.accessTestCaseMainPhase(TestSuiteExecutor.java:129)
	at com.kms.katalon.core.main.TestSuiteExecutor.accessTestSuiteMainPhase(TestSuiteExecutor.java:112)
	at com.kms.katalon.core.main.TestSuiteExecutor.execute(TestSuiteExecutor.java:81)
	at com.kms.katalon.core.main.TestCaseMain.startTestSuite(TestCaseMain.java:149)
	at com.kms.katalon.core.main.TestCaseMain$startTestSuite$0.call(Unknown Source)
	at TempTestSuite1544700005803.run(TempTestSuite1544700005803.groovy:36)]]></system-err>
      </testcase>
      <system-out><![CDATA[2018-12-13 16:50:42 - [TEST_SUITE][FAILED] - Basic_login: Test Cases/Nikita.A/Basiclogin FAILED.
Reason:
com.kms.katalon.core.exception.StepFailedException: com.kms.katalon.core.webui.exception.WebElementNotFoundException: Web element with id: 'Object Repository/Basiclogin/a_Welcome Admin' located by 'By.xpath: //a[@href = '#' and @id = 'welcomes' and (text() = 'Welcome Admins' or . = 'Welcome Admins')]' not found
	at com.kms.katalon.core.keyword.internal.KeywordMain.stepFailed(KeywordMain.groovy:32)
	at com.kms.katalon.core.webui.keyword.internal.WebUIKeywordMain.stepFailed(WebUIKeywordMain.groovy:65)
	at com.kms.katalon.core.webui.keyword.builtin.VerifyElementPresentKeyword$_verifyElementPresent_closure1.doCall(VerifyElementPresentKeyword.groovy:85)
	at com.kms.katalon.core.webui.keyword.builtin.VerifyElementPresentKeyword$_verifyElementPresent_closure1.call(VerifyElementPresentKeyword.groovy)
	at com.kms.katalon.core.webui.keyword.internal.WebUIKeywordMain.runKeyword(WebUIKeywordMain.groovy:21)
	at com.kms.katalon.core.webui.keyword.builtin.VerifyElementPresentKeyword.verifyElementPresent(VerifyElementPresentKeyword.groovy:92)
	at com.kms.katalon.core.webui.keyword.builtin.VerifyElementPresentKeyword.execute(VerifyElementPresentKeyword.groovy:68)
	at com.kms.katalon.core.keyword.internal.KeywordExecutor.executeKeywordForPlatform(KeywordExecutor.groovy:53)
	at com.kms.katalon.core.webui.keyword.WebUiBuiltInKeywords.verifyElementPresent(WebUiBuiltInKeywords.groovy:1434)
	at com.kms.katalon.core.webui.keyword.WebUiBuiltInKeywords$verifyElementPresent$3.call(Unknown Source)
	at nikitas.a.Sample.checkelement(Sample.groovy:28)
	at nikitas.a.Sample.invokeMethod(Sample.groovy)
	at com.kms.katalon.core.main.CustomKeywordDelegatingMetaClass.invokeStaticMethod(CustomKeywordDelegatingMetaClass.java:49)
	at Basiclogin.run(Basiclogin:37)
	at com.kms.katalon.core.main.ScriptEngine.run(ScriptEngine.java:194)
	at com.kms.katalon.core.main.ScriptEngine.runScriptAsRawText(ScriptEngine.java:119)
	at com.kms.katalon.core.main.TestCaseExecutor.runScript(TestCaseExecutor.java:321)
	at com.kms.katalon.core.main.TestCaseExecutor.doExecute(TestCaseExecutor.java:312)
	at com.kms.katalon.core.main.TestCaseExecutor.processExecutionPhase(TestCaseExecutor.java:291)
	at com.kms.katalon.core.main.TestCaseExecutor.accessMainPhase(TestCaseExecutor.java:283)
	at com.kms.katalon.core.main.TestCaseExecutor.execute(TestCaseExecutor.java:222)
	at com.kms.katalon.core.main.TestSuiteExecutor.accessTestCaseMainPhase(TestSuiteExecutor.java:129)
	at com.kms.katalon.core.main.TestSuiteExecutor.accessTestSuiteMainPhase(TestSuiteExecutor.java:112)
	at com.kms.katalon.core.main.TestSuiteExecutor.execute(TestSuiteExecutor.java:81)
	at com.kms.katalon.core.main.TestCaseMain.startTestSuite(TestCaseMain.java:149)
	at com.kms.katalon.core.main.TestCaseMain$startTestSuite$0.call(Unknown Source)
	at TempTestSuite1544700005803.run(TempTestSuite1544700005803.groovy:36)]]></system-out>
      <system-err><![CDATA[2018-12-13 16:50:42 - [TEST_SUITE][FAILED] - Basic_login: Test Cases/Nikita.A/Basiclogin FAILED.
Reason:
com.kms.katalon.core.exception.StepFailedException: com.kms.katalon.core.webui.exception.WebElementNotFoundException: Web element with id: 'Object Repository/Basiclogin/a_Welcome Admin' located by 'By.xpath: //a[@href = '#' and @id = 'welcomes' and (text() = 'Welcome Admins' or . = 'Welcome Admins')]' not found
	at com.kms.katalon.core.keyword.internal.KeywordMain.stepFailed(KeywordMain.groovy:32)
	at com.kms.katalon.core.webui.keyword.internal.WebUIKeywordMain.stepFailed(WebUIKeywordMain.groovy:65)
	at com.kms.katalon.core.webui.keyword.builtin.VerifyElementPresentKeyword$_verifyElementPresent_closure1.doCall(VerifyElementPresentKeyword.groovy:85)
	at com.kms.katalon.core.webui.keyword.builtin.VerifyElementPresentKeyword$_verifyElementPresent_closure1.call(VerifyElementPresentKeyword.groovy)
	at com.kms.katalon.core.webui.keyword.internal.WebUIKeywordMain.runKeyword(WebUIKeywordMain.groovy:21)
	at com.kms.katalon.core.webui.keyword.builtin.VerifyElementPresentKeyword.verifyElementPresent(VerifyElementPresentKeyword.groovy:92)
	at com.kms.katalon.core.webui.keyword.builtin.VerifyElementPresentKeyword.execute(VerifyElementPresentKeyword.groovy:68)
	at com.kms.katalon.core.keyword.internal.KeywordExecutor.executeKeywordForPlatform(KeywordExecutor.groovy:53)
	at com.kms.katalon.core.webui.keyword.WebUiBuiltInKeywords.verifyElementPresent(WebUiBuiltInKeywords.groovy:1434)
	at com.kms.katalon.core.webui.keyword.WebUiBuiltInKeywords$verifyElementPresent$3.call(Unknown Source)
	at nikitas.a.Sample.checkelement(Sample.groovy:28)
	at nikitas.a.Sample.invokeMethod(Sample.groovy)
	at com.kms.katalon.core.main.CustomKeywordDelegatingMetaClass.invokeStaticMethod(CustomKeywordDelegatingMetaClass.java:49)
	at Basiclogin.run(Basiclogin:37)
	at com.kms.katalon.core.main.ScriptEngine.run(ScriptEngine.java:194)
	at com.kms.katalon.core.main.ScriptEngine.runScriptAsRawText(ScriptEngine.java:119)
	at com.kms.katalon.core.main.TestCaseExecutor.runScript(TestCaseExecutor.java:321)
	at com.kms.katalon.core.main.TestCaseExecutor.doExecute(TestCaseExecutor.java:312)
	at com.kms.katalon.core.main.TestCaseExecutor.processExecutionPhase(TestCaseExecutor.java:291)
	at com.kms.katalon.core.main.TestCaseExecutor.accessMainPhase(TestCaseExecutor.java:283)
	at com.kms.katalon.core.main.TestCaseExecutor.execute(TestCaseExecutor.java:222)
	at com.kms.katalon.core.main.TestSuiteExecutor.accessTestCaseMainPhase(TestSuiteExecutor.java:129)
	at com.kms.katalon.core.main.TestSuiteExecutor.accessTestSuiteMainPhase(TestSuiteExecutor.java:112)
	at com.kms.katalon.core.main.TestSuiteExecutor.execute(TestSuiteExecutor.java:81)
	at com.kms.katalon.core.main.TestCaseMain.startTestSuite(TestCaseMain.java:149)
	at com.kms.katalon.core.main.TestCaseMain$startTestSuite$0.call(Unknown Source)
	at TempTestSuite1544700005803.run(TempTestSuite1544700005803.groovy:36)]]></system-err>
   </testsuite>
</testsuites>
