<?xml version="1.0" encoding="UTF-8"?>
<testsuites name="TestSuite 1" time="59" tests="0" failures="0" errors="1">
   <testsuite name="TestSuite 1" tests="0" failures="0" errors="1" time="59" timestamp="2018-12-11 12:26:03" hostname="C5281054 - INLN56580283A.apj.global.corp.sap" id="Test Suites/Mohit/TestSuite 1">
      <properties>
         <property name="deviceName" value=""/>
         <property name="devicePlatform" value=""/>
         <property name="logFolder" value="C:\\Users\\c5281054\\git\\KatalonDemo\\Reports\\Mohit\\TestSuite 1\\20181211_122557"/>
         <property name="logFiles" value="C:\\Users\\c5281054\\git\\KatalonDemo\\Reports\\Mohit\\TestSuite 1\\20181211_122557\\execution0.log"/>
         <property name="attachments" value=""/>
         <property name="hostName" value="C5281054 - INLN56580283A.apj.global.corp.sap"/>
         <property name="os" value="Windows 10 64bit"/>
         <property name="katalonVersion" value="5.9.1.2"/>
         <property name="browser" value="Chrome 71.0.3578.80"/>
         <property name="hostAddress" value="192.168.242.1"/>
         <property name="sessionId" value="565d6a908f7dbdd51f98d0c81944befb"/>
         <property name="seleniumVersion" value="3.7.1"/>
         <property name="proxyInformation" value="ProxyInformation{proxyOption=NO_PROXY, proxyServerType=HTTP, password=, proxyServerAddress=, proxyServerPort=0}"/>
         <property name="platform" value="Windows 10"/>
      </properties>
      <testcase name="Test Cases/Mohit/DemoSite/phpTravels" classname="Test Cases/Mohit/DemoSite/phpTravels" status="ERROR">
         <error type="ERROR" message="Test Cases/Mohit/DemoSite/phpTravels FAILED.
Reason:
org.openqa.selenium.StaleElementReferenceException: stale element reference: element is not attached to the page document
  (Session info: chrome=71.0.3578.80)
  (Driver info: chromedriver=2.43.600210 (68dcf5eebde37173d4027fa8635e332711d2874a),platform=Windows NT 10.0.17134 x86_64) (WARNING: The server did not provide any stacktrace information)
Command duration or timeout: 0 milliseconds
For documentation on this error, please visit: http://seleniumhq.org/exceptions/stale_element_reference.html
Build info: version: '3.7.1', revision: '8a0099a', time: '2017-11-06T21:07:36.161Z'
System info: host: 'INLN56580283A', ip: '192.168.242.1', os.name: 'Windows 10', os.arch: 'amd64', os.version: '10.0', java.version: '1.8.0_181'
Driver info: com.kms.katalon.selenium.driver.CChromeDriver
Capabilities {acceptInsecureCerts: false, acceptSslCerts: false, applicationCacheEnabled: false, browserConnectionEnabled: false, browserName: chrome, chrome: {chromedriverVersion: 2.43.600210 (68dcf5eebde371..., userDataDir: C:\Users\c5281054\AppData\L...}, cssSelectorsEnabled: true, databaseEnabled: false, goog:chromeOptions: {debuggerAddress: localhost:50122}, handlesAlerts: true, hasTouchScreen: false, javascriptEnabled: true, locationContextEnabled: true, mobileEmulationEnabled: false, nativeEvents: true, networkConnectionEnabled: false, pageLoadStrategy: normal, platform: XP, platformName: XP, rotatable: false, setWindowRect: true, takesHeapSnapshot: true, takesScreenshot: true, unexpectedAlertBehaviour: , unhandledPromptBehavior: , version: 71.0.3578.80, webStorageEnabled: true}
Session ID: 565d6a908f7dbdd51f98d0c81944befb
	at org.openqa.selenium.remote.ErrorHandler.createThrowable(ErrorHandler.java:214)
	at org.openqa.selenium.remote.ErrorHandler.throwIfResponseFailed(ErrorHandler.java:166)
	at org.openqa.selenium.remote.http.JsonHttpResponseCodec.reconstructValue(JsonHttpResponseCodec.java:40)
	at org.openqa.selenium.remote.http.AbstractHttpResponseCodec.decode(AbstractHttpResponseCodec.java:80)
	at org.openqa.selenium.remote.http.AbstractHttpResponseCodec.decode(AbstractHttpResponseCodec.java:44)
	at org.openqa.selenium.remote.HttpCommandExecutor.execute(HttpCommandExecutor.java:164)
	at org.openqa.selenium.remote.service.DriverCommandExecutor.execute(DriverCommandExecutor.java:83)
	at org.openqa.selenium.remote.RemoteWebDriver.execute(RemoteWebDriver.java:600)
	at com.kms.katalon.selenium.driver.CChromeDriver.execute(CChromeDriver.java:20)
	at org.openqa.selenium.remote.RemoteWebElement.execute(RemoteWebElement.java:279)
	at org.openqa.selenium.remote.RemoteWebElement.getText(RemoteWebElement.java:160)
	at org.openqa.selenium.WebElement$getText$3.call(Unknown Source)
	at phpTravels.run(phpTravels:84)
	at com.kms.katalon.core.main.ScriptEngine.run(ScriptEngine.java:194)
	at com.kms.katalon.core.main.ScriptEngine.runScriptAsRawText(ScriptEngine.java:119)
	at com.kms.katalon.core.main.TestCaseExecutor.runScript(TestCaseExecutor.java:321)
	at com.kms.katalon.core.main.TestCaseExecutor.doExecute(TestCaseExecutor.java:312)
	at com.kms.katalon.core.main.TestCaseExecutor.processExecutionPhase(TestCaseExecutor.java:291)
	at com.kms.katalon.core.main.TestCaseExecutor.accessMainPhase(TestCaseExecutor.java:283)
	at com.kms.katalon.core.main.TestCaseExecutor.execute(TestCaseExecutor.java:222)
	at com.kms.katalon.core.main.TestSuiteExecutor.accessTestCaseMainPhase(TestSuiteExecutor.java:129)
	at com.kms.katalon.core.main.TestSuiteExecutor.accessTestSuiteMainPhase(TestSuiteExecutor.java:112)
	at com.kms.katalon.core.main.TestSuiteExecutor.execute(TestSuiteExecutor.java:81)
	at com.kms.katalon.core.main.TestCaseMain.startTestSuite(TestCaseMain.java:149)
	at com.kms.katalon.core.main.TestCaseMain$startTestSuite$0.call(Unknown Source)
	at TempTestSuite1544511357205.run(TempTestSuite1544511357205.groovy:36)
"/>
         <system-out><![CDATA[2018-12-11 12:26:04 - [TEST_CASE][ERROR] - Test Cases/Mohit/DemoSite/phpTravels: Test Cases/Mohit/DemoSite/phpTravels FAILED.
Reason:
org.openqa.selenium.StaleElementReferenceException: stale element reference: element is not attached to the page document
  (Session info: chrome=71.0.3578.80)
  (Driver info: chromedriver=2.43.600210 (68dcf5eebde37173d4027fa8635e332711d2874a),platform=Windows NT 10.0.17134 x86_64) (WARNING: The server did not provide any stacktrace information)
Command duration or timeout: 0 milliseconds
For documentation on this error, please visit: http://seleniumhq.org/exceptions/stale_element_reference.html
Build info: version: '3.7.1', revision: '8a0099a', time: '2017-11-06T21:07:36.161Z'
System info: host: 'INLN56580283A', ip: '192.168.242.1', os.name: 'Windows 10', os.arch: 'amd64', os.version: '10.0', java.version: '1.8.0_181'
Driver info: com.kms.katalon.selenium.driver.CChromeDriver
Capabilities {acceptInsecureCerts: false, acceptSslCerts: false, applicationCacheEnabled: false, browserConnectionEnabled: false, browserName: chrome, chrome: {chromedriverVersion: 2.43.600210 (68dcf5eebde371..., userDataDir: C:\Users\c5281054\AppData\L...}, cssSelectorsEnabled: true, databaseEnabled: false, goog:chromeOptions: {debuggerAddress: localhost:50122}, handlesAlerts: true, hasTouchScreen: false, javascriptEnabled: true, locationContextEnabled: true, mobileEmulationEnabled: false, nativeEvents: true, networkConnectionEnabled: false, pageLoadStrategy: normal, platform: XP, platformName: XP, rotatable: false, setWindowRect: true, takesHeapSnapshot: true, takesScreenshot: true, unexpectedAlertBehaviour: , unhandledPromptBehavior: , version: 71.0.3578.80, webStorageEnabled: true}
Session ID: 565d6a908f7dbdd51f98d0c81944befb
	at org.openqa.selenium.remote.ErrorHandler.createThrowable(ErrorHandler.java:214)
	at org.openqa.selenium.remote.ErrorHandler.throwIfResponseFailed(ErrorHandler.java:166)
	at org.openqa.selenium.remote.http.JsonHttpResponseCodec.reconstructValue(JsonHttpResponseCodec.java:40)
	at org.openqa.selenium.remote.http.AbstractHttpResponseCodec.decode(AbstractHttpResponseCodec.java:80)
	at org.openqa.selenium.remote.http.AbstractHttpResponseCodec.decode(AbstractHttpResponseCodec.java:44)
	at org.openqa.selenium.remote.HttpCommandExecutor.execute(HttpCommandExecutor.java:164)
	at org.openqa.selenium.remote.service.DriverCommandExecutor.execute(DriverCommandExecutor.java:83)
	at org.openqa.selenium.remote.RemoteWebDriver.execute(RemoteWebDriver.java:600)
	at com.kms.katalon.selenium.driver.CChromeDriver.execute(CChromeDriver.java:20)
	at org.openqa.selenium.remote.RemoteWebElement.execute(RemoteWebElement.java:279)
	at org.openqa.selenium.remote.RemoteWebElement.getText(RemoteWebElement.java:160)
	at org.openqa.selenium.WebElement$getText$3.call(Unknown Source)
	at phpTravels.run(phpTravels:84)
	at com.kms.katalon.core.main.ScriptEngine.run(ScriptEngine.java:194)
	at com.kms.katalon.core.main.ScriptEngine.runScriptAsRawText(ScriptEngine.java:119)
	at com.kms.katalon.core.main.TestCaseExecutor.runScript(TestCaseExecutor.java:321)
	at com.kms.katalon.core.main.TestCaseExecutor.doExecute(TestCaseExecutor.java:312)
	at com.kms.katalon.core.main.TestCaseExecutor.processExecutionPhase(TestCaseExecutor.java:291)
	at com.kms.katalon.core.main.TestCaseExecutor.accessMainPhase(TestCaseExecutor.java:283)
	at com.kms.katalon.core.main.TestCaseExecutor.execute(TestCaseExecutor.java:222)
	at com.kms.katalon.core.main.TestSuiteExecutor.accessTestCaseMainPhase(TestSuiteExecutor.java:129)
	at com.kms.katalon.core.main.TestSuiteExecutor.accessTestSuiteMainPhase(TestSuiteExecutor.java:112)
	at com.kms.katalon.core.main.TestSuiteExecutor.execute(TestSuiteExecutor.java:81)
	at com.kms.katalon.core.main.TestCaseMain.startTestSuite(TestCaseMain.java:149)
	at com.kms.katalon.core.main.TestCaseMain$startTestSuite$0.call(Unknown Source)
	at TempTestSuite1544511357205.run(TempTestSuite1544511357205.groovy:36)


2018-12-11 12:26:04 - [TEST_STEP][PASSED] - Start listener action : sampleBeforeTestCase: null

2018-12-11 12:26:04 - [TEST_STEP][PASSED] - println(testCaseContext.getTestCaseId()): null

2018-12-11 12:26:04 - [TEST_STEP][PASSED] - println(testCaseContext.getTestCaseVariables()): null

2018-12-11 12:26:05 - [TEST_STEP][PASSED] - openBrowser("https://www.phptravels.net/"): Browser is opened with url: 'https://www.phptravels.net/'

2018-12-11 12:26:05 - [MESSAGE][INFO] - Starting 'Chrome' driver

2018-12-11 12:26:06 - [MESSAGE][INFO] - Action delay is set to 0 seconds

2018-12-11 12:26:37 - [MESSAGE][PASSED] - Browser is opened with url: 'https://www.phptravels.net/'

2018-12-11 12:26:37 - [TEST_STEP][PASSED] - maximizeWindow(): Current window maximized

2018-12-11 12:26:38 - [MESSAGE][PASSED] - Current window maximized

2018-12-11 12:26:38 - [TEST_STEP][PASSED] - driver = getWebDriver(): null

2018-12-11 12:26:38 - [TEST_STEP][PASSED] - for ([i = 0, i < 1000, (i++)]): null

2018-12-11 12:26:38 - [TEST_STEP][PASSED] - try: null

2018-12-11 12:26:38 - [TEST_STEP][PASSED] - className("text-center")).isDisplayed(): null

2018-12-11 12:26:39 - [TEST_STEP][PASSED] - Thread.sleep(1000): null

2018-12-11 12:26:40 - [TEST_STEP][PASSED] - break: null

2018-12-11 12:26:40 - [TEST_STEP][PASSED] - elements = driver.findElements(By.className("text-center")): null

2018-12-11 12:26:40 - [TEST_STEP][PASSED] - for (org.openqa.selenium.WebElement webElement : elements): null

2018-12-11 12:26:40 - [TEST_STEP][PASSED] - Title = webElement.getAttribute("title"): null

2018-12-11 12:26:40 - [TEST_STEP][PASSED] - if (Title.equals("Flights")): null

2018-12-11 12:26:40 - [TEST_STEP][PASSED] - Title = webElement.getAttribute("title"): null

2018-12-11 12:26:40 - [TEST_STEP][PASSED] - if (Title.equals("Flights")): null

2018-12-11 12:26:40 - [TEST_STEP][PASSED] - Title = webElement.getAttribute("title"): null

2018-12-11 12:26:40 - [TEST_STEP][PASSED] - if (Title.equals("Flights")): null

2018-12-11 12:26:40 - [TEST_STEP][PASSED] - Title = webElement.getAttribute("title"): null

2018-12-11 12:26:40 - [TEST_STEP][PASSED] - if (Title.equals("Flights")): null

2018-12-11 12:26:40 - [TEST_STEP][PASSED] - Title = webElement.getAttribute("title"): null

2018-12-11 12:26:40 - [TEST_STEP][PASSED] - if (Title.equals("Flights")): null

2018-12-11 12:26:40 - [TEST_STEP][PASSED] - Title = webElement.getAttribute("title"): null

2018-12-11 12:26:40 - [TEST_STEP][PASSED] - if (Title.equals("Flights")): null

2018-12-11 12:26:40 - [TEST_STEP][PASSED] - Title = webElement.getAttribute("title"): null

2018-12-11 12:26:40 - [TEST_STEP][PASSED] - if (Title.equals("Flights")): null

2018-12-11 12:26:40 - [TEST_STEP][PASSED] - Title = webElement.getAttribute("title"): null

2018-12-11 12:26:40 - [TEST_STEP][PASSED] - if (Title.equals("Flights")): null

2018-12-11 12:26:40 - [TEST_STEP][PASSED] - Title = webElement.getAttribute("title"): null

2018-12-11 12:26:40 - [TEST_STEP][PASSED] - if (Title.equals("Flights")): null

2018-12-11 12:26:40 - [TEST_STEP][PASSED] - Title = webElement.getAttribute("title"): null

2018-12-11 12:26:40 - [TEST_STEP][PASSED] - if (Title.equals("Flights")): null

2018-12-11 12:26:40 - [TEST_STEP][PASSED] - webElement.click(): null

2018-12-11 12:26:40 - [TEST_STEP][PASSED] - break: null

2018-12-11 12:26:40 - [TEST_STEP][PASSED] - for ([i = 0, i < 1000, (i++)]): null

2018-12-11 12:26:40 - [TEST_STEP][PASSED] - try: null

2018-12-11 12:26:40 - [TEST_STEP][PASSED] - id("flights")).isDisplayed(): null

2018-12-11 12:26:41 - [TEST_STEP][PASSED] - Thread.sleep(1000): null

2018-12-11 12:26:42 - [TEST_STEP][PASSED] - break: null

2018-12-11 12:26:42 - [TEST_STEP][PASSED] - action = new org.openqa.selenium.interactions.Actions(driver): null

2018-12-11 12:26:42 - [TEST_STEP][PASSED] - elements = driver.findElements(By.className("select2-chosen")): null

2018-12-11 12:26:42 - [TEST_STEP][PASSED] - for (org.openqa.selenium.WebElement webElement : elements): null

2018-12-11 12:26:42 - [TEST_STEP][PASSED] - loc = webElement.getLocation(): null

2018-12-11 12:26:42 - [TEST_STEP][PASSED] - if (loc.getX() == 0 || loc.getY() == 0): null

2018-12-11 12:26:42 - [TEST_STEP][PASSED] - <not implemented yet for class: org.codehaus.groovy.ast.stmt.ContinueStatement>: null

2018-12-11 12:26:42 - [TEST_STEP][PASSED] - loc = webElement.getLocation(): null

2018-12-11 12:26:42 - [TEST_STEP][PASSED] - if (loc.getX() == 0 || loc.getY() == 0): null

2018-12-11 12:26:42 - [TEST_STEP][PASSED] - <not implemented yet for class: org.codehaus.groovy.ast.stmt.ContinueStatement>: null

2018-12-11 12:26:42 - [TEST_STEP][PASSED] - loc = webElement.getLocation(): null

2018-12-11 12:26:42 - [TEST_STEP][PASSED] - if (loc.getX() == 0 || loc.getY() == 0): null

2018-12-11 12:26:42 - [TEST_STEP][PASSED] - <not implemented yet for class: org.codehaus.groovy.ast.stmt.ContinueStatement>: null

2018-12-11 12:26:42 - [TEST_STEP][PASSED] - loc = webElement.getLocation(): null

2018-12-11 12:26:42 - [TEST_STEP][PASSED] - if (loc.getX() == 0 || loc.getY() == 0): null

2018-12-11 12:26:42 - [TEST_STEP][PASSED] - <not implemented yet for class: org.codehaus.groovy.ast.stmt.ContinueStatement>: null

2018-12-11 12:26:42 - [TEST_STEP][PASSED] - loc = webElement.getLocation(): null

2018-12-11 12:26:42 - [TEST_STEP][PASSED] - if (loc.getX() == 0 || loc.getY() == 0): null

2018-12-11 12:26:42 - [TEST_STEP][PASSED] - <not implemented yet for class: org.codehaus.groovy.ast.stmt.ContinueStatement>: null

2018-12-11 12:26:42 - [TEST_STEP][PASSED] - loc = webElement.getLocation(): null

2018-12-11 12:26:42 - [TEST_STEP][PASSED] - if (loc.getX() == 0 || loc.getY() == 0): null

2018-12-11 12:26:42 - [TEST_STEP][PASSED] - if (getText().equals("Enter City Or Airport") == false): null

2018-12-11 12:26:42 - [TEST_STEP][PASSED] - click().perform(): null

2018-12-11 12:26:42 - [TEST_STEP][PASSED] - Thread.sleep(500): null

2018-12-11 12:26:43 - [TEST_STEP][PASSED] - sendKeys(City_To_From).perform(): null

2018-12-11 12:26:43 - [TEST_STEP][PASSED] - Thread.sleep(2000): null

2018-12-11 12:26:45 - [TEST_STEP][PASSED] - get(0).click(): null

2018-12-11 12:26:45 - [TEST_STEP][PASSED] - loc = webElement.getLocation(): null

2018-12-11 12:26:45 - [TEST_STEP][PASSED] - if (loc.getX() == 0 || loc.getY() == 0): null

2018-12-11 12:26:45 - [TEST_STEP][PASSED] - if (getText().equals("Enter City Or Airport") == false): null

2018-12-11 12:26:46 - [TEST_STEP][PASSED] - click().perform(): null

2018-12-11 12:26:46 - [TEST_STEP][PASSED] - Thread.sleep(500): null

2018-12-11 12:26:47 - [TEST_STEP][PASSED] - sendKeys(City_To_From).perform(): null

2018-12-11 12:26:47 - [TEST_STEP][PASSED] - Thread.sleep(2000): null

2018-12-11 12:26:49 - [TEST_STEP][PASSED] - get(0).click(): null

2018-12-11 12:26:49 - [TEST_STEP][PASSED] - loc = webElement.getLocation(): null

2018-12-11 12:26:49 - [TEST_STEP][PASSED] - if (loc.getX() == 0 || loc.getY() == 0): null

2018-12-11 12:26:49 - [TEST_STEP][PASSED] - <not implemented yet for class: org.codehaus.groovy.ast.stmt.ContinueStatement>: null

2018-12-11 12:26:49 - [TEST_STEP][PASSED] - loc = webElement.getLocation(): null

2018-12-11 12:26:49 - [TEST_STEP][PASSED] - if (loc.getX() == 0 || loc.getY() == 0): null

2018-12-11 12:26:49 - [TEST_STEP][PASSED] - <not implemented yet for class: org.codehaus.groovy.ast.stmt.ContinueStatement>: null

2018-12-11 12:26:49 - [TEST_STEP][PASSED] - name("departure")).click(): null

2018-12-11 12:26:49 - [TEST_STEP][PASSED] - Thread.sleep(1000): null

2018-12-11 12:26:50 - [TEST_STEP][PASSED] - elements = driver.findElements(By.className("day")): null

2018-12-11 12:26:50 - [TEST_STEP][ERROR] - for (org.openqa.selenium.WebElement webElement : elements): for (org.openqa.selenium.WebElement webElement : elements) FAILED.
Reason:
org.openqa.selenium.StaleElementReferenceException: stale element reference: element is not attached to the page document
  (Session info: chrome=71.0.3578.80)
  (Driver info: chromedriver=2.43.600210 (68dcf5eebde37173d4027fa8635e332711d2874a),platform=Windows NT 10.0.17134 x86_64) (WARNING: The server did not provide any stacktrace information)
Command duration or timeout: 0 milliseconds
For documentation on this error, please visit: http://seleniumhq.org/exceptions/stale_element_reference.html
Build info: version: '3.7.1', revision: '8a0099a', time: '2017-11-06T21:07:36.161Z'
System info: host: 'INLN56580283A', ip: '192.168.242.1', os.name: 'Windows 10', os.arch: 'amd64', os.version: '10.0', java.version: '1.8.0_181'
Driver info: com.kms.katalon.selenium.driver.CChromeDriver
Capabilities {acceptInsecureCerts: false, acceptSslCerts: false, applicationCacheEnabled: false, browserConnectionEnabled: false, browserName: chrome, chrome: {chromedriverVersion: 2.43.600210 (68dcf5eebde371..., userDataDir: C:\Users\c5281054\AppData\L...}, cssSelectorsEnabled: true, databaseEnabled: false, goog:chromeOptions: {debuggerAddress: localhost:50122}, handlesAlerts: true, hasTouchScreen: false, javascriptEnabled: true, locationContextEnabled: true, mobileEmulationEnabled: false, nativeEvents: true, networkConnectionEnabled: false, pageLoadStrategy: normal, platform: XP, platformName: XP, rotatable: false, setWindowRect: true, takesHeapSnapshot: true, takesScreenshot: true, unexpectedAlertBehaviour: , unhandledPromptBehavior: , version: 71.0.3578.80, webStorageEnabled: true}
Session ID: 565d6a908f7dbdd51f98d0c81944befb
	at org.openqa.selenium.remote.ErrorHandler.createThrowable(ErrorHandler.java:214)
	at org.openqa.selenium.remote.ErrorHandler.throwIfResponseFailed(ErrorHandler.java:166)
	at org.openqa.selenium.remote.http.JsonHttpResponseCodec.reconstructValue(JsonHttpResponseCodec.java:40)
	at org.openqa.selenium.remote.http.AbstractHttpResponseCodec.decode(AbstractHttpResponseCodec.java:80)
	at org.openqa.selenium.remote.http.AbstractHttpResponseCodec.decode(AbstractHttpResponseCodec.java:44)
	at org.openqa.selenium.remote.HttpCommandExecutor.execute(HttpCommandExecutor.java:164)
	at org.openqa.selenium.remote.service.DriverCommandExecutor.execute(DriverCommandExecutor.java:83)
	at org.openqa.selenium.remote.RemoteWebDriver.execute(RemoteWebDriver.java:600)
	at com.kms.katalon.selenium.driver.CChromeDriver.execute(CChromeDriver.java:20)
	at org.openqa.selenium.remote.RemoteWebElement.execute(RemoteWebElement.java:279)
	at org.openqa.selenium.remote.RemoteWebElement.getText(RemoteWebElement.java:160)
	at org.openqa.selenium.WebElement$getText$3.call(Unknown Source)
	at phpTravels.run(phpTravels:84)
	at com.kms.katalon.core.main.ScriptEngine.run(ScriptEngine.java:194)
	at com.kms.katalon.core.main.ScriptEngine.runScriptAsRawText(ScriptEngine.java:119)
	at com.kms.katalon.core.main.TestCaseExecutor.runScript(TestCaseExecutor.java:321)
	at com.kms.katalon.core.main.TestCaseExecutor.doExecute(TestCaseExecutor.java:312)
	at com.kms.katalon.core.main.TestCaseExecutor.processExecutionPhase(TestCaseExecutor.java:291)
	at com.kms.katalon.core.main.TestCaseExecutor.accessMainPhase(TestCaseExecutor.java:283)
	at com.kms.katalon.core.main.TestCaseExecutor.execute(TestCaseExecutor.java:222)
	at com.kms.katalon.core.main.TestSuiteExecutor.accessTestCaseMainPhase(TestSuiteExecutor.java:129)
	at com.kms.katalon.core.main.TestSuiteExecutor.accessTestSuiteMainPhase(TestSuiteExecutor.java:112)
	at com.kms.katalon.core.main.TestSuiteExecutor.execute(TestSuiteExecutor.java:81)
	at com.kms.katalon.core.main.TestCaseMain.startTestSuite(TestCaseMain.java:149)
	at com.kms.katalon.core.main.TestCaseMain$startTestSuite$0.call(Unknown Source)
	at TempTestSuite1544511357205.run(TempTestSuite1544511357205.groovy:36)


2018-12-11 12:26:50 - [TEST_STEP][PASSED] - if (getText().equals(Travel_Date)): null

2018-12-11 12:26:50 - [TEST_STEP][PASSED] - if (getText().equals(Travel_Date)): null

2018-12-11 12:26:51 - [TEST_STEP][PASSED] - if (getText().equals(Travel_Date)): null

2018-12-11 12:26:51 - [TEST_STEP][PASSED] - if (getText().equals(Travel_Date)): null

2018-12-11 12:26:51 - [TEST_STEP][PASSED] - if (getText().equals(Travel_Date)): null

2018-12-11 12:26:51 - [TEST_STEP][PASSED] - if (getText().equals(Travel_Date)): null

2018-12-11 12:26:51 - [TEST_STEP][PASSED] - if (getText().equals(Travel_Date)): null

2018-12-11 12:26:51 - [TEST_STEP][PASSED] - if (getText().equals(Travel_Date)): null

2018-12-11 12:26:51 - [TEST_STEP][PASSED] - if (getText().equals(Travel_Date)): null

2018-12-11 12:26:51 - [TEST_STEP][PASSED] - if (getText().equals(Travel_Date)): null

2018-12-11 12:26:51 - [TEST_STEP][PASSED] - if (getText().equals(Travel_Date)): null

2018-12-11 12:26:51 - [TEST_STEP][PASSED] - if (getText().equals(Travel_Date)): null

2018-12-11 12:26:51 - [TEST_STEP][PASSED] - if (getText().equals(Travel_Date)): null

2018-12-11 12:26:51 - [TEST_STEP][PASSED] - if (getText().equals(Travel_Date)): null

2018-12-11 12:26:51 - [TEST_STEP][PASSED] - if (getText().equals(Travel_Date)): null

2018-12-11 12:26:51 - [TEST_STEP][PASSED] - if (getText().equals(Travel_Date)): null

2018-12-11 12:26:51 - [TEST_STEP][PASSED] - if (getText().equals(Travel_Date)): null

2018-12-11 12:26:51 - [TEST_STEP][PASSED] - if (getText().equals(Travel_Date)): null

2018-12-11 12:26:51 - [TEST_STEP][PASSED] - if (getText().equals(Travel_Date)): null

2018-12-11 12:26:52 - [TEST_STEP][PASSED] - if (getText().equals(Travel_Date)): null

2018-12-11 12:26:52 - [TEST_STEP][PASSED] - if (getText().equals(Travel_Date)): null

2018-12-11 12:26:52 - [TEST_STEP][PASSED] - if (getText().equals(Travel_Date)): null

2018-12-11 12:26:52 - [TEST_STEP][PASSED] - if (getText().equals(Travel_Date)): null

2018-12-11 12:26:52 - [TEST_STEP][PASSED] - if (getText().equals(Travel_Date)): null

2018-12-11 12:26:52 - [TEST_STEP][PASSED] - if (getText().equals(Travel_Date)): null

2018-12-11 12:26:52 - [TEST_STEP][PASSED] - if (getText().equals(Travel_Date)): null

2018-12-11 12:26:52 - [TEST_STEP][PASSED] - if (getText().equals(Travel_Date)): null

2018-12-11 12:26:52 - [TEST_STEP][PASSED] - if (getText().equals(Travel_Date)): null

2018-12-11 12:26:52 - [TEST_STEP][PASSED] - if (getText().equals(Travel_Date)): null

2018-12-11 12:26:52 - [TEST_STEP][PASSED] - if (getText().equals(Travel_Date)): null

2018-12-11 12:26:52 - [TEST_STEP][PASSED] - if (getText().equals(Travel_Date)): null

2018-12-11 12:26:52 - [TEST_STEP][PASSED] - if (getText().equals(Travel_Date)): null

2018-12-11 12:26:52 - [TEST_STEP][PASSED] - if (getText().equals(Travel_Date)): null

2018-12-11 12:26:52 - [TEST_STEP][PASSED] - if (getText().equals(Travel_Date)): null

2018-12-11 12:26:52 - [TEST_STEP][PASSED] - if (getText().equals(Travel_Date)): null

2018-12-11 12:26:52 - [TEST_STEP][PASSED] - if (getText().equals(Travel_Date)): null

2018-12-11 12:26:52 - [TEST_STEP][PASSED] - if (getText().equals(Travel_Date)): null

2018-12-11 12:26:52 - [TEST_STEP][PASSED] - if (getText().equals(Travel_Date)): null

2018-12-11 12:26:53 - [TEST_STEP][PASSED] - if (getText().equals(Travel_Date)): null

2018-12-11 12:26:53 - [TEST_STEP][PASSED] - if (getText().equals(Travel_Date)): null

2018-12-11 12:26:53 - [TEST_STEP][PASSED] - if (getText().equals(Travel_Date)): null

2018-12-11 12:26:53 - [TEST_STEP][PASSED] - if (getText().equals(Travel_Date)): null

2018-12-11 12:26:53 - [TEST_STEP][PASSED] - if (getText().equals(Travel_Date)): null

2018-12-11 12:26:53 - [TEST_STEP][PASSED] - if (getText().equals(Travel_Date)): null

2018-12-11 12:26:53 - [TEST_STEP][PASSED] - if (getText().equals(Travel_Date)): null

2018-12-11 12:26:53 - [TEST_STEP][PASSED] - if (getText().equals(Travel_Date)): null

2018-12-11 12:26:53 - [TEST_STEP][PASSED] - if (getText().equals(Travel_Date)): null

2018-12-11 12:26:53 - [TEST_STEP][PASSED] - if (getText().equals(Travel_Date)): null

2018-12-11 12:26:53 - [TEST_STEP][PASSED] - if (getText().equals(Travel_Date)): null

2018-12-11 12:26:53 - [TEST_STEP][PASSED] - if (getText().equals(Travel_Date)): null

2018-12-11 12:26:53 - [TEST_STEP][PASSED] - if (getText().equals(Travel_Date)): null

2018-12-11 12:26:53 - [TEST_STEP][PASSED] - if (getText().equals(Travel_Date)): null

2018-12-11 12:26:53 - [TEST_STEP][PASSED] - if (getText().equals(Travel_Date)): null

2018-12-11 12:26:53 - [TEST_STEP][PASSED] - if (getText().equals(Travel_Date)): null

2018-12-11 12:26:53 - [TEST_STEP][PASSED] - if (getText().equals(Travel_Date)): null

2018-12-11 12:26:53 - [TEST_STEP][PASSED] - if (getText().equals(Travel_Date)): null

2018-12-11 12:26:54 - [TEST_STEP][PASSED] - if (getText().equals(Travel_Date)): null

2018-12-11 12:26:54 - [TEST_STEP][PASSED] - if (getText().equals(Travel_Date)): null

2018-12-11 12:26:54 - [TEST_STEP][PASSED] - if (getText().equals(Travel_Date)): null

2018-12-11 12:26:54 - [TEST_STEP][PASSED] - if (getText().equals(Travel_Date)): null

2018-12-11 12:26:54 - [TEST_STEP][PASSED] - if (getText().equals(Travel_Date)): null

2018-12-11 12:26:54 - [TEST_STEP][PASSED] - if (getText().equals(Travel_Date)): null

2018-12-11 12:26:54 - [TEST_STEP][PASSED] - if (getText().equals(Travel_Date)): null

2018-12-11 12:26:54 - [TEST_STEP][PASSED] - if (getText().equals(Travel_Date)): null

2018-12-11 12:26:54 - [TEST_STEP][PASSED] - if (getText().equals(Travel_Date)): null

2018-12-11 12:26:54 - [TEST_STEP][PASSED] - if (getText().equals(Travel_Date)): null

2018-12-11 12:26:54 - [TEST_STEP][PASSED] - if (getText().equals(Travel_Date)): null

2018-12-11 12:26:54 - [TEST_STEP][PASSED] - if (getText().equals(Travel_Date)): null

2018-12-11 12:26:54 - [TEST_STEP][PASSED] - if (getText().equals(Travel_Date)): null

2018-12-11 12:26:55 - [TEST_STEP][PASSED] - if (getText().equals(Travel_Date)): null

2018-12-11 12:26:55 - [TEST_STEP][PASSED] - if (getText().equals(Travel_Date)): null

2018-12-11 12:26:55 - [TEST_STEP][PASSED] - if (getText().equals(Travel_Date)): null

2018-12-11 12:26:55 - [TEST_STEP][PASSED] - if (getText().equals(Travel_Date)): null

2018-12-11 12:26:55 - [TEST_STEP][PASSED] - if (getText().equals(Travel_Date)): null

2018-12-11 12:26:55 - [TEST_STEP][PASSED] - if (getText().equals(Travel_Date)): null

2018-12-11 12:26:55 - [TEST_STEP][PASSED] - if (getText().equals(Travel_Date)): null

2018-12-11 12:26:55 - [TEST_STEP][PASSED] - if (getText().equals(Travel_Date)): null

2018-12-11 12:26:55 - [TEST_STEP][PASSED] - if (getText().equals(Travel_Date)): null

2018-12-11 12:26:55 - [TEST_STEP][PASSED] - if (getText().equals(Travel_Date)): null

2018-12-11 12:26:55 - [TEST_STEP][PASSED] - if (getText().equals(Travel_Date)): null

2018-12-11 12:26:55 - [TEST_STEP][PASSED] - if (getText().equals(Travel_Date)): null

2018-12-11 12:26:55 - [TEST_STEP][PASSED] - if (getText().equals(Travel_Date)): null

2018-12-11 12:26:55 - [TEST_STEP][PASSED] - if (getText().equals(Travel_Date)): null

2018-12-11 12:26:55 - [TEST_STEP][PASSED] - if (getText().equals(Travel_Date)): null

2018-12-11 12:26:55 - [TEST_STEP][PASSED] - if (getText().equals(Travel_Date)): null

2018-12-11 12:26:55 - [TEST_STEP][PASSED] - if (getText().equals(Travel_Date)): null

2018-12-11 12:26:55 - [TEST_STEP][PASSED] - if (getText().equals(Travel_Date)): null

2018-12-11 12:26:55 - [TEST_STEP][PASSED] - if (getText().equals(Travel_Date)): null

2018-12-11 12:26:56 - [TEST_STEP][PASSED] - if (getText().equals(Travel_Date)): null

2018-12-11 12:26:56 - [TEST_STEP][PASSED] - if (getText().equals(Travel_Date)): null

2018-12-11 12:26:56 - [TEST_STEP][PASSED] - if (getText().equals(Travel_Date)): null

2018-12-11 12:26:56 - [TEST_STEP][PASSED] - if (getText().equals(Travel_Date)): null

2018-12-11 12:26:56 - [TEST_STEP][PASSED] - if (getText().equals(Travel_Date)): null

2018-12-11 12:26:56 - [TEST_STEP][PASSED] - if (getText().equals(Travel_Date)): null

2018-12-11 12:26:56 - [TEST_STEP][PASSED] - if (getText().equals(Travel_Date)): null

2018-12-11 12:26:56 - [TEST_STEP][PASSED] - if (getText().equals(Travel_Date)): null

2018-12-11 12:26:56 - [TEST_STEP][PASSED] - if (getText().equals(Travel_Date)): null

2018-12-11 12:26:56 - [TEST_STEP][PASSED] - if (getText().equals(Travel_Date)): null

2018-12-11 12:26:56 - [TEST_STEP][PASSED] - if (getText().equals(Travel_Date)): null

2018-12-11 12:26:56 - [TEST_STEP][PASSED] - if (getText().equals(Travel_Date)): null

2018-12-11 12:26:56 - [TEST_STEP][PASSED] - if (getText().equals(Travel_Date)): null

2018-12-11 12:26:56 - [TEST_STEP][PASSED] - if (getText().equals(Travel_Date)): null

2018-12-11 12:26:56 - [TEST_STEP][PASSED] - if (getText().equals(Travel_Date)): null

2018-12-11 12:26:56 - [TEST_STEP][PASSED] - if (getText().equals(Travel_Date)): null

2018-12-11 12:26:56 - [TEST_STEP][PASSED] - if (getText().equals(Travel_Date)): null

2018-12-11 12:26:56 - [TEST_STEP][PASSED] - if (getText().equals(Travel_Date)): null

2018-12-11 12:26:56 - [TEST_STEP][PASSED] - if (getText().equals(Travel_Date)): null

2018-12-11 12:26:57 - [TEST_STEP][PASSED] - if (getText().equals(Travel_Date)): null

2018-12-11 12:26:57 - [TEST_STEP][PASSED] - if (getText().equals(Travel_Date)): null

2018-12-11 12:26:57 - [TEST_STEP][PASSED] - if (getText().equals(Travel_Date)): null

2018-12-11 12:26:57 - [TEST_STEP][PASSED] - if (getText().equals(Travel_Date)): null

2018-12-11 12:26:57 - [TEST_STEP][PASSED] - if (getText().equals(Travel_Date)): null

2018-12-11 12:26:57 - [TEST_STEP][PASSED] - if (getText().equals(Travel_Date)): null

2018-12-11 12:26:57 - [TEST_STEP][PASSED] - if (getText().equals(Travel_Date)): null

2018-12-11 12:26:57 - [TEST_STEP][PASSED] - if (getText().equals(Travel_Date)): null

2018-12-11 12:26:57 - [TEST_STEP][PASSED] - if (getText().equals(Travel_Date)): null

2018-12-11 12:26:57 - [TEST_STEP][PASSED] - if (getText().equals(Travel_Date)): null

2018-12-11 12:26:57 - [TEST_STEP][PASSED] - if (getText().equals(Travel_Date)): null

2018-12-11 12:26:57 - [TEST_STEP][PASSED] - if (getText().equals(Travel_Date)): null

2018-12-11 12:26:57 - [TEST_STEP][PASSED] - if (getText().equals(Travel_Date)): null

2018-12-11 12:26:57 - [TEST_STEP][PASSED] - if (getText().equals(Travel_Date)): null

2018-12-11 12:26:57 - [TEST_STEP][PASSED] - if (getText().equals(Travel_Date)): null

2018-12-11 12:26:57 - [TEST_STEP][PASSED] - if (getText().equals(Travel_Date)): null

2018-12-11 12:26:57 - [TEST_STEP][PASSED] - if (getText().equals(Travel_Date)): null

2018-12-11 12:26:57 - [TEST_STEP][PASSED] - if (getText().equals(Travel_Date)): null

2018-12-11 12:26:57 - [TEST_STEP][PASSED] - if (getText().equals(Travel_Date)): null

2018-12-11 12:26:57 - [TEST_STEP][PASSED] - if (getText().equals(Travel_Date)): null

2018-12-11 12:26:57 - [TEST_STEP][PASSED] - if (getText().equals(Travel_Date)): null

2018-12-11 12:26:57 - [TEST_STEP][PASSED] - if (getText().equals(Travel_Date)): null

2018-12-11 12:26:57 - [TEST_STEP][PASSED] - if (getText().equals(Travel_Date)): null

2018-12-11 12:26:58 - [TEST_STEP][PASSED] - if (getText().equals(Travel_Date)): null

2018-12-11 12:26:58 - [TEST_STEP][PASSED] - if (getText().equals(Travel_Date)): null

2018-12-11 12:26:58 - [TEST_STEP][PASSED] - if (getText().equals(Travel_Date)): null

2018-12-11 12:26:58 - [TEST_STEP][PASSED] - if (getText().equals(Travel_Date)): null

2018-12-11 12:26:58 - [TEST_STEP][PASSED] - if (getText().equals(Travel_Date)): null

2018-12-11 12:26:58 - [TEST_STEP][PASSED] - if (getText().equals(Travel_Date)): null

2018-12-11 12:26:58 - [TEST_STEP][PASSED] - if (getText().equals(Travel_Date)): null

2018-12-11 12:26:58 - [TEST_STEP][PASSED] - if (getText().equals(Travel_Date)): null

2018-12-11 12:26:58 - [TEST_STEP][PASSED] - if (getText().equals(Travel_Date)): null

2018-12-11 12:26:58 - [TEST_STEP][PASSED] - if (getText().equals(Travel_Date)): null

2018-12-11 12:26:58 - [TEST_STEP][PASSED] - if (getText().equals(Travel_Date)): null

2018-12-11 12:26:58 - [TEST_STEP][PASSED] - if (getText().equals(Travel_Date)): null

2018-12-11 12:26:58 - [TEST_STEP][PASSED] - if (getText().equals(Travel_Date)): null

2018-12-11 12:26:58 - [TEST_STEP][PASSED] - if (getText().equals(Travel_Date)): null

2018-12-11 12:26:58 - [TEST_STEP][PASSED] - if (getText().equals(Travel_Date)): null

2018-12-11 12:26:58 - [TEST_STEP][PASSED] - if (getText().equals(Travel_Date)): null

2018-12-11 12:26:58 - [TEST_STEP][PASSED] - if (getText().equals(Travel_Date)): null

2018-12-11 12:26:58 - [TEST_STEP][PASSED] - if (getText().equals(Travel_Date)): null

2018-12-11 12:26:58 - [TEST_STEP][PASSED] - if (getText().equals(Travel_Date)): null

2018-12-11 12:26:58 - [TEST_STEP][PASSED] - if (getText().equals(Travel_Date)): null

2018-12-11 12:26:58 - [TEST_STEP][PASSED] - if (getText().equals(Travel_Date)): null

2018-12-11 12:26:58 - [TEST_STEP][PASSED] - if (getText().equals(Travel_Date)): null

2018-12-11 12:26:58 - [TEST_STEP][PASSED] - if (getText().equals(Travel_Date)): null

2018-12-11 12:26:58 - [TEST_STEP][PASSED] - if (getText().equals(Travel_Date)): null

2018-12-11 12:26:58 - [TEST_STEP][PASSED] - if (getText().equals(Travel_Date)): null

2018-12-11 12:26:58 - [TEST_STEP][PASSED] - if (getText().equals(Travel_Date)): null

2018-12-11 12:26:58 - [TEST_STEP][PASSED] - if (getText().equals(Travel_Date)): null

2018-12-11 12:26:58 - [TEST_STEP][PASSED] - if (getText().equals(Travel_Date)): null

2018-12-11 12:26:58 - [TEST_STEP][PASSED] - if (getText().equals(Travel_Date)): null

2018-12-11 12:26:58 - [TEST_STEP][PASSED] - if (getText().equals(Travel_Date)): null

2018-12-11 12:26:58 - [TEST_STEP][PASSED] - if (getText().equals(Travel_Date)): null

2018-12-11 12:26:58 - [TEST_STEP][PASSED] - if (getText().equals(Travel_Date)): null

2018-12-11 12:26:58 - [TEST_STEP][PASSED] - if (getText().equals(Travel_Date)): null

2018-12-11 12:26:59 - [TEST_STEP][PASSED] - if (getText().equals(Travel_Date)): null

2018-12-11 12:26:59 - [TEST_STEP][PASSED] - if (getText().equals(Travel_Date)): null

2018-12-11 12:26:59 - [TEST_STEP][PASSED] - if (getText().equals(Travel_Date)): null

2018-12-11 12:26:59 - [TEST_STEP][PASSED] - if (getText().equals(Travel_Date)): null

2018-12-11 12:26:59 - [TEST_STEP][PASSED] - if (getText().equals(Travel_Date)): null

2018-12-11 12:26:59 - [TEST_STEP][PASSED] - if (getText().equals(Travel_Date)): null

2018-12-11 12:26:59 - [TEST_STEP][PASSED] - if (getText().equals(Travel_Date)): null

2018-12-11 12:26:59 - [TEST_STEP][PASSED] - if (getText().equals(Travel_Date)): null

2018-12-11 12:26:59 - [TEST_STEP][PASSED] - if (getText().equals(Travel_Date)): null

2018-12-11 12:26:59 - [TEST_STEP][PASSED] - if (getText().equals(Travel_Date)): null

2018-12-11 12:26:59 - [TEST_STEP][PASSED] - if (getText().equals(Travel_Date)): null

2018-12-11 12:26:59 - [TEST_STEP][PASSED] - if (getText().equals(Travel_Date)): null

2018-12-11 12:26:59 - [TEST_STEP][PASSED] - if (getText().equals(Travel_Date)): null

2018-12-11 12:26:59 - [TEST_STEP][PASSED] - if (getText().equals(Travel_Date)): null

2018-12-11 12:26:59 - [TEST_STEP][PASSED] - if (getText().equals(Travel_Date)): null

2018-12-11 12:26:59 - [TEST_STEP][PASSED] - if (getText().equals(Travel_Date)): null

2018-12-11 12:26:59 - [TEST_STEP][PASSED] - if (getText().equals(Travel_Date)): null

2018-12-11 12:26:59 - [TEST_STEP][PASSED] - if (getText().equals(Travel_Date)): null

2018-12-11 12:26:59 - [TEST_STEP][PASSED] - if (getText().equals(Travel_Date)): null

2018-12-11 12:26:59 - [TEST_STEP][PASSED] - if (getText().equals(Travel_Date)): null

2018-12-11 12:26:59 - [TEST_STEP][PASSED] - if (getText().equals(Travel_Date)): null

2018-12-11 12:26:59 - [TEST_STEP][PASSED] - if (getText().equals(Travel_Date)): null

2018-12-11 12:26:59 - [TEST_STEP][PASSED] - if (getText().equals(Travel_Date)): null

2018-12-11 12:26:59 - [TEST_STEP][PASSED] - if (getText().equals(Travel_Date)): null

2018-12-11 12:26:59 - [TEST_STEP][PASSED] - if (getText().equals(Travel_Date)): null

2018-12-11 12:26:59 - [TEST_STEP][PASSED] - if (getText().equals(Travel_Date)): null

2018-12-11 12:26:59 - [TEST_STEP][PASSED] - if (getText().equals(Travel_Date)): null

2018-12-11 12:26:59 - [TEST_STEP][PASSED] - if (getText().equals(Travel_Date)): null

2018-12-11 12:26:59 - [TEST_STEP][PASSED] - if (getText().equals(Travel_Date)): null

2018-12-11 12:26:59 - [TEST_STEP][PASSED] - if (getText().equals(Travel_Date)): null

2018-12-11 12:26:59 - [TEST_STEP][PASSED] - if (getText().equals(Travel_Date)): null

2018-12-11 12:26:59 - [TEST_STEP][PASSED] - if (getText().equals(Travel_Date)): null

2018-12-11 12:26:59 - [TEST_STEP][PASSED] - if (getText().equals(Travel_Date)): null

2018-12-11 12:26:59 - [TEST_STEP][PASSED] - if (getText().equals(Travel_Date)): null

2018-12-11 12:26:59 - [TEST_STEP][PASSED] - if (getText().equals(Travel_Date)): null

2018-12-11 12:27:00 - [TEST_STEP][PASSED] - if (getText().equals(Travel_Date)): null

2018-12-11 12:27:00 - [TEST_STEP][PASSED] - if (getText().equals(Travel_Date)): null

2018-12-11 12:27:00 - [TEST_STEP][PASSED] - if (getText().equals(Travel_Date)): null

2018-12-11 12:27:00 - [TEST_STEP][PASSED] - if (getText().equals(Travel_Date)): null

2018-12-11 12:27:00 - [TEST_STEP][PASSED] - if (getText().equals(Travel_Date)): null

2018-12-11 12:27:00 - [TEST_STEP][PASSED] - if (getText().equals(Travel_Date)): null

2018-12-11 12:27:00 - [TEST_STEP][PASSED] - if (getText().equals(Travel_Date)): null

2018-12-11 12:27:00 - [TEST_STEP][PASSED] - if (getText().equals(Travel_Date)): null

2018-12-11 12:27:00 - [TEST_STEP][PASSED] - if (getText().equals(Travel_Date)): null

2018-12-11 12:27:00 - [TEST_STEP][PASSED] - if (getText().equals(Travel_Date)): null

2018-12-11 12:27:00 - [TEST_STEP][PASSED] - if (getText().equals(Travel_Date)): null

2018-12-11 12:27:00 - [TEST_STEP][PASSED] - if (getText().equals(Travel_Date)): null

2018-12-11 12:27:00 - [TEST_STEP][ERROR] - if (getText().equals(Travel_Date)): for (org.openqa.selenium.WebElement webElement : elements) FAILED.
Reason:
org.openqa.selenium.StaleElementReferenceException: stale element reference: element is not attached to the page document
  (Session info: chrome=71.0.3578.80)
  (Driver info: chromedriver=2.43.600210 (68dcf5eebde37173d4027fa8635e332711d2874a),platform=Windows NT 10.0.17134 x86_64) (WARNING: The server did not provide any stacktrace information)
Command duration or timeout: 0 milliseconds
For documentation on this error, please visit: http://seleniumhq.org/exceptions/stale_element_reference.html
Build info: version: '3.7.1', revision: '8a0099a', time: '2017-11-06T21:07:36.161Z'
System info: host: 'INLN56580283A', ip: '192.168.242.1', os.name: 'Windows 10', os.arch: 'amd64', os.version: '10.0', java.version: '1.8.0_181'
Driver info: com.kms.katalon.selenium.driver.CChromeDriver
Capabilities {acceptInsecureCerts: false, acceptSslCerts: false, applicationCacheEnabled: false, browserConnectionEnabled: false, browserName: chrome, chrome: {chromedriverVersion: 2.43.600210 (68dcf5eebde371..., userDataDir: C:\Users\c5281054\AppData\L...}, cssSelectorsEnabled: true, databaseEnabled: false, goog:chromeOptions: {debuggerAddress: localhost:50122}, handlesAlerts: true, hasTouchScreen: false, javascriptEnabled: true, locationContextEnabled: true, mobileEmulationEnabled: false, nativeEvents: true, networkConnectionEnabled: false, pageLoadStrategy: normal, platform: XP, platformName: XP, rotatable: false, setWindowRect: true, takesHeapSnapshot: true, takesScreenshot: true, unexpectedAlertBehaviour: , unhandledPromptBehavior: , version: 71.0.3578.80, webStorageEnabled: true}
Session ID: 565d6a908f7dbdd51f98d0c81944befb
	at org.openqa.selenium.remote.ErrorHandler.createThrowable(ErrorHandler.java:214)
	at org.openqa.selenium.remote.ErrorHandler.throwIfResponseFailed(ErrorHandler.java:166)
	at org.openqa.selenium.remote.http.JsonHttpResponseCodec.reconstructValue(JsonHttpResponseCodec.java:40)
	at org.openqa.selenium.remote.http.AbstractHttpResponseCodec.decode(AbstractHttpResponseCodec.java:80)
	at org.openqa.selenium.remote.http.AbstractHttpResponseCodec.decode(AbstractHttpResponseCodec.java:44)
	at org.openqa.selenium.remote.HttpCommandExecutor.execute(HttpCommandExecutor.java:164)
	at org.openqa.selenium.remote.service.DriverCommandExecutor.execute(DriverCommandExecutor.java:83)
	at org.openqa.selenium.remote.RemoteWebDriver.execute(RemoteWebDriver.java:600)
	at com.kms.katalon.selenium.driver.CChromeDriver.execute(CChromeDriver.java:20)
	at org.openqa.selenium.remote.RemoteWebElement.execute(RemoteWebElement.java:279)
	at org.openqa.selenium.remote.RemoteWebElement.getText(RemoteWebElement.java:160)
	at org.openqa.selenium.WebElement$getText$3.call(Unknown Source)
	at phpTravels.run(phpTravels:84)
	at com.kms.katalon.core.main.ScriptEngine.run(ScriptEngine.java:194)
	at com.kms.katalon.core.main.ScriptEngine.runScriptAsRawText(ScriptEngine.java:119)
	at com.kms.katalon.core.main.TestCaseExecutor.runScript(TestCaseExecutor.java:321)
	at com.kms.katalon.core.main.TestCaseExecutor.doExecute(TestCaseExecutor.java:312)
	at com.kms.katalon.core.main.TestCaseExecutor.processExecutionPhase(TestCaseExecutor.java:291)
	at com.kms.katalon.core.main.TestCaseExecutor.accessMainPhase(TestCaseExecutor.java:283)
	at com.kms.katalon.core.main.TestCaseExecutor.execute(TestCaseExecutor.java:222)
	at com.kms.katalon.core.main.TestSuiteExecutor.accessTestCaseMainPhase(TestSuiteExecutor.java:129)
	at com.kms.katalon.core.main.TestSuiteExecutor.accessTestSuiteMainPhase(TestSuiteExecutor.java:112)
	at com.kms.katalon.core.main.TestSuiteExecutor.execute(TestSuiteExecutor.java:81)
	at com.kms.katalon.core.main.TestCaseMain.startTestSuite(TestCaseMain.java:149)
	at com.kms.katalon.core.main.TestCaseMain$startTestSuite$0.call(Unknown Source)
	at TempTestSuite1544511357205.run(TempTestSuite1544511357205.groovy:36)


2018-12-11 12:27:00 - [MESSAGE][ERROR] - for (org.openqa.selenium.WebElement webElement : elements) FAILED.
Reason:
org.openqa.selenium.StaleElementReferenceException: stale element reference: element is not attached to the page document
  (Session info: chrome=71.0.3578.80)
  (Driver info: chromedriver=2.43.600210 (68dcf5eebde37173d4027fa8635e332711d2874a),platform=Windows NT 10.0.17134 x86_64) (WARNING: The server did not provide any stacktrace information)
Command duration or timeout: 0 milliseconds
For documentation on this error, please visit: http://seleniumhq.org/exceptions/stale_element_reference.html
Build info: version: '3.7.1', revision: '8a0099a', time: '2017-11-06T21:07:36.161Z'
System info: host: 'INLN56580283A', ip: '192.168.242.1', os.name: 'Windows 10', os.arch: 'amd64', os.version: '10.0', java.version: '1.8.0_181'
Driver info: com.kms.katalon.selenium.driver.CChromeDriver
Capabilities {acceptInsecureCerts: false, acceptSslCerts: false, applicationCacheEnabled: false, browserConnectionEnabled: false, browserName: chrome, chrome: {chromedriverVersion: 2.43.600210 (68dcf5eebde371..., userDataDir: C:\Users\c5281054\AppData\L...}, cssSelectorsEnabled: true, databaseEnabled: false, goog:chromeOptions: {debuggerAddress: localhost:50122}, handlesAlerts: true, hasTouchScreen: false, javascriptEnabled: true, locationContextEnabled: true, mobileEmulationEnabled: false, nativeEvents: true, networkConnectionEnabled: false, pageLoadStrategy: normal, platform: XP, platformName: XP, rotatable: false, setWindowRect: true, takesHeapSnapshot: true, takesScreenshot: true, unexpectedAlertBehaviour: , unhandledPromptBehavior: , version: 71.0.3578.80, webStorageEnabled: true}
Session ID: 565d6a908f7dbdd51f98d0c81944befb
	at org.openqa.selenium.remote.ErrorHandler.createThrowable(ErrorHandler.java:214)
	at org.openqa.selenium.remote.ErrorHandler.throwIfResponseFailed(ErrorHandler.java:166)
	at org.openqa.selenium.remote.http.JsonHttpResponseCodec.reconstructValue(JsonHttpResponseCodec.java:40)
	at org.openqa.selenium.remote.http.AbstractHttpResponseCodec.decode(AbstractHttpResponseCodec.java:80)
	at org.openqa.selenium.remote.http.AbstractHttpResponseCodec.decode(AbstractHttpResponseCodec.java:44)
	at org.openqa.selenium.remote.HttpCommandExecutor.execute(HttpCommandExecutor.java:164)
	at org.openqa.selenium.remote.service.DriverCommandExecutor.execute(DriverCommandExecutor.java:83)
	at org.openqa.selenium.remote.RemoteWebDriver.execute(RemoteWebDriver.java:600)
	at com.kms.katalon.selenium.driver.CChromeDriver.execute(CChromeDriver.java:20)
	at org.openqa.selenium.remote.RemoteWebElement.execute(RemoteWebElement.java:279)
	at org.openqa.selenium.remote.RemoteWebElement.getText(RemoteWebElement.java:160)
	at org.openqa.selenium.WebElement$getText$3.call(Unknown Source)
	at phpTravels.run(phpTravels:84)
	at com.kms.katalon.core.main.ScriptEngine.run(ScriptEngine.java:194)
	at com.kms.katalon.core.main.ScriptEngine.runScriptAsRawText(ScriptEngine.java:119)
	at com.kms.katalon.core.main.TestCaseExecutor.runScript(TestCaseExecutor.java:321)
	at com.kms.katalon.core.main.TestCaseExecutor.doExecute(TestCaseExecutor.java:312)
	at com.kms.katalon.core.main.TestCaseExecutor.processExecutionPhase(TestCaseExecutor.java:291)
	at com.kms.katalon.core.main.TestCaseExecutor.accessMainPhase(TestCaseExecutor.java:283)
	at com.kms.katalon.core.main.TestCaseExecutor.execute(TestCaseExecutor.java:222)
	at com.kms.katalon.core.main.TestSuiteExecutor.accessTestCaseMainPhase(TestSuiteExecutor.java:129)
	at com.kms.katalon.core.main.TestSuiteExecutor.accessTestSuiteMainPhase(TestSuiteExecutor.java:112)
	at com.kms.katalon.core.main.TestSuiteExecutor.execute(TestSuiteExecutor.java:81)
	at com.kms.katalon.core.main.TestCaseMain.startTestSuite(TestCaseMain.java:149)
	at com.kms.katalon.core.main.TestCaseMain$startTestSuite$0.call(Unknown Source)
	at TempTestSuite1544511357205.run(TempTestSuite1544511357205.groovy:36)


2018-12-11 12:27:00 - [TEST_STEP][PASSED] - Start listener action : sampleAfterTestCase: null

2018-12-11 12:27:00 - [TEST_STEP][PASSED] - println(testCaseContext.getTestCaseId()): null

2018-12-11 12:27:00 - [TEST_STEP][PASSED] - println(testCaseContext.getTestCaseStatus()): null]]></system-out>
         <system-err><![CDATA[2018-12-11 12:26:04 - [TEST_CASE][ERROR] - Test Cases/Mohit/DemoSite/phpTravels: Test Cases/Mohit/DemoSite/phpTravels FAILED.
Reason:
org.openqa.selenium.StaleElementReferenceException: stale element reference: element is not attached to the page document
  (Session info: chrome=71.0.3578.80)
  (Driver info: chromedriver=2.43.600210 (68dcf5eebde37173d4027fa8635e332711d2874a),platform=Windows NT 10.0.17134 x86_64) (WARNING: The server did not provide any stacktrace information)
Command duration or timeout: 0 milliseconds
For documentation on this error, please visit: http://seleniumhq.org/exceptions/stale_element_reference.html
Build info: version: '3.7.1', revision: '8a0099a', time: '2017-11-06T21:07:36.161Z'
System info: host: 'INLN56580283A', ip: '192.168.242.1', os.name: 'Windows 10', os.arch: 'amd64', os.version: '10.0', java.version: '1.8.0_181'
Driver info: com.kms.katalon.selenium.driver.CChromeDriver
Capabilities {acceptInsecureCerts: false, acceptSslCerts: false, applicationCacheEnabled: false, browserConnectionEnabled: false, browserName: chrome, chrome: {chromedriverVersion: 2.43.600210 (68dcf5eebde371..., userDataDir: C:\Users\c5281054\AppData\L...}, cssSelectorsEnabled: true, databaseEnabled: false, goog:chromeOptions: {debuggerAddress: localhost:50122}, handlesAlerts: true, hasTouchScreen: false, javascriptEnabled: true, locationContextEnabled: true, mobileEmulationEnabled: false, nativeEvents: true, networkConnectionEnabled: false, pageLoadStrategy: normal, platform: XP, platformName: XP, rotatable: false, setWindowRect: true, takesHeapSnapshot: true, takesScreenshot: true, unexpectedAlertBehaviour: , unhandledPromptBehavior: , version: 71.0.3578.80, webStorageEnabled: true}
Session ID: 565d6a908f7dbdd51f98d0c81944befb
	at org.openqa.selenium.remote.ErrorHandler.createThrowable(ErrorHandler.java:214)
	at org.openqa.selenium.remote.ErrorHandler.throwIfResponseFailed(ErrorHandler.java:166)
	at org.openqa.selenium.remote.http.JsonHttpResponseCodec.reconstructValue(JsonHttpResponseCodec.java:40)
	at org.openqa.selenium.remote.http.AbstractHttpResponseCodec.decode(AbstractHttpResponseCodec.java:80)
	at org.openqa.selenium.remote.http.AbstractHttpResponseCodec.decode(AbstractHttpResponseCodec.java:44)
	at org.openqa.selenium.remote.HttpCommandExecutor.execute(HttpCommandExecutor.java:164)
	at org.openqa.selenium.remote.service.DriverCommandExecutor.execute(DriverCommandExecutor.java:83)
	at org.openqa.selenium.remote.RemoteWebDriver.execute(RemoteWebDriver.java:600)
	at com.kms.katalon.selenium.driver.CChromeDriver.execute(CChromeDriver.java:20)
	at org.openqa.selenium.remote.RemoteWebElement.execute(RemoteWebElement.java:279)
	at org.openqa.selenium.remote.RemoteWebElement.getText(RemoteWebElement.java:160)
	at org.openqa.selenium.WebElement$getText$3.call(Unknown Source)
	at phpTravels.run(phpTravels:84)
	at com.kms.katalon.core.main.ScriptEngine.run(ScriptEngine.java:194)
	at com.kms.katalon.core.main.ScriptEngine.runScriptAsRawText(ScriptEngine.java:119)
	at com.kms.katalon.core.main.TestCaseExecutor.runScript(TestCaseExecutor.java:321)
	at com.kms.katalon.core.main.TestCaseExecutor.doExecute(TestCaseExecutor.java:312)
	at com.kms.katalon.core.main.TestCaseExecutor.processExecutionPhase(TestCaseExecutor.java:291)
	at com.kms.katalon.core.main.TestCaseExecutor.accessMainPhase(TestCaseExecutor.java:283)
	at com.kms.katalon.core.main.TestCaseExecutor.execute(TestCaseExecutor.java:222)
	at com.kms.katalon.core.main.TestSuiteExecutor.accessTestCaseMainPhase(TestSuiteExecutor.java:129)
	at com.kms.katalon.core.main.TestSuiteExecutor.accessTestSuiteMainPhase(TestSuiteExecutor.java:112)
	at com.kms.katalon.core.main.TestSuiteExecutor.execute(TestSuiteExecutor.java:81)
	at com.kms.katalon.core.main.TestCaseMain.startTestSuite(TestCaseMain.java:149)
	at com.kms.katalon.core.main.TestCaseMain$startTestSuite$0.call(Unknown Source)
	at TempTestSuite1544511357205.run(TempTestSuite1544511357205.groovy:36)]]></system-err>
      </testcase>
      <system-out><![CDATA[2018-12-11 12:26:03 - [TEST_SUITE][ERROR] - TestSuite 1: Test Cases/Mohit/DemoSite/phpTravels FAILED.
Reason:
org.openqa.selenium.StaleElementReferenceException: stale element reference: element is not attached to the page document
  (Session info: chrome=71.0.3578.80)
  (Driver info: chromedriver=2.43.600210 (68dcf5eebde37173d4027fa8635e332711d2874a),platform=Windows NT 10.0.17134 x86_64) (WARNING: The server did not provide any stacktrace information)
Command duration or timeout: 0 milliseconds
For documentation on this error, please visit: http://seleniumhq.org/exceptions/stale_element_reference.html
Build info: version: '3.7.1', revision: '8a0099a', time: '2017-11-06T21:07:36.161Z'
System info: host: 'INLN56580283A', ip: '192.168.242.1', os.name: 'Windows 10', os.arch: 'amd64', os.version: '10.0', java.version: '1.8.0_181'
Driver info: com.kms.katalon.selenium.driver.CChromeDriver
Capabilities {acceptInsecureCerts: false, acceptSslCerts: false, applicationCacheEnabled: false, browserConnectionEnabled: false, browserName: chrome, chrome: {chromedriverVersion: 2.43.600210 (68dcf5eebde371..., userDataDir: C:\Users\c5281054\AppData\L...}, cssSelectorsEnabled: true, databaseEnabled: false, goog:chromeOptions: {debuggerAddress: localhost:50122}, handlesAlerts: true, hasTouchScreen: false, javascriptEnabled: true, locationContextEnabled: true, mobileEmulationEnabled: false, nativeEvents: true, networkConnectionEnabled: false, pageLoadStrategy: normal, platform: XP, platformName: XP, rotatable: false, setWindowRect: true, takesHeapSnapshot: true, takesScreenshot: true, unexpectedAlertBehaviour: , unhandledPromptBehavior: , version: 71.0.3578.80, webStorageEnabled: true}
Session ID: 565d6a908f7dbdd51f98d0c81944befb
	at org.openqa.selenium.remote.ErrorHandler.createThrowable(ErrorHandler.java:214)
	at org.openqa.selenium.remote.ErrorHandler.throwIfResponseFailed(ErrorHandler.java:166)
	at org.openqa.selenium.remote.http.JsonHttpResponseCodec.reconstructValue(JsonHttpResponseCodec.java:40)
	at org.openqa.selenium.remote.http.AbstractHttpResponseCodec.decode(AbstractHttpResponseCodec.java:80)
	at org.openqa.selenium.remote.http.AbstractHttpResponseCodec.decode(AbstractHttpResponseCodec.java:44)
	at org.openqa.selenium.remote.HttpCommandExecutor.execute(HttpCommandExecutor.java:164)
	at org.openqa.selenium.remote.service.DriverCommandExecutor.execute(DriverCommandExecutor.java:83)
	at org.openqa.selenium.remote.RemoteWebDriver.execute(RemoteWebDriver.java:600)
	at com.kms.katalon.selenium.driver.CChromeDriver.execute(CChromeDriver.java:20)
	at org.openqa.selenium.remote.RemoteWebElement.execute(RemoteWebElement.java:279)
	at org.openqa.selenium.remote.RemoteWebElement.getText(RemoteWebElement.java:160)
	at org.openqa.selenium.WebElement$getText$3.call(Unknown Source)
	at phpTravels.run(phpTravels:84)
	at com.kms.katalon.core.main.ScriptEngine.run(ScriptEngine.java:194)
	at com.kms.katalon.core.main.ScriptEngine.runScriptAsRawText(ScriptEngine.java:119)
	at com.kms.katalon.core.main.TestCaseExecutor.runScript(TestCaseExecutor.java:321)
	at com.kms.katalon.core.main.TestCaseExecutor.doExecute(TestCaseExecutor.java:312)
	at com.kms.katalon.core.main.TestCaseExecutor.processExecutionPhase(TestCaseExecutor.java:291)
	at com.kms.katalon.core.main.TestCaseExecutor.accessMainPhase(TestCaseExecutor.java:283)
	at com.kms.katalon.core.main.TestCaseExecutor.execute(TestCaseExecutor.java:222)
	at com.kms.katalon.core.main.TestSuiteExecutor.accessTestCaseMainPhase(TestSuiteExecutor.java:129)
	at com.kms.katalon.core.main.TestSuiteExecutor.accessTestSuiteMainPhase(TestSuiteExecutor.java:112)
	at com.kms.katalon.core.main.TestSuiteExecutor.execute(TestSuiteExecutor.java:81)
	at com.kms.katalon.core.main.TestCaseMain.startTestSuite(TestCaseMain.java:149)
	at com.kms.katalon.core.main.TestCaseMain$startTestSuite$0.call(Unknown Source)
	at TempTestSuite1544511357205.run(TempTestSuite1544511357205.groovy:36)]]></system-out>
      <system-err><![CDATA[2018-12-11 12:26:03 - [TEST_SUITE][ERROR] - TestSuite 1: Test Cases/Mohit/DemoSite/phpTravels FAILED.
Reason:
org.openqa.selenium.StaleElementReferenceException: stale element reference: element is not attached to the page document
  (Session info: chrome=71.0.3578.80)
  (Driver info: chromedriver=2.43.600210 (68dcf5eebde37173d4027fa8635e332711d2874a),platform=Windows NT 10.0.17134 x86_64) (WARNING: The server did not provide any stacktrace information)
Command duration or timeout: 0 milliseconds
For documentation on this error, please visit: http://seleniumhq.org/exceptions/stale_element_reference.html
Build info: version: '3.7.1', revision: '8a0099a', time: '2017-11-06T21:07:36.161Z'
System info: host: 'INLN56580283A', ip: '192.168.242.1', os.name: 'Windows 10', os.arch: 'amd64', os.version: '10.0', java.version: '1.8.0_181'
Driver info: com.kms.katalon.selenium.driver.CChromeDriver
Capabilities {acceptInsecureCerts: false, acceptSslCerts: false, applicationCacheEnabled: false, browserConnectionEnabled: false, browserName: chrome, chrome: {chromedriverVersion: 2.43.600210 (68dcf5eebde371..., userDataDir: C:\Users\c5281054\AppData\L...}, cssSelectorsEnabled: true, databaseEnabled: false, goog:chromeOptions: {debuggerAddress: localhost:50122}, handlesAlerts: true, hasTouchScreen: false, javascriptEnabled: true, locationContextEnabled: true, mobileEmulationEnabled: false, nativeEvents: true, networkConnectionEnabled: false, pageLoadStrategy: normal, platform: XP, platformName: XP, rotatable: false, setWindowRect: true, takesHeapSnapshot: true, takesScreenshot: true, unexpectedAlertBehaviour: , unhandledPromptBehavior: , version: 71.0.3578.80, webStorageEnabled: true}
Session ID: 565d6a908f7dbdd51f98d0c81944befb
	at org.openqa.selenium.remote.ErrorHandler.createThrowable(ErrorHandler.java:214)
	at org.openqa.selenium.remote.ErrorHandler.throwIfResponseFailed(ErrorHandler.java:166)
	at org.openqa.selenium.remote.http.JsonHttpResponseCodec.reconstructValue(JsonHttpResponseCodec.java:40)
	at org.openqa.selenium.remote.http.AbstractHttpResponseCodec.decode(AbstractHttpResponseCodec.java:80)
	at org.openqa.selenium.remote.http.AbstractHttpResponseCodec.decode(AbstractHttpResponseCodec.java:44)
	at org.openqa.selenium.remote.HttpCommandExecutor.execute(HttpCommandExecutor.java:164)
	at org.openqa.selenium.remote.service.DriverCommandExecutor.execute(DriverCommandExecutor.java:83)
	at org.openqa.selenium.remote.RemoteWebDriver.execute(RemoteWebDriver.java:600)
	at com.kms.katalon.selenium.driver.CChromeDriver.execute(CChromeDriver.java:20)
	at org.openqa.selenium.remote.RemoteWebElement.execute(RemoteWebElement.java:279)
	at org.openqa.selenium.remote.RemoteWebElement.getText(RemoteWebElement.java:160)
	at org.openqa.selenium.WebElement$getText$3.call(Unknown Source)
	at phpTravels.run(phpTravels:84)
	at com.kms.katalon.core.main.ScriptEngine.run(ScriptEngine.java:194)
	at com.kms.katalon.core.main.ScriptEngine.runScriptAsRawText(ScriptEngine.java:119)
	at com.kms.katalon.core.main.TestCaseExecutor.runScript(TestCaseExecutor.java:321)
	at com.kms.katalon.core.main.TestCaseExecutor.doExecute(TestCaseExecutor.java:312)
	at com.kms.katalon.core.main.TestCaseExecutor.processExecutionPhase(TestCaseExecutor.java:291)
	at com.kms.katalon.core.main.TestCaseExecutor.accessMainPhase(TestCaseExecutor.java:283)
	at com.kms.katalon.core.main.TestCaseExecutor.execute(TestCaseExecutor.java:222)
	at com.kms.katalon.core.main.TestSuiteExecutor.accessTestCaseMainPhase(TestSuiteExecutor.java:129)
	at com.kms.katalon.core.main.TestSuiteExecutor.accessTestSuiteMainPhase(TestSuiteExecutor.java:112)
	at com.kms.katalon.core.main.TestSuiteExecutor.execute(TestSuiteExecutor.java:81)
	at com.kms.katalon.core.main.TestCaseMain.startTestSuite(TestCaseMain.java:149)
	at com.kms.katalon.core.main.TestCaseMain$startTestSuite$0.call(Unknown Source)
	at TempTestSuite1544511357205.run(TempTestSuite1544511357205.groovy:36)]]></system-err>
   </testsuite>
</testsuites>
