<?xml version="1.0" encoding="UTF-8"?>
<testsuites name="TestSuite_1" time="138" tests="1" failures="0" errors="1">
   <testsuite name="TestSuite_1" tests="1" failures="0" errors="1" time="138" timestamp="2018-12-12 12:35:39" hostname="C5281054 - INLN56580283A.apj.global.corp.sap" id="Test Suites/Mohit/TestSuite_1">
      <properties>
         <property name="deviceName" value=""/>
         <property name="devicePlatform" value=""/>
         <property name="logFolder" value="C:\\Users\\c5281054\\git\\KatalonDemo\\Reports\\Mohit\\TestSuite_1\\20181212_123519"/>
         <property name="logFiles" value="C:\\Users\\c5281054\\git\\KatalonDemo\\Reports\\Mohit\\TestSuite_1\\20181212_123519\\execution0.log"/>
         <property name="attachments" value=""/>
         <property name="hostName" value="C5281054 - INLN56580283A.apj.global.corp.sap"/>
         <property name="os" value="Windows 10 64bit"/>
         <property name="katalonVersion" value="5.9.1.2"/>
         <property name="browser" value="Chrome 71.0.3578.80"/>
         <property name="hostAddress" value="192.168.242.1"/>
         <property name="sessionId" value="42345566bbce392ecca1d37c4a2a23d4"/>
         <property name="seleniumVersion" value="3.7.1"/>
         <property name="proxyInformation" value="ProxyInformation{proxyOption=NO_PROXY, proxyServerType=HTTP, password=, proxyServerAddress=, proxyServerPort=0}"/>
         <property name="platform" value="Windows 10"/>
      </properties>
      <testcase name="Test Cases/Mohit/Drag_Drop" classname="Test Cases/Mohit/Drag_Drop" status="ERROR">
         <error type="ERROR" message="Test Cases/Mohit/Drag_Drop FAILED.
Reason:
FindFailed: C:/Users/c5281054/git/KatalonDemo/Include/img/one.png: (50x32) in S(0)[0,0 1920x1080] E:Y, T:3.0
  Line 2277, in file Region.java

	at org.sikuli.script.Region.wait(Region.java:2277)
	at org.sikuli.script.Region.wait(Region.java:2295)
	at org.sikuli.script.Region.getLocationFromTarget(Region.java:3270)
	at org.sikuli.script.Region.dragDrop(Region.java:4017)
	at org.sikuli.script.Region$dragDrop.call(Unknown Source)
	at Drag_Drop.run(Drag_Drop:22)
	at com.kms.katalon.core.main.ScriptEngine.run(ScriptEngine.java:194)
	at com.kms.katalon.core.main.ScriptEngine.runScriptAsRawText(ScriptEngine.java:119)
	at com.kms.katalon.core.main.TestCaseExecutor.runScript(TestCaseExecutor.java:321)
	at com.kms.katalon.core.main.TestCaseExecutor.doExecute(TestCaseExecutor.java:312)
	at com.kms.katalon.core.main.TestCaseExecutor.processExecutionPhase(TestCaseExecutor.java:291)
	at com.kms.katalon.core.main.TestCaseExecutor.accessMainPhase(TestCaseExecutor.java:283)
	at com.kms.katalon.core.main.TestCaseExecutor.execute(TestCaseExecutor.java:222)
	at com.kms.katalon.core.main.TestSuiteExecutor.accessTestCaseMainPhase(TestSuiteExecutor.java:129)
	at com.kms.katalon.core.main.TestSuiteExecutor.accessTestSuiteMainPhase(TestSuiteExecutor.java:112)
	at com.kms.katalon.core.main.TestSuiteExecutor.execute(TestSuiteExecutor.java:81)
	at com.kms.katalon.core.main.TestCaseMain.startTestSuite(TestCaseMain.java:149)
	at com.kms.katalon.core.main.TestCaseMain$startTestSuite$0.call(Unknown Source)
	at TempTestSuite1544598324251.run(TempTestSuite1544598324251.groovy:36)
"/>
         <system-out><![CDATA[2018-12-12 12:35:41 - [TEST_CASE][ERROR] - Test Cases/Mohit/Drag_Drop: Test Cases/Mohit/Drag_Drop FAILED.
Reason:
FindFailed: C:/Users/c5281054/git/KatalonDemo/Include/img/one.png: (50x32) in S(0)[0,0 1920x1080] E:Y, T:3.0
  Line 2277, in file Region.java

	at org.sikuli.script.Region.wait(Region.java:2277)
	at org.sikuli.script.Region.wait(Region.java:2295)
	at org.sikuli.script.Region.getLocationFromTarget(Region.java:3270)
	at org.sikuli.script.Region.dragDrop(Region.java:4017)
	at org.sikuli.script.Region$dragDrop.call(Unknown Source)
	at Drag_Drop.run(Drag_Drop:22)
	at com.kms.katalon.core.main.ScriptEngine.run(ScriptEngine.java:194)
	at com.kms.katalon.core.main.ScriptEngine.runScriptAsRawText(ScriptEngine.java:119)
	at com.kms.katalon.core.main.TestCaseExecutor.runScript(TestCaseExecutor.java:321)
	at com.kms.katalon.core.main.TestCaseExecutor.doExecute(TestCaseExecutor.java:312)
	at com.kms.katalon.core.main.TestCaseExecutor.processExecutionPhase(TestCaseExecutor.java:291)
	at com.kms.katalon.core.main.TestCaseExecutor.accessMainPhase(TestCaseExecutor.java:283)
	at com.kms.katalon.core.main.TestCaseExecutor.execute(TestCaseExecutor.java:222)
	at com.kms.katalon.core.main.TestSuiteExecutor.accessTestCaseMainPhase(TestSuiteExecutor.java:129)
	at com.kms.katalon.core.main.TestSuiteExecutor.accessTestSuiteMainPhase(TestSuiteExecutor.java:112)
	at com.kms.katalon.core.main.TestSuiteExecutor.execute(TestSuiteExecutor.java:81)
	at com.kms.katalon.core.main.TestCaseMain.startTestSuite(TestCaseMain.java:149)
	at com.kms.katalon.core.main.TestCaseMain$startTestSuite$0.call(Unknown Source)
	at TempTestSuite1544598324251.run(TempTestSuite1544598324251.groovy:36)


2018-12-12 12:35:42 - [TEST_STEP][PASSED] - Start listener action : sampleBeforeTestCase: null

2018-12-12 12:35:42 - [TEST_STEP][PASSED] - println(testCaseContext.getTestCaseId()): null

2018-12-12 12:35:42 - [TEST_STEP][PASSED] - println(testCaseContext.getTestCaseVariables()): null

2018-12-12 12:35:42 - [TEST_STEP][PASSED] - Start listener action : sampleBeforeTestCase: null

2018-12-12 12:35:42 - [TEST_STEP][PASSED] - println(testCaseContext.getTestCaseId()): null

2018-12-12 12:35:42 - [TEST_STEP][PASSED] - println(testCaseContext.getTestCaseVariables()): null

2018-12-12 12:35:42 - [TEST_STEP][PASSED] - imgDir = getProjectDir() + "/Include/img/": null

2018-12-12 12:35:42 - [TEST_STEP][PASSED] - openBrowser("https://html5demos.com/drag/"): Browser is opened with url: 'https://html5demos.com/drag/'

2018-12-12 12:35:45 - [MESSAGE][INFO] - Starting 'Chrome' driver

2018-12-12 12:35:45 - [MESSAGE][INFO] - Action delay is set to 0 seconds

2018-12-12 12:36:18 - [MESSAGE][PASSED] - Browser is opened with url: 'https://html5demos.com/drag/'

2018-12-12 12:36:18 - [TEST_STEP][PASSED] - maximizeWindow(): Current window maximized

2018-12-12 12:36:19 - [MESSAGE][PASSED] - Current window maximized

2018-12-12 12:36:19 - [TEST_STEP][PASSED] - Thread.sleep(500): null

2018-12-12 12:36:19 - [TEST_STEP][PASSED] - screen = new org.sikuli.script.Screen(): null

2018-12-12 12:36:23 - [TEST_STEP][PASSED] - one = new org.sikuli.script.Pattern((imgDir + one.png)): null

2018-12-12 12:36:29 - [TEST_STEP][PASSED] - drop = new org.sikuli.script.Pattern((imgDir + drop.png)): null

2018-12-12 12:36:29 - [TEST_STEP][PASSED] - Thread.sleep(500): null

2018-12-12 12:36:30 - [TEST_STEP][ERROR] - screen.dragDrop(one, drop): screen.dragDrop(one, drop) FAILED.
Reason:
FindFailed: C:/Users/c5281054/git/KatalonDemo/Include/img/one.png: (50x32) in S(0)[0,0 1920x1080] E:Y, T:3.0
  Line 2277, in file Region.java

	at org.sikuli.script.Region.wait(Region.java:2277)
	at org.sikuli.script.Region.wait(Region.java:2295)
	at org.sikuli.script.Region.getLocationFromTarget(Region.java:3270)
	at org.sikuli.script.Region.dragDrop(Region.java:4017)
	at org.sikuli.script.Region$dragDrop.call(Unknown Source)
	at Drag_Drop.run(Drag_Drop:22)
	at com.kms.katalon.core.main.ScriptEngine.run(ScriptEngine.java:194)
	at com.kms.katalon.core.main.ScriptEngine.runScriptAsRawText(ScriptEngine.java:119)
	at com.kms.katalon.core.main.TestCaseExecutor.runScript(TestCaseExecutor.java:321)
	at com.kms.katalon.core.main.TestCaseExecutor.doExecute(TestCaseExecutor.java:312)
	at com.kms.katalon.core.main.TestCaseExecutor.processExecutionPhase(TestCaseExecutor.java:291)
	at com.kms.katalon.core.main.TestCaseExecutor.accessMainPhase(TestCaseExecutor.java:283)
	at com.kms.katalon.core.main.TestCaseExecutor.execute(TestCaseExecutor.java:222)
	at com.kms.katalon.core.main.TestSuiteExecutor.accessTestCaseMainPhase(TestSuiteExecutor.java:129)
	at com.kms.katalon.core.main.TestSuiteExecutor.accessTestSuiteMainPhase(TestSuiteExecutor.java:112)
	at com.kms.katalon.core.main.TestSuiteExecutor.execute(TestSuiteExecutor.java:81)
	at com.kms.katalon.core.main.TestCaseMain.startTestSuite(TestCaseMain.java:149)
	at com.kms.katalon.core.main.TestCaseMain$startTestSuite$0.call(Unknown Source)
	at TempTestSuite1544598324251.run(TempTestSuite1544598324251.groovy:36)


2018-12-12 12:36:34 - [MESSAGE][ERROR] - screen.dragDrop(one, drop) FAILED.
Reason:
FindFailed: C:/Users/c5281054/git/KatalonDemo/Include/img/one.png: (50x32) in S(0)[0,0 1920x1080] E:Y, T:3.0
  Line 2277, in file Region.java

	at org.sikuli.script.Region.wait(Region.java:2277)
	at org.sikuli.script.Region.wait(Region.java:2295)
	at org.sikuli.script.Region.getLocationFromTarget(Region.java:3270)
	at org.sikuli.script.Region.dragDrop(Region.java:4017)
	at org.sikuli.script.Region$dragDrop.call(Unknown Source)
	at Drag_Drop.run(Drag_Drop:22)
	at com.kms.katalon.core.main.ScriptEngine.run(ScriptEngine.java:194)
	at com.kms.katalon.core.main.ScriptEngine.runScriptAsRawText(ScriptEngine.java:119)
	at com.kms.katalon.core.main.TestCaseExecutor.runScript(TestCaseExecutor.java:321)
	at com.kms.katalon.core.main.TestCaseExecutor.doExecute(TestCaseExecutor.java:312)
	at com.kms.katalon.core.main.TestCaseExecutor.processExecutionPhase(TestCaseExecutor.java:291)
	at com.kms.katalon.core.main.TestCaseExecutor.accessMainPhase(TestCaseExecutor.java:283)
	at com.kms.katalon.core.main.TestCaseExecutor.execute(TestCaseExecutor.java:222)
	at com.kms.katalon.core.main.TestSuiteExecutor.accessTestCaseMainPhase(TestSuiteExecutor.java:129)
	at com.kms.katalon.core.main.TestSuiteExecutor.accessTestSuiteMainPhase(TestSuiteExecutor.java:112)
	at com.kms.katalon.core.main.TestSuiteExecutor.execute(TestSuiteExecutor.java:81)
	at com.kms.katalon.core.main.TestCaseMain.startTestSuite(TestCaseMain.java:149)
	at com.kms.katalon.core.main.TestCaseMain$startTestSuite$0.call(Unknown Source)
	at TempTestSuite1544598324251.run(TempTestSuite1544598324251.groovy:36)


2018-12-12 12:36:34 - [TEST_STEP][PASSED] - Start listener action : sampleAfterTestCase: null

2018-12-12 12:36:34 - [TEST_STEP][PASSED] - println(testCaseContext.getTestCaseId()): null

2018-12-12 12:36:34 - [TEST_STEP][PASSED] - println(testCaseContext.getTestCaseStatus()): null

2018-12-12 12:36:34 - [TEST_STEP][PASSED] - Start listener action : sampleAfterTestCase: null

2018-12-12 12:36:34 - [TEST_STEP][PASSED] - println(testCaseContext.getTestCaseId()): null

2018-12-12 12:36:34 - [TEST_STEP][PASSED] - println(testCaseContext.getTestCaseStatus()): null]]></system-out>
         <system-err><![CDATA[2018-12-12 12:35:41 - [TEST_CASE][ERROR] - Test Cases/Mohit/Drag_Drop: Test Cases/Mohit/Drag_Drop FAILED.
Reason:
FindFailed: C:/Users/c5281054/git/KatalonDemo/Include/img/one.png: (50x32) in S(0)[0,0 1920x1080] E:Y, T:3.0
  Line 2277, in file Region.java

	at org.sikuli.script.Region.wait(Region.java:2277)
	at org.sikuli.script.Region.wait(Region.java:2295)
	at org.sikuli.script.Region.getLocationFromTarget(Region.java:3270)
	at org.sikuli.script.Region.dragDrop(Region.java:4017)
	at org.sikuli.script.Region$dragDrop.call(Unknown Source)
	at Drag_Drop.run(Drag_Drop:22)
	at com.kms.katalon.core.main.ScriptEngine.run(ScriptEngine.java:194)
	at com.kms.katalon.core.main.ScriptEngine.runScriptAsRawText(ScriptEngine.java:119)
	at com.kms.katalon.core.main.TestCaseExecutor.runScript(TestCaseExecutor.java:321)
	at com.kms.katalon.core.main.TestCaseExecutor.doExecute(TestCaseExecutor.java:312)
	at com.kms.katalon.core.main.TestCaseExecutor.processExecutionPhase(TestCaseExecutor.java:291)
	at com.kms.katalon.core.main.TestCaseExecutor.accessMainPhase(TestCaseExecutor.java:283)
	at com.kms.katalon.core.main.TestCaseExecutor.execute(TestCaseExecutor.java:222)
	at com.kms.katalon.core.main.TestSuiteExecutor.accessTestCaseMainPhase(TestSuiteExecutor.java:129)
	at com.kms.katalon.core.main.TestSuiteExecutor.accessTestSuiteMainPhase(TestSuiteExecutor.java:112)
	at com.kms.katalon.core.main.TestSuiteExecutor.execute(TestSuiteExecutor.java:81)
	at com.kms.katalon.core.main.TestCaseMain.startTestSuite(TestCaseMain.java:149)
	at com.kms.katalon.core.main.TestCaseMain$startTestSuite$0.call(Unknown Source)
	at TempTestSuite1544598324251.run(TempTestSuite1544598324251.groovy:36)]]></system-err>
      </testcase>
      <testcase name="Test Cases/Mohit/DemoSite/phpTravels" classname="Test Cases/Mohit/DemoSite/phpTravels" status="PASSED">
         <system-out><![CDATA[2018-12-12 12:36:34 - [TEST_CASE][PASSED] - Test Cases/Mohit/DemoSite/phpTravels: Test Cases/Mohit/DemoSite/phpTravels

2018-12-12 12:36:34 - [TEST_STEP][PASSED] - Start listener action : sampleBeforeTestCase: null

2018-12-12 12:36:34 - [TEST_STEP][PASSED] - println(testCaseContext.getTestCaseId()): null

2018-12-12 12:36:34 - [TEST_STEP][PASSED] - println(testCaseContext.getTestCaseVariables()): null

2018-12-12 12:36:34 - [TEST_STEP][PASSED] - Start listener action : sampleBeforeTestCase: null

2018-12-12 12:36:34 - [TEST_STEP][PASSED] - println(testCaseContext.getTestCaseId()): null

2018-12-12 12:36:34 - [TEST_STEP][PASSED] - println(testCaseContext.getTestCaseVariables()): null

2018-12-12 12:36:35 - [TEST_STEP][PASSED] - openBrowser("https://www.phptravels.net/"): Browser is opened with url: 'https://www.phptravels.net/'

2018-12-12 12:36:35 - [MESSAGE][WARNING] - A browser is already opened. Closing browser and opening a new one

2018-12-12 12:36:45 - [MESSAGE][INFO] - Starting 'Chrome' driver

2018-12-12 12:37:15 - [MESSAGE][PASSED] - Browser is opened with url: 'https://www.phptravels.net/'

2018-12-12 12:37:15 - [TEST_STEP][PASSED] - maximizeWindow(): Current window maximized

2018-12-12 12:37:17 - [MESSAGE][PASSED] - Current window maximized

2018-12-12 12:37:17 - [TEST_STEP][PASSED] - driver = getWebDriver(): null

2018-12-12 12:37:17 - [TEST_STEP][PASSED] - for ([i = 0, i < 1000, (i++)]): null

2018-12-12 12:37:17 - [TEST_STEP][PASSED] - try: null

2018-12-12 12:37:17 - [TEST_STEP][PASSED] - className("text-center")).isDisplayed(): null

2018-12-12 12:37:17 - [TEST_STEP][PASSED] - Thread.sleep(1000): null

2018-12-12 12:37:18 - [TEST_STEP][PASSED] - break: null

2018-12-12 12:37:18 - [TEST_STEP][PASSED] - elements = driver.findElements(By.className("text-center")): null

2018-12-12 12:37:18 - [TEST_STEP][PASSED] - for (org.openqa.selenium.WebElement webElement : elements): null

2018-12-12 12:37:18 - [TEST_STEP][PASSED] - Title = webElement.getAttribute("title"): null

2018-12-12 12:37:18 - [TEST_STEP][PASSED] - if (Title.equals("Flights")): null

2018-12-12 12:37:18 - [TEST_STEP][PASSED] - Title = webElement.getAttribute("title"): null

2018-12-12 12:37:18 - [TEST_STEP][PASSED] - if (Title.equals("Flights")): null

2018-12-12 12:37:18 - [TEST_STEP][PASSED] - Title = webElement.getAttribute("title"): null

2018-12-12 12:37:18 - [TEST_STEP][PASSED] - if (Title.equals("Flights")): null

2018-12-12 12:37:18 - [TEST_STEP][PASSED] - Title = webElement.getAttribute("title"): null

2018-12-12 12:37:18 - [TEST_STEP][PASSED] - if (Title.equals("Flights")): null

2018-12-12 12:37:18 - [TEST_STEP][PASSED] - Title = webElement.getAttribute("title"): null

2018-12-12 12:37:18 - [TEST_STEP][PASSED] - if (Title.equals("Flights")): null

2018-12-12 12:37:18 - [TEST_STEP][PASSED] - Title = webElement.getAttribute("title"): null

2018-12-12 12:37:19 - [TEST_STEP][PASSED] - if (Title.equals("Flights")): null

2018-12-12 12:37:19 - [TEST_STEP][PASSED] - Title = webElement.getAttribute("title"): null

2018-12-12 12:37:19 - [TEST_STEP][PASSED] - if (Title.equals("Flights")): null

2018-12-12 12:37:19 - [TEST_STEP][PASSED] - Title = webElement.getAttribute("title"): null

2018-12-12 12:37:20 - [TEST_STEP][PASSED] - if (Title.equals("Flights")): null

2018-12-12 12:37:20 - [TEST_STEP][PASSED] - Title = webElement.getAttribute("title"): null

2018-12-12 12:37:20 - [TEST_STEP][PASSED] - if (Title.equals("Flights")): null

2018-12-12 12:37:20 - [TEST_STEP][PASSED] - Title = webElement.getAttribute("title"): null

2018-12-12 12:37:20 - [TEST_STEP][PASSED] - if (Title.equals("Flights")): null

2018-12-12 12:37:20 - [TEST_STEP][PASSED] - webElement.click(): null

2018-12-12 12:37:21 - [TEST_STEP][PASSED] - break: null

2018-12-12 12:37:21 - [TEST_STEP][PASSED] - for ([i = 0, i < 1000, (i++)]): null

2018-12-12 12:37:21 - [TEST_STEP][PASSED] - try: null

2018-12-12 12:37:21 - [TEST_STEP][PASSED] - id("flights")).isDisplayed(): null

2018-12-12 12:37:21 - [TEST_STEP][PASSED] - Thread.sleep(1000): null

2018-12-12 12:37:22 - [TEST_STEP][PASSED] - break: null

2018-12-12 12:37:23 - [TEST_STEP][PASSED] - action = new org.openqa.selenium.interactions.Actions(driver): null

2018-12-12 12:37:23 - [TEST_STEP][PASSED] - elements = driver.findElements(By.className("select2-chosen")): null

2018-12-12 12:37:23 - [TEST_STEP][PASSED] - for (org.openqa.selenium.WebElement webElement : elements): null

2018-12-12 12:37:23 - [TEST_STEP][PASSED] - loc = webElement.getLocation(): null

2018-12-12 12:37:23 - [TEST_STEP][PASSED] - if (loc.getX() == 0 || loc.getY() == 0): null

2018-12-12 12:37:23 - [TEST_STEP][PASSED] - <not implemented yet for class: org.codehaus.groovy.ast.stmt.ContinueStatement>: null

2018-12-12 12:37:23 - [TEST_STEP][PASSED] - loc = webElement.getLocation(): null

2018-12-12 12:37:23 - [TEST_STEP][PASSED] - if (loc.getX() == 0 || loc.getY() == 0): null

2018-12-12 12:37:23 - [TEST_STEP][PASSED] - <not implemented yet for class: org.codehaus.groovy.ast.stmt.ContinueStatement>: null

2018-12-12 12:37:23 - [TEST_STEP][PASSED] - loc = webElement.getLocation(): null

2018-12-12 12:37:23 - [TEST_STEP][PASSED] - if (loc.getX() == 0 || loc.getY() == 0): null

2018-12-12 12:37:23 - [TEST_STEP][PASSED] - <not implemented yet for class: org.codehaus.groovy.ast.stmt.ContinueStatement>: null

2018-12-12 12:37:23 - [TEST_STEP][PASSED] - loc = webElement.getLocation(): null

2018-12-12 12:37:23 - [TEST_STEP][PASSED] - if (loc.getX() == 0 || loc.getY() == 0): null

2018-12-12 12:37:23 - [TEST_STEP][PASSED] - <not implemented yet for class: org.codehaus.groovy.ast.stmt.ContinueStatement>: null

2018-12-12 12:37:23 - [TEST_STEP][PASSED] - loc = webElement.getLocation(): null

2018-12-12 12:37:23 - [TEST_STEP][PASSED] - if (loc.getX() == 0 || loc.getY() == 0): null

2018-12-12 12:37:23 - [TEST_STEP][PASSED] - <not implemented yet for class: org.codehaus.groovy.ast.stmt.ContinueStatement>: null

2018-12-12 12:37:23 - [TEST_STEP][PASSED] - loc = webElement.getLocation(): null

2018-12-12 12:37:23 - [TEST_STEP][PASSED] - if (loc.getX() == 0 || loc.getY() == 0): null

2018-12-12 12:37:23 - [TEST_STEP][PASSED] - if (getText().equals("Enter City Or Airport") == false): null

2018-12-12 12:37:23 - [TEST_STEP][PASSED] - click().perform(): null

2018-12-12 12:37:24 - [TEST_STEP][PASSED] - Thread.sleep(500): null

2018-12-12 12:37:24 - [TEST_STEP][PASSED] - sendKeys(City_To_From).perform(): null

2018-12-12 12:37:25 - [TEST_STEP][PASSED] - Thread.sleep(2000): null

2018-12-12 12:37:27 - [TEST_STEP][PASSED] - get(0).click(): null

2018-12-12 12:37:28 - [TEST_STEP][PASSED] - loc = webElement.getLocation(): null

2018-12-12 12:37:28 - [TEST_STEP][PASSED] - if (loc.getX() == 0 || loc.getY() == 0): null

2018-12-12 12:37:28 - [TEST_STEP][PASSED] - if (getText().equals("Enter City Or Airport") == false): null

2018-12-12 12:37:28 - [TEST_STEP][PASSED] - click().perform(): null

2018-12-12 12:37:29 - [TEST_STEP][PASSED] - Thread.sleep(500): null

2018-12-12 12:37:29 - [TEST_STEP][PASSED] - sendKeys(City_To_From).perform(): null

2018-12-12 12:37:30 - [TEST_STEP][PASSED] - Thread.sleep(2000): null

2018-12-12 12:37:32 - [TEST_STEP][PASSED] - get(0).click(): null

2018-12-12 12:37:33 - [TEST_STEP][PASSED] - loc = webElement.getLocation(): null

2018-12-12 12:37:33 - [TEST_STEP][PASSED] - if (loc.getX() == 0 || loc.getY() == 0): null

2018-12-12 12:37:33 - [TEST_STEP][PASSED] - <not implemented yet for class: org.codehaus.groovy.ast.stmt.ContinueStatement>: null

2018-12-12 12:37:33 - [TEST_STEP][PASSED] - loc = webElement.getLocation(): null

2018-12-12 12:37:33 - [TEST_STEP][PASSED] - if (loc.getX() == 0 || loc.getY() == 0): null

2018-12-12 12:37:33 - [TEST_STEP][PASSED] - <not implemented yet for class: org.codehaus.groovy.ast.stmt.ContinueStatement>: null

2018-12-12 12:37:33 - [TEST_STEP][PASSED] - name("departure")).click(): null

2018-12-12 12:37:33 - [TEST_STEP][PASSED] - Thread.sleep(1000): null

2018-12-12 12:37:34 - [TEST_STEP][PASSED] - name("departure")).sendKeys("2019-12-30"): null

2018-12-12 12:37:35 - [TEST_STEP][PASSED] - elements = driver.findElements(By.className("pfb0")): null

2018-12-12 12:37:36 - [TEST_STEP][PASSED] - for (org.openqa.selenium.WebElement webElement : elements): null

2018-12-12 12:37:36 - [TEST_STEP][PASSED] - out.println(webElement.getText()): null

2018-12-12 12:37:36 - [TEST_STEP][PASSED] - if (getText().equals("SEARCH")): null

2018-12-12 12:37:36 - [TEST_STEP][PASSED] - out.println(webElement.getText()): null

2018-12-12 12:37:36 - [TEST_STEP][PASSED] - if (getText().equals("SEARCH")): null

2018-12-12 12:37:36 - [TEST_STEP][PASSED] - out.println(webElement.getText()): null

2018-12-12 12:37:36 - [TEST_STEP][PASSED] - if (getText().equals("SEARCH")): null

2018-12-12 12:37:36 - [TEST_STEP][PASSED] - out.println(webElement.getText()): null

2018-12-12 12:37:36 - [TEST_STEP][PASSED] - if (getText().equals("SEARCH")): null

2018-12-12 12:37:36 - [TEST_STEP][PASSED] - webElement.click(): null

2018-12-12 12:37:39 - [TEST_STEP][PASSED] - for ([i = 0, i < 1000, (i++)]): null

2018-12-12 12:37:39 - [TEST_STEP][PASSED] - try: null

2018-12-12 12:37:39 - [TEST_STEP][PASSED] - id("bookbtn")).isDisplayed(): null

2018-12-12 12:37:39 - [TEST_STEP][PASSED] - Thread.sleep(500): null

2018-12-12 12:37:39 - [TEST_STEP][PASSED] - break: null

2018-12-12 12:37:39 - [TEST_STEP][PASSED] - get(0).click(): null

2018-12-12 12:37:41 - [TEST_STEP][PASSED] - for ([i = 0, i < 1000, (i++)]): null

2018-12-12 12:37:41 - [TEST_STEP][PASSED] - try: null

2018-12-12 12:37:41 - [TEST_STEP][PASSED] - name("firstname")).isDisplayed(): null

2018-12-12 12:37:41 - [TEST_STEP][PASSED] - Thread.sleep(500): null

2018-12-12 12:37:42 - [TEST_STEP][PASSED] - break: null

2018-12-12 12:37:42 - [TEST_STEP][PASSED] - name("firstname")).sendKeys("Firstname"): null

2018-12-12 12:37:42 - [TEST_STEP][PASSED] - name("lastname")).sendKeys("LastName"): null

2018-12-12 12:37:43 - [TEST_STEP][PASSED] - name("email")).sendKeys("dummyemail@email.com"): null

2018-12-12 12:37:43 - [TEST_STEP][PASSED] - name("confirmemail")).sendKeys("dummyemail@email.com"): null

2018-12-12 12:37:43 - [TEST_STEP][PASSED] - name("phone")).sendKeys("9874563201"): null

2018-12-12 12:37:43 - [TEST_STEP][PASSED] - name("address")).sendKeys("Dummy Address"): null

2018-12-12 12:37:44 - [TEST_STEP][PASSED] - elements = driver.findElements(By.className("btn-success")): null

2018-12-12 12:37:44 - [TEST_STEP][PASSED] - for (org.openqa.selenium.WebElement webElement : elements): null

2018-12-12 12:37:44 - [TEST_STEP][PASSED] - if (getText().equals("CONFIRM THIS BOOKING")): null

2018-12-12 12:37:44 - [TEST_STEP][PASSED] - webElement.click(): null

2018-12-12 12:37:45 - [TEST_STEP][PASSED] - if (getText().equals("CONFIRM THIS BOOKING")): null

2018-12-12 12:37:45 - [TEST_STEP][PASSED] - for ([i = 0, i < 1000, (i++)]): null

2018-12-12 12:37:45 - [TEST_STEP][PASSED] - try: null

2018-12-12 12:37:45 - [TEST_STEP][PASSED] - className("arrivalpay")).isDisplayed(): null

2018-12-12 12:37:45 - [TEST_STEP][PASSED] - catch (Exception e): null

2018-12-12 12:37:45 - [TEST_STEP][PASSED] - Thread.sleep(1000): null

2018-12-12 12:37:46 - [TEST_STEP][PASSED] - try: null

2018-12-12 12:37:46 - [TEST_STEP][PASSED] - className("arrivalpay")).isDisplayed(): null

2018-12-12 12:37:46 - [TEST_STEP][PASSED] - catch (Exception e): null

2018-12-12 12:37:46 - [TEST_STEP][PASSED] - Thread.sleep(1000): null

2018-12-12 12:37:47 - [TEST_STEP][PASSED] - try: null

2018-12-12 12:37:47 - [TEST_STEP][PASSED] - className("arrivalpay")).isDisplayed(): null

2018-12-12 12:37:47 - [TEST_STEP][PASSED] - catch (Exception e): null

2018-12-12 12:37:47 - [TEST_STEP][PASSED] - Thread.sleep(1000): null

2018-12-12 12:37:48 - [TEST_STEP][PASSED] - try: null

2018-12-12 12:37:48 - [TEST_STEP][PASSED] - className("arrivalpay")).isDisplayed(): null

2018-12-12 12:37:48 - [TEST_STEP][PASSED] - catch (Exception e): null

2018-12-12 12:37:48 - [TEST_STEP][PASSED] - Thread.sleep(1000): null

2018-12-12 12:37:49 - [TEST_STEP][PASSED] - try: null

2018-12-12 12:37:49 - [TEST_STEP][PASSED] - className("arrivalpay")).isDisplayed(): null

2018-12-12 12:37:49 - [TEST_STEP][PASSED] - catch (Exception e): null

2018-12-12 12:37:49 - [TEST_STEP][PASSED] - Thread.sleep(1000): null

2018-12-12 12:37:50 - [TEST_STEP][PASSED] - try: null

2018-12-12 12:37:50 - [TEST_STEP][PASSED] - className("arrivalpay")).isDisplayed(): null

2018-12-12 12:37:52 - [TEST_STEP][PASSED] - Thread.sleep(500): null

2018-12-12 12:37:53 - [TEST_STEP][PASSED] - break: null

2018-12-12 12:37:53 - [TEST_STEP][PASSED] - className("arrivalpay")).click(): null

2018-12-12 12:37:53 - [TEST_STEP][PASSED] - Thread.sleep(1000): null

2018-12-12 12:37:54 - [TEST_STEP][PASSED] - alert().accept(): null

2018-12-12 12:37:54 - [TEST_STEP][PASSED] - Start listener action : sampleAfterTestCase: null

2018-12-12 12:37:54 - [TEST_STEP][PASSED] - println(testCaseContext.getTestCaseId()): null

2018-12-12 12:37:54 - [TEST_STEP][PASSED] - println(testCaseContext.getTestCaseStatus()): null

2018-12-12 12:37:54 - [TEST_STEP][PASSED] - Start listener action : sampleAfterTestCase: null

2018-12-12 12:37:54 - [TEST_STEP][PASSED] - println(testCaseContext.getTestCaseId()): null

2018-12-12 12:37:54 - [TEST_STEP][PASSED] - println(testCaseContext.getTestCaseStatus()): null]]></system-out>
         <system-err><![CDATA[]]></system-err>
      </testcase>
      <system-out><![CDATA[2018-12-12 12:35:39 - [TEST_SUITE][ERROR] - TestSuite_1: Test Cases/Mohit/Drag_Drop FAILED.
Reason:
FindFailed: C:/Users/c5281054/git/KatalonDemo/Include/img/one.png: (50x32) in S(0)[0,0 1920x1080] E:Y, T:3.0
  Line 2277, in file Region.java

	at org.sikuli.script.Region.wait(Region.java:2277)
	at org.sikuli.script.Region.wait(Region.java:2295)
	at org.sikuli.script.Region.getLocationFromTarget(Region.java:3270)
	at org.sikuli.script.Region.dragDrop(Region.java:4017)
	at org.sikuli.script.Region$dragDrop.call(Unknown Source)
	at Drag_Drop.run(Drag_Drop:22)
	at com.kms.katalon.core.main.ScriptEngine.run(ScriptEngine.java:194)
	at com.kms.katalon.core.main.ScriptEngine.runScriptAsRawText(ScriptEngine.java:119)
	at com.kms.katalon.core.main.TestCaseExecutor.runScript(TestCaseExecutor.java:321)
	at com.kms.katalon.core.main.TestCaseExecutor.doExecute(TestCaseExecutor.java:312)
	at com.kms.katalon.core.main.TestCaseExecutor.processExecutionPhase(TestCaseExecutor.java:291)
	at com.kms.katalon.core.main.TestCaseExecutor.accessMainPhase(TestCaseExecutor.java:283)
	at com.kms.katalon.core.main.TestCaseExecutor.execute(TestCaseExecutor.java:222)
	at com.kms.katalon.core.main.TestSuiteExecutor.accessTestCaseMainPhase(TestSuiteExecutor.java:129)
	at com.kms.katalon.core.main.TestSuiteExecutor.accessTestSuiteMainPhase(TestSuiteExecutor.java:112)
	at com.kms.katalon.core.main.TestSuiteExecutor.execute(TestSuiteExecutor.java:81)
	at com.kms.katalon.core.main.TestCaseMain.startTestSuite(TestCaseMain.java:149)
	at com.kms.katalon.core.main.TestCaseMain$startTestSuite$0.call(Unknown Source)
	at TempTestSuite1544598324251.run(TempTestSuite1544598324251.groovy:36)]]></system-out>
      <system-err><![CDATA[2018-12-12 12:35:39 - [TEST_SUITE][ERROR] - TestSuite_1: Test Cases/Mohit/Drag_Drop FAILED.
Reason:
FindFailed: C:/Users/c5281054/git/KatalonDemo/Include/img/one.png: (50x32) in S(0)[0,0 1920x1080] E:Y, T:3.0
  Line 2277, in file Region.java

	at org.sikuli.script.Region.wait(Region.java:2277)
	at org.sikuli.script.Region.wait(Region.java:2295)
	at org.sikuli.script.Region.getLocationFromTarget(Region.java:3270)
	at org.sikuli.script.Region.dragDrop(Region.java:4017)
	at org.sikuli.script.Region$dragDrop.call(Unknown Source)
	at Drag_Drop.run(Drag_Drop:22)
	at com.kms.katalon.core.main.ScriptEngine.run(ScriptEngine.java:194)
	at com.kms.katalon.core.main.ScriptEngine.runScriptAsRawText(ScriptEngine.java:119)
	at com.kms.katalon.core.main.TestCaseExecutor.runScript(TestCaseExecutor.java:321)
	at com.kms.katalon.core.main.TestCaseExecutor.doExecute(TestCaseExecutor.java:312)
	at com.kms.katalon.core.main.TestCaseExecutor.processExecutionPhase(TestCaseExecutor.java:291)
	at com.kms.katalon.core.main.TestCaseExecutor.accessMainPhase(TestCaseExecutor.java:283)
	at com.kms.katalon.core.main.TestCaseExecutor.execute(TestCaseExecutor.java:222)
	at com.kms.katalon.core.main.TestSuiteExecutor.accessTestCaseMainPhase(TestSuiteExecutor.java:129)
	at com.kms.katalon.core.main.TestSuiteExecutor.accessTestSuiteMainPhase(TestSuiteExecutor.java:112)
	at com.kms.katalon.core.main.TestSuiteExecutor.execute(TestSuiteExecutor.java:81)
	at com.kms.katalon.core.main.TestCaseMain.startTestSuite(TestCaseMain.java:149)
	at com.kms.katalon.core.main.TestCaseMain$startTestSuite$0.call(Unknown Source)
	at TempTestSuite1544598324251.run(TempTestSuite1544598324251.groovy:36)]]></system-err>
   </testsuite>
</testsuites>
