<?xml version="1.0" encoding="UTF-8"?>
<testsuites name="finalDemoSuite" time="108" tests="1" failures="1" errors="0">
   <testsuite name="finalDemoSuite" tests="1" failures="1" errors="0" time="108" timestamp="2018-12-17 11:28:46" hostname="Gupta_shr - Shrutika-GT.India.XoriantCorp.com" id="Test Suites/Thalesh/finalDemoSuite">
      <properties>
         <property name="deviceName" value=""/>
         <property name="devicePlatform" value=""/>
         <property name="logFolder" value="C:\\Users\\gupta_shr\\git\\KatalonDemo\\Reports\\Thalesh\\finalDemoSuite\\20181217_112835"/>
         <property name="logFiles" value="C:\\Users\\gupta_shr\\git\\KatalonDemo\\Reports\\Thalesh\\finalDemoSuite\\20181217_112835\\execution0.log"/>
         <property name="attachments" value=""/>
         <property name="hostName" value="Gupta_shr - Shrutika-GT.India.XoriantCorp.com"/>
         <property name="os" value="Windows 10 64bit"/>
         <property name="katalonVersion" value="5.9.1.2"/>
         <property name="browser" value="Chrome 71.0.3578.98"/>
         <property name="hostAddress" value="10.20.3.151"/>
         <property name="sessionId" value="7f08099a0d27bc42bb5515677871d0fb"/>
         <property name="seleniumVersion" value="3.7.1"/>
         <property name="proxyInformation" value="ProxyInformation{proxyOption=NO_PROXY, proxyServerType=HTTP, password=, proxyServerAddress=, proxyServerPort=0}"/>
         <property name="platform" value="Windows 10"/>
      </properties>
      <testcase name="Test Cases/Thalesh/AutomationDemoSite" classname="Test Cases/Thalesh/AutomationDemoSite" status="FAILED">
         <failure type="FAILED" message="Test Cases/Thalesh/AutomationDemoSite FAILED.
Reason:
com.kms.katalon.core.exception.StepFailedException: No option matched.
	at com.kms.katalon.core.keyword.internal.KeywordMain.stepFailed(KeywordMain.groovy:32)
	at com.kms.katalon.core.keyword.internal.KeywordMain.stepFailed(KeywordMain.groovy)
	at com.kms.katalon.core.keyword.internal.KeywordMain.stepFailed(KeywordMain.groovy:20)
	at com.kms.katalon.core.webui.keyword.builtin.SelectOptionByValueKeyword$_selectOptionByValue_closure1.doCall(SelectOptionByValueKeyword.groovy:92)
	at com.kms.katalon.core.webui.keyword.builtin.SelectOptionByValueKeyword$_selectOptionByValue_closure1.call(SelectOptionByValueKeyword.groovy)
	at com.kms.katalon.core.webui.keyword.internal.WebUIKeywordMain.runKeyword(WebUIKeywordMain.groovy:21)
	at com.kms.katalon.core.webui.keyword.builtin.SelectOptionByValueKeyword.selectOptionByValue(SelectOptionByValueKeyword.groovy:99)
	at com.kms.katalon.core.webui.keyword.builtin.SelectOptionByValueKeyword.execute(SelectOptionByValueKeyword.groovy:71)
	at com.kms.katalon.core.keyword.internal.KeywordExecutor.executeKeywordForPlatform(KeywordExecutor.groovy:53)
	at com.kms.katalon.core.webui.keyword.WebUiBuiltInKeywords.selectOptionByValue(WebUiBuiltInKeywords.groovy:1138)
	at com.kms.katalon.core.webui.keyword.WebUiBuiltInKeywords$selectOptionByValue$4.call(Unknown Source)
	at AutomationDemoSite.run(AutomationDemoSite:47)
	at com.kms.katalon.core.main.ScriptEngine.run(ScriptEngine.java:194)
	at com.kms.katalon.core.main.ScriptEngine.runScriptAsRawText(ScriptEngine.java:119)
	at com.kms.katalon.core.main.TestCaseExecutor.runScript(TestCaseExecutor.java:321)
	at com.kms.katalon.core.main.TestCaseExecutor.doExecute(TestCaseExecutor.java:312)
	at com.kms.katalon.core.main.TestCaseExecutor.processExecutionPhase(TestCaseExecutor.java:291)
	at com.kms.katalon.core.main.TestCaseExecutor.accessMainPhase(TestCaseExecutor.java:283)
	at com.kms.katalon.core.main.TestCaseExecutor.execute(TestCaseExecutor.java:222)
	at com.kms.katalon.core.main.TestSuiteExecutor.accessTestCaseMainPhase(TestSuiteExecutor.java:129)
	at com.kms.katalon.core.main.TestSuiteExecutor.accessTestSuiteMainPhase(TestSuiteExecutor.java:112)
	at com.kms.katalon.core.main.TestSuiteExecutor.execute(TestSuiteExecutor.java:81)
	at com.kms.katalon.core.main.TestCaseMain.startTestSuite(TestCaseMain.java:149)
	at com.kms.katalon.core.main.TestCaseMain$startTestSuite$0.call(Unknown Source)
	at TempTestSuite1545026315575.run(TempTestSuite1545026315575.groovy:36)
"/>
         <system-out><![CDATA[2018-12-17 11:28:48 - [TEST_CASE][FAILED] - Test Cases/Thalesh/AutomationDemoSite: Test Cases/Thalesh/AutomationDemoSite FAILED.
Reason:
com.kms.katalon.core.exception.StepFailedException: No option matched.
	at com.kms.katalon.core.keyword.internal.KeywordMain.stepFailed(KeywordMain.groovy:32)
	at com.kms.katalon.core.keyword.internal.KeywordMain.stepFailed(KeywordMain.groovy)
	at com.kms.katalon.core.keyword.internal.KeywordMain.stepFailed(KeywordMain.groovy:20)
	at com.kms.katalon.core.webui.keyword.builtin.SelectOptionByValueKeyword$_selectOptionByValue_closure1.doCall(SelectOptionByValueKeyword.groovy:92)
	at com.kms.katalon.core.webui.keyword.builtin.SelectOptionByValueKeyword$_selectOptionByValue_closure1.call(SelectOptionByValueKeyword.groovy)
	at com.kms.katalon.core.webui.keyword.internal.WebUIKeywordMain.runKeyword(WebUIKeywordMain.groovy:21)
	at com.kms.katalon.core.webui.keyword.builtin.SelectOptionByValueKeyword.selectOptionByValue(SelectOptionByValueKeyword.groovy:99)
	at com.kms.katalon.core.webui.keyword.builtin.SelectOptionByValueKeyword.execute(SelectOptionByValueKeyword.groovy:71)
	at com.kms.katalon.core.keyword.internal.KeywordExecutor.executeKeywordForPlatform(KeywordExecutor.groovy:53)
	at com.kms.katalon.core.webui.keyword.WebUiBuiltInKeywords.selectOptionByValue(WebUiBuiltInKeywords.groovy:1138)
	at com.kms.katalon.core.webui.keyword.WebUiBuiltInKeywords$selectOptionByValue$4.call(Unknown Source)
	at AutomationDemoSite.run(AutomationDemoSite:47)
	at com.kms.katalon.core.main.ScriptEngine.run(ScriptEngine.java:194)
	at com.kms.katalon.core.main.ScriptEngine.runScriptAsRawText(ScriptEngine.java:119)
	at com.kms.katalon.core.main.TestCaseExecutor.runScript(TestCaseExecutor.java:321)
	at com.kms.katalon.core.main.TestCaseExecutor.doExecute(TestCaseExecutor.java:312)
	at com.kms.katalon.core.main.TestCaseExecutor.processExecutionPhase(TestCaseExecutor.java:291)
	at com.kms.katalon.core.main.TestCaseExecutor.accessMainPhase(TestCaseExecutor.java:283)
	at com.kms.katalon.core.main.TestCaseExecutor.execute(TestCaseExecutor.java:222)
	at com.kms.katalon.core.main.TestSuiteExecutor.accessTestCaseMainPhase(TestSuiteExecutor.java:129)
	at com.kms.katalon.core.main.TestSuiteExecutor.accessTestSuiteMainPhase(TestSuiteExecutor.java:112)
	at com.kms.katalon.core.main.TestSuiteExecutor.execute(TestSuiteExecutor.java:81)
	at com.kms.katalon.core.main.TestCaseMain.startTestSuite(TestCaseMain.java:149)
	at com.kms.katalon.core.main.TestCaseMain$startTestSuite$0.call(Unknown Source)
	at TempTestSuite1545026315575.run(TempTestSuite1545026315575.groovy:36)


2018-12-17 11:28:48 - [TEST_STEP][PASSED] - Start listener action : sampleBeforeTestCase: null

2018-12-17 11:28:48 - [TEST_STEP][PASSED] - println("This section belongs to @BeforeTestCase"): null

2018-12-17 11:28:48 - [TEST_STEP][PASSED] - println("***************************************************************"): null

2018-12-17 11:28:48 - [TEST_STEP][PASSED] - println(testCaseContext.getTestCaseId()): null

2018-12-17 11:28:48 - [TEST_STEP][PASSED] - println("***************************************************************"): null

2018-12-17 11:28:50 - [TEST_STEP][PASSED] - openBrowser(null): Browser is opened with url: 'null'

2018-12-17 11:28:53 - [MESSAGE][INFO] - Starting 'Chrome' driver

2018-12-17 11:28:53 - [MESSAGE][INFO] - Action delay is set to 0 seconds

2018-12-17 11:29:07 - [MESSAGE][PASSED] - Browser is opened with url: 'null'

2018-12-17 11:29:07 - [TEST_STEP][PASSED] - navigateToUrl("http://demo.automationtesting.in/Register.html"): Navigate to 'http://demo.automationtesting.in/Register.html' successfully

2018-12-17 11:29:48 - [MESSAGE][PASSED] - Navigate to 'http://demo.automationtesting.in/Register.html' successfully

2018-12-17 11:29:48 - [TEST_STEP][PASSED] - setText(findTestObject("DemoAuto/input_FirstName"), "thalesh"): Text 'thalesh' is set on object 'Object Repository/DemoAuto/input_FirstName'

2018-12-17 11:29:50 - [MESSAGE][PASSED] - Text 'thalesh' is set on object 'Object Repository/DemoAuto/input_FirstName'

2018-12-17 11:29:50 - [TEST_STEP][PASSED] - setText(findTestObject("DemoAuto/input_LastName"), "sharma"): Text 'sharma' is set on object 'Object Repository/DemoAuto/input_LastName'

2018-12-17 11:29:50 - [MESSAGE][PASSED] - Text 'sharma' is set on object 'Object Repository/DemoAuto/input_LastName'

2018-12-17 11:29:50 - [TEST_STEP][PASSED] - setText(findTestObject("DemoAuto/textarea_Address"), "test text area"): Text 'test text area' is set on object 'Object Repository/DemoAuto/textarea_Address'

2018-12-17 11:29:50 - [MESSAGE][PASSED] - Text 'test text area' is set on object 'Object Repository/DemoAuto/textarea_Address'

2018-12-17 11:29:50 - [TEST_STEP][PASSED] - setText(findTestObject("DemoAuto/input_EmailAddress"), "thalesh.s@gmail.com"): Text 'thalesh.s@gmail.com' is set on object 'Object Repository/DemoAuto/input_EmailAddress'

2018-12-17 11:29:51 - [MESSAGE][PASSED] - Text 'thalesh.s@gmail.com' is set on object 'Object Repository/DemoAuto/input_EmailAddress'

2018-12-17 11:29:51 - [TEST_STEP][PASSED] - setText(findTestObject("Object Repository/DemoAuto/input_Phone"), "1234567890"): Text '1234567890' is set on object 'Object Repository/DemoAuto/input_Phone'

2018-12-17 11:29:52 - [MESSAGE][PASSED] - Text '1234567890' is set on object 'Object Repository/DemoAuto/input_Phone'

2018-12-17 11:29:52 - [TEST_STEP][PASSED] - click(findTestObject("DemoAuto/input_GenderRadioOptions")): Object: 'Object Repository/DemoAuto/input_GenderRadioOptions' is clicked on

2018-12-17 11:29:52 - [MESSAGE][PASSED] - Object: 'Object Repository/DemoAuto/input_GenderRadioOptions' is clicked on

2018-12-17 11:29:52 - [TEST_STEP][PASSED] - click(findTestObject("DemoAuto/input_HobbiesCheckbox")): Object: 'Object Repository/DemoAuto/input_HobbiesCheckbox' is clicked on

2018-12-17 11:29:52 - [MESSAGE][PASSED] - Object: 'Object Repository/DemoAuto/input_HobbiesCheckbox' is clicked on

2018-12-17 11:29:52 - [TEST_STEP][PASSED] - scrollToElement(findTestObject("DemoAuto/select_Skills"), 5): Scroll to object 'Object Repository/DemoAuto/select_Skills' successfully

2018-12-17 11:29:52 - [MESSAGE][PASSED] - Scroll to object 'Object Repository/DemoAuto/select_Skills' successfully

2018-12-17 11:29:52 - [TEST_STEP][PASSED] - click(findTestObject("DemoAuto/select_Skills")): Object: 'Object Repository/DemoAuto/select_Skills' is clicked on

2018-12-17 11:29:54 - [MESSAGE][PASSED] - Object: 'Object Repository/DemoAuto/select_Skills' is clicked on

2018-12-17 11:29:54 - [TEST_STEP][PASSED] - selectOptionByValue(findTestObject("DemoAuto/select_Skills"), "Java", true): All options with value 'Java' are selected in object 'Object Repository/DemoAuto/select_Skills'  using regular expression

2018-12-17 11:30:00 - [MESSAGE][PASSED] - All options with value 'Java' are selected in object 'Object Repository/DemoAuto/select_Skills'  using regular expression

2018-12-17 11:30:00 - [TEST_STEP][PASSED] - click(findTestObject("DemoAuto/select_Country")): Object: 'Object Repository/DemoAuto/select_Country' is clicked on

2018-12-17 11:30:00 - [MESSAGE][PASSED] - Object: 'Object Repository/DemoAuto/select_Country' is clicked on

2018-12-17 11:30:00 - [TEST_STEP][FAILED] - selectOptionByValue(findTestObject("DemoAuto/select_Country"), "United Kingdom", true): No option matched.

2018-12-17 11:30:01 - [MESSAGE][FAILED] - No option matched.

2018-12-17 11:30:01 - [TEST_STEP][PASSED] - click(findTestObject("DemoAuto/li_Country0")): Object: 'Object Repository/DemoAuto/li_Country0' is clicked on

2018-12-17 11:30:01 - [MESSAGE][PASSED] - Object: 'Object Repository/DemoAuto/li_Country0' is clicked on

2018-12-17 11:30:01 - [TEST_STEP][PASSED] - obj = new com.kms.katalon.core.testobject.TestObject(TheObjectName): null

2018-12-17 11:30:01 - [TEST_STEP][PASSED] - obj.addProperty("xpath", EQUALS, "//ul[@id='select2-country-results']/li[text()='India']"): null

2018-12-17 11:30:01 - [TEST_STEP][PASSED] - click(obj): Object: 'TheObjectName' is clicked on

2018-12-17 11:30:01 - [MESSAGE][PASSED] - Object: 'TheObjectName' is clicked on

2018-12-17 11:30:01 - [TEST_STEP][PASSED] - selectOptionByValue(findTestObject("DemoAuto/select_Year"), "1990", true): All options with value '1990' are selected in object 'Object Repository/DemoAuto/select_Year'  using regular expression

2018-12-17 11:30:04 - [MESSAGE][PASSED] - All options with value '1990' are selected in object 'Object Repository/DemoAuto/select_Year'  using regular expression

2018-12-17 11:30:04 - [TEST_STEP][PASSED] - selectOptionByValue(findTestObject("Object Repository/DemoAuto/select_Month"), "January", true): All options with value 'January' are selected in object 'Object Repository/DemoAuto/select_Month'  using regular expression

2018-12-17 11:30:05 - [MESSAGE][PASSED] - All options with value 'January' are selected in object 'Object Repository/DemoAuto/select_Month'  using regular expression

2018-12-17 11:30:05 - [TEST_STEP][PASSED] - selectOptionByValue(findTestObject("Object Repository/DemoAuto/select_Day"), "1", true): All options with value '1' are selected in object 'Object Repository/DemoAuto/select_Day'  using regular expression

2018-12-17 11:30:05 - [MESSAGE][PASSED] - All options with value '1' are selected in object 'Object Repository/DemoAuto/select_Day'  using regular expression

2018-12-17 11:30:05 - [TEST_STEP][PASSED] - setText(findTestObject("DemoAuto/input_FirstPassword"), "Tt123456"): Text 'Tt123456' is set on object 'Object Repository/DemoAuto/input_FirstPassword'

2018-12-17 11:30:06 - [MESSAGE][PASSED] - Text 'Tt123456' is set on object 'Object Repository/DemoAuto/input_FirstPassword'

2018-12-17 11:30:06 - [TEST_STEP][PASSED] - setText(findTestObject("DemoAuto/input_ConfirmPassword"), "Tt123456"): Text 'Tt123456' is set on object 'Object Repository/DemoAuto/input_ConfirmPassword'

2018-12-17 11:30:06 - [MESSAGE][PASSED] - Text 'Tt123456' is set on object 'Object Repository/DemoAuto/input_ConfirmPassword'

2018-12-17 11:30:06 - [TEST_STEP][PASSED] - click(findTestObject("Object Repository/DemoAuto/button_Submit")): Object: 'Object Repository/DemoAuto/button_Submit' is clicked on

2018-12-17 11:30:06 - [MESSAGE][PASSED] - Object: 'Object Repository/DemoAuto/button_Submit' is clicked on

2018-12-17 11:30:06 - [TEST_STEP][FAILED] - closeBrowser(): closeBrowser() FAILED.
Reason:
com.kms.katalon.core.exception.StepFailedException: No option matched.
	at com.kms.katalon.core.keyword.internal.KeywordMain.stepFailed(KeywordMain.groovy:32)
	at com.kms.katalon.core.keyword.internal.KeywordMain.stepFailed(KeywordMain.groovy)
	at com.kms.katalon.core.keyword.internal.KeywordMain.stepFailed(KeywordMain.groovy:20)
	at com.kms.katalon.core.webui.keyword.builtin.SelectOptionByValueKeyword$_selectOptionByValue_closure1.doCall(SelectOptionByValueKeyword.groovy:92)
	at com.kms.katalon.core.webui.keyword.builtin.SelectOptionByValueKeyword$_selectOptionByValue_closure1.call(SelectOptionByValueKeyword.groovy)
	at com.kms.katalon.core.webui.keyword.internal.WebUIKeywordMain.runKeyword(WebUIKeywordMain.groovy:21)
	at com.kms.katalon.core.webui.keyword.builtin.SelectOptionByValueKeyword.selectOptionByValue(SelectOptionByValueKeyword.groovy:99)
	at com.kms.katalon.core.webui.keyword.builtin.SelectOptionByValueKeyword.execute(SelectOptionByValueKeyword.groovy:71)
	at com.kms.katalon.core.keyword.internal.KeywordExecutor.executeKeywordForPlatform(KeywordExecutor.groovy:53)
	at com.kms.katalon.core.webui.keyword.WebUiBuiltInKeywords.selectOptionByValue(WebUiBuiltInKeywords.groovy:1138)
	at com.kms.katalon.core.webui.keyword.WebUiBuiltInKeywords$selectOptionByValue$4.call(Unknown Source)
	at AutomationDemoSite.run(AutomationDemoSite:47)
	at com.kms.katalon.core.main.ScriptEngine.run(ScriptEngine.java:194)
	at com.kms.katalon.core.main.ScriptEngine.runScriptAsRawText(ScriptEngine.java:119)
	at com.kms.katalon.core.main.TestCaseExecutor.runScript(TestCaseExecutor.java:321)
	at com.kms.katalon.core.main.TestCaseExecutor.doExecute(TestCaseExecutor.java:312)
	at com.kms.katalon.core.main.TestCaseExecutor.processExecutionPhase(TestCaseExecutor.java:291)
	at com.kms.katalon.core.main.TestCaseExecutor.accessMainPhase(TestCaseExecutor.java:283)
	at com.kms.katalon.core.main.TestCaseExecutor.execute(TestCaseExecutor.java:222)
	at com.kms.katalon.core.main.TestSuiteExecutor.accessTestCaseMainPhase(TestSuiteExecutor.java:129)
	at com.kms.katalon.core.main.TestSuiteExecutor.accessTestSuiteMainPhase(TestSuiteExecutor.java:112)
	at com.kms.katalon.core.main.TestSuiteExecutor.execute(TestSuiteExecutor.java:81)
	at com.kms.katalon.core.main.TestCaseMain.startTestSuite(TestCaseMain.java:149)
	at com.kms.katalon.core.main.TestCaseMain$startTestSuite$0.call(Unknown Source)
	at TempTestSuite1545026315575.run(TempTestSuite1545026315575.groovy:36)


2018-12-17 11:30:08 - [MESSAGE][PASSED] - Browser is closed

2018-12-17 11:30:08 - [MESSAGE][FAILED] - closeBrowser() FAILED.
Reason:
com.kms.katalon.core.exception.StepFailedException: No option matched.
	at com.kms.katalon.core.keyword.internal.KeywordMain.stepFailed(KeywordMain.groovy:32)
	at com.kms.katalon.core.keyword.internal.KeywordMain.stepFailed(KeywordMain.groovy)
	at com.kms.katalon.core.keyword.internal.KeywordMain.stepFailed(KeywordMain.groovy:20)
	at com.kms.katalon.core.webui.keyword.builtin.SelectOptionByValueKeyword$_selectOptionByValue_closure1.doCall(SelectOptionByValueKeyword.groovy:92)
	at com.kms.katalon.core.webui.keyword.builtin.SelectOptionByValueKeyword$_selectOptionByValue_closure1.call(SelectOptionByValueKeyword.groovy)
	at com.kms.katalon.core.webui.keyword.internal.WebUIKeywordMain.runKeyword(WebUIKeywordMain.groovy:21)
	at com.kms.katalon.core.webui.keyword.builtin.SelectOptionByValueKeyword.selectOptionByValue(SelectOptionByValueKeyword.groovy:99)
	at com.kms.katalon.core.webui.keyword.builtin.SelectOptionByValueKeyword.execute(SelectOptionByValueKeyword.groovy:71)
	at com.kms.katalon.core.keyword.internal.KeywordExecutor.executeKeywordForPlatform(KeywordExecutor.groovy:53)
	at com.kms.katalon.core.webui.keyword.WebUiBuiltInKeywords.selectOptionByValue(WebUiBuiltInKeywords.groovy:1138)
	at com.kms.katalon.core.webui.keyword.WebUiBuiltInKeywords$selectOptionByValue$4.call(Unknown Source)
	at AutomationDemoSite.run(AutomationDemoSite:47)
	at com.kms.katalon.core.main.ScriptEngine.run(ScriptEngine.java:194)
	at com.kms.katalon.core.main.ScriptEngine.runScriptAsRawText(ScriptEngine.java:119)
	at com.kms.katalon.core.main.TestCaseExecutor.runScript(TestCaseExecutor.java:321)
	at com.kms.katalon.core.main.TestCaseExecutor.doExecute(TestCaseExecutor.java:312)
	at com.kms.katalon.core.main.TestCaseExecutor.processExecutionPhase(TestCaseExecutor.java:291)
	at com.kms.katalon.core.main.TestCaseExecutor.accessMainPhase(TestCaseExecutor.java:283)
	at com.kms.katalon.core.main.TestCaseExecutor.execute(TestCaseExecutor.java:222)
	at com.kms.katalon.core.main.TestSuiteExecutor.accessTestCaseMainPhase(TestSuiteExecutor.java:129)
	at com.kms.katalon.core.main.TestSuiteExecutor.accessTestSuiteMainPhase(TestSuiteExecutor.java:112)
	at com.kms.katalon.core.main.TestSuiteExecutor.execute(TestSuiteExecutor.java:81)
	at com.kms.katalon.core.main.TestCaseMain.startTestSuite(TestCaseMain.java:149)
	at com.kms.katalon.core.main.TestCaseMain$startTestSuite$0.call(Unknown Source)
	at TempTestSuite1545026315575.run(TempTestSuite1545026315575.groovy:36)


2018-12-17 11:30:08 - [TEST_STEP][PASSED] - Start listener action : sampleAfterTestCase: null

2018-12-17 11:30:08 - [TEST_STEP][PASSED] - println("This section belongs to @AfterTestCase"): null

2018-12-17 11:30:08 - [TEST_STEP][PASSED] - println("***************************************************************"): null

2018-12-17 11:30:08 - [TEST_STEP][PASSED] - println(testCaseContext.getTestCaseId() + " : " + testCaseContext.getTestCaseStatus()): null

2018-12-17 11:30:08 - [TEST_STEP][PASSED] - println("***************************************************************"): null]]></system-out>
         <system-err><![CDATA[2018-12-17 11:28:48 - [TEST_CASE][FAILED] - Test Cases/Thalesh/AutomationDemoSite: Test Cases/Thalesh/AutomationDemoSite FAILED.
Reason:
com.kms.katalon.core.exception.StepFailedException: No option matched.
	at com.kms.katalon.core.keyword.internal.KeywordMain.stepFailed(KeywordMain.groovy:32)
	at com.kms.katalon.core.keyword.internal.KeywordMain.stepFailed(KeywordMain.groovy)
	at com.kms.katalon.core.keyword.internal.KeywordMain.stepFailed(KeywordMain.groovy:20)
	at com.kms.katalon.core.webui.keyword.builtin.SelectOptionByValueKeyword$_selectOptionByValue_closure1.doCall(SelectOptionByValueKeyword.groovy:92)
	at com.kms.katalon.core.webui.keyword.builtin.SelectOptionByValueKeyword$_selectOptionByValue_closure1.call(SelectOptionByValueKeyword.groovy)
	at com.kms.katalon.core.webui.keyword.internal.WebUIKeywordMain.runKeyword(WebUIKeywordMain.groovy:21)
	at com.kms.katalon.core.webui.keyword.builtin.SelectOptionByValueKeyword.selectOptionByValue(SelectOptionByValueKeyword.groovy:99)
	at com.kms.katalon.core.webui.keyword.builtin.SelectOptionByValueKeyword.execute(SelectOptionByValueKeyword.groovy:71)
	at com.kms.katalon.core.keyword.internal.KeywordExecutor.executeKeywordForPlatform(KeywordExecutor.groovy:53)
	at com.kms.katalon.core.webui.keyword.WebUiBuiltInKeywords.selectOptionByValue(WebUiBuiltInKeywords.groovy:1138)
	at com.kms.katalon.core.webui.keyword.WebUiBuiltInKeywords$selectOptionByValue$4.call(Unknown Source)
	at AutomationDemoSite.run(AutomationDemoSite:47)
	at com.kms.katalon.core.main.ScriptEngine.run(ScriptEngine.java:194)
	at com.kms.katalon.core.main.ScriptEngine.runScriptAsRawText(ScriptEngine.java:119)
	at com.kms.katalon.core.main.TestCaseExecutor.runScript(TestCaseExecutor.java:321)
	at com.kms.katalon.core.main.TestCaseExecutor.doExecute(TestCaseExecutor.java:312)
	at com.kms.katalon.core.main.TestCaseExecutor.processExecutionPhase(TestCaseExecutor.java:291)
	at com.kms.katalon.core.main.TestCaseExecutor.accessMainPhase(TestCaseExecutor.java:283)
	at com.kms.katalon.core.main.TestCaseExecutor.execute(TestCaseExecutor.java:222)
	at com.kms.katalon.core.main.TestSuiteExecutor.accessTestCaseMainPhase(TestSuiteExecutor.java:129)
	at com.kms.katalon.core.main.TestSuiteExecutor.accessTestSuiteMainPhase(TestSuiteExecutor.java:112)
	at com.kms.katalon.core.main.TestSuiteExecutor.execute(TestSuiteExecutor.java:81)
	at com.kms.katalon.core.main.TestCaseMain.startTestSuite(TestCaseMain.java:149)
	at com.kms.katalon.core.main.TestCaseMain$startTestSuite$0.call(Unknown Source)
	at TempTestSuite1545026315575.run(TempTestSuite1545026315575.groovy:36)]]></system-err>
      </testcase>
      <testcase name="Test Cases/Thalesh/Test1_InputForm" classname="Test Cases/Thalesh/Test1_InputForm" status="PASSED">
         <system-out><![CDATA[2018-12-17 11:30:08 - [TEST_CASE][PASSED] - Test Cases/Thalesh/Test1_InputForm: Test Cases/Thalesh/Test1_InputForm

2018-12-17 11:30:08 - [TEST_STEP][PASSED] - Start listener action : sampleBeforeTestCase: null

2018-12-17 11:30:08 - [TEST_STEP][PASSED] - println("This section belongs to @BeforeTestCase"): null

2018-12-17 11:30:08 - [TEST_STEP][PASSED] - println("***************************************************************"): null

2018-12-17 11:30:08 - [TEST_STEP][PASSED] - println(testCaseContext.getTestCaseId()): null

2018-12-17 11:30:08 - [TEST_STEP][PASSED] - println("***************************************************************"): null

2018-12-17 11:30:09 - [TEST_STEP][PASSED] - openBrowser(null): Browser is opened with url: 'null'

2018-12-17 11:30:09 - [MESSAGE][INFO] - Starting 'Chrome' driver

2018-12-17 11:30:14 - [MESSAGE][PASSED] - Browser is opened with url: 'null'

2018-12-17 11:30:14 - [TEST_STEP][PASSED] - maximizeWindow(): Current window maximized

2018-12-17 11:30:15 - [MESSAGE][PASSED] - Current window maximized

2018-12-17 11:30:15 - [TEST_STEP][PASSED] - navigateToUrl("https://www.seleniumeasy.com/test"): Navigate to 'https://www.seleniumeasy.com/test' successfully

2018-12-17 11:30:27 - [MESSAGE][PASSED] - Navigate to 'https://www.seleniumeasy.com/test' successfully

2018-12-17 11:30:27 - [TEST_STEP][PASSED] - waitForPageLoad(10): Wait for page load successfully

2018-12-17 11:30:27 - [MESSAGE][PASSED] - Wait for page load successfully

2018-12-17 11:30:27 - [TEST_STEP][PASSED] - waitForElementPresent(findTestObject("Page_Home/li_All Examples"), 10): Object 'Object Repository/Page_Home/li_All Examples' is present

2018-12-17 11:30:27 - [MESSAGE][PASSED] - Object 'Object Repository/Page_Home/li_All Examples' is present

2018-12-17 11:30:27 - [TEST_STEP][PASSED] - scrollToElement(findTestObject("Page_Home/li_All Examples"), 5): Scroll to object 'Object Repository/Page_Home/li_All Examples' successfully

2018-12-17 11:30:27 - [MESSAGE][PASSED] - Scroll to object 'Object Repository/Page_Home/li_All Examples' successfully

2018-12-17 11:30:27 - [TEST_STEP][PASSED] - click(findTestObject("Object Repository/Page_Home/a_Input Forms")): Object: 'Object Repository/Page_Home/a_Input Forms' is clicked on

2018-12-17 11:30:28 - [MESSAGE][PASSED] - Object: 'Object Repository/Page_Home/a_Input Forms' is clicked on

2018-12-17 11:30:28 - [TEST_STEP][PASSED] - click(findTestObject("Object Repository/Page_Home/a_InputFormSubmit")): Object: 'Object Repository/Page_Home/a_InputFormSubmit' is clicked on

2018-12-17 11:30:28 - [MESSAGE][PASSED] - Object: 'Object Repository/Page_Home/a_InputFormSubmit' is clicked on

2018-12-17 11:30:28 - [TEST_STEP][PASSED] - setText(findTestObject("Object Repository/Page_Home/input_FirstName"), "thalesh"): Text 'thalesh' is set on object 'Object Repository/Page_Home/input_FirstName'

2018-12-17 11:30:29 - [MESSAGE][PASSED] - Text 'thalesh' is set on object 'Object Repository/Page_Home/input_FirstName'

2018-12-17 11:30:29 - [TEST_STEP][PASSED] - setText(findTestObject("Object Repository/Page_Home/input_LastName"), "Sharma"): Text 'Sharma' is set on object 'Object Repository/Page_Home/input_LastName'

2018-12-17 11:30:29 - [MESSAGE][PASSED] - Text 'Sharma' is set on object 'Object Repository/Page_Home/input_LastName'

2018-12-17 11:30:29 - [TEST_STEP][PASSED] - setText(findTestObject("Object Repository/Page_Home/input_EMail"), "thalesh@gmail.com"): Text 'thalesh@gmail.com' is set on object 'Object Repository/Page_Home/input_EMail'

2018-12-17 11:30:29 - [MESSAGE][PASSED] - Text 'thalesh@gmail.com' is set on object 'Object Repository/Page_Home/input_EMail'

2018-12-17 11:30:29 - [TEST_STEP][PASSED] - setText(findTestObject("Object Repository/Page_Home/input_Phone"), "1234567890"): Text '1234567890' is set on object 'Object Repository/Page_Home/input_Phone'

2018-12-17 11:30:29 - [MESSAGE][PASSED] - Text '1234567890' is set on object 'Object Repository/Page_Home/input_Phone'

2018-12-17 11:30:29 - [TEST_STEP][PASSED] - setText(findTestObject("Object Repository/Page_Home/input_Address"), "Baner, Pune"): Text 'Baner, Pune' is set on object 'Object Repository/Page_Home/input_Address'

2018-12-17 11:30:30 - [MESSAGE][PASSED] - Text 'Baner, Pune' is set on object 'Object Repository/Page_Home/input_Address'

2018-12-17 11:30:30 - [TEST_STEP][PASSED] - setText(findTestObject("Object Repository/Page_Home/input_City"), "Pune"): Text 'Pune' is set on object 'Object Repository/Page_Home/input_City'

2018-12-17 11:30:30 - [MESSAGE][PASSED] - Text 'Pune' is set on object 'Object Repository/Page_Home/input_City'

2018-12-17 11:30:30 - [TEST_STEP][PASSED] - selectOptionByLabel(findTestObject("Object Repository/Page_Home/select_State"), "California", false): All options with label 'California' are selected in object 'Object Repository/Page_Home/select_State' 

2018-12-17 11:30:30 - [MESSAGE][PASSED] - All options with label 'California' are selected in object 'Object Repository/Page_Home/select_State' 

2018-12-17 11:30:30 - [TEST_STEP][PASSED] - setText(findTestObject("Object Repository/Page_Home/input_ZipCode"), "EJ08 2EX"): Text 'EJ08 2EX' is set on object 'Object Repository/Page_Home/input_ZipCode'

2018-12-17 11:30:30 - [MESSAGE][PASSED] - Text 'EJ08 2EX' is set on object 'Object Repository/Page_Home/input_ZipCode'

2018-12-17 11:30:30 - [TEST_STEP][PASSED] - setText(findTestObject("Object Repository/Page_Home/input_Website"), "www.facebook.com"): Text 'www.facebook.com' is set on object 'Object Repository/Page_Home/input_Website'

2018-12-17 11:30:31 - [MESSAGE][PASSED] - Text 'www.facebook.com' is set on object 'Object Repository/Page_Home/input_Website'

2018-12-17 11:30:31 - [TEST_STEP][PASSED] - click(findTestObject("Object Repository/Page_Home/input_hosting")): Object: 'Object Repository/Page_Home/input_hosting' is clicked on

2018-12-17 11:30:31 - [MESSAGE][PASSED] - Object: 'Object Repository/Page_Home/input_hosting' is clicked on

2018-12-17 11:30:31 - [TEST_STEP][PASSED] - setText(findTestObject("Object Repository/Page_Home/Project Description"), "test"): Text 'test' is set on object 'Object Repository/Page_Home/Project Description'

2018-12-17 11:30:31 - [MESSAGE][PASSED] - Text 'test' is set on object 'Object Repository/Page_Home/Project Description'

2018-12-17 11:30:31 - [TEST_STEP][PASSED] - click(findTestObject("Object Repository/Page_Home/button_Send")): Object: 'Object Repository/Page_Home/button_Send' is clicked on

2018-12-17 11:30:31 - [MESSAGE][PASSED] - Object: 'Object Repository/Page_Home/button_Send' is clicked on

2018-12-17 11:30:31 - [TEST_STEP][PASSED] - Start listener action : sampleAfterTestCase: null

2018-12-17 11:30:31 - [TEST_STEP][PASSED] - println("This section belongs to @AfterTestCase"): null

2018-12-17 11:30:31 - [TEST_STEP][PASSED] - println("***************************************************************"): null

2018-12-17 11:30:31 - [TEST_STEP][PASSED] - println(testCaseContext.getTestCaseId() + " : " + testCaseContext.getTestCaseStatus()): null

2018-12-17 11:30:31 - [TEST_STEP][PASSED] - println("***************************************************************"): null]]></system-out>
         <system-err><![CDATA[]]></system-err>
      </testcase>
      <system-out><![CDATA[2018-12-17 11:28:46 - [TEST_SUITE][FAILED] - finalDemoSuite: Test Cases/Thalesh/AutomationDemoSite FAILED.
Reason:
com.kms.katalon.core.exception.StepFailedException: No option matched.
	at com.kms.katalon.core.keyword.internal.KeywordMain.stepFailed(KeywordMain.groovy:32)
	at com.kms.katalon.core.keyword.internal.KeywordMain.stepFailed(KeywordMain.groovy)
	at com.kms.katalon.core.keyword.internal.KeywordMain.stepFailed(KeywordMain.groovy:20)
	at com.kms.katalon.core.webui.keyword.builtin.SelectOptionByValueKeyword$_selectOptionByValue_closure1.doCall(SelectOptionByValueKeyword.groovy:92)
	at com.kms.katalon.core.webui.keyword.builtin.SelectOptionByValueKeyword$_selectOptionByValue_closure1.call(SelectOptionByValueKeyword.groovy)
	at com.kms.katalon.core.webui.keyword.internal.WebUIKeywordMain.runKeyword(WebUIKeywordMain.groovy:21)
	at com.kms.katalon.core.webui.keyword.builtin.SelectOptionByValueKeyword.selectOptionByValue(SelectOptionByValueKeyword.groovy:99)
	at com.kms.katalon.core.webui.keyword.builtin.SelectOptionByValueKeyword.execute(SelectOptionByValueKeyword.groovy:71)
	at com.kms.katalon.core.keyword.internal.KeywordExecutor.executeKeywordForPlatform(KeywordExecutor.groovy:53)
	at com.kms.katalon.core.webui.keyword.WebUiBuiltInKeywords.selectOptionByValue(WebUiBuiltInKeywords.groovy:1138)
	at com.kms.katalon.core.webui.keyword.WebUiBuiltInKeywords$selectOptionByValue$4.call(Unknown Source)
	at AutomationDemoSite.run(AutomationDemoSite:47)
	at com.kms.katalon.core.main.ScriptEngine.run(ScriptEngine.java:194)
	at com.kms.katalon.core.main.ScriptEngine.runScriptAsRawText(ScriptEngine.java:119)
	at com.kms.katalon.core.main.TestCaseExecutor.runScript(TestCaseExecutor.java:321)
	at com.kms.katalon.core.main.TestCaseExecutor.doExecute(TestCaseExecutor.java:312)
	at com.kms.katalon.core.main.TestCaseExecutor.processExecutionPhase(TestCaseExecutor.java:291)
	at com.kms.katalon.core.main.TestCaseExecutor.accessMainPhase(TestCaseExecutor.java:283)
	at com.kms.katalon.core.main.TestCaseExecutor.execute(TestCaseExecutor.java:222)
	at com.kms.katalon.core.main.TestSuiteExecutor.accessTestCaseMainPhase(TestSuiteExecutor.java:129)
	at com.kms.katalon.core.main.TestSuiteExecutor.accessTestSuiteMainPhase(TestSuiteExecutor.java:112)
	at com.kms.katalon.core.main.TestSuiteExecutor.execute(TestSuiteExecutor.java:81)
	at com.kms.katalon.core.main.TestCaseMain.startTestSuite(TestCaseMain.java:149)
	at com.kms.katalon.core.main.TestCaseMain$startTestSuite$0.call(Unknown Source)
	at TempTestSuite1545026315575.run(TempTestSuite1545026315575.groovy:36)]]></system-out>
      <system-err><![CDATA[2018-12-17 11:28:46 - [TEST_SUITE][FAILED] - finalDemoSuite: Test Cases/Thalesh/AutomationDemoSite FAILED.
Reason:
com.kms.katalon.core.exception.StepFailedException: No option matched.
	at com.kms.katalon.core.keyword.internal.KeywordMain.stepFailed(KeywordMain.groovy:32)
	at com.kms.katalon.core.keyword.internal.KeywordMain.stepFailed(KeywordMain.groovy)
	at com.kms.katalon.core.keyword.internal.KeywordMain.stepFailed(KeywordMain.groovy:20)
	at com.kms.katalon.core.webui.keyword.builtin.SelectOptionByValueKeyword$_selectOptionByValue_closure1.doCall(SelectOptionByValueKeyword.groovy:92)
	at com.kms.katalon.core.webui.keyword.builtin.SelectOptionByValueKeyword$_selectOptionByValue_closure1.call(SelectOptionByValueKeyword.groovy)
	at com.kms.katalon.core.webui.keyword.internal.WebUIKeywordMain.runKeyword(WebUIKeywordMain.groovy:21)
	at com.kms.katalon.core.webui.keyword.builtin.SelectOptionByValueKeyword.selectOptionByValue(SelectOptionByValueKeyword.groovy:99)
	at com.kms.katalon.core.webui.keyword.builtin.SelectOptionByValueKeyword.execute(SelectOptionByValueKeyword.groovy:71)
	at com.kms.katalon.core.keyword.internal.KeywordExecutor.executeKeywordForPlatform(KeywordExecutor.groovy:53)
	at com.kms.katalon.core.webui.keyword.WebUiBuiltInKeywords.selectOptionByValue(WebUiBuiltInKeywords.groovy:1138)
	at com.kms.katalon.core.webui.keyword.WebUiBuiltInKeywords$selectOptionByValue$4.call(Unknown Source)
	at AutomationDemoSite.run(AutomationDemoSite:47)
	at com.kms.katalon.core.main.ScriptEngine.run(ScriptEngine.java:194)
	at com.kms.katalon.core.main.ScriptEngine.runScriptAsRawText(ScriptEngine.java:119)
	at com.kms.katalon.core.main.TestCaseExecutor.runScript(TestCaseExecutor.java:321)
	at com.kms.katalon.core.main.TestCaseExecutor.doExecute(TestCaseExecutor.java:312)
	at com.kms.katalon.core.main.TestCaseExecutor.processExecutionPhase(TestCaseExecutor.java:291)
	at com.kms.katalon.core.main.TestCaseExecutor.accessMainPhase(TestCaseExecutor.java:283)
	at com.kms.katalon.core.main.TestCaseExecutor.execute(TestCaseExecutor.java:222)
	at com.kms.katalon.core.main.TestSuiteExecutor.accessTestCaseMainPhase(TestSuiteExecutor.java:129)
	at com.kms.katalon.core.main.TestSuiteExecutor.accessTestSuiteMainPhase(TestSuiteExecutor.java:112)
	at com.kms.katalon.core.main.TestSuiteExecutor.execute(TestSuiteExecutor.java:81)
	at com.kms.katalon.core.main.TestCaseMain.startTestSuite(TestCaseMain.java:149)
	at com.kms.katalon.core.main.TestCaseMain$startTestSuite$0.call(Unknown Source)
	at TempTestSuite1545026315575.run(TempTestSuite1545026315575.groovy:36)]]></system-err>
   </testsuite>
</testsuites>
