<?xml version="1.0" encoding="UTF-8"?>
<testsuites name="EndtoEndDemo" time="436" tests="0" failures="1" errors="0">
   <testsuite name="EndtoEndDemo" tests="0" failures="1" errors="0" time="436" timestamp="2018-12-17 10:28:51" hostname="C5281054 - INLN56580283A.apj.global.corp.sap" id="Test Suites/Nirmal/EndtoEndDemo">
      <properties>
         <property name="deviceName" value=""/>
         <property name="devicePlatform" value=""/>
         <property name="logFolder" value="C:\\Users\\c5281054\\git\\KatalonDemo\\Reports\\Nirmal\\EndtoEndDemo\\20181217_102809"/>
         <property name="logFiles" value="C:\\Users\\c5281054\\git\\KatalonDemo\\Reports\\Nirmal\\EndtoEndDemo\\20181217_102809\\execution0.log"/>
         <property name="attachments" value="C:\\Users\\c5281054\\git\\KatalonDemo\\Reports\\Nirmal\\EndtoEndDemo\\20181217_102809\\1545022827438.png, C:\\Users\\c5281054\\git\\KatalonDemo\\Reports\\Nirmal\\EndtoEndDemo\\20181217_102809\\1545022911434.png, C:\\Users\\c5281054\\git\\KatalonDemo\\Reports\\Nirmal\\EndtoEndDemo\\20181217_102809\\1545022942514.png, C:\\Users\\c5281054\\git\\KatalonDemo\\Reports\\Nirmal\\EndtoEndDemo\\20181217_102809\\1545022973515.png, C:\\Users\\c5281054\\git\\KatalonDemo\\Reports\\Nirmal\\EndtoEndDemo\\20181217_102809\\1545023004499.png, C:\\Users\\c5281054\\git\\KatalonDemo\\Reports\\Nirmal\\EndtoEndDemo\\20181217_102809\\1545023035464.png, C:\\Users\\c5281054\\git\\KatalonDemo\\Reports\\Nirmal\\EndtoEndDemo\\20181217_102809\\1545023066435.png, C:\\Users\\c5281054\\git\\KatalonDemo\\Reports\\Nirmal\\EndtoEndDemo\\20181217_102809\\1545023097422.png"/>
         <property name="hostName" value="C5281054 - INLN56580283A.apj.global.corp.sap"/>
         <property name="os" value="Windows 10 64bit"/>
         <property name="katalonVersion" value="5.9.1.2"/>
         <property name="browser" value="Chrome 71.0.3578.98"/>
         <property name="hostAddress" value="192.168.242.1"/>
         <property name="sessionId" value="d507dec74254e551f97b2ac262609c8b"/>
         <property name="seleniumVersion" value="3.7.1"/>
         <property name="proxyInformation" value="ProxyInformation{proxyOption=NO_PROXY, proxyServerType=HTTP, password=, proxyServerAddress=, proxyServerPort=0}"/>
         <property name="platform" value="Windows 10"/>
      </properties>
      <testcase name="Test Cases/Nirmal/TC5 - End To End Scenario" classname="Test Cases/Nirmal/TC5 - End To End Scenario" status="FAILED">
         <failure type="FAILED" message="Test Cases/Nirmal/TC5 - End To End Scenario FAILED.
Reason:
com.kms.katalon.core.exception.StepFailedException: Unable to click on object 'Object Repository/End To End Senario/Page_Demo Web Shop. Register/input_Your registration comple' (Root cause: com.kms.katalon.core.webui.exception.WebElementNotFoundException: Web element with id: 'Object Repository/End To End Senario/Page_Demo Web Shop. Register/input_Your registration comple' located by 'By.xpath: //input[@type = 'button' and @class = 'button-1 register-continue-button' and @value = 'Continue']' not found)
	at com.kms.katalon.core.keyword.internal.KeywordMain.stepFailed(KeywordMain.groovy:32)
	at com.kms.katalon.core.webui.keyword.internal.WebUIKeywordMain.stepFailed(WebUIKeywordMain.groovy:65)
	at com.kms.katalon.core.webui.keyword.internal.WebUIKeywordMain.runKeyword(WebUIKeywordMain.groovy:27)
	at com.kms.katalon.core.webui.keyword.builtin.ClickKeyword.click(ClickKeyword.groovy:86)
	at com.kms.katalon.core.webui.keyword.builtin.ClickKeyword.execute(ClickKeyword.groovy:67)
	at com.kms.katalon.core.keyword.internal.KeywordExecutor.executeKeywordForPlatform(KeywordExecutor.groovy:53)
	at com.kms.katalon.core.webui.keyword.WebUiBuiltInKeywords.click(WebUiBuiltInKeywords.groovy:616)
	at com.kms.katalon.core.webui.keyword.WebUiBuiltInKeywords$click$2.call(Unknown Source)
	at TC5 - End To End Scenario.run(TC5 - End To End Scenario:47)
	at com.kms.katalon.core.main.ScriptEngine.run(ScriptEngine.java:194)
	at com.kms.katalon.core.main.ScriptEngine.runScriptAsRawText(ScriptEngine.java:119)
	at com.kms.katalon.core.main.TestCaseExecutor.runScript(TestCaseExecutor.java:321)
	at com.kms.katalon.core.main.TestCaseExecutor.doExecute(TestCaseExecutor.java:312)
	at com.kms.katalon.core.main.TestCaseExecutor.processExecutionPhase(TestCaseExecutor.java:291)
	at com.kms.katalon.core.main.TestCaseExecutor.accessMainPhase(TestCaseExecutor.java:283)
	at com.kms.katalon.core.main.TestCaseExecutor.execute(TestCaseExecutor.java:222)
	at com.kms.katalon.core.main.TestSuiteExecutor.accessTestCaseMainPhase(TestSuiteExecutor.java:129)
	at com.kms.katalon.core.main.TestSuiteExecutor.accessTestSuiteMainPhase(TestSuiteExecutor.java:112)
	at com.kms.katalon.core.main.TestSuiteExecutor.execute(TestSuiteExecutor.java:81)
	at com.kms.katalon.core.main.TestCaseMain.startTestSuite(TestCaseMain.java:149)
	at com.kms.katalon.core.main.TestCaseMain$startTestSuite$0.call(Unknown Source)
	at TempTestSuite1545022694488.run(TempTestSuite1545022694488.groovy:36)
"/>
         <system-out><![CDATA[2018-12-17 10:28:54 - [TEST_CASE][FAILED] - Test Cases/Nirmal/TC5 - End To End Scenario: Test Cases/Nirmal/TC5 - End To End Scenario FAILED.
Reason:
com.kms.katalon.core.exception.StepFailedException: Unable to click on object 'Object Repository/End To End Senario/Page_Demo Web Shop. Register/input_Your registration comple' (Root cause: com.kms.katalon.core.webui.exception.WebElementNotFoundException: Web element with id: 'Object Repository/End To End Senario/Page_Demo Web Shop. Register/input_Your registration comple' located by 'By.xpath: //input[@type = 'button' and @class = 'button-1 register-continue-button' and @value = 'Continue']' not found)
	at com.kms.katalon.core.keyword.internal.KeywordMain.stepFailed(KeywordMain.groovy:32)
	at com.kms.katalon.core.webui.keyword.internal.WebUIKeywordMain.stepFailed(WebUIKeywordMain.groovy:65)
	at com.kms.katalon.core.webui.keyword.internal.WebUIKeywordMain.runKeyword(WebUIKeywordMain.groovy:27)
	at com.kms.katalon.core.webui.keyword.builtin.ClickKeyword.click(ClickKeyword.groovy:86)
	at com.kms.katalon.core.webui.keyword.builtin.ClickKeyword.execute(ClickKeyword.groovy:67)
	at com.kms.katalon.core.keyword.internal.KeywordExecutor.executeKeywordForPlatform(KeywordExecutor.groovy:53)
	at com.kms.katalon.core.webui.keyword.WebUiBuiltInKeywords.click(WebUiBuiltInKeywords.groovy:616)
	at com.kms.katalon.core.webui.keyword.WebUiBuiltInKeywords$click$2.call(Unknown Source)
	at TC5 - End To End Scenario.run(TC5 - End To End Scenario:47)
	at com.kms.katalon.core.main.ScriptEngine.run(ScriptEngine.java:194)
	at com.kms.katalon.core.main.ScriptEngine.runScriptAsRawText(ScriptEngine.java:119)
	at com.kms.katalon.core.main.TestCaseExecutor.runScript(TestCaseExecutor.java:321)
	at com.kms.katalon.core.main.TestCaseExecutor.doExecute(TestCaseExecutor.java:312)
	at com.kms.katalon.core.main.TestCaseExecutor.processExecutionPhase(TestCaseExecutor.java:291)
	at com.kms.katalon.core.main.TestCaseExecutor.accessMainPhase(TestCaseExecutor.java:283)
	at com.kms.katalon.core.main.TestCaseExecutor.execute(TestCaseExecutor.java:222)
	at com.kms.katalon.core.main.TestSuiteExecutor.accessTestCaseMainPhase(TestSuiteExecutor.java:129)
	at com.kms.katalon.core.main.TestSuiteExecutor.accessTestSuiteMainPhase(TestSuiteExecutor.java:112)
	at com.kms.katalon.core.main.TestSuiteExecutor.execute(TestSuiteExecutor.java:81)
	at com.kms.katalon.core.main.TestCaseMain.startTestSuite(TestCaseMain.java:149)
	at com.kms.katalon.core.main.TestCaseMain$startTestSuite$0.call(Unknown Source)
	at TempTestSuite1545022694488.run(TempTestSuite1545022694488.groovy:36)


2018-12-17 10:28:54 - [TEST_STEP][PASSED] - Start listener action : sampleBeforeTestCase: null

2018-12-17 10:28:54 - [TEST_STEP][PASSED] - println(testCaseContext.getTestCaseId()): null

2018-12-17 10:28:54 - [TEST_STEP][PASSED] - println(testCaseContext.getTestCaseVariables()): null

2018-12-17 10:28:54 - [TEST_STEP][PASSED] - println(testCaseContext.getMessage()): null

2018-12-17 10:28:54 - [TEST_STEP][PASSED] - Start listener action : sampleBeforeTestCase: null

2018-12-17 10:28:54 - [TEST_STEP][PASSED] - println(testCaseContext.getTestCaseId()): null

2018-12-17 10:28:54 - [TEST_STEP][PASSED] - println(testCaseContext.getTestCaseVariables()): null

2018-12-17 10:28:59 - [TEST_STEP][PASSED] - openBrowser(""): Browser is opened with url: ''

2018-12-17 10:29:01 - [MESSAGE][INFO] - Starting 'Chrome' driver

2018-12-17 10:29:01 - [MESSAGE][INFO] - Action delay is set to 0 seconds

2018-12-17 10:29:36 - [MESSAGE][PASSED] - Browser is opened with url: ''

2018-12-17 10:29:36 - [TEST_STEP][PASSED] - navigateToUrl("http://demowebshop.tricentis.com/"): Navigate to 'http://demowebshop.tricentis.com/' successfully

2018-12-17 10:29:39 - [MESSAGE][PASSED] - Navigate to 'http://demowebshop.tricentis.com/' successfully

2018-12-17 10:29:39 - [TEST_STEP][PASSED] - maximizeWindow(): Current window maximized

2018-12-17 10:29:40 - [MESSAGE][PASSED] - Current window maximized

2018-12-17 10:29:40 - [TEST_STEP][PASSED] - delay(5): Delayed 5 second(s)

2018-12-17 10:29:45 - [MESSAGE][PASSED] - Delayed 5 second(s)

2018-12-17 10:29:45 - [TEST_STEP][PASSED] - click(findTestObject("Object Repository/End To End Senario/Page_Demo Web Shop/a_Register")): Object: 'Object Repository/End To End Senario/Page_Demo Web Shop/a_Register' is clicked on

2018-12-17 10:29:47 - [MESSAGE][PASSED] - Object: 'Object Repository/End To End Senario/Page_Demo Web Shop/a_Register' is clicked on

2018-12-17 10:29:47 - [TEST_STEP][PASSED] - click(findTestObject("Object Repository/End To End Senario/Page_Demo Web Shop. Register/input_Gender_Gender")): Object: 'Object Repository/End To End Senario/Page_Demo Web Shop. Register/input_Gender_Gender' is clicked on

2018-12-17 10:29:48 - [MESSAGE][PASSED] - Object: 'Object Repository/End To End Senario/Page_Demo Web Shop. Register/input_Gender_Gender' is clicked on

2018-12-17 10:29:48 - [TEST_STEP][PASSED] - sendKeys(findTestObject("Object Repository/End To End Senario/Page_Demo Web Shop. Register/input_First name_FirstName"), First_name): Keys 'Test123' sent to object: 'Object Repository/End To End Senario/Page_Demo Web Shop. Register/input_First name_FirstName'

2018-12-17 10:29:49 - [MESSAGE][PASSED] - Keys 'Test123' sent to object: 'Object Repository/End To End Senario/Page_Demo Web Shop. Register/input_First name_FirstName'

2018-12-17 10:29:49 - [TEST_STEP][PASSED] - sendKeys(findTestObject("Object Repository/End To End Senario/Page_Demo Web Shop. Register/input_Last name_LastName"), Last_name): Keys 'katalon' sent to object: 'Object Repository/End To End Senario/Page_Demo Web Shop. Register/input_Last name_LastName'

2018-12-17 10:29:49 - [MESSAGE][PASSED] - Keys 'katalon' sent to object: 'Object Repository/End To End Senario/Page_Demo Web Shop. Register/input_Last name_LastName'

2018-12-17 10:29:49 - [TEST_STEP][PASSED] - sendKeys(findTestObject("Object Repository/End To End Senario/Page_Demo Web Shop. Register/input_Email_Email"), Email): Keys 'kataloon01119@yopmail.com' sent to object: 'Object Repository/End To End Senario/Page_Demo Web Shop. Register/input_Email_Email'

2018-12-17 10:29:50 - [MESSAGE][PASSED] - Keys 'kataloon01119@yopmail.com' sent to object: 'Object Repository/End To End Senario/Page_Demo Web Shop. Register/input_Email_Email'

2018-12-17 10:29:50 - [TEST_STEP][PASSED] - sendKeys(findTestObject("Object Repository/End To End Senario/Page_Demo Web Shop. Register/input_Password_Password"), Password): Keys 'password@123' sent to object: 'Object Repository/End To End Senario/Page_Demo Web Shop. Register/input_Password_Password'

2018-12-17 10:29:52 - [MESSAGE][PASSED] - Keys 'password@123' sent to object: 'Object Repository/End To End Senario/Page_Demo Web Shop. Register/input_Password_Password'

2018-12-17 10:29:52 - [TEST_STEP][PASSED] - sendKeys(findTestObject("Object Repository/End To End Senario/Page_Demo Web Shop. Register/input_Confirm password_Confirm"), Password): Keys 'password@123' sent to object: 'Object Repository/End To End Senario/Page_Demo Web Shop. Register/input_Confirm password_Confirm'

2018-12-17 10:29:53 - [MESSAGE][PASSED] - Keys 'password@123' sent to object: 'Object Repository/End To End Senario/Page_Demo Web Shop. Register/input_Confirm password_Confirm'

2018-12-17 10:29:53 - [TEST_STEP][PASSED] - click(findTestObject("Object Repository/End To End Senario/Page_Demo Web Shop. Register/input__register-button")): Object: 'Object Repository/End To End Senario/Page_Demo Web Shop. Register/input__register-button' is clicked on

2018-12-17 10:29:54 - [MESSAGE][PASSED] - Object: 'Object Repository/End To End Senario/Page_Demo Web Shop. Register/input__register-button' is clicked on

2018-12-17 10:29:54 - [TEST_STEP][FAILED] - click(findTestObject("Object Repository/End To End Senario/Page_Demo Web Shop. Register/input_Your registration comple")): Unable to click on object 'Object Repository/End To End Senario/Page_Demo Web Shop. Register/input_Your registration comple' (Root cause: com.kms.katalon.core.webui.exception.WebElementNotFoundException: Web element with id: 'Object Repository/End To End Senario/Page_Demo Web Shop. Register/input_Your registration comple' located by 'By.xpath: //input[@type = 'button' and @class = 'button-1 register-continue-button' and @value = 'Continue']' not found)

2018-12-17 10:30:27 - [MESSAGE][INFO] - Unable to find the element located by 'By.xpath: //input[@type = 'button' and @class = 'button-1 register-continue-button' and @value = 'Continue']'. Please recheck the objects properties to make sure the desired element is located. 

2018-12-17 10:30:27 - [MESSAGE][FAILED] - Unable to click on object 'Object Repository/End To End Senario/Page_Demo Web Shop. Register/input_Your registration comple' (Root cause: com.kms.katalon.core.webui.exception.WebElementNotFoundException: Web element with id: 'Object Repository/End To End Senario/Page_Demo Web Shop. Register/input_Your registration comple' located by 'By.xpath: //input[@type = 'button' and @class = 'button-1 register-continue-button' and @value = 'Continue']' not found)
[[ATTACHMENT|C:\\Users\\c5281054\\git\\KatalonDemo\\Reports\\Nirmal\\EndtoEndDemo\\20181217_102809\\1545022827438.png]]

2018-12-17 10:30:27 - [TEST_STEP][PASSED] - delay(5): Delayed 5 second(s)

2018-12-17 10:30:32 - [MESSAGE][PASSED] - Delayed 5 second(s)

2018-12-17 10:30:32 - [TEST_STEP][PASSED] - mouseOver(findTestObject("Object Repository/Page_Demo Web Shop/a_Computers")): Object: 'Object Repository/Page_Demo Web Shop/a_Computers' is hovered

2018-12-17 10:30:33 - [MESSAGE][PASSED] - Object: 'Object Repository/Page_Demo Web Shop/a_Computers' is hovered

2018-12-17 10:30:33 - [TEST_STEP][PASSED] - click(findTestObject("Object Repository/Page_Demo Web Shop/a_Desktops")): Object: 'Object Repository/Page_Demo Web Shop/a_Desktops' is clicked on

2018-12-17 10:30:34 - [MESSAGE][PASSED] - Object: 'Object Repository/Page_Demo Web Shop/a_Desktops' is clicked on

2018-12-17 10:30:34 - [TEST_STEP][PASSED] - delay(5): Delayed 5 second(s)

2018-12-17 10:30:39 - [MESSAGE][PASSED] - Delayed 5 second(s)

2018-12-17 10:30:39 - [TEST_STEP][PASSED] - click(findTestObject("Object Repository/End To End Senario/Page_Demo Web Shop. Desktops/input_Build it_button-2 produc")): Object: 'Object Repository/End To End Senario/Page_Demo Web Shop. Desktops/input_Build it_button-2 produc' is clicked on

2018-12-17 10:30:39 - [MESSAGE][PASSED] - Object: 'Object Repository/End To End Senario/Page_Demo Web Shop. Desktops/input_Build it_button-2 produc' is clicked on

2018-12-17 10:30:39 - [TEST_STEP][PASSED] - click(findTestObject("Object Repository/Page_Demo Web Shop. Build your own/input_Qty_add-to-cart-button-7")): Object: 'Object Repository/Page_Demo Web Shop. Build your own/input_Qty_add-to-cart-button-7' is clicked on

2018-12-17 10:31:07 - [MESSAGE][PASSED] - Object: 'Object Repository/Page_Demo Web Shop. Build your own/input_Qty_add-to-cart-button-7' is clicked on

2018-12-17 10:31:07 - [TEST_STEP][PASSED] - delay(5): Delayed 5 second(s)

2018-12-17 10:31:12 - [MESSAGE][PASSED] - Delayed 5 second(s)

2018-12-17 10:31:12 - [TEST_STEP][PASSED] - click(findTestObject("Object Repository/Page_Demo Web Shop. Build your own/span_Shopping cart")): Object: 'Object Repository/Page_Demo Web Shop. Build your own/span_Shopping cart' is clicked on

2018-12-17 10:31:13 - [MESSAGE][PASSED] - Object: 'Object Repository/Page_Demo Web Shop. Build your own/span_Shopping cart' is clicked on

2018-12-17 10:31:13 - [TEST_STEP][PASSED] - selectOptionByLabel(findTestObject("Object Repository/End To End Senario/Page_Demo Web Shop. Shopping Cart/select_Select countryUnited St"), "India", false): All options with label 'India' are selected in object 'Object Repository/End To End Senario/Page_Demo Web Shop. Shopping Cart/select_Select countryUnited St' 

2018-12-17 10:31:13 - [MESSAGE][PASSED] - All options with label 'India' are selected in object 'Object Repository/End To End Senario/Page_Demo Web Shop. Shopping Cart/select_Select countryUnited St' 

2018-12-17 10:31:13 - [TEST_STEP][PASSED] - sendKeys(findTestObject("Object Repository/End To End Senario/Page_Demo Web Shop. Shopping Cart/input_Zip  postal code_ZipPost"), Zip_postal_code): Keys '411037' sent to object: 'Object Repository/End To End Senario/Page_Demo Web Shop. Shopping Cart/input_Zip  postal code_ZipPost'

2018-12-17 10:31:14 - [MESSAGE][PASSED] - Keys '411037' sent to object: 'Object Repository/End To End Senario/Page_Demo Web Shop. Shopping Cart/input_Zip  postal code_ZipPost'

2018-12-17 10:31:14 - [TEST_STEP][PASSED] - click(findTestObject("Object Repository/End To End Senario/Page_Demo Web Shop. Shopping Cart/input_Zip  postal code_estimat")): Object: 'Object Repository/End To End Senario/Page_Demo Web Shop. Shopping Cart/input_Zip  postal code_estimat' is clicked on

2018-12-17 10:31:14 - [MESSAGE][PASSED] - Object: 'Object Repository/End To End Senario/Page_Demo Web Shop. Shopping Cart/input_Zip  postal code_estimat' is clicked on

2018-12-17 10:31:14 - [TEST_STEP][PASSED] - click(findTestObject("Object Repository/End To End Senario/Page_Demo Web Shop. Shopping Cart/input_I agree with the terms o")): Object: 'Object Repository/End To End Senario/Page_Demo Web Shop. Shopping Cart/input_I agree with the terms o' is clicked on

2018-12-17 10:31:14 - [MESSAGE][PASSED] - Object: 'Object Repository/End To End Senario/Page_Demo Web Shop. Shopping Cart/input_I agree with the terms o' is clicked on

2018-12-17 10:31:14 - [TEST_STEP][PASSED] - click(findTestObject("Object Repository/End To End Senario/Page_Demo Web Shop. Shopping Cart/button_Checkout")): Object: 'Object Repository/End To End Senario/Page_Demo Web Shop. Shopping Cart/button_Checkout' is clicked on

2018-12-17 10:31:15 - [MESSAGE][PASSED] - Object: 'Object Repository/End To End Senario/Page_Demo Web Shop. Shopping Cart/button_Checkout' is clicked on

2018-12-17 10:31:15 - [TEST_STEP][PASSED] - delay(5): Delayed 5 second(s)

2018-12-17 10:31:20 - [MESSAGE][PASSED] - Delayed 5 second(s)

2018-12-17 10:31:20 - [TEST_STEP][FAILED] - setText(findTestObject("Object Repository/End To End Senario/Page_Demo Web Shop. Checkout/input_Company_BillingNewAddres"), Company): Unable to set text 'Electronica' of object 'Object Repository/End To End Senario/Page_Demo Web Shop. Checkout/input_Company_BillingNewAddres' (Root cause: com.kms.katalon.core.webui.exception.WebElementNotFoundException: Web element with id: 'Object Repository/End To End Senario/Page_Demo Web Shop. Checkout/input_Company_BillingNewAddres' located by 'By.xpath: //input[@class = 'text-box single-line' and @id = 'BillingNewAddress_Company' and @name = 'BillingNewAddress.Company' and @type = 'text']' not found)

2018-12-17 10:31:51 - [MESSAGE][INFO] - Unable to find the element located by 'By.xpath: //input[@class = 'text-box single-line' and @id = 'BillingNewAddress_Company' and @name = 'BillingNewAddress.Company' and @type = 'text']'. Please recheck the objects properties to make sure the desired element is located. 

2018-12-17 10:31:51 - [MESSAGE][FAILED] - Unable to set text 'Electronica' of object 'Object Repository/End To End Senario/Page_Demo Web Shop. Checkout/input_Company_BillingNewAddres' (Root cause: com.kms.katalon.core.webui.exception.WebElementNotFoundException: Web element with id: 'Object Repository/End To End Senario/Page_Demo Web Shop. Checkout/input_Company_BillingNewAddres' located by 'By.xpath: //input[@class = 'text-box single-line' and @id = 'BillingNewAddress_Company' and @name = 'BillingNewAddress.Company' and @type = 'text']' not found)
[[ATTACHMENT|C:\\Users\\c5281054\\git\\KatalonDemo\\Reports\\Nirmal\\EndtoEndDemo\\20181217_102809\\1545022911434.png]]

2018-12-17 10:31:51 - [TEST_STEP][FAILED] - selectOptionByLabel(findTestObject("Object Repository/End To End Senario/Page_Demo Web Shop. Checkout/select_Select countryUnited St"), "India", false): Unable to select option by label 'India' of object 'Object Repository/End To End Senario/Page_Demo Web Shop. Checkout/select_Select countryUnited St'  (Root cause: com.kms.katalon.core.webui.exception.WebElementNotFoundException: Web element with id: 'Object Repository/End To End Senario/Page_Demo Web Shop. Checkout/select_Select countryUnited St' located by 'By.xpath: //select[@id = 'BillingNewAddress_CountryId' and @name = 'BillingNewAddress.CountryId' and (text() = concat('Select country
United States
Canada
Afghanistan
Albania
Algeria
American Samoa
Andorra
Angola
Anguilla
Antarctica
Antigua and Barbuda
Argentina
Armenia
Aruba
Australia
Austria
Azerbaijan
Bahamas
Bahrain
Bangladesh
Barbados
Belarus
Belgium
Belize
Benin
Bermuda
Bhutan
Bolivia
Bosnia and Herzegowina
Botswana
Bouvet Island
Brazil
British Indian Ocean Territory
Brunei Darussalam
Bulgaria
Burkina Faso
Burundi
Cambodia
Cameroon
Cape Verde
Cayman Islands
Central African Republic
Chad
Chile
China
Christmas Island
Cocos (Keeling) Islands
Colombia
Comoros
Congo
Cook Islands
Costa Rica
Cote D' , "'" , 'Ivoire
Croatia
Cuba
Cyprus
Czech Republic
Denmark
Djibouti
Dominica
Dominican Republic
Ecuador
Egypt
El Salvador
Equatorial Guinea
Eritrea
Estonia
Ethiopia
Falkland Islands (Malvinas)
Faroe Islands
Fiji
Finland
France
French Guiana
French Polynesia
French Southern Territories
Gabon
Gambia
Georgia
Germany
Ghana
Gibraltar
Greece
Greenland
Grenada
Guadeloupe
Guam
Guatemala
Guinea
Guinea-bissau
Guyana
Haiti
Heard and Mc Donald Islands
Honduras
Hong Kong
Hungary
Iceland
India
Indonesia
Iran (Islamic Republic of)
Iraq
Ireland
Israel
Italy
Jamaica
Japan
Jordan
Kazakhstan
Kenya
Kiribati
Korea
Korea, Democratic People' , "'" , 's Republic of
Kuwait
Kyrgyzstan
Lao People' , "'" , 's Democratic Republic
Latvia
Lebanon
Lesotho
Liberia
Libyan Arab Jamahiriya
Liechtenstein
Lithuania
Luxembourg
Macau
Macedonia
Madagascar
Malawi
Malaysia
Maldives
Mali
Malta
Marshall Islands
Martinique
Mauritania
Mauritius
Mayotte
Mexico
Micronesia
Moldova
Monaco
Mongolia
Montenegro
Montserrat
Morocco
Mozambique
Myanmar
Namibia
Nauru
Nepal
Netherlands
Netherlands Antilles
New Caledonia
New Zealand
Nicaragua
Niger
Nigeria
Niue
Norfolk Island
Northern Mariana Islands
Norway
Oman
Pakistan
Palau
Panama
Papua New Guinea
Paraguay
Peru
Philippines
Pitcairn
Poland
Portugal
Puerto Rico
Qatar
Reunion
Romania
Russia
Rwanda
Saint Kitts and Nevis
Saint Lucia
Saint Vincent and the Grenadines
Samoa
San Marino
Sao Tome and Principe
Saudi Arabia
Senegal
Serbia
Seychelles
Sierra Leone
Singapore
Slovakia (Slovak Republic)
Slovenia
Solomon Islands
Somalia
South Africa
South Georgia & South Sandwich Islands
Spain
Sri Lanka
St. Helena
St. Pierre and Miquelon
Sudan
Suriname
Svalbard and Jan Mayen Islands
Swaziland
Sweden
Switzerland
Syrian Arab Republic
Taiwan
Tajikistan
Tanzania
Thailand
Togo
Tokelau
Tonga
Trinidad and Tobago
Tunisia
Turkey
Turkmenistan
Turks and Caicos Islands
Tuvalu
Uganda
Ukraine
United Arab Emirates
United Kingdom
United States minor outlying islands
Uruguay
Uzbekistan
Vanuatu
Vatican City State (Holy See)
Venezuela
Viet Nam
Virgin Islands (British)
Virgin Islands (U.S.)
Wallis and Futuna Islands
Western Sahara
Yemen
Zambia
Zimbabwe
') or . = concat('Select country
United States
Canada
Afghanistan
Albania
Algeria
American Samoa
Andorra
Angola
Anguilla
Antarctica
Antigua and Barbuda
Argentina
Armenia
Aruba
Australia
Austria
Azerbaijan
Bahamas
Bahrain
Bangladesh
Barbados
Belarus
Belgium
Belize
Benin
Bermuda
Bhutan
Bolivia
Bosnia and Herzegowina
Botswana
Bouvet Island
Brazil
British Indian Ocean Territory
Brunei Darussalam
Bulgaria
Burkina Faso
Burundi
Cambodia
Cameroon
Cape Verde
Cayman Islands
Central African Republic
Chad
Chile
China
Christmas Island
Cocos (Keeling) Islands
Colombia
Comoros
Congo
Cook Islands
Costa Rica
Cote D' , "'" , 'Ivoire
Croatia
Cuba
Cyprus
Czech Republic
Denmark
Djibouti
Dominica
Dominican Republic
Ecuador
Egypt
El Salvador
Equatorial Guinea
Eritrea
Estonia
Ethiopia
Falkland Islands (Malvinas)
Faroe Islands
Fiji
Finland
France
French Guiana
French Polynesia
French Southern Territories
Gabon
Gambia
Georgia
Germany
Ghana
Gibraltar
Greece
Greenland
Grenada
Guadeloupe
Guam
Guatemala
Guinea
Guinea-bissau
Guyana
Haiti
Heard and Mc Donald Islands
Honduras
Hong Kong
Hungary
Iceland
India
Indonesia
Iran (Islamic Republic of)
Iraq
Ireland
Israel
Italy
Jamaica
Japan
Jordan
Kazakhstan
Kenya
Kiribati
Korea
Korea, Democratic People' , "'" , 's Republic of
Kuwait
Kyrgyzstan
Lao People' , "'" , 's Democratic Republic
Latvia
Lebanon
Lesotho
Liberia
Libyan Arab Jamahiriya
Liechtenstein
Lithuania
Luxembourg
Macau
Macedonia
Madagascar
Malawi
Malaysia
Maldives
Mali
Malta
Marshall Islands
Martinique
Mauritania
Mauritius
Mayotte
Mexico
Micronesia
Moldova
Monaco
Mongolia
Montenegro
Montserrat
Morocco
Mozambique
Myanmar
Namibia
Nauru
Nepal
Netherlands
Netherlands Antilles
New Caledonia
New Zealand
Nicaragua
Niger
Nigeria
Niue
Norfolk Island
Northern Mariana Islands
Norway
Oman
Pakistan
Palau
Panama
Papua New Guinea
Paraguay
Peru
Philippines
Pitcairn
Poland
Portugal
Puerto Rico
Qatar
Reunion
Romania
Russia
Rwanda
Saint Kitts and Nevis
Saint Lucia
Saint Vincent and the Grenadines
Samoa
San Marino
Sao Tome and Principe
Saudi Arabia
Senegal
Serbia
Seychelles
Sierra Leone
Singapore
Slovakia (Slovak Republic)
Slovenia
Solomon Islands
Somalia
South Africa
South Georgia & South Sandwich Islands
Spain
Sri Lanka
St. Helena
St. Pierre and Miquelon
Sudan
Suriname
Svalbard and Jan Mayen Islands
Swaziland
Sweden
Switzerland
Syrian Arab Republic
Taiwan
Tajikistan
Tanzania
Thailand
Togo
Tokelau
Tonga
Trinidad and Tobago
Tunisia
Turkey
Turkmenistan
Turks and Caicos Islands
Tuvalu
Uganda
Ukraine
United Arab Emirates
United Kingdom
United States minor outlying islands
Uruguay
Uzbekistan
Vanuatu
Vatican City State (Holy See)
Venezuela
Viet Nam
Virgin Islands (British)
Virgin Islands (U.S.)
Wallis and Futuna Islands
Western Sahara
Yemen
Zambia
Zimbabwe
'))]' not found)

2018-12-17 10:32:22 - [MESSAGE][INFO] - Unable to find the element located by 'By.xpath: //select[@id = 'BillingNewAddress_CountryId' and @name = 'BillingNewAddress.CountryId' and (text() = concat('Select country
United States
Canada
Afghanistan
Albania
Algeria
American Samoa
Andorra
Angola
Anguilla
Antarctica
Antigua and Barbuda
Argentina
Armenia
Aruba
Australia
Austria
Azerbaijan
Bahamas
Bahrain
Bangladesh
Barbados
Belarus
Belgium
Belize
Benin
Bermuda
Bhutan
Bolivia
Bosnia and Herzegowina
Botswana
Bouvet Island
Brazil
British Indian Ocean Territory
Brunei Darussalam
Bulgaria
Burkina Faso
Burundi
Cambodia
Cameroon
Cape Verde
Cayman Islands
Central African Republic
Chad
Chile
China
Christmas Island
Cocos (Keeling) Islands
Colombia
Comoros
Congo
Cook Islands
Costa Rica
Cote D' , "'" , 'Ivoire
Croatia
Cuba
Cyprus
Czech Republic
Denmark
Djibouti
Dominica
Dominican Republic
Ecuador
Egypt
El Salvador
Equatorial Guinea
Eritrea
Estonia
Ethiopia
Falkland Islands (Malvinas)
Faroe Islands
Fiji
Finland
France
French Guiana
French Polynesia
French Southern Territories
Gabon
Gambia
Georgia
Germany
Ghana
Gibraltar
Greece
Greenland
Grenada
Guadeloupe
Guam
Guatemala
Guinea
Guinea-bissau
Guyana
Haiti
Heard and Mc Donald Islands
Honduras
Hong Kong
Hungary
Iceland
India
Indonesia
Iran (Islamic Republic of)
Iraq
Ireland
Israel
Italy
Jamaica
Japan
Jordan
Kazakhstan
Kenya
Kiribati
Korea
Korea, Democratic People' , "'" , 's Republic of
Kuwait
Kyrgyzstan
Lao People' , "'" , 's Democratic Republic
Latvia
Lebanon
Lesotho
Liberia
Libyan Arab Jamahiriya
Liechtenstein
Lithuania
Luxembourg
Macau
Macedonia
Madagascar
Malawi
Malaysia
Maldives
Mali
Malta
Marshall Islands
Martinique
Mauritania
Mauritius
Mayotte
Mexico
Micronesia
Moldova
Monaco
Mongolia
Montenegro
Montserrat
Morocco
Mozambique
Myanmar
Namibia
Nauru
Nepal
Netherlands
Netherlands Antilles
New Caledonia
New Zealand
Nicaragua
Niger
Nigeria
Niue
Norfolk Island
Northern Mariana Islands
Norway
Oman
Pakistan
Palau
Panama
Papua New Guinea
Paraguay
Peru
Philippines
Pitcairn
Poland
Portugal
Puerto Rico
Qatar
Reunion
Romania
Russia
Rwanda
Saint Kitts and Nevis
Saint Lucia
Saint Vincent and the Grenadines
Samoa
San Marino
Sao Tome and Principe
Saudi Arabia
Senegal
Serbia
Seychelles
Sierra Leone
Singapore
Slovakia (Slovak Republic)
Slovenia
Solomon Islands
Somalia
South Africa
South Georgia & South Sandwich Islands
Spain
Sri Lanka
St. Helena
St. Pierre and Miquelon
Sudan
Suriname
Svalbard and Jan Mayen Islands
Swaziland
Sweden
Switzerland
Syrian Arab Republic
Taiwan
Tajikistan
Tanzania
Thailand
Togo
Tokelau
Tonga
Trinidad and Tobago
Tunisia
Turkey
Turkmenistan
Turks and Caicos Islands
Tuvalu
Uganda
Ukraine
United Arab Emirates
United Kingdom
United States minor outlying islands
Uruguay
Uzbekistan
Vanuatu
Vatican City State (Holy See)
Venezuela
Viet Nam
Virgin Islands (British)
Virgin Islands (U.S.)
Wallis and Futuna Islands
Western Sahara
Yemen
Zambia
Zimbabwe
') or . = concat('Select country
United States
Canada
Afghanistan
Albania
Algeria
American Samoa
Andorra
Angola
Anguilla
Antarctica
Antigua and Barbuda
Argentina
Armenia
Aruba
Australia
Austria
Azerbaijan
Bahamas
Bahrain
Bangladesh
Barbados
Belarus
Belgium
Belize
Benin
Bermuda
Bhutan
Bolivia
Bosnia and Herzegowina
Botswana
Bouvet Island
Brazil
British Indian Ocean Territory
Brunei Darussalam
Bulgaria
Burkina Faso
Burundi
Cambodia
Cameroon
Cape Verde
Cayman Islands
Central African Republic
Chad
Chile
China
Christmas Island
Cocos (Keeling) Islands
Colombia
Comoros
Congo
Cook Islands
Costa Rica
Cote D' , "'" , 'Ivoire
Croatia
Cuba
Cyprus
Czech Republic
Denmark
Djibouti
Dominica
Dominican Republic
Ecuador
Egypt
El Salvador
Equatorial Guinea
Eritrea
Estonia
Ethiopia
Falkland Islands (Malvinas)
Faroe Islands
Fiji
Finland
France
French Guiana
French Polynesia
French Southern Territories
Gabon
Gambia
Georgia
Germany
Ghana
Gibraltar
Greece
Greenland
Grenada
Guadeloupe
Guam
Guatemala
Guinea
Guinea-bissau
Guyana
Haiti
Heard and Mc Donald Islands
Honduras
Hong Kong
Hungary
Iceland
India
Indonesia
Iran (Islamic Republic of)
Iraq
Ireland
Israel
Italy
Jamaica
Japan
Jordan
Kazakhstan
Kenya
Kiribati
Korea
Korea, Democratic People' , "'" , 's Republic of
Kuwait
Kyrgyzstan
Lao People' , "'" , 's Democratic Republic
Latvia
Lebanon
Lesotho
Liberia
Libyan Arab Jamahiriya
Liechtenstein
Lithuania
Luxembourg
Macau
Macedonia
Madagascar
Malawi
Malaysia
Maldives
Mali
Malta
Marshall Islands
Martinique
Mauritania
Mauritius
Mayotte
Mexico
Micronesia
Moldova
Monaco
Mongolia
Montenegro
Montserrat
Morocco
Mozambique
Myanmar
Namibia
Nauru
Nepal
Netherlands
Netherlands Antilles
New Caledonia
New Zealand
Nicaragua
Niger
Nigeria
Niue
Norfolk Island
Northern Mariana Islands
Norway
Oman
Pakistan
Palau
Panama
Papua New Guinea
Paraguay
Peru
Philippines
Pitcairn
Poland
Portugal
Puerto Rico
Qatar
Reunion
Romania
Russia
Rwanda
Saint Kitts and Nevis
Saint Lucia
Saint Vincent and the Grenadines
Samoa
San Marino
Sao Tome and Principe
Saudi Arabia
Senegal
Serbia
Seychelles
Sierra Leone
Singapore
Slovakia (Slovak Republic)
Slovenia
Solomon Islands
Somalia
South Africa
South Georgia & South Sandwich Islands
Spain
Sri Lanka
St. Helena
St. Pierre and Miquelon
Sudan
Suriname
Svalbard and Jan Mayen Islands
Swaziland
Sweden
Switzerland
Syrian Arab Republic
Taiwan
Tajikistan
Tanzania
Thailand
Togo
Tokelau
Tonga
Trinidad and Tobago
Tunisia
Turkey
Turkmenistan
Turks and Caicos Islands
Tuvalu
Uganda
Ukraine
United Arab Emirates
United Kingdom
United States minor outlying islands
Uruguay
Uzbekistan
Vanuatu
Vatican City State (Holy See)
Venezuela
Viet Nam
Virgin Islands (British)
Virgin Islands (U.S.)
Wallis and Futuna Islands
Western Sahara
Yemen
Zambia
Zimbabwe
'))]'. Please recheck the objects properties to make sure the desired element is located. 

2018-12-17 10:32:22 - [MESSAGE][FAILED] - Unable to select option by label 'India' of object 'Object Repository/End To End Senario/Page_Demo Web Shop. Checkout/select_Select countryUnited St'  (Root cause: com.kms.katalon.core.webui.exception.WebElementNotFoundException: Web element with id: 'Object Repository/End To End Senario/Page_Demo Web Shop. Checkout/select_Select countryUnited St' located by 'By.xpath: //select[@id = 'BillingNewAddress_CountryId' and @name = 'BillingNewAddress.CountryId' and (text() = concat('Select country
United States
Canada
Afghanistan
Albania
Algeria
American Samoa
Andorra
Angola
Anguilla
Antarctica
Antigua and Barbuda
Argentina
Armenia
Aruba
Australia
Austria
Azerbaijan
Bahamas
Bahrain
Bangladesh
Barbados
Belarus
Belgium
Belize
Benin
Bermuda
Bhutan
Bolivia
Bosnia and Herzegowina
Botswana
Bouvet Island
Brazil
British Indian Ocean Territory
Brunei Darussalam
Bulgaria
Burkina Faso
Burundi
Cambodia
Cameroon
Cape Verde
Cayman Islands
Central African Republic
Chad
Chile
China
Christmas Island
Cocos (Keeling) Islands
Colombia
Comoros
Congo
Cook Islands
Costa Rica
Cote D' , "'" , 'Ivoire
Croatia
Cuba
Cyprus
Czech Republic
Denmark
Djibouti
Dominica
Dominican Republic
Ecuador
Egypt
El Salvador
Equatorial Guinea
Eritrea
Estonia
Ethiopia
Falkland Islands (Malvinas)
Faroe Islands
Fiji
Finland
France
French Guiana
French Polynesia
French Southern Territories
Gabon
Gambia
Georgia
Germany
Ghana
Gibraltar
Greece
Greenland
Grenada
Guadeloupe
Guam
Guatemala
Guinea
Guinea-bissau
Guyana
Haiti
Heard and Mc Donald Islands
Honduras
Hong Kong
Hungary
Iceland
India
Indonesia
Iran (Islamic Republic of)
Iraq
Ireland
Israel
Italy
Jamaica
Japan
Jordan
Kazakhstan
Kenya
Kiribati
Korea
Korea, Democratic People' , "'" , 's Republic of
Kuwait
Kyrgyzstan
Lao People' , "'" , 's Democratic Republic
Latvia
Lebanon
Lesotho
Liberia
Libyan Arab Jamahiriya
Liechtenstein
Lithuania
Luxembourg
Macau
Macedonia
Madagascar
Malawi
Malaysia
Maldives
Mali
Malta
Marshall Islands
Martinique
Mauritania
Mauritius
Mayotte
Mexico
Micronesia
Moldova
Monaco
Mongolia
Montenegro
Montserrat
Morocco
Mozambique
Myanmar
Namibia
Nauru
Nepal
Netherlands
Netherlands Antilles
New Caledonia
New Zealand
Nicaragua
Niger
Nigeria
Niue
Norfolk Island
Northern Mariana Islands
Norway
Oman
Pakistan
Palau
Panama
Papua New Guinea
Paraguay
Peru
Philippines
Pitcairn
Poland
Portugal
Puerto Rico
Qatar
Reunion
Romania
Russia
Rwanda
Saint Kitts and Nevis
Saint Lucia
Saint Vincent and the Grenadines
Samoa
San Marino
Sao Tome and Principe
Saudi Arabia
Senegal
Serbia
Seychelles
Sierra Leone
Singapore
Slovakia (Slovak Republic)
Slovenia
Solomon Islands
Somalia
South Africa
South Georgia & South Sandwich Islands
Spain
Sri Lanka
St. Helena
St. Pierre and Miquelon
Sudan
Suriname
Svalbard and Jan Mayen Islands
Swaziland
Sweden
Switzerland
Syrian Arab Republic
Taiwan
Tajikistan
Tanzania
Thailand
Togo
Tokelau
Tonga
Trinidad and Tobago
Tunisia
Turkey
Turkmenistan
Turks and Caicos Islands
Tuvalu
Uganda
Ukraine
United Arab Emirates
United Kingdom
United States minor outlying islands
Uruguay
Uzbekistan
Vanuatu
Vatican City State (Holy See)
Venezuela
Viet Nam
Virgin Islands (British)
Virgin Islands (U.S.)
Wallis and Futuna Islands
Western Sahara
Yemen
Zambia
Zimbabwe
') or . = concat('Select country
United States
Canada
Afghanistan
Albania
Algeria
American Samoa
Andorra
Angola
Anguilla
Antarctica
Antigua and Barbuda
Argentina
Armenia
Aruba
Australia
Austria
Azerbaijan
Bahamas
Bahrain
Bangladesh
Barbados
Belarus
Belgium
Belize
Benin
Bermuda
Bhutan
Bolivia
Bosnia and Herzegowina
Botswana
Bouvet Island
Brazil
British Indian Ocean Territory
Brunei Darussalam
Bulgaria
Burkina Faso
Burundi
Cambodia
Cameroon
Cape Verde
Cayman Islands
Central African Republic
Chad
Chile
China
Christmas Island
Cocos (Keeling) Islands
Colombia
Comoros
Congo
Cook Islands
Costa Rica
Cote D' , "'" , 'Ivoire
Croatia
Cuba
Cyprus
Czech Republic
Denmark
Djibouti
Dominica
Dominican Republic
Ecuador
Egypt
El Salvador
Equatorial Guinea
Eritrea
Estonia
Ethiopia
Falkland Islands (Malvinas)
Faroe Islands
Fiji
Finland
France
French Guiana
French Polynesia
French Southern Territories
Gabon
Gambia
Georgia
Germany
Ghana
Gibraltar
Greece
Greenland
Grenada
Guadeloupe
Guam
Guatemala
Guinea
Guinea-bissau
Guyana
Haiti
Heard and Mc Donald Islands
Honduras
Hong Kong
Hungary
Iceland
India
Indonesia
Iran (Islamic Republic of)
Iraq
Ireland
Israel
Italy
Jamaica
Japan
Jordan
Kazakhstan
Kenya
Kiribati
Korea
Korea, Democratic People' , "'" , 's Republic of
Kuwait
Kyrgyzstan
Lao People' , "'" , 's Democratic Republic
Latvia
Lebanon
Lesotho
Liberia
Libyan Arab Jamahiriya
Liechtenstein
Lithuania
Luxembourg
Macau
Macedonia
Madagascar
Malawi
Malaysia
Maldives
Mali
Malta
Marshall Islands
Martinique
Mauritania
Mauritius
Mayotte
Mexico
Micronesia
Moldova
Monaco
Mongolia
Montenegro
Montserrat
Morocco
Mozambique
Myanmar
Namibia
Nauru
Nepal
Netherlands
Netherlands Antilles
New Caledonia
New Zealand
Nicaragua
Niger
Nigeria
Niue
Norfolk Island
Northern Mariana Islands
Norway
Oman
Pakistan
Palau
Panama
Papua New Guinea
Paraguay
Peru
Philippines
Pitcairn
Poland
Portugal
Puerto Rico
Qatar
Reunion
Romania
Russia
Rwanda
Saint Kitts and Nevis
Saint Lucia
Saint Vincent and the Grenadines
Samoa
San Marino
Sao Tome and Principe
Saudi Arabia
Senegal
Serbia
Seychelles
Sierra Leone
Singapore
Slovakia (Slovak Republic)
Slovenia
Solomon Islands
Somalia
South Africa
South Georgia & South Sandwich Islands
Spain
Sri Lanka
St. Helena
St. Pierre and Miquelon
Sudan
Suriname
Svalbard and Jan Mayen Islands
Swaziland
Sweden
Switzerland
Syrian Arab Republic
Taiwan
Tajikistan
Tanzania
Thailand
Togo
Tokelau
Tonga
Trinidad and Tobago
Tunisia
Turkey
Turkmenistan
Turks and Caicos Islands
Tuvalu
Uganda
Ukraine
United Arab Emirates
United Kingdom
United States minor outlying islands
Uruguay
Uzbekistan
Vanuatu
Vatican City State (Holy See)
Venezuela
Viet Nam
Virgin Islands (British)
Virgin Islands (U.S.)
Wallis and Futuna Islands
Western Sahara
Yemen
Zambia
Zimbabwe
'))]' not found)
[[ATTACHMENT|C:\\Users\\c5281054\\git\\KatalonDemo\\Reports\\Nirmal\\EndtoEndDemo\\20181217_102809\\1545022942514.png]]

2018-12-17 10:32:22 - [TEST_STEP][FAILED] - setText(findTestObject("Object Repository/End To End Senario/Page_Demo Web Shop. Checkout/input_City_BillingNewAddress.C"), City): Unable to set text 'Bombay' of object 'Object Repository/End To End Senario/Page_Demo Web Shop. Checkout/input_City_BillingNewAddress.C' (Root cause: com.kms.katalon.core.webui.exception.WebElementNotFoundException: Web element with id: 'Object Repository/End To End Senario/Page_Demo Web Shop. Checkout/input_City_BillingNewAddress.C' located by 'By.xpath: //input[@class = 'text-box single-line' and @id = 'BillingNewAddress_City' and @name = 'BillingNewAddress.City' and @type = 'text']' not found)

2018-12-17 10:32:53 - [MESSAGE][INFO] - Unable to find the element located by 'By.xpath: //input[@class = 'text-box single-line' and @id = 'BillingNewAddress_City' and @name = 'BillingNewAddress.City' and @type = 'text']'. Please recheck the objects properties to make sure the desired element is located. 

2018-12-17 10:32:53 - [MESSAGE][FAILED] - Unable to set text 'Bombay' of object 'Object Repository/End To End Senario/Page_Demo Web Shop. Checkout/input_City_BillingNewAddress.C' (Root cause: com.kms.katalon.core.webui.exception.WebElementNotFoundException: Web element with id: 'Object Repository/End To End Senario/Page_Demo Web Shop. Checkout/input_City_BillingNewAddress.C' located by 'By.xpath: //input[@class = 'text-box single-line' and @id = 'BillingNewAddress_City' and @name = 'BillingNewAddress.City' and @type = 'text']' not found)
[[ATTACHMENT|C:\\Users\\c5281054\\git\\KatalonDemo\\Reports\\Nirmal\\EndtoEndDemo\\20181217_102809\\1545022973515.png]]

2018-12-17 10:32:53 - [TEST_STEP][FAILED] - setText(findTestObject("Object Repository/End To End Senario/Page_Demo Web Shop. Checkout/input_Address 1_BillingNewAddr"), Address_1): Unable to set text 'RockStar Road RockStar Soc' of object 'Object Repository/End To End Senario/Page_Demo Web Shop. Checkout/input_Address 1_BillingNewAddr' (Root cause: com.kms.katalon.core.webui.exception.WebElementNotFoundException: Web element with id: 'Object Repository/End To End Senario/Page_Demo Web Shop. Checkout/input_Address 1_BillingNewAddr' located by 'By.xpath: //input[@class = 'text-box single-line' and @id = 'BillingNewAddress_Address1' and @name = 'BillingNewAddress.Address1' and @type = 'text']' not found)

2018-12-17 10:33:24 - [MESSAGE][INFO] - Unable to find the element located by 'By.xpath: //input[@class = 'text-box single-line' and @id = 'BillingNewAddress_Address1' and @name = 'BillingNewAddress.Address1' and @type = 'text']'. Please recheck the objects properties to make sure the desired element is located. 

2018-12-17 10:33:24 - [MESSAGE][FAILED] - Unable to set text 'RockStar Road RockStar Soc' of object 'Object Repository/End To End Senario/Page_Demo Web Shop. Checkout/input_Address 1_BillingNewAddr' (Root cause: com.kms.katalon.core.webui.exception.WebElementNotFoundException: Web element with id: 'Object Repository/End To End Senario/Page_Demo Web Shop. Checkout/input_Address 1_BillingNewAddr' located by 'By.xpath: //input[@class = 'text-box single-line' and @id = 'BillingNewAddress_Address1' and @name = 'BillingNewAddress.Address1' and @type = 'text']' not found)
[[ATTACHMENT|C:\\Users\\c5281054\\git\\KatalonDemo\\Reports\\Nirmal\\EndtoEndDemo\\20181217_102809\\1545023004499.png]]

2018-12-17 10:33:24 - [TEST_STEP][FAILED] - setText(findTestObject("Object Repository/End To End Senario/Page_Demo Web Shop. Checkout/input_Address 2_BillingNewAddr"), Address_2): Unable to set text 'Flat no 1001' of object 'Object Repository/End To End Senario/Page_Demo Web Shop. Checkout/input_Address 2_BillingNewAddr' (Root cause: com.kms.katalon.core.webui.exception.WebElementNotFoundException: Web element with id: 'Object Repository/End To End Senario/Page_Demo Web Shop. Checkout/input_Address 2_BillingNewAddr' located by 'By.xpath: //input[@class = 'text-box single-line' and @id = 'BillingNewAddress_Address2' and @name = 'BillingNewAddress.Address2' and @type = 'text']' not found)

2018-12-17 10:33:55 - [MESSAGE][INFO] - Unable to find the element located by 'By.xpath: //input[@class = 'text-box single-line' and @id = 'BillingNewAddress_Address2' and @name = 'BillingNewAddress.Address2' and @type = 'text']'. Please recheck the objects properties to make sure the desired element is located. 

2018-12-17 10:33:55 - [MESSAGE][FAILED] - Unable to set text 'Flat no 1001' of object 'Object Repository/End To End Senario/Page_Demo Web Shop. Checkout/input_Address 2_BillingNewAddr' (Root cause: com.kms.katalon.core.webui.exception.WebElementNotFoundException: Web element with id: 'Object Repository/End To End Senario/Page_Demo Web Shop. Checkout/input_Address 2_BillingNewAddr' located by 'By.xpath: //input[@class = 'text-box single-line' and @id = 'BillingNewAddress_Address2' and @name = 'BillingNewAddress.Address2' and @type = 'text']' not found)
[[ATTACHMENT|C:\\Users\\c5281054\\git\\KatalonDemo\\Reports\\Nirmal\\EndtoEndDemo\\20181217_102809\\1545023035464.png]]

2018-12-17 10:33:55 - [TEST_STEP][FAILED] - setText(findTestObject("Object Repository/End To End Senario/Page_Demo Web Shop. Checkout/input_Zip  postal code_Billing"), Zip_postal_code_1): Unable to set text '411033' of object 'Object Repository/End To End Senario/Page_Demo Web Shop. Checkout/input_Zip  postal code_Billing' (Root cause: com.kms.katalon.core.webui.exception.WebElementNotFoundException: Web element with id: 'Object Repository/End To End Senario/Page_Demo Web Shop. Checkout/input_Zip  postal code_Billing' located by 'By.xpath: //input[@class = 'text-box single-line' and @id = 'BillingNewAddress_ZipPostalCode' and @name = 'BillingNewAddress.ZipPostalCode' and @type = 'text']' not found)

2018-12-17 10:34:26 - [MESSAGE][INFO] - Unable to find the element located by 'By.xpath: //input[@class = 'text-box single-line' and @id = 'BillingNewAddress_ZipPostalCode' and @name = 'BillingNewAddress.ZipPostalCode' and @type = 'text']'. Please recheck the objects properties to make sure the desired element is located. 

2018-12-17 10:34:26 - [MESSAGE][FAILED] - Unable to set text '411033' of object 'Object Repository/End To End Senario/Page_Demo Web Shop. Checkout/input_Zip  postal code_Billing' (Root cause: com.kms.katalon.core.webui.exception.WebElementNotFoundException: Web element with id: 'Object Repository/End To End Senario/Page_Demo Web Shop. Checkout/input_Zip  postal code_Billing' located by 'By.xpath: //input[@class = 'text-box single-line' and @id = 'BillingNewAddress_ZipPostalCode' and @name = 'BillingNewAddress.ZipPostalCode' and @type = 'text']' not found)
[[ATTACHMENT|C:\\Users\\c5281054\\git\\KatalonDemo\\Reports\\Nirmal\\EndtoEndDemo\\20181217_102809\\1545023066435.png]]

2018-12-17 10:34:26 - [TEST_STEP][FAILED] - setText(findTestObject("Object Repository/End To End Senario/Page_Demo Web Shop. Checkout/input_Phone number_BillingNewA"), Phone_number): Unable to set text '9922445566' of object 'Object Repository/End To End Senario/Page_Demo Web Shop. Checkout/input_Phone number_BillingNewA' (Root cause: com.kms.katalon.core.webui.exception.WebElementNotFoundException: Web element with id: 'Object Repository/End To End Senario/Page_Demo Web Shop. Checkout/input_Phone number_BillingNewA' located by 'By.xpath: //input[@class = 'text-box single-line' and @id = 'BillingNewAddress_PhoneNumber' and @name = 'BillingNewAddress.PhoneNumber' and @type = 'text']' not found)

2018-12-17 10:34:57 - [MESSAGE][INFO] - Unable to find the element located by 'By.xpath: //input[@class = 'text-box single-line' and @id = 'BillingNewAddress_PhoneNumber' and @name = 'BillingNewAddress.PhoneNumber' and @type = 'text']'. Please recheck the objects properties to make sure the desired element is located. 

2018-12-17 10:34:57 - [MESSAGE][FAILED] - Unable to set text '9922445566' of object 'Object Repository/End To End Senario/Page_Demo Web Shop. Checkout/input_Phone number_BillingNewA' (Root cause: com.kms.katalon.core.webui.exception.WebElementNotFoundException: Web element with id: 'Object Repository/End To End Senario/Page_Demo Web Shop. Checkout/input_Phone number_BillingNewA' located by 'By.xpath: //input[@class = 'text-box single-line' and @id = 'BillingNewAddress_PhoneNumber' and @name = 'BillingNewAddress.PhoneNumber' and @type = 'text']' not found)
[[ATTACHMENT|C:\\Users\\c5281054\\git\\KatalonDemo\\Reports\\Nirmal\\EndtoEndDemo\\20181217_102809\\1545023097422.png]]

2018-12-17 10:34:57 - [TEST_STEP][FAILED] - setText(findTestObject("Object Repository/End To End Senario/Page_Demo Web Shop. Checkout/input_Fax number_BillingNewAdd"), Fax_number): Unable to set text '+44 161 999 8888' of object 'Object Repository/End To End Senario/Page_Demo Web Shop. Checkout/input_Fax number_BillingNewAdd' (Root cause: org.openqa.selenium.WebDriverException: chrome not reachable
  (Session info: chrome=71.0.3578.98)
  (Driver info: chromedriver=2.43.600210 (68dcf5eebde37173d4027fa8635e332711d2874a),platform=Windows NT 10.0.17134 x86_64) (WARNING: The server did not provide any stacktrace information)
Command duration or timeout: 0 milliseconds
Build info: version: '3.7.1', revision: '8a0099a', time: '2017-11-06T21:07:36.161Z'
System info: host: 'INLN56580283A', ip: '192.168.242.1', os.name: 'Windows 10', os.arch: 'amd64', os.version: '10.0', java.version: '1.8.0_181'
Driver info: com.kms.katalon.selenium.driver.CChromeDriver
Capabilities {acceptInsecureCerts: false, acceptSslCerts: false, applicationCacheEnabled: false, browserConnectionEnabled: false, browserName: chrome, chrome: {chromedriverVersion: 2.43.600210 (68dcf5eebde371..., userDataDir: C:\Users\c5281054\AppData\L...}, cssSelectorsEnabled: true, databaseEnabled: false, goog:chromeOptions: {debuggerAddress: localhost:55696}, handlesAlerts: true, hasTouchScreen: false, javascriptEnabled: true, locationContextEnabled: true, mobileEmulationEnabled: false, nativeEvents: true, networkConnectionEnabled: false, pageLoadStrategy: normal, platform: XP, platformName: XP, rotatable: false, setWindowRect: true, takesHeapSnapshot: true, takesScreenshot: true, unexpectedAlertBehaviour: , unhandledPromptBehavior: , version: 71.0.3578.98, webStorageEnabled: true}
Session ID: d507dec74254e551f97b2ac262609c8b
*** Element info: {Using=xpath, value=//input[@class = 'text-box single-line' and @id = 'BillingNewAddress_FaxNumber' and @name = 'BillingNewAddress.FaxNumber' and @type = 'text']})

2018-12-17 10:35:31 - [MESSAGE][WARNING] - Cannot take screenshot

2018-12-17 10:35:31 - [MESSAGE][FAILED] - Unable to set text '+44 161 999 8888' of object 'Object Repository/End To End Senario/Page_Demo Web Shop. Checkout/input_Fax number_BillingNewAdd' (Root cause: org.openqa.selenium.WebDriverException: chrome not reachable
  (Session info: chrome=71.0.3578.98)
  (Driver info: chromedriver=2.43.600210 (68dcf5eebde37173d4027fa8635e332711d2874a),platform=Windows NT 10.0.17134 x86_64) (WARNING: The server did not provide any stacktrace information)
Command duration or timeout: 0 milliseconds
Build info: version: '3.7.1', revision: '8a0099a', time: '2017-11-06T21:07:36.161Z'
System info: host: 'INLN56580283A', ip: '192.168.242.1', os.name: 'Windows 10', os.arch: 'amd64', os.version: '10.0', java.version: '1.8.0_181'
Driver info: com.kms.katalon.selenium.driver.CChromeDriver
Capabilities {acceptInsecureCerts: false, acceptSslCerts: false, applicationCacheEnabled: false, browserConnectionEnabled: false, browserName: chrome, chrome: {chromedriverVersion: 2.43.600210 (68dcf5eebde371..., userDataDir: C:\Users\c5281054\AppData\L...}, cssSelectorsEnabled: true, databaseEnabled: false, goog:chromeOptions: {debuggerAddress: localhost:55696}, handlesAlerts: true, hasTouchScreen: false, javascriptEnabled: true, locationContextEnabled: true, mobileEmulationEnabled: false, nativeEvents: true, networkConnectionEnabled: false, pageLoadStrategy: normal, platform: XP, platformName: XP, rotatable: false, setWindowRect: true, takesHeapSnapshot: true, takesScreenshot: true, unexpectedAlertBehaviour: , unhandledPromptBehavior: , version: 71.0.3578.98, webStorageEnabled: true}
Session ID: d507dec74254e551f97b2ac262609c8b
*** Element info: {Using=xpath, value=//input[@class = 'text-box single-line' and @id = 'BillingNewAddress_FaxNumber' and @name = 'BillingNewAddress.FaxNumber' and @type = 'text']})

2018-12-17 10:35:31 - [TEST_STEP][FAILED] - click(findTestObject("Object Repository/End To End Senario/Page_Demo Web Shop. Checkout/input__button-1 new-address-ne")): Unable to click on object 'Object Repository/End To End Senario/Page_Demo Web Shop. Checkout/input__button-1 new-address-ne' (Root cause: org.openqa.selenium.WebDriverException: chrome not reachable
  (Session info: chrome=71.0.3578.98)
  (Driver info: chromedriver=2.43.600210 (68dcf5eebde37173d4027fa8635e332711d2874a),platform=Windows NT 10.0.17134 x86_64) (WARNING: The server did not provide any stacktrace information)
Command duration or timeout: 0 milliseconds
Build info: version: '3.7.1', revision: '8a0099a', time: '2017-11-06T21:07:36.161Z'
System info: host: 'INLN56580283A', ip: '192.168.242.1', os.name: 'Windows 10', os.arch: 'amd64', os.version: '10.0', java.version: '1.8.0_181'
Driver info: com.kms.katalon.selenium.driver.CChromeDriver
Capabilities {acceptInsecureCerts: false, acceptSslCerts: false, applicationCacheEnabled: false, browserConnectionEnabled: false, browserName: chrome, chrome: {chromedriverVersion: 2.43.600210 (68dcf5eebde371..., userDataDir: C:\Users\c5281054\AppData\L...}, cssSelectorsEnabled: true, databaseEnabled: false, goog:chromeOptions: {debuggerAddress: localhost:55696}, handlesAlerts: true, hasTouchScreen: false, javascriptEnabled: true, locationContextEnabled: true, mobileEmulationEnabled: false, nativeEvents: true, networkConnectionEnabled: false, pageLoadStrategy: normal, platform: XP, platformName: XP, rotatable: false, setWindowRect: true, takesHeapSnapshot: true, takesScreenshot: true, unexpectedAlertBehaviour: , unhandledPromptBehavior: , version: 71.0.3578.98, webStorageEnabled: true}
Session ID: d507dec74254e551f97b2ac262609c8b
*** Element info: {Using=xpath, value=//input[@type = 'button' and @class = 'button-1 new-address-next-step-button' and @title = 'Continue' and @value = 'Continue']})

2018-12-17 10:35:43 - [MESSAGE][WARNING] - Cannot take screenshot

2018-12-17 10:35:43 - [MESSAGE][FAILED] - Unable to click on object 'Object Repository/End To End Senario/Page_Demo Web Shop. Checkout/input__button-1 new-address-ne' (Root cause: org.openqa.selenium.WebDriverException: chrome not reachable
  (Session info: chrome=71.0.3578.98)
  (Driver info: chromedriver=2.43.600210 (68dcf5eebde37173d4027fa8635e332711d2874a),platform=Windows NT 10.0.17134 x86_64) (WARNING: The server did not provide any stacktrace information)
Command duration or timeout: 0 milliseconds
Build info: version: '3.7.1', revision: '8a0099a', time: '2017-11-06T21:07:36.161Z'
System info: host: 'INLN56580283A', ip: '192.168.242.1', os.name: 'Windows 10', os.arch: 'amd64', os.version: '10.0', java.version: '1.8.0_181'
Driver info: com.kms.katalon.selenium.driver.CChromeDriver
Capabilities {acceptInsecureCerts: false, acceptSslCerts: false, applicationCacheEnabled: false, browserConnectionEnabled: false, browserName: chrome, chrome: {chromedriverVersion: 2.43.600210 (68dcf5eebde371..., userDataDir: C:\Users\c5281054\AppData\L...}, cssSelectorsEnabled: true, databaseEnabled: false, goog:chromeOptions: {debuggerAddress: localhost:55696}, handlesAlerts: true, hasTouchScreen: false, javascriptEnabled: true, locationContextEnabled: true, mobileEmulationEnabled: false, nativeEvents: true, networkConnectionEnabled: false, pageLoadStrategy: normal, platform: XP, platformName: XP, rotatable: false, setWindowRect: true, takesHeapSnapshot: true, takesScreenshot: true, unexpectedAlertBehaviour: , unhandledPromptBehavior: , version: 71.0.3578.98, webStorageEnabled: true}
Session ID: d507dec74254e551f97b2ac262609c8b
*** Element info: {Using=xpath, value=//input[@type = 'button' and @class = 'button-1 new-address-next-step-button' and @title = 'Continue' and @value = 'Continue']})

2018-12-17 10:35:43 - [TEST_STEP][PASSED] - delay(5): Delayed 5 second(s)

2018-12-17 10:35:48 - [MESSAGE][PASSED] - Delayed 5 second(s)

2018-12-17 10:35:48 - [TEST_STEP][FAILED] - verifyElementPresent(findTestObject("Object Repository/End To End Senario/Page_Demo Web Shop. Checkout/input__button-1 Custom"), 10): Unable to verify object 'Object Repository/End To End Senario/Page_Demo Web Shop. Checkout/input__button-1 Custom' is present (Root cause: org.openqa.selenium.WebDriverException: chrome not reachable
  (Session info: chrome=71.0.3578.98)
  (Driver info: chromedriver=2.43.600210 (68dcf5eebde37173d4027fa8635e332711d2874a),platform=Windows NT 10.0.17134 x86_64) (WARNING: The server did not provide any stacktrace information)
Command duration or timeout: 0 milliseconds
Build info: version: '3.7.1', revision: '8a0099a', time: '2017-11-06T21:07:36.161Z'
System info: host: 'INLN56580283A', ip: '192.168.242.1', os.name: 'Windows 10', os.arch: 'amd64', os.version: '10.0', java.version: '1.8.0_181'
Driver info: com.kms.katalon.selenium.driver.CChromeDriver
Capabilities {acceptInsecureCerts: false, acceptSslCerts: false, applicationCacheEnabled: false, browserConnectionEnabled: false, browserName: chrome, chrome: {chromedriverVersion: 2.43.600210 (68dcf5eebde371..., userDataDir: C:\Users\c5281054\AppData\L...}, cssSelectorsEnabled: true, databaseEnabled: false, goog:chromeOptions: {debuggerAddress: localhost:55696}, handlesAlerts: true, hasTouchScreen: false, javascriptEnabled: true, locationContextEnabled: true, mobileEmulationEnabled: false, nativeEvents: true, networkConnectionEnabled: false, pageLoadStrategy: normal, platform: XP, platformName: XP, rotatable: false, setWindowRect: true, takesHeapSnapshot: true, takesScreenshot: true, unexpectedAlertBehaviour: , unhandledPromptBehavior: , version: 71.0.3578.98, webStorageEnabled: true}
Session ID: d507dec74254e551f97b2ac262609c8b
*** Element info: {Using=xpath, value=//input[@title='Continue' and @onclick='Shipping.save()']})

2018-12-17 10:36:00 - [MESSAGE][WARNING] - Cannot take screenshot

2018-12-17 10:36:00 - [MESSAGE][FAILED] - Unable to verify object 'Object Repository/End To End Senario/Page_Demo Web Shop. Checkout/input__button-1 Custom' is present (Root cause: org.openqa.selenium.WebDriverException: chrome not reachable
  (Session info: chrome=71.0.3578.98)
  (Driver info: chromedriver=2.43.600210 (68dcf5eebde37173d4027fa8635e332711d2874a),platform=Windows NT 10.0.17134 x86_64) (WARNING: The server did not provide any stacktrace information)
Command duration or timeout: 0 milliseconds
Build info: version: '3.7.1', revision: '8a0099a', time: '2017-11-06T21:07:36.161Z'
System info: host: 'INLN56580283A', ip: '192.168.242.1', os.name: 'Windows 10', os.arch: 'amd64', os.version: '10.0', java.version: '1.8.0_181'
Driver info: com.kms.katalon.selenium.driver.CChromeDriver
Capabilities {acceptInsecureCerts: false, acceptSslCerts: false, applicationCacheEnabled: false, browserConnectionEnabled: false, browserName: chrome, chrome: {chromedriverVersion: 2.43.600210 (68dcf5eebde371..., userDataDir: C:\Users\c5281054\AppData\L...}, cssSelectorsEnabled: true, databaseEnabled: false, goog:chromeOptions: {debuggerAddress: localhost:55696}, handlesAlerts: true, hasTouchScreen: false, javascriptEnabled: true, locationContextEnabled: true, mobileEmulationEnabled: false, nativeEvents: true, networkConnectionEnabled: false, pageLoadStrategy: normal, platform: XP, platformName: XP, rotatable: false, setWindowRect: true, takesHeapSnapshot: true, takesScreenshot: true, unexpectedAlertBehaviour: , unhandledPromptBehavior: , version: 71.0.3578.98, webStorageEnabled: true}
Session ID: d507dec74254e551f97b2ac262609c8b
*** Element info: {Using=xpath, value=//input[@title='Continue' and @onclick='Shipping.save()']})

2018-12-17 10:36:00 - [TEST_STEP][PASSED] - driver = getWebDriver(): null

2018-12-17 10:36:00 - [TEST_STEP][FAILED] - elem = driver.findElement(By.xpath("(//input[@type = 'button' and @class = 'button-1 new-address-next-step-button' and @title = 'Continue' and @value = 'Continue'])[2]")): elem = driver.findElement(By.xpath("(//input[@type = 'button' and @class = 'button-1 new-address-next-step-button' and @title = 'Continue' and @value = 'Continue'])[2]")) FAILED.
Reason:
com.kms.katalon.core.exception.StepFailedException: Unable to click on object 'Object Repository/End To End Senario/Page_Demo Web Shop. Register/input_Your registration comple' (Root cause: com.kms.katalon.core.webui.exception.WebElementNotFoundException: Web element with id: 'Object Repository/End To End Senario/Page_Demo Web Shop. Register/input_Your registration comple' located by 'By.xpath: //input[@type = 'button' and @class = 'button-1 register-continue-button' and @value = 'Continue']' not found)
	at com.kms.katalon.core.keyword.internal.KeywordMain.stepFailed(KeywordMain.groovy:32)
	at com.kms.katalon.core.webui.keyword.internal.WebUIKeywordMain.stepFailed(WebUIKeywordMain.groovy:65)
	at com.kms.katalon.core.webui.keyword.internal.WebUIKeywordMain.runKeyword(WebUIKeywordMain.groovy:27)
	at com.kms.katalon.core.webui.keyword.builtin.ClickKeyword.click(ClickKeyword.groovy:86)
	at com.kms.katalon.core.webui.keyword.builtin.ClickKeyword.execute(ClickKeyword.groovy:67)
	at com.kms.katalon.core.keyword.internal.KeywordExecutor.executeKeywordForPlatform(KeywordExecutor.groovy:53)
	at com.kms.katalon.core.webui.keyword.WebUiBuiltInKeywords.click(WebUiBuiltInKeywords.groovy:616)
	at com.kms.katalon.core.webui.keyword.WebUiBuiltInKeywords$click$2.call(Unknown Source)
	at TC5 - End To End Scenario.run(TC5 - End To End Scenario:47)
	at com.kms.katalon.core.main.ScriptEngine.run(ScriptEngine.java:194)
	at com.kms.katalon.core.main.ScriptEngine.runScriptAsRawText(ScriptEngine.java:119)
	at com.kms.katalon.core.main.TestCaseExecutor.runScript(TestCaseExecutor.java:321)
	at com.kms.katalon.core.main.TestCaseExecutor.doExecute(TestCaseExecutor.java:312)
	at com.kms.katalon.core.main.TestCaseExecutor.processExecutionPhase(TestCaseExecutor.java:291)
	at com.kms.katalon.core.main.TestCaseExecutor.accessMainPhase(TestCaseExecutor.java:283)
	at com.kms.katalon.core.main.TestCaseExecutor.execute(TestCaseExecutor.java:222)
	at com.kms.katalon.core.main.TestSuiteExecutor.accessTestCaseMainPhase(TestSuiteExecutor.java:129)
	at com.kms.katalon.core.main.TestSuiteExecutor.accessTestSuiteMainPhase(TestSuiteExecutor.java:112)
	at com.kms.katalon.core.main.TestSuiteExecutor.execute(TestSuiteExecutor.java:81)
	at com.kms.katalon.core.main.TestCaseMain.startTestSuite(TestCaseMain.java:149)
	at com.kms.katalon.core.main.TestCaseMain$startTestSuite$0.call(Unknown Source)
	at TempTestSuite1545022694488.run(TempTestSuite1545022694488.groovy:36)


2018-12-17 10:36:06 - [MESSAGE][FAILED] - elem = driver.findElement(By.xpath("(//input[@type = 'button' and @class = 'button-1 new-address-next-step-button' and @title = 'Continue' and @value = 'Continue'])[2]")) FAILED.
Reason:
com.kms.katalon.core.exception.StepFailedException: Unable to click on object 'Object Repository/End To End Senario/Page_Demo Web Shop. Register/input_Your registration comple' (Root cause: com.kms.katalon.core.webui.exception.WebElementNotFoundException: Web element with id: 'Object Repository/End To End Senario/Page_Demo Web Shop. Register/input_Your registration comple' located by 'By.xpath: //input[@type = 'button' and @class = 'button-1 register-continue-button' and @value = 'Continue']' not found)
	at com.kms.katalon.core.keyword.internal.KeywordMain.stepFailed(KeywordMain.groovy:32)
	at com.kms.katalon.core.webui.keyword.internal.WebUIKeywordMain.stepFailed(WebUIKeywordMain.groovy:65)
	at com.kms.katalon.core.webui.keyword.internal.WebUIKeywordMain.runKeyword(WebUIKeywordMain.groovy:27)
	at com.kms.katalon.core.webui.keyword.builtin.ClickKeyword.click(ClickKeyword.groovy:86)
	at com.kms.katalon.core.webui.keyword.builtin.ClickKeyword.execute(ClickKeyword.groovy:67)
	at com.kms.katalon.core.keyword.internal.KeywordExecutor.executeKeywordForPlatform(KeywordExecutor.groovy:53)
	at com.kms.katalon.core.webui.keyword.WebUiBuiltInKeywords.click(WebUiBuiltInKeywords.groovy:616)
	at com.kms.katalon.core.webui.keyword.WebUiBuiltInKeywords$click$2.call(Unknown Source)
	at TC5 - End To End Scenario.run(TC5 - End To End Scenario:47)
	at com.kms.katalon.core.main.ScriptEngine.run(ScriptEngine.java:194)
	at com.kms.katalon.core.main.ScriptEngine.runScriptAsRawText(ScriptEngine.java:119)
	at com.kms.katalon.core.main.TestCaseExecutor.runScript(TestCaseExecutor.java:321)
	at com.kms.katalon.core.main.TestCaseExecutor.doExecute(TestCaseExecutor.java:312)
	at com.kms.katalon.core.main.TestCaseExecutor.processExecutionPhase(TestCaseExecutor.java:291)
	at com.kms.katalon.core.main.TestCaseExecutor.accessMainPhase(TestCaseExecutor.java:283)
	at com.kms.katalon.core.main.TestCaseExecutor.execute(TestCaseExecutor.java:222)
	at com.kms.katalon.core.main.TestSuiteExecutor.accessTestCaseMainPhase(TestSuiteExecutor.java:129)
	at com.kms.katalon.core.main.TestSuiteExecutor.accessTestSuiteMainPhase(TestSuiteExecutor.java:112)
	at com.kms.katalon.core.main.TestSuiteExecutor.execute(TestSuiteExecutor.java:81)
	at com.kms.katalon.core.main.TestCaseMain.startTestSuite(TestCaseMain.java:149)
	at com.kms.katalon.core.main.TestCaseMain$startTestSuite$0.call(Unknown Source)
	at TempTestSuite1545022694488.run(TempTestSuite1545022694488.groovy:36)


2018-12-17 10:36:06 - [TEST_STEP][PASSED] - Start listener action : sampleAfterTestCase: null

2018-12-17 10:36:06 - [TEST_STEP][PASSED] - println(testCaseContext.getTestCaseId()): null

2018-12-17 10:36:06 - [TEST_STEP][PASSED] - println(testCaseContext.getTestCaseStatus()): null

2018-12-17 10:36:06 - [TEST_STEP][PASSED] - println(testCaseContext.getMessage()): null

2018-12-17 10:36:06 - [TEST_STEP][PASSED] - Start listener action : sampleAfterTestCase: null

2018-12-17 10:36:06 - [TEST_STEP][PASSED] - println(testCaseContext.getTestCaseId()): null

2018-12-17 10:36:06 - [TEST_STEP][PASSED] - println(testCaseContext.getTestCaseStatus()): null]]></system-out>
         <system-err><![CDATA[2018-12-17 10:28:54 - [TEST_CASE][FAILED] - Test Cases/Nirmal/TC5 - End To End Scenario: Test Cases/Nirmal/TC5 - End To End Scenario FAILED.
Reason:
com.kms.katalon.core.exception.StepFailedException: Unable to click on object 'Object Repository/End To End Senario/Page_Demo Web Shop. Register/input_Your registration comple' (Root cause: com.kms.katalon.core.webui.exception.WebElementNotFoundException: Web element with id: 'Object Repository/End To End Senario/Page_Demo Web Shop. Register/input_Your registration comple' located by 'By.xpath: //input[@type = 'button' and @class = 'button-1 register-continue-button' and @value = 'Continue']' not found)
	at com.kms.katalon.core.keyword.internal.KeywordMain.stepFailed(KeywordMain.groovy:32)
	at com.kms.katalon.core.webui.keyword.internal.WebUIKeywordMain.stepFailed(WebUIKeywordMain.groovy:65)
	at com.kms.katalon.core.webui.keyword.internal.WebUIKeywordMain.runKeyword(WebUIKeywordMain.groovy:27)
	at com.kms.katalon.core.webui.keyword.builtin.ClickKeyword.click(ClickKeyword.groovy:86)
	at com.kms.katalon.core.webui.keyword.builtin.ClickKeyword.execute(ClickKeyword.groovy:67)
	at com.kms.katalon.core.keyword.internal.KeywordExecutor.executeKeywordForPlatform(KeywordExecutor.groovy:53)
	at com.kms.katalon.core.webui.keyword.WebUiBuiltInKeywords.click(WebUiBuiltInKeywords.groovy:616)
	at com.kms.katalon.core.webui.keyword.WebUiBuiltInKeywords$click$2.call(Unknown Source)
	at TC5 - End To End Scenario.run(TC5 - End To End Scenario:47)
	at com.kms.katalon.core.main.ScriptEngine.run(ScriptEngine.java:194)
	at com.kms.katalon.core.main.ScriptEngine.runScriptAsRawText(ScriptEngine.java:119)
	at com.kms.katalon.core.main.TestCaseExecutor.runScript(TestCaseExecutor.java:321)
	at com.kms.katalon.core.main.TestCaseExecutor.doExecute(TestCaseExecutor.java:312)
	at com.kms.katalon.core.main.TestCaseExecutor.processExecutionPhase(TestCaseExecutor.java:291)
	at com.kms.katalon.core.main.TestCaseExecutor.accessMainPhase(TestCaseExecutor.java:283)
	at com.kms.katalon.core.main.TestCaseExecutor.execute(TestCaseExecutor.java:222)
	at com.kms.katalon.core.main.TestSuiteExecutor.accessTestCaseMainPhase(TestSuiteExecutor.java:129)
	at com.kms.katalon.core.main.TestSuiteExecutor.accessTestSuiteMainPhase(TestSuiteExecutor.java:112)
	at com.kms.katalon.core.main.TestSuiteExecutor.execute(TestSuiteExecutor.java:81)
	at com.kms.katalon.core.main.TestCaseMain.startTestSuite(TestCaseMain.java:149)
	at com.kms.katalon.core.main.TestCaseMain$startTestSuite$0.call(Unknown Source)
	at TempTestSuite1545022694488.run(TempTestSuite1545022694488.groovy:36)]]></system-err>
      </testcase>
      <system-out><![CDATA[2018-12-17 10:28:51 - [TEST_SUITE][FAILED] - EndtoEndDemo: Test Cases/Nirmal/TC5 - End To End Scenario FAILED.
Reason:
com.kms.katalon.core.exception.StepFailedException: Unable to click on object 'Object Repository/End To End Senario/Page_Demo Web Shop. Register/input_Your registration comple' (Root cause: com.kms.katalon.core.webui.exception.WebElementNotFoundException: Web element with id: 'Object Repository/End To End Senario/Page_Demo Web Shop. Register/input_Your registration comple' located by 'By.xpath: //input[@type = 'button' and @class = 'button-1 register-continue-button' and @value = 'Continue']' not found)
	at com.kms.katalon.core.keyword.internal.KeywordMain.stepFailed(KeywordMain.groovy:32)
	at com.kms.katalon.core.webui.keyword.internal.WebUIKeywordMain.stepFailed(WebUIKeywordMain.groovy:65)
	at com.kms.katalon.core.webui.keyword.internal.WebUIKeywordMain.runKeyword(WebUIKeywordMain.groovy:27)
	at com.kms.katalon.core.webui.keyword.builtin.ClickKeyword.click(ClickKeyword.groovy:86)
	at com.kms.katalon.core.webui.keyword.builtin.ClickKeyword.execute(ClickKeyword.groovy:67)
	at com.kms.katalon.core.keyword.internal.KeywordExecutor.executeKeywordForPlatform(KeywordExecutor.groovy:53)
	at com.kms.katalon.core.webui.keyword.WebUiBuiltInKeywords.click(WebUiBuiltInKeywords.groovy:616)
	at com.kms.katalon.core.webui.keyword.WebUiBuiltInKeywords$click$2.call(Unknown Source)
	at TC5 - End To End Scenario.run(TC5 - End To End Scenario:47)
	at com.kms.katalon.core.main.ScriptEngine.run(ScriptEngine.java:194)
	at com.kms.katalon.core.main.ScriptEngine.runScriptAsRawText(ScriptEngine.java:119)
	at com.kms.katalon.core.main.TestCaseExecutor.runScript(TestCaseExecutor.java:321)
	at com.kms.katalon.core.main.TestCaseExecutor.doExecute(TestCaseExecutor.java:312)
	at com.kms.katalon.core.main.TestCaseExecutor.processExecutionPhase(TestCaseExecutor.java:291)
	at com.kms.katalon.core.main.TestCaseExecutor.accessMainPhase(TestCaseExecutor.java:283)
	at com.kms.katalon.core.main.TestCaseExecutor.execute(TestCaseExecutor.java:222)
	at com.kms.katalon.core.main.TestSuiteExecutor.accessTestCaseMainPhase(TestSuiteExecutor.java:129)
	at com.kms.katalon.core.main.TestSuiteExecutor.accessTestSuiteMainPhase(TestSuiteExecutor.java:112)
	at com.kms.katalon.core.main.TestSuiteExecutor.execute(TestSuiteExecutor.java:81)
	at com.kms.katalon.core.main.TestCaseMain.startTestSuite(TestCaseMain.java:149)
	at com.kms.katalon.core.main.TestCaseMain$startTestSuite$0.call(Unknown Source)
	at TempTestSuite1545022694488.run(TempTestSuite1545022694488.groovy:36)]]></system-out>
      <system-err><![CDATA[2018-12-17 10:28:51 - [TEST_SUITE][FAILED] - EndtoEndDemo: Test Cases/Nirmal/TC5 - End To End Scenario FAILED.
Reason:
com.kms.katalon.core.exception.StepFailedException: Unable to click on object 'Object Repository/End To End Senario/Page_Demo Web Shop. Register/input_Your registration comple' (Root cause: com.kms.katalon.core.webui.exception.WebElementNotFoundException: Web element with id: 'Object Repository/End To End Senario/Page_Demo Web Shop. Register/input_Your registration comple' located by 'By.xpath: //input[@type = 'button' and @class = 'button-1 register-continue-button' and @value = 'Continue']' not found)
	at com.kms.katalon.core.keyword.internal.KeywordMain.stepFailed(KeywordMain.groovy:32)
	at com.kms.katalon.core.webui.keyword.internal.WebUIKeywordMain.stepFailed(WebUIKeywordMain.groovy:65)
	at com.kms.katalon.core.webui.keyword.internal.WebUIKeywordMain.runKeyword(WebUIKeywordMain.groovy:27)
	at com.kms.katalon.core.webui.keyword.builtin.ClickKeyword.click(ClickKeyword.groovy:86)
	at com.kms.katalon.core.webui.keyword.builtin.ClickKeyword.execute(ClickKeyword.groovy:67)
	at com.kms.katalon.core.keyword.internal.KeywordExecutor.executeKeywordForPlatform(KeywordExecutor.groovy:53)
	at com.kms.katalon.core.webui.keyword.WebUiBuiltInKeywords.click(WebUiBuiltInKeywords.groovy:616)
	at com.kms.katalon.core.webui.keyword.WebUiBuiltInKeywords$click$2.call(Unknown Source)
	at TC5 - End To End Scenario.run(TC5 - End To End Scenario:47)
	at com.kms.katalon.core.main.ScriptEngine.run(ScriptEngine.java:194)
	at com.kms.katalon.core.main.ScriptEngine.runScriptAsRawText(ScriptEngine.java:119)
	at com.kms.katalon.core.main.TestCaseExecutor.runScript(TestCaseExecutor.java:321)
	at com.kms.katalon.core.main.TestCaseExecutor.doExecute(TestCaseExecutor.java:312)
	at com.kms.katalon.core.main.TestCaseExecutor.processExecutionPhase(TestCaseExecutor.java:291)
	at com.kms.katalon.core.main.TestCaseExecutor.accessMainPhase(TestCaseExecutor.java:283)
	at com.kms.katalon.core.main.TestCaseExecutor.execute(TestCaseExecutor.java:222)
	at com.kms.katalon.core.main.TestSuiteExecutor.accessTestCaseMainPhase(TestSuiteExecutor.java:129)
	at com.kms.katalon.core.main.TestSuiteExecutor.accessTestSuiteMainPhase(TestSuiteExecutor.java:112)
	at com.kms.katalon.core.main.TestSuiteExecutor.execute(TestSuiteExecutor.java:81)
	at com.kms.katalon.core.main.TestCaseMain.startTestSuite(TestCaseMain.java:149)
	at com.kms.katalon.core.main.TestCaseMain$startTestSuite$0.call(Unknown Source)
	at TempTestSuite1545022694488.run(TempTestSuite1545022694488.groovy:36)]]></system-err>
   </testsuite>
</testsuites>
